-- Found ament_cmake: 1.3.12 (/opt/ros/humble/share/ament_cmake/cmake)
-- Found ament_cmake_ros: 0.10.0 (/opt/ros/humble/share/ament_cmake_ros/cmake)
-- Found generate_parameter_library: 0.5.0 (/opt/ros/humble/share/generate_parameter_library/cmake)
-- Found parameter_traits: 0.5.0 (/opt/ros/humble/share/parameter_traits/cmake)
-- Found rosidl_generator_c: 3.1.7 (/opt/ros/humble/share/rosidl_generator_c/cmake)
-- Found rosidl_adapter: 3.1.7 (/opt/ros/humble/share/rosidl_adapter/cmake)
-- Found rosidl_generator_cpp: 3.1.7 (/opt/ros/humble/share/rosidl_generator_cpp/cmake)
-- Using all available rosidl_typesupport_c: rosidl_typesupport_fastrtps_c;rosidl_typesupport_introspection_c
-- Using all available rosidl_typesupport_cpp: rosidl_typesupport_fastrtps_cpp;rosidl_typesupport_introspection_cpp
-- Found rmw_implementation_cmake: 6.1.2 (/opt/ros/humble/share/rmw_implementation_cmake/cmake)
-- Found rmw_fastrtps_cpp: 6.2.8 (/opt/ros/humble/share/rmw_fastrtps_cpp/cmake)
-- Using RMW implementation 'rmw_fastrtps_cpp' as default
-- Found rclcpp_lifecycle: 16.0.14 (/opt/ros/humble/share/rclcpp_lifecycle/cmake)
-- Found moveit_core: 2.5.9 (/home/elian/ws_moveit2/install/moveit_core/share/moveit_core/cmake)
-- Found Boost: /usr/lib/x86_64-linux-gnu/cmake/Boost-1.74.0/BoostConfig.cmake (found version "1.74.0") found components: chrono date_time filesystem iostreams program_options regex serialization system thread 
-- Found Boost: /usr/lib/x86_64-linux-gnu/cmake/Boost-1.74.0/BoostConfig.cmake (found version "1.74.0") found components: filesystem 
-- library: /usr/lib/x86_64-linux-gnu/libcurl.so
-- Ensuring Eigen3 include directory is part of orocos-kdl CMake target
-- Configuring done
-- Generating done
-- Build files have been written to: /home/elian/ws_moveit2/build/pick_ik
[  2%] Built target pick_ik_parameters
[35m[1mConsolidate compiler generated dependencies of target Catch2[0m
[35m[1mConsolidate compiler generated dependencies of target pick_ik_plugin[0m
[  2%] [32m[1mLinking CXX shared library libpick_ik_plugin.so[0m
[ 87%] Built target Catch2
[35m[1mConsolidate compiler generated dependencies of target Catch2WithMain[0m
[ 89%] Built target Catch2WithMain
[ 95%] Built target pick_ik_plugin
[35m[1mConsolidate compiler generated dependencies of target test-pick_ik[0m
[ 96%] [32m[1mLinking CXX executable test-pick_ik[0m
[100%] Built target test-pick_ik
-- Install configuration: "Release"
-- Up-to-date: /home/elian/ws_moveit2/install/pick_ik/include/pick_ik
-- Up-to-date: /home/elian/ws_moveit2/install/pick_ik/include/pick_ik/pick_ik_parameters.hpp
-- Up-to-date: /home/elian/ws_moveit2/install/pick_ik/share/pick_ik/pick_ik_kinematics_description.xml
-- Up-to-date: /home/elian/ws_moveit2/install/pick_ik/include/pick_ik
-- Up-to-date: /home/elian/ws_moveit2/install/pick_ik/include/pick_ik/pick_ik
-- Up-to-date: /home/elian/ws_moveit2/install/pick_ik/include/pick_ik/pick_ik/ik_gradient.hpp
-- Up-to-date: /home/elian/ws_moveit2/install/pick_ik/include/pick_ik/pick_ik/forward_kinematics.hpp
-- Up-to-date: /home/elian/ws_moveit2/install/pick_ik/include/pick_ik/pick_ik/robot.hpp
-- Up-to-date: /home/elian/ws_moveit2/install/pick_ik/include/pick_ik/pick_ik/pick_ik_plugin.hpp
-- Up-to-date: /home/elian/ws_moveit2/install/pick_ik/include/pick_ik/pick_ik/fk_moveit.hpp
-- Up-to-date: /home/elian/ws_moveit2/install/pick_ik/include/pick_ik/pick_ik/ik_memetic.hpp
-- Up-to-date: /home/elian/ws_moveit2/install/pick_ik/include/pick_ik/pick_ik/goal.hpp
-- Installing: /home/elian/ws_moveit2/install/pick_ik/lib/libpick_ik_plugin.so
-- Set runtime path of "/home/elian/ws_moveit2/install/pick_ik/lib/libpick_ik_plugin.so" to ""
-- Up-to-date: /home/elian/ws_moveit2/install/pick_ik/share/pick_ik/environment/library_path.sh
-- Installing: /home/elian/ws_moveit2/install/pick_ik/share/pick_ik/environment/library_path.dsv
-- Up-to-date: /home/elian/ws_moveit2/install/pick_ik/share/ament_index/resource_index/package_run_dependencies/pick_ik
-- Installing: /home/elian/ws_moveit2/install/pick_ik/share/ament_index/resource_index/parent_prefix_path/pick_ik
-- Up-to-date: /home/elian/ws_moveit2/install/pick_ik/share/pick_ik/environment/ament_prefix_path.sh
-- Installing: /home/elian/ws_moveit2/install/pick_ik/share/pick_ik/environment/ament_prefix_path.dsv
-- Up-to-date: /home/elian/ws_moveit2/install/pick_ik/share/pick_ik/environment/path.sh
-- Installing: /home/elian/ws_moveit2/install/pick_ik/share/pick_ik/environment/path.dsv
-- Up-to-date: /home/elian/ws_moveit2/install/pick_ik/share/pick_ik/local_setup.bash
-- Up-to-date: /home/elian/ws_moveit2/install/pick_ik/share/pick_ik/local_setup.sh
-- Up-to-date: /home/elian/ws_moveit2/install/pick_ik/share/pick_ik/local_setup.zsh
-- Installing: /home/elian/ws_moveit2/install/pick_ik/share/pick_ik/local_setup.dsv
-- Installing: /home/elian/ws_moveit2/install/pick_ik/share/pick_ik/package.dsv
-- Up-to-date: /home/elian/ws_moveit2/install/pick_ik/share/ament_index/resource_index/packages/pick_ik
-- Up-to-date: /home/elian/ws_moveit2/install/pick_ik/share/ament_index/resource_index/moveit_core__pluginlib__plugin/pick_ik
-- Up-to-date: /home/elian/ws_moveit2/install/pick_ik/share/pick_ik/cmake/export_pick_ikExport.cmake
-- Up-to-date: /home/elian/ws_moveit2/install/pick_ik/share/pick_ik/cmake/export_pick_ikExport-release.cmake
-- Up-to-date: /home/elian/ws_moveit2/install/pick_ik/share/pick_ik/cmake/ament_cmake_export_dependencies-extras.cmake
-- Up-to-date: /home/elian/ws_moveit2/install/pick_ik/share/pick_ik/cmake/ament_cmake_export_targets-extras.cmake
-- Up-to-date: /home/elian/ws_moveit2/install/pick_ik/share/pick_ik/cmake/pick_ikConfig.cmake
-- Up-to-date: /home/elian/ws_moveit2/install/pick_ik/share/pick_ik/cmake/pick_ikConfig-version.cmake
-- Up-to-date: /home/elian/ws_moveit2/install/pick_ik/share/pick_ik/package.xml
