[0.256s] Invoking command in '/home/elian/ws_moveit2/build/rosparam_shortcuts': CMAKE_PREFIX_PATH=${CMAKE_PREFIX_PATH}:/home/elian/ws_moveit2/install/moveit_configs_utils:/home/elian/ws_moveit2/install/launch_param_builder:/opt/ros/humble /usr/bin/cmake /home/elian/ws_moveit2/src/rosparam_shortcuts -DBUILD_TESTING=OFF -DAMENT_CMAKE_SYMLINK_INSTALL=1 -DCMAKE_INSTALL_PREFIX=/home/elian/ws_moveit2/install/rosparam_shortcuts
[0.363s] -- The C compiler identification is GNU 11.4.0
[0.416s] -- The CXX compiler identification is GNU 11.4.0
[0.425s] -- Detecting C compiler ABI info
[0.521s] -- Detecting C compiler ABI info - done
[0.532s] -- Check for working C compiler: /usr/bin/cc - skipped
[0.532s] -- Detecting C compile features
[0.533s] -- Detecting C compile features - done
[0.537s] -- Detecting CXX compiler ABI info
[0.638s] -- Detecting CXX compiler ABI info - done
[0.649s] -- Check for working CXX compiler: /usr/bin/c++ - skipped
[0.650s] -- Detecting CXX compile features
[0.650s] -- Detecting CXX compile features - done
[0.653s] -- Found ament_cmake: 1.3.12 (/opt/ros/humble/share/ament_cmake/cmake)
[0.856s] -- Found Python3: /usr/bin/python3 (found version "3.10.12") found components: Interpreter 
[0.936s] -- Override CMake install command with custom implementation using symlinks instead of copying resources
[0.963s] -- Found eigen3_cmake_module: 0.1.1 (/opt/ros/humble/share/eigen3_cmake_module/cmake)
[0.973s] -- Found Eigen3: TRUE (found version "3.4.0") 
[0.977s] -- Found geometry_msgs: 4.9.0 (/opt/ros/humble/share/geometry_msgs/cmake)
[1.026s] -- Found rosidl_generator_c: 3.1.7 (/opt/ros/humble/share/rosidl_generator_c/cmake)
[1.033s] -- Found rosidl_adapter: 3.1.7 (/opt/ros/humble/share/rosidl_adapter/cmake)
[1.045s] -- Found rosidl_generator_cpp: 3.1.7 (/opt/ros/humble/share/rosidl_generator_cpp/cmake)
[1.064s] -- Using all available rosidl_typesupport_c: rosidl_typesupport_fastrtps_c;rosidl_typesupport_introspection_c
[1.087s] -- Using all available rosidl_typesupport_cpp: rosidl_typesupport_fastrtps_cpp;rosidl_typesupport_introspection_cpp
[1.143s] -- Found rclcpp: 16.0.14 (/opt/ros/humble/share/rclcpp/cmake)
[1.199s] -- Found rmw_implementation_cmake: 6.1.2 (/opt/ros/humble/share/rmw_implementation_cmake/cmake)
[1.208s] -- Found rmw_fastrtps_cpp: 6.2.8 (/opt/ros/humble/share/rmw_fastrtps_cpp/cmake)
[1.374s] -- Found OpenSSL: /usr/lib/x86_64-linux-gnu/libcrypto.so (found version "3.0.2")  
[1.417s] -- Found FastRTPS: /opt/ros/humble/include  
[1.481s] -- Using RMW implementation 'rmw_fastrtps_cpp' as default
[1.494s] -- Looking for pthread.h
[1.596s] -- Looking for pthread.h - found
[1.596s] -- Performing Test CMAKE_HAVE_LIBC_PTHREAD
[1.687s] -- Performing Test CMAKE_HAVE_LIBC_PTHREAD - Success
[1.689s] -- Found Threads: TRUE  
[1.740s] -- Found tf2_eigen: 0.25.15 (/opt/ros/humble/share/tf2_eigen/cmake)
[2.001s] -- Configuring done
[2.040s] -- Generating done
[2.049s] -- Build files have been written to: /home/elian/ws_moveit2/build/rosparam_shortcuts
[2.064s] Invoked command in '/home/elian/ws_moveit2/build/rosparam_shortcuts' returned '0': CMAKE_PREFIX_PATH=${CMAKE_PREFIX_PATH}:/home/elian/ws_moveit2/install/moveit_configs_utils:/home/elian/ws_moveit2/install/launch_param_builder:/opt/ros/humble /usr/bin/cmake /home/elian/ws_moveit2/src/rosparam_shortcuts -DBUILD_TESTING=OFF -DAMENT_CMAKE_SYMLINK_INSTALL=1 -DCMAKE_INSTALL_PREFIX=/home/elian/ws_moveit2/install/rosparam_shortcuts
[2.066s] Invoking command in '/home/elian/ws_moveit2/build/rosparam_shortcuts': CMAKE_PREFIX_PATH=${CMAKE_PREFIX_PATH}:/home/elian/ws_moveit2/install/moveit_configs_utils:/home/elian/ws_moveit2/install/launch_param_builder:/opt/ros/humble /usr/bin/cmake --build /home/elian/ws_moveit2/build/rosparam_shortcuts -- -j8 -l8
[2.156s] [ 14%] [32mBuilding CXX object CMakeFiles/rosparam_shortcuts.dir/src/node_parameters.cpp.o[0m
[2.156s] [ 28%] [32mBuilding CXX object CMakeFiles/rosparam_shortcuts.dir/src/rosparam_shortcuts.cpp.o[0m
[7.431s] [ 42%] [32m[1mLinking CXX shared library librosparam_shortcuts.so[0m
[7.564s] [ 42%] Built target rosparam_shortcuts
[7.588s] [ 57%] [32mBuilding CXX object CMakeFiles/rosparam_shortcuts_example.dir/src/example.cpp.o[0m
[7.588s] [ 71%] [32mBuilding CXX object CMakeFiles/rosparam_shortcuts_node_parameters_example.dir/src/node_parameters_example.cpp.o[0m
[10.366s] [ 85%] [32m[1mLinking CXX executable example[0m
[10.451s] [100%] [32m[1mLinking CXX executable node_parameters_example[0m
[10.482s] [100%] Built target rosparam_shortcuts_example
[10.564s] [100%] Built target rosparam_shortcuts_node_parameters_example
[10.573s] Invoked command in '/home/elian/ws_moveit2/build/rosparam_shortcuts' returned '0': CMAKE_PREFIX_PATH=${CMAKE_PREFIX_PATH}:/home/elian/ws_moveit2/install/moveit_configs_utils:/home/elian/ws_moveit2/install/launch_param_builder:/opt/ros/humble /usr/bin/cmake --build /home/elian/ws_moveit2/build/rosparam_shortcuts -- -j8 -l8
[10.574s] Invoking command in '/home/elian/ws_moveit2/build/rosparam_shortcuts': CMAKE_PREFIX_PATH=${CMAKE_PREFIX_PATH}:/home/elian/ws_moveit2/install/moveit_configs_utils:/home/elian/ws_moveit2/install/launch_param_builder:/opt/ros/humble /usr/bin/cmake --install /home/elian/ws_moveit2/build/rosparam_shortcuts
[10.580s] -- Install configuration: ""
[10.580s] -- Execute custom install script
[10.580s] -- Symlinking: /home/elian/ws_moveit2/install/rosparam_shortcuts/lib/rosparam_shortcuts/example
[10.587s] -- Symlinking: /home/elian/ws_moveit2/install/rosparam_shortcuts/lib/rosparam_shortcuts/node_parameters_example
[10.594s] -- Symlinking: /home/elian/ws_moveit2/install/rosparam_shortcuts/include/rosparam_shortcuts/node_parameters.h
[10.600s] -- Symlinking: /home/elian/ws_moveit2/install/rosparam_shortcuts/include/rosparam_shortcuts/rosparam_shortcuts.h
[10.607s] -- Symlinking: /home/elian/ws_moveit2/install/rosparam_shortcuts/share/rosparam_shortcuts/launch/example.launch.py
[10.614s] -- Symlinking: /home/elian/ws_moveit2/install/rosparam_shortcuts/share/rosparam_shortcuts/config/example.yaml
[10.621s] -- Symlinking: /home/elian/ws_moveit2/install/rosparam_shortcuts/share/rosparam_shortcuts/environment/library_path.sh
[10.627s] -- Symlinking: /home/elian/ws_moveit2/install/rosparam_shortcuts/share/rosparam_shortcuts/environment/library_path.dsv
[10.634s] -- Symlinking: /home/elian/ws_moveit2/install/rosparam_shortcuts/share/ament_index/resource_index/package_run_dependencies/rosparam_shortcuts
[10.641s] -- Symlinking: /home/elian/ws_moveit2/install/rosparam_shortcuts/share/ament_index/resource_index/parent_prefix_path/rosparam_shortcuts
[10.647s] -- Symlinking: /home/elian/ws_moveit2/install/rosparam_shortcuts/share/rosparam_shortcuts/environment/ament_prefix_path.sh
[10.654s] -- Symlinking: /home/elian/ws_moveit2/install/rosparam_shortcuts/share/rosparam_shortcuts/environment/ament_prefix_path.dsv
[10.662s] -- Symlinking: /home/elian/ws_moveit2/install/rosparam_shortcuts/share/rosparam_shortcuts/environment/path.sh
[10.668s] -- Symlinking: /home/elian/ws_moveit2/install/rosparam_shortcuts/share/rosparam_shortcuts/environment/path.dsv
[10.675s] -- Symlinking: /home/elian/ws_moveit2/install/rosparam_shortcuts/share/rosparam_shortcuts/local_setup.bash
[10.682s] -- Symlinking: /home/elian/ws_moveit2/install/rosparam_shortcuts/share/rosparam_shortcuts/local_setup.sh
[10.688s] -- Symlinking: /home/elian/ws_moveit2/install/rosparam_shortcuts/share/rosparam_shortcuts/local_setup.zsh
[10.695s] -- Symlinking: /home/elian/ws_moveit2/install/rosparam_shortcuts/share/rosparam_shortcuts/local_setup.dsv
[10.702s] -- Symlinking: /home/elian/ws_moveit2/install/rosparam_shortcuts/share/rosparam_shortcuts/package.dsv
[10.708s] -- Symlinking: /home/elian/ws_moveit2/install/rosparam_shortcuts/share/ament_index/resource_index/packages/rosparam_shortcuts
[10.715s] -- Symlinking: /home/elian/ws_moveit2/install/rosparam_shortcuts/share/rosparam_shortcuts/cmake/ament_cmake_export_targets-extras.cmake
[10.721s] -- Symlinking: /home/elian/ws_moveit2/install/rosparam_shortcuts/share/rosparam_shortcuts/cmake/ament_cmake_export_dependencies-extras.cmake
[10.728s] -- Symlinking: /home/elian/ws_moveit2/install/rosparam_shortcuts/share/rosparam_shortcuts/cmake/rosparam_shortcutsConfig.cmake
[10.735s] -- Symlinking: /home/elian/ws_moveit2/install/rosparam_shortcuts/share/rosparam_shortcuts/cmake/rosparam_shortcutsConfig-version.cmake
[10.741s] -- Symlinking: /home/elian/ws_moveit2/install/rosparam_shortcuts/share/rosparam_shortcuts/package.xml
[10.748s] -- Installing: /home/elian/ws_moveit2/install/rosparam_shortcuts/lib/librosparam_shortcuts.so
[10.748s] -- Set runtime path of "/home/elian/ws_moveit2/install/rosparam_shortcuts/lib/librosparam_shortcuts.so" to ""
[10.749s] -- Installing: /home/elian/ws_moveit2/install/rosparam_shortcuts/share/rosparam_shortcuts/cmake/export_rosparam_shortcutsExport.cmake
[10.749s] -- Installing: /home/elian/ws_moveit2/install/rosparam_shortcuts/share/rosparam_shortcuts/cmake/export_rosparam_shortcutsExport-noconfig.cmake
[10.750s] Invoked command in '/home/elian/ws_moveit2/build/rosparam_shortcuts' returned '0': CMAKE_PREFIX_PATH=${CMAKE_PREFIX_PATH}:/home/elian/ws_moveit2/install/moveit_configs_utils:/home/elian/ws_moveit2/install/launch_param_builder:/opt/ros/humble /usr/bin/cmake --install /home/elian/ws_moveit2/build/rosparam_shortcuts
