-- Found moveit_common: 2.5.9 (/home/elian/ws_moveit2/install/moveit_common/share/moveit_common/cmake)
-- Found ament_cmake: 1.3.12 (/opt/ros/humble/share/ament_cmake/cmake)
-- Override CMake install command with custom implementation using symlinks instead of copying resources
-- Found angles: 1.15.0 (/opt/ros/humble/share/angles/cmake)
-- Found common_interfaces: 4.9.0 (/opt/ros/humble/share/common_interfaces/cmake)
-- Found eigen_stl_containers: 1.1.0 (/opt/ros/humble/share/eigen_stl_containers/cmake)
-- Found eigen3_cmake_module: 0.1.1 (/opt/ros/humble/share/eigen3_cmake_module/cmake)
-- Found generate_parameter_library: 0.5.0 (/opt/ros/humble/share/generate_parameter_library/cmake)
-- Found parameter_traits: 0.5.0 (/opt/ros/humble/share/parameter_traits/cmake)
-- Found rosidl_generator_c: 3.1.7 (/opt/ros/humble/share/rosidl_generator_c/cmake)
-- Found rosidl_adapter: 3.1.7 (/opt/ros/humble/share/rosidl_adapter/cmake)
-- Found rosidl_generator_cpp: 3.1.7 (/opt/ros/humble/share/rosidl_generator_cpp/cmake)
-- Using all available rosidl_typesupport_c: rosidl_typesupport_fastrtps_c;rosidl_typesupport_introspection_c
-- Using all available rosidl_typesupport_cpp: rosidl_typesupport_fastrtps_cpp;rosidl_typesupport_introspection_cpp
-- Found rmw_implementation_cmake: 6.1.2 (/opt/ros/humble/share/rmw_implementation_cmake/cmake)
-- Found rmw_fastrtps_cpp: 6.2.8 (/opt/ros/humble/share/rmw_fastrtps_cpp/cmake)
-- Using RMW implementation 'rmw_fastrtps_cpp' as default
-- Found rclcpp_lifecycle: 16.0.14 (/opt/ros/humble/share/rclcpp_lifecycle/cmake)
-- Found geometric_shapes: 2.3.2 (/opt/ros/humble/share/geometric_shapes/cmake)
-- Found Boost: /usr/lib/x86_64-linux-gnu/cmake/Boost-1.74.0/BoostConfig.cmake (found version "1.74.0") found components: filesystem 
-- library: /usr/lib/x86_64-linux-gnu/libcurl.so
-- Found kdl_parser: 2.6.4 (/opt/ros/humble/share/kdl_parser/cmake)
-- Ensuring Eigen3 include directory is part of orocos-kdl CMake target
-- Found moveit_msgs: 2.2.1 (/home/elian/ws_moveit2/install/moveit_msgs/share/moveit_msgs/cmake)
-- Found pluginlib: 5.1.0 (/opt/ros/humble/share/pluginlib/cmake)
-- Found srdfdom: 2.0.7 (/opt/ros/humble/share/srdfdom/cmake)
-- Found tf2_eigen: 0.25.15 (/opt/ros/humble/share/tf2_eigen/cmake)
-- Found tf2_geometry_msgs: 0.25.15 (/opt/ros/humble/share/tf2_geometry_msgs/cmake)
-- Found tf2_kdl: 0.25.15 (/opt/ros/humble/share/tf2_kdl/cmake)
-- Found Boost: /usr/lib/x86_64-linux-gnu/cmake/Boost-1.74.0/BoostConfig.cmake (found version "1.74.0") found components: chrono date_time filesystem iostreams program_options regex serialization system thread 
--  *** Building MoveIt 2.5.9-Alpha ***
-- Configuring done
-- Generating done
-- Build files have been written to: /home/elian/ws_moveit2/build/moveit_core
[35m[1mConsolidate compiler generated dependencies of target moveit_exceptions[0m
[35m[1mConsolidate compiler generated dependencies of target moveit_utils[0m
[35m[1mConsolidate compiler generated dependencies of target moveit_smoothing_base[0m
[35m[1mConsolidate compiler generated dependencies of target moveit_kinematics_base[0m
[35m[1mConsolidate compiler generated dependencies of target moveit_version[0m
[35m[1mConsolidate compiler generated dependencies of target moveit_transforms[0m
[35m[1mConsolidate compiler generated dependencies of target moveit_distance_field[0m
[  1%] [32mBuilding CXX object utils/CMakeFiles/moveit_utils.dir/src/lexical_casts.cpp.o[0m
[  2%] [32mBuilding CXX object version/CMakeFiles/moveit_version.dir/version.cpp.o[0m
[  3%] [32mBuilding CXX object exceptions/CMakeFiles/moveit_exceptions.dir/src/exceptions.cpp.o[0m
[  4%] [32mBuilding CXX object online_signal_smoothing/CMakeFiles/moveit_smoothing_base.dir/src/smoothing_base_class.cpp.o[0m
[  6%] Built target moveit_butterworth_parameters
[  7%] [32mBuilding CXX object kinematics_base/CMakeFiles/moveit_kinematics_base.dir/src/kinematics_base.cpp.o[0m
[  8%] [32mBuilding CXX object transforms/CMakeFiles/moveit_transforms.dir/src/transforms.cpp.o[0m
[  9%] [32mBuilding CXX object utils/CMakeFiles/moveit_utils.dir/src/message_checks.cpp.o[0m
[ 10%] [32mBuilding CXX object distance_field/CMakeFiles/moveit_distance_field.dir/src/distance_field.cpp.o[0m
[ 11%] [32m[1mLinking CXX executable moveit_version[0m
[ 11%] Built target moveit_version
[ 12%] [32mBuilding CXX object distance_field/CMakeFiles/moveit_distance_field.dir/src/find_internal_points.cpp.o[0m
[ 13%] [32mBuilding CXX object distance_field/CMakeFiles/moveit_distance_field.dir/src/propagation_distance_field.cpp.o[0m
[ 14%] [32m[1mLinking CXX shared library libmoveit_exceptions.so[0m
[ 14%] Built target moveit_exceptions
[ 15%] [32mBuilding CXX object utils/CMakeFiles/moveit_utils.dir/src/rclcpp_utils.cpp.o[0m
[ 16%] [32m[1mLinking CXX shared library libmoveit_utils.so[0m
[ 16%] Built target moveit_utils
[ 17%] [32m[1mLinking CXX shared library libmoveit_smoothing_base.so[0m
[ 17%] Built target moveit_smoothing_base
[ 18%] [32m[1mLinking CXX shared library libmoveit_kinematics_base.so[0m
[ 18%] Built target moveit_kinematics_base
[35m[1mConsolidate compiler generated dependencies of target moveit_robot_model[0m
[ 19%] [32mBuilding CXX object robot_model/CMakeFiles/moveit_robot_model.dir/src/aabb.cpp.o[0m
[ 20%] [32mBuilding CXX object robot_model/CMakeFiles/moveit_robot_model.dir/src/joint_model.cpp.o[0m
[ 21%] [32mBuilding CXX object robot_model/CMakeFiles/moveit_robot_model.dir/src/joint_model_group.cpp.o[0m
[ 22%] [32mBuilding CXX object robot_model/CMakeFiles/moveit_robot_model.dir/src/fixed_joint_model.cpp.o[0m
[ 23%] [32mBuilding CXX object robot_model/CMakeFiles/moveit_robot_model.dir/src/floating_joint_model.cpp.o[0m
[ 24%] [32mBuilding CXX object robot_model/CMakeFiles/moveit_robot_model.dir/src/link_model.cpp.o[0m
[ 25%] [32mBuilding CXX object robot_model/CMakeFiles/moveit_robot_model.dir/src/planar_joint_model.cpp.o[0m
[ 26%] [32m[1mLinking CXX shared library libmoveit_distance_field.so[0m
[ 27%] [32mBuilding CXX object robot_model/CMakeFiles/moveit_robot_model.dir/src/prismatic_joint_model.cpp.o[0m
[ 27%] Built target moveit_distance_field
[ 28%] [32mBuilding CXX object robot_model/CMakeFiles/moveit_robot_model.dir/src/revolute_joint_model.cpp.o[0m
[ 29%] [32mBuilding CXX object robot_model/CMakeFiles/moveit_robot_model.dir/src/robot_model.cpp.o[0m
[ 30%] [32m[1mLinking CXX shared library libmoveit_transforms.so[0m
[ 30%] Built target moveit_transforms
[ 31%] [32m[1mLinking CXX shared library libmoveit_robot_model.so[0m
[ 31%] Built target moveit_robot_model
[35m[1mConsolidate compiler generated dependencies of target moveit_test_utils[0m
[35m[1mConsolidate compiler generated dependencies of target moveit_butterworth_filter[0m
[35m[1mConsolidate compiler generated dependencies of target moveit_robot_state[0m
[ 33%] [32mBuilding CXX object online_signal_smoothing/CMakeFiles/moveit_butterworth_filter.dir/src/butterworth_filter.cpp.o[0m
[ 33%] [32mBuilding CXX object utils/CMakeFiles/moveit_test_utils.dir/src/robot_model_test_utils.cpp.o[0m
[ 34%] [32mBuilding CXX object robot_state/CMakeFiles/moveit_robot_state.dir/src/attached_body.cpp.o[0m
[ 35%] [32mBuilding CXX object robot_state/CMakeFiles/moveit_robot_state.dir/src/cartesian_interpolator.cpp.o[0m
[ 37%] [32mBuilding CXX object robot_state/CMakeFiles/moveit_robot_state.dir/src/robot_state.cpp.o[0m
[ 37%] [32mBuilding CXX object robot_state/CMakeFiles/moveit_robot_state.dir/src/conversions.cpp.o[0m
[ 38%] [32m[1mLinking CXX shared library libmoveit_test_utils.so[0m
[ 38%] Built target moveit_test_utils
[ 39%] [32m[1mLinking CXX shared library libmoveit_butterworth_filter.so[0m
[ 39%] Built target moveit_butterworth_filter
[ 40%] [32m[1mLinking CXX shared library libmoveit_robot_state.so[0m
[ 40%] Built target moveit_robot_state
[35m[1mConsolidate compiler generated dependencies of target moveit_kinematics_metrics[0m
[35m[1mConsolidate compiler generated dependencies of target moveit_dynamics_solver[0m
[35m[1mConsolidate compiler generated dependencies of target moveit_robot_trajectory[0m
[35m[1mConsolidate compiler generated dependencies of target moveit_collision_detection[0m
[ 41%] [32mBuilding CXX object dynamics_solver/CMakeFiles/moveit_dynamics_solver.dir/src/dynamics_solver.cpp.o[0m
[ 42%] [32mBuilding CXX object kinematics_metrics/CMakeFiles/moveit_kinematics_metrics.dir/src/kinematics_metrics.cpp.o[0m
[ 43%] [32mBuilding CXX object robot_trajectory/CMakeFiles/moveit_robot_trajectory.dir/src/robot_trajectory.cpp.o[0m
[ 44%] [32mBuilding CXX object collision_detection/CMakeFiles/moveit_collision_detection.dir/src/allvalid/collision_env_allvalid.cpp.o[0m
[ 45%] [32mBuilding CXX object collision_detection/CMakeFiles/moveit_collision_detection.dir/src/collision_matrix.cpp.o[0m
[ 46%] [32mBuilding CXX object collision_detection/CMakeFiles/moveit_collision_detection.dir/src/collision_common.cpp.o[0m
[ 47%] [32mBuilding CXX object collision_detection/CMakeFiles/moveit_collision_detection.dir/src/collision_octomap_filter.cpp.o[0m
[ 48%] [32mBuilding CXX object collision_detection/CMakeFiles/moveit_collision_detection.dir/src/collision_tools.cpp.o[0m
[ 50%] [32mBuilding CXX object collision_detection/CMakeFiles/moveit_collision_detection.dir/src/world.cpp.o[0m
[ 51%] [32mBuilding CXX object collision_detection/CMakeFiles/moveit_collision_detection.dir/src/world_diff.cpp.o[0m
[ 52%] [32mBuilding CXX object collision_detection/CMakeFiles/moveit_collision_detection.dir/src/collision_env.cpp.o[0m
[ 53%] [32mBuilding CXX object collision_detection/CMakeFiles/moveit_collision_detection.dir/src/collision_plugin_cache.cpp.o[0m
[ 54%] [32m[1mLinking CXX shared library libmoveit_dynamics_solver.so[0m
[ 54%] Built target moveit_dynamics_solver
[ 55%] [32m[1mLinking CXX shared library libmoveit_robot_trajectory.so[0m
[ 55%] Built target moveit_robot_trajectory
[35m[1mConsolidate compiler generated dependencies of target moveit_planning_interface[0m
[35m[1mConsolidate compiler generated dependencies of target moveit_trajectory_processing[0m
[ 56%] [32mBuilding CXX object planning_interface/CMakeFiles/moveit_planning_interface.dir/src/planning_response.cpp.o[0m
[ 57%] [32mBuilding CXX object planning_interface/CMakeFiles/moveit_planning_interface.dir/src/planning_interface.cpp.o[0m
[ 58%] [32mBuilding CXX object trajectory_processing/CMakeFiles/moveit_trajectory_processing.dir/src/iterative_spline_parameterization.cpp.o[0m
[ 59%] [32mBuilding CXX object trajectory_processing/CMakeFiles/moveit_trajectory_processing.dir/src/iterative_time_parameterization.cpp.o[0m
[ 60%] [32mBuilding CXX object trajectory_processing/CMakeFiles/moveit_trajectory_processing.dir/src/ruckig_traj_smoothing.cpp.o[0m
[ 61%] [32mBuilding CXX object trajectory_processing/CMakeFiles/moveit_trajectory_processing.dir/src/trajectory_tools.cpp.o[0m
[ 62%] [32mBuilding CXX object trajectory_processing/CMakeFiles/moveit_trajectory_processing.dir/src/time_optimal_trajectory_generation.cpp.o[0m
[ 63%] [32m[1mLinking CXX shared library libmoveit_collision_detection.so[0m
[ 63%] Built target moveit_collision_detection
[35m[1mConsolidate compiler generated dependencies of target moveit_collision_detection_fcl[0m
[ 64%] [32mBuilding CXX object collision_detection_fcl/CMakeFiles/moveit_collision_detection_fcl.dir/src/collision_common.cpp.o[0m
[35m[1mConsolidate compiler generated dependencies of target moveit_collision_detection_bullet[0m
[ 65%] [32mBuilding CXX object collision_detection_bullet/CMakeFiles/moveit_collision_detection_bullet.dir/src/bullet_integration/bullet_utils.cpp.o[0m
[ 66%] [32m[1mLinking CXX shared library libmoveit_planning_interface.so[0m
[ 66%] Built target moveit_planning_interface
[ 67%] [32m[1mLinking CXX shared library libmoveit_trajectory_processing.so[0m
[ 68%] [32m[1mLinking CXX shared library libmoveit_kinematics_metrics.so[0m
[ 68%] Built target moveit_trajectory_processing
[ 68%] Built target moveit_kinematics_metrics
[ 70%] [32mBuilding CXX object collision_detection_bullet/CMakeFiles/moveit_collision_detection_bullet.dir/src/bullet_integration/ros_bullet_utils.cpp.o[0m
[ 70%] [32mBuilding CXX object collision_detection_fcl/CMakeFiles/moveit_collision_detection_fcl.dir/src/collision_env_fcl.cpp.o[0m
[ 71%] [32mBuilding CXX object collision_detection_bullet/CMakeFiles/moveit_collision_detection_bullet.dir/src/bullet_integration/contact_checker_common.cpp.o[0m
[ 72%] [32mBuilding CXX object collision_detection_bullet/CMakeFiles/moveit_collision_detection_bullet.dir/src/bullet_integration/bullet_bvh_manager.cpp.o[0m
[ 73%] [32mBuilding CXX object collision_detection_bullet/CMakeFiles/moveit_collision_detection_bullet.dir/src/collision_env_bullet.cpp.o[0m
[ 74%] [32mBuilding CXX object collision_detection_bullet/CMakeFiles/moveit_collision_detection_bullet.dir/src/bullet_integration/bullet_cast_bvh_manager.cpp.o[0m
[ 75%] [32mBuilding CXX object collision_detection_bullet/CMakeFiles/moveit_collision_detection_bullet.dir/src/bullet_integration/bullet_discrete_bvh_manager.cpp.o[0m
[ 76%] [32m[1mLinking CXX shared library libmoveit_collision_detection_fcl.so[0m
