[0.026s] Invoking command in '/home/elian/ws_moveit2/build/moveit_core': CMAKE_PREFIX_PATH=/home/elian/ws_moveit2/install/moveit_resources_panda_moveit_config:/home/elian/ws_moveit2/install/moveit_resources_pr2_description:/home/elian/ws_moveit2/install/moveit_resources_panda_description:/home/elian/ws_moveit2/install/moveit_msgs:/home/elian/ws_moveit2/install/moveit_common:/home/elian/ws_moveit2/install/moveit_task_constructor_visualization:/home/elian/ws_moveit2/install/moveit_task_constructor_demo:/home/elian/ws_moveit2/install/moveit_task_constructor_capabilities:/home/elian/ws_moveit2/install/moveit2_tutorials:/home/elian/ws_moveit2/install/moveit_task_constructor_core:/home/elian/ws_moveit2/install/rviz_marker_tools:/home/elian/ws_moveit2/install/rosparam_shortcuts:/home/elian/ws_moveit2/install/pilz_industrial_motion_planner_testutils:/home/elian/ws_moveit2/install/moveit_runtime:/home/elian/ws_moveit2/install/moveit:/home/elian/ws_moveit2/install/moveit_planners:/home/elian/ws_moveit2/install/pilz_industrial_motion_planner:/home/elian/ws_moveit2/install/pick_ik:/home/elian/ws_moveit2/install/hello_moveit:/home/elian/ws_moveit2/install/moveit_visual_tools:/home/elian/ws_moveit2/install/moveit_task_constructor_msgs:/home/elian/ws_moveit2/install/moveit_ros_control_interface:/home/elian/ws_moveit2/install/moveit_plugins:/home/elian/ws_moveit2/install/moveit_simple_controller_manager:/home/elian/ws_moveit2/install/moveit_setup_assistant:/home/elian/ws_moveit2/install/moveit_setup_srdf_plugins:/home/elian/ws_moveit2/install/moveit_setup_core_plugins:/home/elian/ws_moveit2/install/moveit_setup_controllers:/home/elian/ws_moveit2/install/moveit_setup_app_plugins:/home/elian/ws_moveit2/install/moveit_setup_framework:/home/elian/ws_moveit2/install/moveit_servo:/home/elian/ws_moveit2/install/moveit_ros:/home/elian/ws_moveit2/install/moveit_ros_visualization:/home/elian/ws_moveit2/install/moveit_hybrid_planning:/home/elian/ws_moveit2/install/moveit_ros_planning_interface:/home/elian/ws_moveit2/install/moveit_ros_benchmarks:/home/elian/ws_moveit2/install/moveit_ros_warehouse:/home/elian/ws_moveit2/install/moveit_ros_robot_interaction:/home/elian/ws_moveit2/install/moveit_ros_perception:/home/elian/ws_moveit2/install/moveit_resources_prbt_pg70_support:/home/elian/ws_moveit2/install/moveit_resources_prbt_moveit_config:/home/elian/ws_moveit2/install/moveit_ros_move_group:/home/elian/ws_moveit2/install/moveit_planners_ompl:/home/elian/ws_moveit2/install/moveit_ros_planning:/home/elian/ws_moveit2/install/moveit_ros_occupancy_map_monitor:/home/elian/ws_moveit2/install/moveit_resources_prbt_support:/home/elian/ws_moveit2/install/moveit_resources_prbt_ikfast_manipulator_plugin:/home/elian/ws_moveit2/install/moveit_resources:/home/elian/ws_moveit2/install/moveit_resources_fanuc_moveit_config:/home/elian/ws_moveit2/install/moveit_resources_fanuc_description:/home/elian/ws_moveit2/install/moveit_planners_chomp:/home/elian/ws_moveit2/install/moveit_kinematics:/home/elian/ws_moveit2/install/moveit_chomp_optimizer_adapter:/home/elian/ws_moveit2/install/chomp_motion_planner:/home/elian/ws_moveit2/install/moveit_core:/home/elian/academy_robotics/ros2_academy_ws/install/academy_robot_moveit_config:/home/elian/academy_robotics/ros2_academy_ws/install/academy_robot_gazebo_ignition:/home/elian/academy_robotics/ros2_academy_ws/install/academy_robot_gazebo_classic:/home/elian/academy_robotics/ros2_academy_ws/install/academy_robot_description:/home/elian/academy_robotics/ros2_academy_ws/install/ur_description:/home/elian/academy_robotics/ros2_academy_ws/install/academy_robot_interfaces:/home/elian/academy_robotics/ros2_academy_ws/install/robotnik_controllers_msgs:/home/elian/academy_robotics/ros2_academy_ws/install/academy_robot_supervisor_msgs:/home/elian/academy_robotics/ros2_academy_ws/install/academy_robot_sensors:/home/elian/academy_robotics/ros2_academy_ws/install/academy_robot_safety_msgs:/home/elian/academy_robotics/ros2_academy_ws/install/academy_robot_perception_msgs:/home/elian/academy_robotics/ros2_academy_ws/install/academy_robot_navigation_msgs:/home/elian/academy_robotics/ros2_academy_ws/install/academy_robot_io_msgs:/home/elian/academy_robotics/ros2_academy_ws/install/academy_robot_common_msgs:/home/elian/academy_robotics/ros2_academy_ws/install/academy_robot_common:/home/elian/academy_robotics/ros2_academy_ws/install/academy_robot_battery_msgs:/home/elian/ws_moveit2/install/moveit_configs_utils:/home/elian/ws_moveit2/install/launch_param_builder:/home/elian/academy_robotics/ros2_academy_ws/install/depth_to_pointcloud:/opt/ros/humble LD_LIBRARY_PATH=/home/elian/ws_moveit2/install/moveit_msgs/lib:/home/elian/ws_moveit2/install/moveit_task_constructor_visualization/lib:/home/elian/ws_moveit2/install/moveit_task_constructor_demo/lib:/home/elian/ws_moveit2/install/moveit_task_constructor_capabilities/lib:/home/elian/ws_moveit2/install/moveit_task_constructor_core/lib:/home/elian/ws_moveit2/install/rviz_marker_tools/lib:/home/elian/ws_moveit2/install/rosparam_shortcuts/lib:/home/elian/ws_moveit2/install/pilz_industrial_motion_planner_testutils/lib:/home/elian/ws_moveit2/install/pilz_industrial_motion_planner/lib:/home/elian/ws_moveit2/install/pick_ik/lib:/home/elian/ws_moveit2/install/moveit_visual_tools/lib:/home/elian/ws_moveit2/install/moveit_task_constructor_msgs/lib:/home/elian/ws_moveit2/install/moveit_ros_control_interface/lib:/home/elian/ws_moveit2/install/moveit_simple_controller_manager/lib:/home/elian/ws_moveit2/install/moveit_setup_assistant/lib:/home/elian/ws_moveit2/install/moveit_setup_srdf_plugins/lib:/home/elian/ws_moveit2/install/moveit_setup_core_plugins/lib:/home/elian/ws_moveit2/install/moveit_setup_controllers/lib:/home/elian/ws_moveit2/install/moveit_setup_app_plugins/lib:/home/elian/ws_moveit2/install/moveit_setup_framework/lib:/home/elian/ws_moveit2/install/moveit_servo/lib:/home/elian/ws_moveit2/install/moveit_ros_visualization/lib:/home/elian/ws_moveit2/install/moveit_hybrid_planning/lib:/home/elian/ws_moveit2/install/moveit_ros_planning_interface/lib:/home/elian/ws_moveit2/install/moveit_ros_benchmarks/lib:/home/elian/ws_moveit2/install/moveit_ros_warehouse/lib:/home/elian/ws_moveit2/install/moveit_ros_robot_interaction/lib:/home/elian/ws_moveit2/install/moveit_ros_perception/lib:/home/elian/ws_moveit2/install/moveit_ros_move_group/lib:/home/elian/ws_moveit2/install/moveit_planners_ompl/lib:/home/elian/ws_moveit2/install/moveit_ros_planning/lib:/home/elian/ws_moveit2/install/moveit_ros_occupancy_map_monitor/lib:/home/elian/ws_moveit2/install/moveit_resources_prbt_ikfast_manipulator_plugin/lib:/home/elian/ws_moveit2/install/moveit_planners_chomp/lib:/home/elian/ws_moveit2/install/moveit_kinematics/lib:/home/elian/ws_moveit2/install/moveit_chomp_optimizer_adapter/lib:/home/elian/ws_moveit2/install/chomp_motion_planner/lib:/home/elian/ws_moveit2/install/moveit_core/lib:/home/elian/academy_robotics/ros2_academy_ws/install/robotnik_controllers_msgs/lib:/home/elian/academy_robotics/ros2_academy_ws/install/academy_robot_supervisor_msgs/lib:/home/elian/academy_robotics/ros2_academy_ws/install/academy_robot_perception_msgs/lib:/home/elian/academy_robotics/ros2_academy_ws/install/academy_robot_navigation_msgs/lib:/home/elian/academy_robotics/ros2_academy_ws/install/academy_robot_io_msgs/lib:/home/elian/academy_robotics/ros2_academy_ws/install/academy_robot_common_msgs/lib:/home/elian/academy_robotics/ros2_academy_ws/install/academy_robot_battery_msgs/lib:/usr/lib/x86_64-linux-gnu/gazebo-11/plugins:/opt/ros/humble/opt/rviz_ogre_vendor/lib:/opt/ros/humble/lib/x86_64-linux-gnu:/opt/ros/humble/lib /usr/bin/cmake /home/elian/ws_moveit2/src/moveit2/moveit_core -DCMAKE_BUILD_TYPE=Debug -DCMAKE_INSTALL_PREFIX=/home/elian/ws_moveit2/install/moveit_core
[0.042s] -- Found moveit_common: 2.5.9 (/home/elian/ws_moveit2/install/moveit_common/share/moveit_common/cmake)
[0.042s] -- Found ament_cmake: 1.3.12 (/opt/ros/humble/share/ament_cmake/cmake)
[0.196s] -- Override CMake install command with custom implementation using symlinks instead of copying resources
[0.284s] -- Found angles: 1.15.0 (/opt/ros/humble/share/angles/cmake)
[0.318s] -- Found common_interfaces: 4.9.0 (/opt/ros/humble/share/common_interfaces/cmake)
[0.318s] -- Found eigen_stl_containers: 1.1.0 (/opt/ros/humble/share/eigen_stl_containers/cmake)
[0.320s] -- Found eigen3_cmake_module: 0.1.1 (/opt/ros/humble/share/eigen3_cmake_module/cmake)
[0.323s] -- Found generate_parameter_library: 0.5.0 (/opt/ros/humble/share/generate_parameter_library/cmake)
[0.324s] -- Found parameter_traits: 0.5.0 (/opt/ros/humble/share/parameter_traits/cmake)
[0.349s] -- Found rosidl_generator_c: 3.1.7 (/opt/ros/humble/share/rosidl_generator_c/cmake)
[0.351s] -- Found rosidl_adapter: 3.1.7 (/opt/ros/humble/share/rosidl_adapter/cmake)
[0.357s] -- Found rosidl_generator_cpp: 3.1.7 (/opt/ros/humble/share/rosidl_generator_cpp/cmake)
[0.372s] -- Using all available rosidl_typesupport_c: rosidl_typesupport_fastrtps_c;rosidl_typesupport_introspection_c
[0.390s] -- Using all available rosidl_typesupport_cpp: rosidl_typesupport_fastrtps_cpp;rosidl_typesupport_introspection_cpp
[0.431s] -- Found rmw_implementation_cmake: 6.1.2 (/opt/ros/humble/share/rmw_implementation_cmake/cmake)
[0.435s] -- Found rmw_fastrtps_cpp: 6.2.8 (/opt/ros/humble/share/rmw_fastrtps_cpp/cmake)
[0.577s] -- Using RMW implementation 'rmw_fastrtps_cpp' as default
[0.640s] -- Found rclcpp_lifecycle: 16.0.14 (/opt/ros/humble/share/rclcpp_lifecycle/cmake)
[0.657s] -- Found geometric_shapes: 2.3.2 (/opt/ros/humble/share/geometric_shapes/cmake)
[0.661s] -- Found Boost: /usr/lib/x86_64-linux-gnu/cmake/Boost-1.74.0/BoostConfig.cmake (found version "1.74.0") found components: filesystem 
[0.722s] -- library: /usr/lib/x86_64-linux-gnu/libcurl.so
[0.778s] -- Found kdl_parser: 2.6.4 (/opt/ros/humble/share/kdl_parser/cmake)
[0.781s] -- Ensuring Eigen3 include directory is part of orocos-kdl CMake target
[0.782s] -- Found moveit_msgs: 2.2.1 (/home/elian/ws_moveit2/install/moveit_msgs/share/moveit_msgs/cmake)
[0.892s] -- Found pluginlib: 5.1.0 (/opt/ros/humble/share/pluginlib/cmake)
[0.913s] -- Found srdfdom: 2.0.7 (/opt/ros/humble/share/srdfdom/cmake)
[0.919s] -- Found tf2_eigen: 0.25.15 (/opt/ros/humble/share/tf2_eigen/cmake)
[0.982s] -- Found tf2_geometry_msgs: 0.25.15 (/opt/ros/humble/share/tf2_geometry_msgs/cmake)
[0.986s] -- Found tf2_kdl: 0.25.15 (/opt/ros/humble/share/tf2_kdl/cmake)
[1.006s] -- Found Boost: /usr/lib/x86_64-linux-gnu/cmake/Boost-1.74.0/BoostConfig.cmake (found version "1.74.0") found components: chrono date_time filesystem iostreams program_options regex serialization system thread 
[1.008s] --  *** Building MoveIt 2.5.9-Alpha ***
[1.507s] -- Configuring done
[1.820s] -- Generating done
[1.908s] -- Build files have been written to: /home/elian/ws_moveit2/build/moveit_core
[1.936s] Invoked command in '/home/elian/ws_moveit2/build/moveit_core' returned '0': CMAKE_PREFIX_PATH=/home/elian/ws_moveit2/install/moveit_resources_panda_moveit_config:/home/elian/ws_moveit2/install/moveit_resources_pr2_description:/home/elian/ws_moveit2/install/moveit_resources_panda_description:/home/elian/ws_moveit2/install/moveit_msgs:/home/elian/ws_moveit2/install/moveit_common:/home/elian/ws_moveit2/install/moveit_task_constructor_visualization:/home/elian/ws_moveit2/install/moveit_task_constructor_demo:/home/elian/ws_moveit2/install/moveit_task_constructor_capabilities:/home/elian/ws_moveit2/install/moveit2_tutorials:/home/elian/ws_moveit2/install/moveit_task_constructor_core:/home/elian/ws_moveit2/install/rviz_marker_tools:/home/elian/ws_moveit2/install/rosparam_shortcuts:/home/elian/ws_moveit2/install/pilz_industrial_motion_planner_testutils:/home/elian/ws_moveit2/install/moveit_runtime:/home/elian/ws_moveit2/install/moveit:/home/elian/ws_moveit2/install/moveit_planners:/home/elian/ws_moveit2/install/pilz_industrial_motion_planner:/home/elian/ws_moveit2/install/pick_ik:/home/elian/ws_moveit2/install/hello_moveit:/home/elian/ws_moveit2/install/moveit_visual_tools:/home/elian/ws_moveit2/install/moveit_task_constructor_msgs:/home/elian/ws_moveit2/install/moveit_ros_control_interface:/home/elian/ws_moveit2/install/moveit_plugins:/home/elian/ws_moveit2/install/moveit_simple_controller_manager:/home/elian/ws_moveit2/install/moveit_setup_assistant:/home/elian/ws_moveit2/install/moveit_setup_srdf_plugins:/home/elian/ws_moveit2/install/moveit_setup_core_plugins:/home/elian/ws_moveit2/install/moveit_setup_controllers:/home/elian/ws_moveit2/install/moveit_setup_app_plugins:/home/elian/ws_moveit2/install/moveit_setup_framework:/home/elian/ws_moveit2/install/moveit_servo:/home/elian/ws_moveit2/install/moveit_ros:/home/elian/ws_moveit2/install/moveit_ros_visualization:/home/elian/ws_moveit2/install/moveit_hybrid_planning:/home/elian/ws_moveit2/install/moveit_ros_planning_interface:/home/elian/ws_moveit2/install/moveit_ros_benchmarks:/home/elian/ws_moveit2/install/moveit_ros_warehouse:/home/elian/ws_moveit2/install/moveit_ros_robot_interaction:/home/elian/ws_moveit2/install/moveit_ros_perception:/home/elian/ws_moveit2/install/moveit_resources_prbt_pg70_support:/home/elian/ws_moveit2/install/moveit_resources_prbt_moveit_config:/home/elian/ws_moveit2/install/moveit_ros_move_group:/home/elian/ws_moveit2/install/moveit_planners_ompl:/home/elian/ws_moveit2/install/moveit_ros_planning:/home/elian/ws_moveit2/install/moveit_ros_occupancy_map_monitor:/home/elian/ws_moveit2/install/moveit_resources_prbt_support:/home/elian/ws_moveit2/install/moveit_resources_prbt_ikfast_manipulator_plugin:/home/elian/ws_moveit2/install/moveit_resources:/home/elian/ws_moveit2/install/moveit_resources_fanuc_moveit_config:/home/elian/ws_moveit2/install/moveit_resources_fanuc_description:/home/elian/ws_moveit2/install/moveit_planners_chomp:/home/elian/ws_moveit2/install/moveit_kinematics:/home/elian/ws_moveit2/install/moveit_chomp_optimizer_adapter:/home/elian/ws_moveit2/install/chomp_motion_planner:/home/elian/ws_moveit2/install/moveit_core:/home/elian/academy_robotics/ros2_academy_ws/install/academy_robot_moveit_config:/home/elian/academy_robotics/ros2_academy_ws/install/academy_robot_gazebo_ignition:/home/elian/academy_robotics/ros2_academy_ws/install/academy_robot_gazebo_classic:/home/elian/academy_robotics/ros2_academy_ws/install/academy_robot_description:/home/elian/academy_robotics/ros2_academy_ws/install/ur_description:/home/elian/academy_robotics/ros2_academy_ws/install/academy_robot_interfaces:/home/elian/academy_robotics/ros2_academy_ws/install/robotnik_controllers_msgs:/home/elian/academy_robotics/ros2_academy_ws/install/academy_robot_supervisor_msgs:/home/elian/academy_robotics/ros2_academy_ws/install/academy_robot_sensors:/home/elian/academy_robotics/ros2_academy_ws/install/academy_robot_safety_msgs:/home/elian/academy_robotics/ros2_academy_ws/install/academy_robot_perception_msgs:/home/elian/academy_robotics/ros2_academy_ws/install/academy_robot_navigation_msgs:/home/elian/academy_robotics/ros2_academy_ws/install/academy_robot_io_msgs:/home/elian/academy_robotics/ros2_academy_ws/install/academy_robot_common_msgs:/home/elian/academy_robotics/ros2_academy_ws/install/academy_robot_common:/home/elian/academy_robotics/ros2_academy_ws/install/academy_robot_battery_msgs:/home/elian/ws_moveit2/install/moveit_configs_utils:/home/elian/ws_moveit2/install/launch_param_builder:/home/elian/academy_robotics/ros2_academy_ws/install/depth_to_pointcloud:/opt/ros/humble LD_LIBRARY_PATH=/home/elian/ws_moveit2/install/moveit_msgs/lib:/home/elian/ws_moveit2/install/moveit_task_constructor_visualization/lib:/home/elian/ws_moveit2/install/moveit_task_constructor_demo/lib:/home/elian/ws_moveit2/install/moveit_task_constructor_capabilities/lib:/home/elian/ws_moveit2/install/moveit_task_constructor_core/lib:/home/elian/ws_moveit2/install/rviz_marker_tools/lib:/home/elian/ws_moveit2/install/rosparam_shortcuts/lib:/home/elian/ws_moveit2/install/pilz_industrial_motion_planner_testutils/lib:/home/elian/ws_moveit2/install/pilz_industrial_motion_planner/lib:/home/elian/ws_moveit2/install/pick_ik/lib:/home/elian/ws_moveit2/install/moveit_visual_tools/lib:/home/elian/ws_moveit2/install/moveit_task_constructor_msgs/lib:/home/elian/ws_moveit2/install/moveit_ros_control_interface/lib:/home/elian/ws_moveit2/install/moveit_simple_controller_manager/lib:/home/elian/ws_moveit2/install/moveit_setup_assistant/lib:/home/elian/ws_moveit2/install/moveit_setup_srdf_plugins/lib:/home/elian/ws_moveit2/install/moveit_setup_core_plugins/lib:/home/elian/ws_moveit2/install/moveit_setup_controllers/lib:/home/elian/ws_moveit2/install/moveit_setup_app_plugins/lib:/home/elian/ws_moveit2/install/moveit_setup_framework/lib:/home/elian/ws_moveit2/install/moveit_servo/lib:/home/elian/ws_moveit2/install/moveit_ros_visualization/lib:/home/elian/ws_moveit2/install/moveit_hybrid_planning/lib:/home/elian/ws_moveit2/install/moveit_ros_planning_interface/lib:/home/elian/ws_moveit2/install/moveit_ros_benchmarks/lib:/home/elian/ws_moveit2/install/moveit_ros_warehouse/lib:/home/elian/ws_moveit2/install/moveit_ros_robot_interaction/lib:/home/elian/ws_moveit2/install/moveit_ros_perception/lib:/home/elian/ws_moveit2/install/moveit_ros_move_group/lib:/home/elian/ws_moveit2/install/moveit_planners_ompl/lib:/home/elian/ws_moveit2/install/moveit_ros_planning/lib:/home/elian/ws_moveit2/install/moveit_ros_occupancy_map_monitor/lib:/home/elian/ws_moveit2/install/moveit_resources_prbt_ikfast_manipulator_plugin/lib:/home/elian/ws_moveit2/install/moveit_planners_chomp/lib:/home/elian/ws_moveit2/install/moveit_kinematics/lib:/home/elian/ws_moveit2/install/moveit_chomp_optimizer_adapter/lib:/home/elian/ws_moveit2/install/chomp_motion_planner/lib:/home/elian/ws_moveit2/install/moveit_core/lib:/home/elian/academy_robotics/ros2_academy_ws/install/robotnik_controllers_msgs/lib:/home/elian/academy_robotics/ros2_academy_ws/install/academy_robot_supervisor_msgs/lib:/home/elian/academy_robotics/ros2_academy_ws/install/academy_robot_perception_msgs/lib:/home/elian/academy_robotics/ros2_academy_ws/install/academy_robot_navigation_msgs/lib:/home/elian/academy_robotics/ros2_academy_ws/install/academy_robot_io_msgs/lib:/home/elian/academy_robotics/ros2_academy_ws/install/academy_robot_common_msgs/lib:/home/elian/academy_robotics/ros2_academy_ws/install/academy_robot_battery_msgs/lib:/usr/lib/x86_64-linux-gnu/gazebo-11/plugins:/opt/ros/humble/opt/rviz_ogre_vendor/lib:/opt/ros/humble/lib/x86_64-linux-gnu:/opt/ros/humble/lib /usr/bin/cmake /home/elian/ws_moveit2/src/moveit2/moveit_core -DCMAKE_BUILD_TYPE=Debug -DCMAKE_INSTALL_PREFIX=/home/elian/ws_moveit2/install/moveit_core
[1.937s] Invoking command in '/home/elian/ws_moveit2/build/moveit_core': CMAKE_PREFIX_PATH=/home/elian/ws_moveit2/install/moveit_resources_panda_moveit_config:/home/elian/ws_moveit2/install/moveit_resources_pr2_description:/home/elian/ws_moveit2/install/moveit_resources_panda_description:/home/elian/ws_moveit2/install/moveit_msgs:/home/elian/ws_moveit2/install/moveit_common:/home/elian/ws_moveit2/install/moveit_task_constructor_visualization:/home/elian/ws_moveit2/install/moveit_task_constructor_demo:/home/elian/ws_moveit2/install/moveit_task_constructor_capabilities:/home/elian/ws_moveit2/install/moveit2_tutorials:/home/elian/ws_moveit2/install/moveit_task_constructor_core:/home/elian/ws_moveit2/install/rviz_marker_tools:/home/elian/ws_moveit2/install/rosparam_shortcuts:/home/elian/ws_moveit2/install/pilz_industrial_motion_planner_testutils:/home/elian/ws_moveit2/install/moveit_runtime:/home/elian/ws_moveit2/install/moveit:/home/elian/ws_moveit2/install/moveit_planners:/home/elian/ws_moveit2/install/pilz_industrial_motion_planner:/home/elian/ws_moveit2/install/pick_ik:/home/elian/ws_moveit2/install/hello_moveit:/home/elian/ws_moveit2/install/moveit_visual_tools:/home/elian/ws_moveit2/install/moveit_task_constructor_msgs:/home/elian/ws_moveit2/install/moveit_ros_control_interface:/home/elian/ws_moveit2/install/moveit_plugins:/home/elian/ws_moveit2/install/moveit_simple_controller_manager:/home/elian/ws_moveit2/install/moveit_setup_assistant:/home/elian/ws_moveit2/install/moveit_setup_srdf_plugins:/home/elian/ws_moveit2/install/moveit_setup_core_plugins:/home/elian/ws_moveit2/install/moveit_setup_controllers:/home/elian/ws_moveit2/install/moveit_setup_app_plugins:/home/elian/ws_moveit2/install/moveit_setup_framework:/home/elian/ws_moveit2/install/moveit_servo:/home/elian/ws_moveit2/install/moveit_ros:/home/elian/ws_moveit2/install/moveit_ros_visualization:/home/elian/ws_moveit2/install/moveit_hybrid_planning:/home/elian/ws_moveit2/install/moveit_ros_planning_interface:/home/elian/ws_moveit2/install/moveit_ros_benchmarks:/home/elian/ws_moveit2/install/moveit_ros_warehouse:/home/elian/ws_moveit2/install/moveit_ros_robot_interaction:/home/elian/ws_moveit2/install/moveit_ros_perception:/home/elian/ws_moveit2/install/moveit_resources_prbt_pg70_support:/home/elian/ws_moveit2/install/moveit_resources_prbt_moveit_config:/home/elian/ws_moveit2/install/moveit_ros_move_group:/home/elian/ws_moveit2/install/moveit_planners_ompl:/home/elian/ws_moveit2/install/moveit_ros_planning:/home/elian/ws_moveit2/install/moveit_ros_occupancy_map_monitor:/home/elian/ws_moveit2/install/moveit_resources_prbt_support:/home/elian/ws_moveit2/install/moveit_resources_prbt_ikfast_manipulator_plugin:/home/elian/ws_moveit2/install/moveit_resources:/home/elian/ws_moveit2/install/moveit_resources_fanuc_moveit_config:/home/elian/ws_moveit2/install/moveit_resources_fanuc_description:/home/elian/ws_moveit2/install/moveit_planners_chomp:/home/elian/ws_moveit2/install/moveit_kinematics:/home/elian/ws_moveit2/install/moveit_chomp_optimizer_adapter:/home/elian/ws_moveit2/install/chomp_motion_planner:/home/elian/ws_moveit2/install/moveit_core:/home/elian/academy_robotics/ros2_academy_ws/install/academy_robot_moveit_config:/home/elian/academy_robotics/ros2_academy_ws/install/academy_robot_gazebo_ignition:/home/elian/academy_robotics/ros2_academy_ws/install/academy_robot_gazebo_classic:/home/elian/academy_robotics/ros2_academy_ws/install/academy_robot_description:/home/elian/academy_robotics/ros2_academy_ws/install/ur_description:/home/elian/academy_robotics/ros2_academy_ws/install/academy_robot_interfaces:/home/elian/academy_robotics/ros2_academy_ws/install/robotnik_controllers_msgs:/home/elian/academy_robotics/ros2_academy_ws/install/academy_robot_supervisor_msgs:/home/elian/academy_robotics/ros2_academy_ws/install/academy_robot_sensors:/home/elian/academy_robotics/ros2_academy_ws/install/academy_robot_safety_msgs:/home/elian/academy_robotics/ros2_academy_ws/install/academy_robot_perception_msgs:/home/elian/academy_robotics/ros2_academy_ws/install/academy_robot_navigation_msgs:/home/elian/academy_robotics/ros2_academy_ws/install/academy_robot_io_msgs:/home/elian/academy_robotics/ros2_academy_ws/install/academy_robot_common_msgs:/home/elian/academy_robotics/ros2_academy_ws/install/academy_robot_common:/home/elian/academy_robotics/ros2_academy_ws/install/academy_robot_battery_msgs:/home/elian/ws_moveit2/install/moveit_configs_utils:/home/elian/ws_moveit2/install/launch_param_builder:/home/elian/academy_robotics/ros2_academy_ws/install/depth_to_pointcloud:/opt/ros/humble LD_LIBRARY_PATH=/home/elian/ws_moveit2/install/moveit_msgs/lib:/home/elian/ws_moveit2/install/moveit_task_constructor_visualization/lib:/home/elian/ws_moveit2/install/moveit_task_constructor_demo/lib:/home/elian/ws_moveit2/install/moveit_task_constructor_capabilities/lib:/home/elian/ws_moveit2/install/moveit_task_constructor_core/lib:/home/elian/ws_moveit2/install/rviz_marker_tools/lib:/home/elian/ws_moveit2/install/rosparam_shortcuts/lib:/home/elian/ws_moveit2/install/pilz_industrial_motion_planner_testutils/lib:/home/elian/ws_moveit2/install/pilz_industrial_motion_planner/lib:/home/elian/ws_moveit2/install/pick_ik/lib:/home/elian/ws_moveit2/install/moveit_visual_tools/lib:/home/elian/ws_moveit2/install/moveit_task_constructor_msgs/lib:/home/elian/ws_moveit2/install/moveit_ros_control_interface/lib:/home/elian/ws_moveit2/install/moveit_simple_controller_manager/lib:/home/elian/ws_moveit2/install/moveit_setup_assistant/lib:/home/elian/ws_moveit2/install/moveit_setup_srdf_plugins/lib:/home/elian/ws_moveit2/install/moveit_setup_core_plugins/lib:/home/elian/ws_moveit2/install/moveit_setup_controllers/lib:/home/elian/ws_moveit2/install/moveit_setup_app_plugins/lib:/home/elian/ws_moveit2/install/moveit_setup_framework/lib:/home/elian/ws_moveit2/install/moveit_servo/lib:/home/elian/ws_moveit2/install/moveit_ros_visualization/lib:/home/elian/ws_moveit2/install/moveit_hybrid_planning/lib:/home/elian/ws_moveit2/install/moveit_ros_planning_interface/lib:/home/elian/ws_moveit2/install/moveit_ros_benchmarks/lib:/home/elian/ws_moveit2/install/moveit_ros_warehouse/lib:/home/elian/ws_moveit2/install/moveit_ros_robot_interaction/lib:/home/elian/ws_moveit2/install/moveit_ros_perception/lib:/home/elian/ws_moveit2/install/moveit_ros_move_group/lib:/home/elian/ws_moveit2/install/moveit_planners_ompl/lib:/home/elian/ws_moveit2/install/moveit_ros_planning/lib:/home/elian/ws_moveit2/install/moveit_ros_occupancy_map_monitor/lib:/home/elian/ws_moveit2/install/moveit_resources_prbt_ikfast_manipulator_plugin/lib:/home/elian/ws_moveit2/install/moveit_planners_chomp/lib:/home/elian/ws_moveit2/install/moveit_kinematics/lib:/home/elian/ws_moveit2/install/moveit_chomp_optimizer_adapter/lib:/home/elian/ws_moveit2/install/chomp_motion_planner/lib:/home/elian/ws_moveit2/install/moveit_core/lib:/home/elian/academy_robotics/ros2_academy_ws/install/robotnik_controllers_msgs/lib:/home/elian/academy_robotics/ros2_academy_ws/install/academy_robot_supervisor_msgs/lib:/home/elian/academy_robotics/ros2_academy_ws/install/academy_robot_perception_msgs/lib:/home/elian/academy_robotics/ros2_academy_ws/install/academy_robot_navigation_msgs/lib:/home/elian/academy_robotics/ros2_academy_ws/install/academy_robot_io_msgs/lib:/home/elian/academy_robotics/ros2_academy_ws/install/academy_robot_common_msgs/lib:/home/elian/academy_robotics/ros2_academy_ws/install/academy_robot_battery_msgs/lib:/usr/lib/x86_64-linux-gnu/gazebo-11/plugins:/opt/ros/humble/opt/rviz_ogre_vendor/lib:/opt/ros/humble/lib/x86_64-linux-gnu:/opt/ros/humble/lib /usr/bin/cmake --build /home/elian/ws_moveit2/build/moveit_core -- -j8 -l8
[2.022s] [35m[1mConsolidate compiler generated dependencies of target moveit_exceptions[0m
[2.022s] [35m[1mConsolidate compiler generated dependencies of target moveit_utils[0m
[2.022s] [35m[1mConsolidate compiler generated dependencies of target moveit_smoothing_base[0m
[2.022s] [35m[1mConsolidate compiler generated dependencies of target moveit_kinematics_base[0m
[2.024s] [35m[1mConsolidate compiler generated dependencies of target moveit_version[0m
[2.030s] [35m[1mConsolidate compiler generated dependencies of target moveit_transforms[0m
[2.041s] [35m[1mConsolidate compiler generated dependencies of target moveit_distance_field[0m
[2.052s] [  1%] [32mBuilding CXX object utils/CMakeFiles/moveit_utils.dir/src/lexical_casts.cpp.o[0m
[2.059s] [  2%] [32mBuilding CXX object version/CMakeFiles/moveit_version.dir/version.cpp.o[0m
[2.068s] [  3%] [32mBuilding CXX object exceptions/CMakeFiles/moveit_exceptions.dir/src/exceptions.cpp.o[0m
[2.076s] [  4%] [32mBuilding CXX object online_signal_smoothing/CMakeFiles/moveit_smoothing_base.dir/src/smoothing_base_class.cpp.o[0m
[2.085s] [  6%] Built target moveit_butterworth_parameters
[2.085s] [  7%] [32mBuilding CXX object kinematics_base/CMakeFiles/moveit_kinematics_base.dir/src/kinematics_base.cpp.o[0m
[2.089s] [  8%] [32mBuilding CXX object transforms/CMakeFiles/moveit_transforms.dir/src/transforms.cpp.o[0m
[2.111s] [  9%] [32mBuilding CXX object utils/CMakeFiles/moveit_utils.dir/src/message_checks.cpp.o[0m
[2.155s] [ 10%] [32mBuilding CXX object distance_field/CMakeFiles/moveit_distance_field.dir/src/distance_field.cpp.o[0m
[2.164s] [ 11%] [32m[1mLinking CXX executable moveit_version[0m
[2.448s] [ 11%] Built target moveit_version
[2.496s] [ 12%] [32mBuilding CXX object distance_field/CMakeFiles/moveit_distance_field.dir/src/find_internal_points.cpp.o[0m
[3.150s] [ 13%] [32mBuilding CXX object distance_field/CMakeFiles/moveit_distance_field.dir/src/propagation_distance_field.cpp.o[0m
[3.296s] [ 14%] [32m[1mLinking CXX shared library libmoveit_exceptions.so[0m
[3.571s] [ 14%] Built target moveit_exceptions
[3.602s] [ 15%] [32mBuilding CXX object utils/CMakeFiles/moveit_utils.dir/src/rclcpp_utils.cpp.o[0m
[4.439s] [ 16%] [32m[1mLinking CXX shared library libmoveit_utils.so[0m
[5.787s] [ 16%] Built target moveit_utils
[8.285s] [ 17%] [32m[1mLinking CXX shared library libmoveit_smoothing_base.so[0m
[8.524s] [ 17%] Built target moveit_smoothing_base
[10.323s] [ 18%] [32m[1mLinking CXX shared library libmoveit_kinematics_base.so[0m
[10.551s] [ 18%] Built target moveit_kinematics_base
[10.577s] [35m[1mConsolidate compiler generated dependencies of target moveit_robot_model[0m
[10.641s] [ 19%] [32mBuilding CXX object robot_model/CMakeFiles/moveit_robot_model.dir/src/aabb.cpp.o[0m
[10.645s] [ 20%] [32mBuilding CXX object robot_model/CMakeFiles/moveit_robot_model.dir/src/joint_model.cpp.o[0m
[10.645s] [ 21%] [32mBuilding CXX object robot_model/CMakeFiles/moveit_robot_model.dir/src/joint_model_group.cpp.o[0m
[10.646s] [ 22%] [32mBuilding CXX object robot_model/CMakeFiles/moveit_robot_model.dir/src/fixed_joint_model.cpp.o[0m
[10.648s] [ 23%] [32mBuilding CXX object robot_model/CMakeFiles/moveit_robot_model.dir/src/floating_joint_model.cpp.o[0m
[13.365s] [ 24%] [32mBuilding CXX object robot_model/CMakeFiles/moveit_robot_model.dir/src/link_model.cpp.o[0m
[15.798s] [ 25%] [32mBuilding CXX object robot_model/CMakeFiles/moveit_robot_model.dir/src/planar_joint_model.cpp.o[0m
[16.394s] [ 26%] [32m[1mLinking CXX shared library libmoveit_distance_field.so[0m
[16.868s] [ 27%] [32mBuilding CXX object robot_model/CMakeFiles/moveit_robot_model.dir/src/prismatic_joint_model.cpp.o[0m
[17.108s] [ 27%] Built target moveit_distance_field
[17.136s] [ 28%] [32mBuilding CXX object robot_model/CMakeFiles/moveit_robot_model.dir/src/revolute_joint_model.cpp.o[0m
[17.890s] [ 29%] [32mBuilding CXX object robot_model/CMakeFiles/moveit_robot_model.dir/src/robot_model.cpp.o[0m
[19.761s] [ 30%] [32m[1mLinking CXX shared library libmoveit_transforms.so[0m
[20.425s] [ 30%] Built target moveit_transforms
[28.622s] [ 31%] [32m[1mLinking CXX shared library libmoveit_robot_model.so[0m
[29.644s] [ 31%] Built target moveit_robot_model
[29.659s] [35m[1mConsolidate compiler generated dependencies of target moveit_test_utils[0m
[29.659s] [35m[1mConsolidate compiler generated dependencies of target moveit_butterworth_filter[0m
[29.662s] [35m[1mConsolidate compiler generated dependencies of target moveit_robot_state[0m
[29.683s] [ 33%] [32mBuilding CXX object online_signal_smoothing/CMakeFiles/moveit_butterworth_filter.dir/src/butterworth_filter.cpp.o[0m
[29.683s] [ 33%] [32mBuilding CXX object utils/CMakeFiles/moveit_test_utils.dir/src/robot_model_test_utils.cpp.o[0m
[29.706s] [ 34%] [32mBuilding CXX object robot_state/CMakeFiles/moveit_robot_state.dir/src/attached_body.cpp.o[0m
[29.708s] [ 35%] [32mBuilding CXX object robot_state/CMakeFiles/moveit_robot_state.dir/src/cartesian_interpolator.cpp.o[0m
[29.709s] [ 37%] [32mBuilding CXX object robot_state/CMakeFiles/moveit_robot_state.dir/src/robot_state.cpp.o[0m
[29.709s] [ 37%] [32mBuilding CXX object robot_state/CMakeFiles/moveit_robot_state.dir/src/conversions.cpp.o[0m
[39.559s] [ 38%] [32m[1mLinking CXX shared library libmoveit_test_utils.so[0m
[40.177s] [ 38%] Built target moveit_test_utils
[40.882s] [ 39%] [32m[1mLinking CXX shared library libmoveit_butterworth_filter.so[0m
[41.145s] [ 39%] Built target moveit_butterworth_filter
[55.202s] [ 40%] [32m[1mLinking CXX shared library libmoveit_robot_state.so[0m
[56.764s] [ 40%] Built target moveit_robot_state
[56.780s] [35m[1mConsolidate compiler generated dependencies of target moveit_kinematics_metrics[0m
[56.780s] [35m[1mConsolidate compiler generated dependencies of target moveit_dynamics_solver[0m
[56.780s] [35m[1mConsolidate compiler generated dependencies of target moveit_robot_trajectory[0m
[56.786s] [35m[1mConsolidate compiler generated dependencies of target moveit_collision_detection[0m
[56.809s] [ 41%] [32mBuilding CXX object dynamics_solver/CMakeFiles/moveit_dynamics_solver.dir/src/dynamics_solver.cpp.o[0m
[56.809s] [ 42%] [32mBuilding CXX object kinematics_metrics/CMakeFiles/moveit_kinematics_metrics.dir/src/kinematics_metrics.cpp.o[0m
[56.811s] [ 43%] [32mBuilding CXX object robot_trajectory/CMakeFiles/moveit_robot_trajectory.dir/src/robot_trajectory.cpp.o[0m
[56.841s] [ 44%] [32mBuilding CXX object collision_detection/CMakeFiles/moveit_collision_detection.dir/src/allvalid/collision_env_allvalid.cpp.o[0m
[56.841s] [ 45%] [32mBuilding CXX object collision_detection/CMakeFiles/moveit_collision_detection.dir/src/collision_matrix.cpp.o[0m
[56.842s] [ 46%] [32mBuilding CXX object collision_detection/CMakeFiles/moveit_collision_detection.dir/src/collision_common.cpp.o[0m
[56.854s] [ 47%] [32mBuilding CXX object collision_detection/CMakeFiles/moveit_collision_detection.dir/src/collision_octomap_filter.cpp.o[0m
[56.859s] [ 48%] [32mBuilding CXX object collision_detection/CMakeFiles/moveit_collision_detection.dir/src/collision_tools.cpp.o[0m
[65.732s] [ 50%] [32mBuilding CXX object collision_detection/CMakeFiles/moveit_collision_detection.dir/src/world.cpp.o[0m
[67.158s] [ 51%] [32mBuilding CXX object collision_detection/CMakeFiles/moveit_collision_detection.dir/src/world_diff.cpp.o[0m
[67.388s] [ 52%] [32mBuilding CXX object collision_detection/CMakeFiles/moveit_collision_detection.dir/src/collision_env.cpp.o[0m
[68.065s] [ 53%] [32mBuilding CXX object collision_detection/CMakeFiles/moveit_collision_detection.dir/src/collision_plugin_cache.cpp.o[0m
[69.561s] [ 54%] [32m[1mLinking CXX shared library libmoveit_dynamics_solver.so[0m
[71.133s] [ 54%] Built target moveit_dynamics_solver
[73.651s] [ 55%] [32m[1mLinking CXX shared library libmoveit_robot_trajectory.so[0m
[74.964s] [ 55%] Built target moveit_robot_trajectory
[74.996s] [35m[1mConsolidate compiler generated dependencies of target moveit_planning_interface[0m
[75.000s] [35m[1mConsolidate compiler generated dependencies of target moveit_trajectory_processing[0m
[75.052s] [ 56%] [32mBuilding CXX object planning_interface/CMakeFiles/moveit_planning_interface.dir/src/planning_response.cpp.o[0m
[75.064s] [ 57%] [32mBuilding CXX object planning_interface/CMakeFiles/moveit_planning_interface.dir/src/planning_interface.cpp.o[0m
[75.078s] [ 58%] [32mBuilding CXX object trajectory_processing/CMakeFiles/moveit_trajectory_processing.dir/src/iterative_spline_parameterization.cpp.o[0m
[75.085s] [ 59%] [32mBuilding CXX object trajectory_processing/CMakeFiles/moveit_trajectory_processing.dir/src/iterative_time_parameterization.cpp.o[0m
[75.091s] [ 60%] [32mBuilding CXX object trajectory_processing/CMakeFiles/moveit_trajectory_processing.dir/src/ruckig_traj_smoothing.cpp.o[0m
[78.047s] [ 61%] [32mBuilding CXX object trajectory_processing/CMakeFiles/moveit_trajectory_processing.dir/src/trajectory_tools.cpp.o[0m
[79.642s] [ 62%] [32mBuilding CXX object trajectory_processing/CMakeFiles/moveit_trajectory_processing.dir/src/time_optimal_trajectory_generation.cpp.o[0m
[86.460s] [ 63%] [32m[1mLinking CXX shared library libmoveit_collision_detection.so[0m
[88.527s] [ 63%] Built target moveit_collision_detection
[88.574s] [35m[1mConsolidate compiler generated dependencies of target moveit_collision_detection_fcl[0m
[88.640s] [ 64%] [32mBuilding CXX object collision_detection_fcl/CMakeFiles/moveit_collision_detection_fcl.dir/src/collision_common.cpp.o[0m
[90.660s] [35m[1mConsolidate compiler generated dependencies of target moveit_collision_detection_bullet[0m
[91.196s] [ 65%] [32mBuilding CXX object collision_detection_bullet/CMakeFiles/moveit_collision_detection_bullet.dir/src/bullet_integration/bullet_utils.cpp.o[0m
[93.946s] [ 66%] [32m[1mLinking CXX shared library libmoveit_planning_interface.so[0m
[94.719s] [ 66%] Built target moveit_planning_interface
[98.006s] [ 67%] [32m[1mLinking CXX shared library libmoveit_trajectory_processing.so[0m
[99.360s] [ 68%] [32m[1mLinking CXX shared library libmoveit_kinematics_metrics.so[0m
[99.659s] [ 68%] Built target moveit_trajectory_processing
[101.185s] [ 68%] Built target moveit_kinematics_metrics
[102.073s] [ 70%] [32mBuilding CXX object collision_detection_bullet/CMakeFiles/moveit_collision_detection_bullet.dir/src/bullet_integration/ros_bullet_utils.cpp.o[0m
[102.073s] [ 70%] [32mBuilding CXX object collision_detection_fcl/CMakeFiles/moveit_collision_detection_fcl.dir/src/collision_env_fcl.cpp.o[0m
[102.756s] [ 71%] [32mBuilding CXX object collision_detection_bullet/CMakeFiles/moveit_collision_detection_bullet.dir/src/bullet_integration/contact_checker_common.cpp.o[0m
[108.162s] [ 72%] [32mBuilding CXX object collision_detection_bullet/CMakeFiles/moveit_collision_detection_bullet.dir/src/bullet_integration/bullet_bvh_manager.cpp.o[0m
[108.163s] [ 73%] [32mBuilding CXX object collision_detection_bullet/CMakeFiles/moveit_collision_detection_bullet.dir/src/collision_env_bullet.cpp.o[0m
[108.164s] [ 74%] [32mBuilding CXX object collision_detection_bullet/CMakeFiles/moveit_collision_detection_bullet.dir/src/bullet_integration/bullet_cast_bvh_manager.cpp.o[0m
[108.282s] [ 75%] [32mBuilding CXX object collision_detection_bullet/CMakeFiles/moveit_collision_detection_bullet.dir/src/bullet_integration/bullet_discrete_bvh_manager.cpp.o[0m
[114.217s] [ 76%] [32m[1mLinking CXX shared library libmoveit_collision_detection_fcl.so[0m
[115.211s] gmake[2]: *** Deleting file 'collision_detection_fcl/libmoveit_collision_detection_fcl.so.2.5.9'
[115.212s] gmake[2]: *** [collision_detection_bullet/CMakeFiles/moveit_collision_detection_bullet.dir/build.make:90: collision_detection_bullet/CMakeFiles/moveit_collision_detection_bullet.dir/src/bullet_integration/bullet_discrete_bvh_manager.cpp.o] Interrupt
[115.212s] gmake[2]: *** [collision_detection_bullet/CMakeFiles/moveit_collision_detection_bullet.dir/build.make:132: collision_detection_bullet/CMakeFiles/moveit_collision_detection_bullet.dir/src/bullet_integration/bullet_bvh_manager.cpp.o] Interrupt
[115.213s] gmake[2]: *** [collision_detection_bullet/CMakeFiles/moveit_collision_detection_bullet.dir/build.make:118: collision_detection_bullet/CMakeFiles/moveit_collision_detection_bullet.dir/src/collision_env_bullet.cpp.o] Interrupt
[115.213s] gmake[2]: *** [collision_detection_bullet/CMakeFiles/moveit_collision_detection_bullet.dir/build.make:104: collision_detection_bullet/CMakeFiles/moveit_collision_detection_bullet.dir/src/bullet_integration/bullet_cast_bvh_manager.cpp.o] Interrupt
[115.214s] gmake[1]: *** [CMakeFiles/Makefile2:1284: collision_detection_bullet/CMakeFiles/moveit_collision_detection_bullet.dir/all] Interrupt
[115.215s] gmake[2]: *** [collision_detection_fcl/CMakeFiles/moveit_collision_detection_fcl.dir/build.make:306: collision_detection_fcl/libmoveit_collision_detection_fcl.so.2.5.9] Interrupt
[115.215s] gmake[1]: *** [CMakeFiles/Makefile2:1353: collision_detection_fcl/CMakeFiles/moveit_collision_detection_fcl.dir/all] Interrupt
[115.215s] gmake: *** [Makefile:146: all] Interrupt
[115.256s] Invoked command in '/home/elian/ws_moveit2/build/moveit_core' returned '-2': CMAKE_PREFIX_PATH=/home/elian/ws_moveit2/install/moveit_resources_panda_moveit_config:/home/elian/ws_moveit2/install/moveit_resources_pr2_description:/home/elian/ws_moveit2/install/moveit_resources_panda_description:/home/elian/ws_moveit2/install/moveit_msgs:/home/elian/ws_moveit2/install/moveit_common:/home/elian/ws_moveit2/install/moveit_task_constructor_visualization:/home/elian/ws_moveit2/install/moveit_task_constructor_demo:/home/elian/ws_moveit2/install/moveit_task_constructor_capabilities:/home/elian/ws_moveit2/install/moveit2_tutorials:/home/elian/ws_moveit2/install/moveit_task_constructor_core:/home/elian/ws_moveit2/install/rviz_marker_tools:/home/elian/ws_moveit2/install/rosparam_shortcuts:/home/elian/ws_moveit2/install/pilz_industrial_motion_planner_testutils:/home/elian/ws_moveit2/install/moveit_runtime:/home/elian/ws_moveit2/install/moveit:/home/elian/ws_moveit2/install/moveit_planners:/home/elian/ws_moveit2/install/pilz_industrial_motion_planner:/home/elian/ws_moveit2/install/pick_ik:/home/elian/ws_moveit2/install/hello_moveit:/home/elian/ws_moveit2/install/moveit_visual_tools:/home/elian/ws_moveit2/install/moveit_task_constructor_msgs:/home/elian/ws_moveit2/install/moveit_ros_control_interface:/home/elian/ws_moveit2/install/moveit_plugins:/home/elian/ws_moveit2/install/moveit_simple_controller_manager:/home/elian/ws_moveit2/install/moveit_setup_assistant:/home/elian/ws_moveit2/install/moveit_setup_srdf_plugins:/home/elian/ws_moveit2/install/moveit_setup_core_plugins:/home/elian/ws_moveit2/install/moveit_setup_controllers:/home/elian/ws_moveit2/install/moveit_setup_app_plugins:/home/elian/ws_moveit2/install/moveit_setup_framework:/home/elian/ws_moveit2/install/moveit_servo:/home/elian/ws_moveit2/install/moveit_ros:/home/elian/ws_moveit2/install/moveit_ros_visualization:/home/elian/ws_moveit2/install/moveit_hybrid_planning:/home/elian/ws_moveit2/install/moveit_ros_planning_interface:/home/elian/ws_moveit2/install/moveit_ros_benchmarks:/home/elian/ws_moveit2/install/moveit_ros_warehouse:/home/elian/ws_moveit2/install/moveit_ros_robot_interaction:/home/elian/ws_moveit2/install/moveit_ros_perception:/home/elian/ws_moveit2/install/moveit_resources_prbt_pg70_support:/home/elian/ws_moveit2/install/moveit_resources_prbt_moveit_config:/home/elian/ws_moveit2/install/moveit_ros_move_group:/home/elian/ws_moveit2/install/moveit_planners_ompl:/home/elian/ws_moveit2/install/moveit_ros_planning:/home/elian/ws_moveit2/install/moveit_ros_occupancy_map_monitor:/home/elian/ws_moveit2/install/moveit_resources_prbt_support:/home/elian/ws_moveit2/install/moveit_resources_prbt_ikfast_manipulator_plugin:/home/elian/ws_moveit2/install/moveit_resources:/home/elian/ws_moveit2/install/moveit_resources_fanuc_moveit_config:/home/elian/ws_moveit2/install/moveit_resources_fanuc_description:/home/elian/ws_moveit2/install/moveit_planners_chomp:/home/elian/ws_moveit2/install/moveit_kinematics:/home/elian/ws_moveit2/install/moveit_chomp_optimizer_adapter:/home/elian/ws_moveit2/install/chomp_motion_planner:/home/elian/ws_moveit2/install/moveit_core:/home/elian/academy_robotics/ros2_academy_ws/install/academy_robot_moveit_config:/home/elian/academy_robotics/ros2_academy_ws/install/academy_robot_gazebo_ignition:/home/elian/academy_robotics/ros2_academy_ws/install/academy_robot_gazebo_classic:/home/elian/academy_robotics/ros2_academy_ws/install/academy_robot_description:/home/elian/academy_robotics/ros2_academy_ws/install/ur_description:/home/elian/academy_robotics/ros2_academy_ws/install/academy_robot_interfaces:/home/elian/academy_robotics/ros2_academy_ws/install/robotnik_controllers_msgs:/home/elian/academy_robotics/ros2_academy_ws/install/academy_robot_supervisor_msgs:/home/elian/academy_robotics/ros2_academy_ws/install/academy_robot_sensors:/home/elian/academy_robotics/ros2_academy_ws/install/academy_robot_safety_msgs:/home/elian/academy_robotics/ros2_academy_ws/install/academy_robot_perception_msgs:/home/elian/academy_robotics/ros2_academy_ws/install/academy_robot_navigation_msgs:/home/elian/academy_robotics/ros2_academy_ws/install/academy_robot_io_msgs:/home/elian/academy_robotics/ros2_academy_ws/install/academy_robot_common_msgs:/home/elian/academy_robotics/ros2_academy_ws/install/academy_robot_common:/home/elian/academy_robotics/ros2_academy_ws/install/academy_robot_battery_msgs:/home/elian/ws_moveit2/install/moveit_configs_utils:/home/elian/ws_moveit2/install/launch_param_builder:/home/elian/academy_robotics/ros2_academy_ws/install/depth_to_pointcloud:/opt/ros/humble LD_LIBRARY_PATH=/home/elian/ws_moveit2/install/moveit_msgs/lib:/home/elian/ws_moveit2/install/moveit_task_constructor_visualization/lib:/home/elian/ws_moveit2/install/moveit_task_constructor_demo/lib:/home/elian/ws_moveit2/install/moveit_task_constructor_capabilities/lib:/home/elian/ws_moveit2/install/moveit_task_constructor_core/lib:/home/elian/ws_moveit2/install/rviz_marker_tools/lib:/home/elian/ws_moveit2/install/rosparam_shortcuts/lib:/home/elian/ws_moveit2/install/pilz_industrial_motion_planner_testutils/lib:/home/elian/ws_moveit2/install/pilz_industrial_motion_planner/lib:/home/elian/ws_moveit2/install/pick_ik/lib:/home/elian/ws_moveit2/install/moveit_visual_tools/lib:/home/elian/ws_moveit2/install/moveit_task_constructor_msgs/lib:/home/elian/ws_moveit2/install/moveit_ros_control_interface/lib:/home/elian/ws_moveit2/install/moveit_simple_controller_manager/lib:/home/elian/ws_moveit2/install/moveit_setup_assistant/lib:/home/elian/ws_moveit2/install/moveit_setup_srdf_plugins/lib:/home/elian/ws_moveit2/install/moveit_setup_core_plugins/lib:/home/elian/ws_moveit2/install/moveit_setup_controllers/lib:/home/elian/ws_moveit2/install/moveit_setup_app_plugins/lib:/home/elian/ws_moveit2/install/moveit_setup_framework/lib:/home/elian/ws_moveit2/install/moveit_servo/lib:/home/elian/ws_moveit2/install/moveit_ros_visualization/lib:/home/elian/ws_moveit2/install/moveit_hybrid_planning/lib:/home/elian/ws_moveit2/install/moveit_ros_planning_interface/lib:/home/elian/ws_moveit2/install/moveit_ros_benchmarks/lib:/home/elian/ws_moveit2/install/moveit_ros_warehouse/lib:/home/elian/ws_moveit2/install/moveit_ros_robot_interaction/lib:/home/elian/ws_moveit2/install/moveit_ros_perception/lib:/home/elian/ws_moveit2/install/moveit_ros_move_group/lib:/home/elian/ws_moveit2/install/moveit_planners_ompl/lib:/home/elian/ws_moveit2/install/moveit_ros_planning/lib:/home/elian/ws_moveit2/install/moveit_ros_occupancy_map_monitor/lib:/home/elian/ws_moveit2/install/moveit_resources_prbt_ikfast_manipulator_plugin/lib:/home/elian/ws_moveit2/install/moveit_planners_chomp/lib:/home/elian/ws_moveit2/install/moveit_kinematics/lib:/home/elian/ws_moveit2/install/moveit_chomp_optimizer_adapter/lib:/home/elian/ws_moveit2/install/chomp_motion_planner/lib:/home/elian/ws_moveit2/install/moveit_core/lib:/home/elian/academy_robotics/ros2_academy_ws/install/robotnik_controllers_msgs/lib:/home/elian/academy_robotics/ros2_academy_ws/install/academy_robot_supervisor_msgs/lib:/home/elian/academy_robotics/ros2_academy_ws/install/academy_robot_perception_msgs/lib:/home/elian/academy_robotics/ros2_academy_ws/install/academy_robot_navigation_msgs/lib:/home/elian/academy_robotics/ros2_academy_ws/install/academy_robot_io_msgs/lib:/home/elian/academy_robotics/ros2_academy_ws/install/academy_robot_common_msgs/lib:/home/elian/academy_robotics/ros2_academy_ws/install/academy_robot_battery_msgs/lib:/usr/lib/x86_64-linux-gnu/gazebo-11/plugins:/opt/ros/humble/opt/rviz_ogre_vendor/lib:/opt/ros/humble/lib/x86_64-linux-gnu:/opt/ros/humble/lib /usr/bin/cmake --build /home/elian/ws_moveit2/build/moveit_core -- -j8 -l8
