[0.044s] Invoking command in '/home/elian/ws_moveit2/build/moveit_ros_visualization': AMENT_PREFIX_PATH=/home/elian/ws_moveit2/install/moveit_configs_utils:/home/elian/ws_moveit2/install/launch_param_builder:/home/elian/ws_moveit2/install/moveit_planners:/home/elian/ws_moveit2/install/pilz_industrial_motion_planner:/home/elian/ws_moveit2/install/moveit_visual_tools:/home/elian/ws_moveit2/install/moveit_task_constructor_core:/home/elian/ws_moveit2/install/moveit_setup_assistant:/home/elian/ws_moveit2/install/moveit_setup_srdf_plugins:/home/elian/ws_moveit2/install/moveit_setup_core_plugins:/home/elian/ws_moveit2/install/moveit_setup_controllers:/home/elian/ws_moveit2/install/moveit_setup_app_plugins:/home/elian/ws_moveit2/install/moveit_setup_framework:/home/elian/ws_moveit2/install/moveit_ros:/home/elian/ws_moveit2/install/moveit_ros_visualization:/home/elian/ws_moveit2/install/moveit_hybrid_planning:/home/elian/ws_moveit2/install/moveit_ros_planning_interface:/home/elian/ws_moveit2/install/moveit_ros_benchmarks:/home/elian/ws_moveit2/install/moveit_ros_warehouse:/home/elian/ws_moveit2/install/moveit_ros_robot_interaction:/home/elian/ws_moveit2/install/moveit_ros_perception:/home/elian/ws_moveit2/install/moveit_resources_prbt_pg70_support:/home/elian/ws_moveit2/install/moveit_resources_prbt_moveit_config:/home/elian/ws_moveit2/install/moveit_ros_move_group:/home/elian/ws_moveit2/install/moveit_planners_ompl:/home/elian/ws_moveit2/install/moveit_kinematics:/home/elian/ws_moveit2/install/pilz_industrial_motion_planner_testutils:/home/elian/ws_moveit2/install/moveit_ros_control_interface:/home/elian/ws_moveit2/install/moveit_plugins:/home/elian/ws_moveit2/install/moveit_simple_controller_manager:/home/elian/ws_moveit2/install/moveit_ros_planning:/home/elian/ws_moveit2/install/moveit_ros_occupancy_map_monitor:/home/elian/ws_moveit2/install/moveit_resources_prbt_ikfast_manipulator_plugin:/home/elian/ws_moveit2/install/moveit_planners_chomp:/home/elian/ws_moveit2/install/moveit_chomp_optimizer_adapter:/home/elian/ws_moveit2/install/chomp_motion_planner:/home/elian/ws_moveit2/install/moveit_core:/home/elian/ws_moveit2/install/srdfdom:/home/elian/ws_moveit2/install/rviz_marker_tools:/home/elian/ws_moveit2/install/rosparam_shortcuts:/home/elian/ws_moveit2/install/moveit_task_constructor_msgs:/home/elian/ws_moveit2/install/moveit_resources_prbt_support:/home/elian/ws_moveit2/install/moveit_resources:/home/elian/ws_moveit2/install/moveit_resources_pr2_description:/home/elian/ws_moveit2/install/moveit_resources_panda_moveit_config:/home/elian/ws_moveit2/install/moveit_resources_panda_description:/home/elian/ws_moveit2/install/moveit_resources_fanuc_moveit_config:/home/elian/ws_moveit2/install/moveit_resources_fanuc_description:/home/elian/ws_moveit2/install/moveit_msgs:/home/elian/ws_moveit2/install/moveit_common:/opt/ros/humble CMAKE_PREFIX_PATH=/home/elian/ws_moveit2/install/moveit_ros_planning_interface:/home/elian/ws_moveit2/install/moveit_ros_move_group:/home/elian/ws_moveit2/install/moveit_ros_warehouse:/home/elian/ws_moveit2/install/moveit_ros_robot_interaction:/home/elian/ws_moveit2/install/moveit_planners_ompl:/home/elian/ws_moveit2/install/moveit_kinematics:/home/elian/ws_moveit2/install/moveit_ros_planning:/home/elian/ws_moveit2/install/moveit_simple_controller_manager:/home/elian/ws_moveit2/install/moveit_ros_occupancy_map_monitor:/home/elian/ws_moveit2/install/moveit_core:/home/elian/ws_moveit2/install/moveit_resources_panda_moveit_config:/home/elian/ws_moveit2/install/moveit_resources_fanuc_moveit_config:/home/elian/ws_moveit2/install/moveit_resources_pr2_description:/home/elian/ws_moveit2/install/moveit_resources_panda_description:/home/elian/ws_moveit2/install/moveit_resources_fanuc_description:/home/elian/ws_moveit2/install/moveit_msgs:/home/elian/ws_moveit2/install/moveit_common:/home/elian/ws_moveit2/install/moveit_planners:/home/elian/ws_moveit2/install/pilz_industrial_motion_planner:/home/elian/ws_moveit2/install/moveit_visual_tools:/home/elian/ws_moveit2/install/moveit_task_constructor_core:/home/elian/ws_moveit2/install/moveit_setup_assistant:/home/elian/ws_moveit2/install/moveit_setup_srdf_plugins:/home/elian/ws_moveit2/install/moveit_setup_core_plugins:/home/elian/ws_moveit2/install/moveit_setup_controllers:/home/elian/ws_moveit2/install/moveit_setup_app_plugins:/home/elian/ws_moveit2/install/moveit_setup_framework:/home/elian/ws_moveit2/install/moveit_ros:/home/elian/ws_moveit2/install/moveit_ros_visualization:/home/elian/ws_moveit2/install/moveit_hybrid_planning:/home/elian/ws_moveit2/install/moveit_ros_benchmarks:/home/elian/ws_moveit2/install/moveit_ros_perception:/home/elian/ws_moveit2/install/moveit_resources_prbt_pg70_support:/home/elian/ws_moveit2/install/moveit_resources_prbt_moveit_config:/home/elian/ws_moveit2/install/pilz_industrial_motion_planner_testutils:/home/elian/ws_moveit2/install/moveit_ros_control_interface:/home/elian/ws_moveit2/install/moveit_plugins:/home/elian/ws_moveit2/install/moveit_resources_prbt_ikfast_manipulator_plugin:/home/elian/ws_moveit2/install/moveit_planners_chomp:/home/elian/ws_moveit2/install/moveit_chomp_optimizer_adapter:/home/elian/ws_moveit2/install/chomp_motion_planner:/home/elian/ws_moveit2/install/srdfdom:/home/elian/ws_moveit2/install/rviz_marker_tools:/home/elian/ws_moveit2/install/rosparam_shortcuts:/home/elian/ws_moveit2/install/moveit_task_constructor_msgs:/home/elian/ws_moveit2/install/moveit_resources_prbt_support:/home/elian/ws_moveit2/install/moveit_resources:/home/elian/ws_moveit2/install/moveit_configs_utils:/home/elian/ws_moveit2/install/launch_param_builder:/opt/ros/humble LD_LIBRARY_PATH=/home/elian/ws_moveit2/install/moveit_ros_planning_interface/lib:/home/elian/ws_moveit2/install/moveit_ros_move_group/lib:/home/elian/ws_moveit2/install/moveit_ros_warehouse/lib:/home/elian/ws_moveit2/install/moveit_ros_robot_interaction/lib:/home/elian/ws_moveit2/install/moveit_planners_ompl/lib:/home/elian/ws_moveit2/install/moveit_kinematics/lib:/home/elian/ws_moveit2/install/moveit_ros_planning/lib:/home/elian/ws_moveit2/install/moveit_simple_controller_manager/lib:/home/elian/ws_moveit2/install/moveit_ros_occupancy_map_monitor/lib:/home/elian/ws_moveit2/install/moveit_core/lib:/home/elian/ws_moveit2/install/moveit_msgs/lib:/home/elian/ws_moveit2/install/pilz_industrial_motion_planner/lib:/home/elian/ws_moveit2/install/moveit_visual_tools/lib:/home/elian/ws_moveit2/install/moveit_task_constructor_core/lib:/home/elian/ws_moveit2/install/moveit_setup_assistant/lib:/home/elian/ws_moveit2/install/moveit_setup_srdf_plugins/lib:/home/elian/ws_moveit2/install/moveit_setup_core_plugins/lib:/home/elian/ws_moveit2/install/moveit_setup_controllers/lib:/home/elian/ws_moveit2/install/moveit_setup_app_plugins/lib:/home/elian/ws_moveit2/install/moveit_setup_framework/lib:/home/elian/ws_moveit2/install/moveit_ros_visualization/lib:/home/elian/ws_moveit2/install/moveit_hybrid_planning/lib:/home/elian/ws_moveit2/install/moveit_ros_benchmarks/lib:/home/elian/ws_moveit2/install/moveit_ros_perception/lib:/home/elian/ws_moveit2/install/pilz_industrial_motion_planner_testutils/lib:/home/elian/ws_moveit2/install/moveit_ros_control_interface/lib:/home/elian/ws_moveit2/install/moveit_resources_prbt_ikfast_manipulator_plugin/lib:/home/elian/ws_moveit2/install/moveit_planners_chomp/lib:/home/elian/ws_moveit2/install/moveit_chomp_optimizer_adapter/lib:/home/elian/ws_moveit2/install/chomp_motion_planner/lib:/home/elian/ws_moveit2/install/srdfdom/lib:/home/elian/ws_moveit2/install/rviz_marker_tools/lib:/home/elian/ws_moveit2/install/rosparam_shortcuts/lib:/home/elian/ws_moveit2/install/moveit_task_constructor_msgs/lib:/usr/lib/x86_64-linux-gnu/gazebo-11/plugins:/opt/ros/humble/opt/rviz_ogre_vendor/lib:/opt/ros/humble/lib/x86_64-linux-gnu:/opt/ros/humble/lib PYTHONPATH=/home/elian/ws_moveit2/build/moveit_configs_utils:/home/elian/ws_moveit2/install/moveit_configs_utils/lib/python3.10/site-packages:/home/elian/ws_moveit2/build/launch_param_builder:/home/elian/ws_moveit2/install/launch_param_builder/lib/python3.10/site-packages:/home/elian/ws_moveit2/install/moveit_task_constructor_core/local/lib/python3.10/dist-packages:/home/elian/ws_moveit2/install/srdfdom/local/lib/python3.10/dist-packages:/home/elian/ws_moveit2/install/moveit_task_constructor_msgs/local/lib/python3.10/dist-packages:/home/elian/ws_moveit2/install/moveit_msgs/local/lib/python3.10/dist-packages:/opt/ros/humble/lib/python3.10/site-packages:/opt/ros/humble/local/lib/python3.10/dist-packages /usr/bin/cmake /home/elian/ws_moveit2/src/moveit2/moveit_ros/visualization -DBUILD_TESTING=OFF -DAMENT_CMAKE_SYMLINK_INSTALL=1 -DCMAKE_INSTALL_PREFIX=/home/elian/ws_moveit2/install/moveit_ros_visualization
[0.094s] -- The C compiler identification is GNU 11.4.0
[0.140s] -- The CXX compiler identification is GNU 11.4.0
[0.146s] -- Detecting C compiler ABI info
[0.211s] -- Detecting C compiler ABI info - done
[0.220s] -- Check for working C compiler: /usr/bin/cc - skipped
[0.220s] -- Detecting C compile features
[0.221s] -- Detecting C compile features - done
[0.224s] -- Detecting CXX compiler ABI info
[0.308s] -- Detecting CXX compiler ABI info - done
[0.317s] -- Check for working CXX compiler: /usr/bin/c++ - skipped
[0.317s] -- Detecting CXX compile features
[0.318s] -- Detecting CXX compile features - done
[0.321s] -- Found moveit_common: 2.5.9 (/home/elian/ws_moveit2/install/moveit_common/share/moveit_common/cmake)
[0.326s] -- Found ament_cmake: 1.3.12 (/opt/ros/humble/share/ament_cmake/cmake)
[0.464s] -- Found Python3: /usr/bin/python3 (found version "3.10.12") found components: Interpreter 
[0.518s] -- Override CMake install command with custom implementation using symlinks instead of copying resources
[0.613s] [0mmoveit_ros_visualization: You did not request a specific build type: Choosing 'Release' for maximum performance[0m
[0.616s] -- Found class_loader: 2.2.0 (/opt/ros/humble/share/class_loader/cmake)
[0.643s] -- Found geometric_shapes: 2.3.2 (/opt/ros/humble/share/geometric_shapes/cmake)
[0.656s] -- Found Boost: /usr/lib/x86_64-linux-gnu/cmake/Boost-1.74.0/BoostConfig.cmake (found version "1.74.0") found components: filesystem 
[0.717s] -- Found rosidl_generator_c: 3.1.7 (/opt/ros/humble/share/rosidl_generator_c/cmake)
[0.724s] -- Found rosidl_adapter: 3.1.7 (/opt/ros/humble/share/rosidl_adapter/cmake)
[0.733s] -- Found rosidl_generator_cpp: 3.1.7 (/opt/ros/humble/share/rosidl_generator_cpp/cmake)
[0.746s] -- Using all available rosidl_typesupport_c: rosidl_typesupport_fastrtps_c;rosidl_typesupport_introspection_c
[0.761s] -- Using all available rosidl_typesupport_cpp: rosidl_typesupport_fastrtps_cpp;rosidl_typesupport_introspection_cpp
[0.856s] -- Found rmw_implementation_cmake: 6.1.2 (/opt/ros/humble/share/rmw_implementation_cmake/cmake)
[0.861s] -- Found rmw_fastrtps_cpp: 6.2.8 (/opt/ros/humble/share/rmw_fastrtps_cpp/cmake)
[0.958s] -- Found OpenSSL: /usr/lib/x86_64-linux-gnu/libcrypto.so (found version "3.0.2")  
[0.989s] -- Found FastRTPS: /opt/ros/humble/include  
[1.030s] -- Using RMW implementation 'rmw_fastrtps_cpp' as default
[1.041s] -- Looking for pthread.h
[1.128s] -- Looking for pthread.h - found
[1.128s] -- Performing Test CMAKE_HAVE_LIBC_PTHREAD
[1.216s] -- Performing Test CMAKE_HAVE_LIBC_PTHREAD - Success
[1.218s] -- Found Threads: TRUE  
[1.376s] -- library: /usr/lib/x86_64-linux-gnu/libcurl.so
[1.457s] -- Found interactive_markers: 2.3.2 (/opt/ros/humble/share/interactive_markers/cmake)
[1.469s] -- Found moveit_ros_planning: 2.5.9 (/home/elian/ws_moveit2/install/moveit_ros_planning/share/moveit_ros_planning/cmake)
[1.496s] -- Found Boost: /usr/lib/x86_64-linux-gnu/cmake/Boost-1.74.0/BoostConfig.cmake (found version "1.74.0") found components: system filesystem date_time program_options thread chrono 
[1.641s] -- Found Boost: /usr/lib/x86_64-linux-gnu/cmake/Boost-1.74.0/BoostConfig.cmake (found version "1.74.0") found components: chrono date_time filesystem iostreams program_options regex serialization system thread 
[1.677s] -- Found parameter_traits: 0.5.0 (/opt/ros/humble/share/parameter_traits/cmake)
[1.693s] -- Found rclcpp_lifecycle: 16.0.14 (/opt/ros/humble/share/rclcpp_lifecycle/cmake)
[1.725s] -- Found Eigen3: TRUE (found version "3.4.0") 
[1.725s] -- Ensuring Eigen3 include directory is part of orocos-kdl CMake target
[1.842s] -- Found moveit_ros_planning_interface: 2.5.9 (/home/elian/ws_moveit2/install/moveit_ros_planning_interface/share/moveit_ros_planning_interface/cmake)
[1.846s] -- Found Boost: /usr/lib/x86_64-linux-gnu/cmake/Boost-1.74.0/BoostConfig.cmake (found version "1.74.0") found components: date_time filesystem program_options system thread 
[1.856s] -- Found Boost: /usr/lib/x86_64-linux-gnu/cmake/Boost-1.74.0/BoostConfig.cmake (found version "1.74.0") found components: thread system filesystem regex date_time program_options 
[1.875s] -- Found Boost: /usr/lib/x86_64-linux-gnu/cmake/Boost-1.74.0/BoostConfig.cmake (found version "1.74.0") found components: system filesystem date_time program_options thread 
[1.901s] -- Found moveit_ros_robot_interaction: 2.5.9 (/home/elian/ws_moveit2/install/moveit_ros_robot_interaction/share/moveit_ros_robot_interaction/cmake)
[1.910s] -- Found rclpy: 3.3.17 (/opt/ros/humble/share/rclpy/cmake)
[1.914s] -- Found rviz2: 11.2.19 (/opt/ros/humble/share/rviz2/cmake)
[1.919s] -- Found rviz_common: 11.2.19 (/opt/ros/humble/share/rviz_common/cmake)
[1.950s] -- Setting assimp_DIR to: '/opt/ros/humble/share/rviz_assimp_vendor/cmake/../../../opt/rviz_assimp_vendor/lib/cmake/assimp-4.1'
[1.962s] -- Setting OGRE_DIR to: '/opt/ros/humble/share/rviz_ogre_vendor/cmake/../../../opt/rviz_ogre_vendor/lib/OGRE/cmake'
[1.964s] -- Found OGRE
[1.964s] --   static     : OFF
[1.964s] --   components : HLMS;MeshLodGenerator;Overlay;Paging;Property;RTShaderSystem;Terrain;Volume
[1.964s] --   plugins    : Plugin_BSPSceneManager;Plugin_OctreeSceneManager;Plugin_PCZSceneManager;Plugin_ParticleFX;RenderSystem_GL;RenderSystem_GL3Plus;Codec_STBI
[1.964s] --   media      : /opt/ros/humble/opt/rviz_ogre_vendor/share/OGRE/Media
[1.965s] -- OGRE_LIBRARIES: OgreHLMS;OgreMeshLodGenerator;OgreOverlay;OgrePaging;OgreProperty;OgreRTShaderSystem;OgreTerrain;OgreVolume;OgreMain
[1.965s] -- OGRE_LIBRARY_DIRS: /opt/ros/humble/opt/rviz_ogre_vendor/lib
[1.965s] -- OGRE_PLUGINS: Plugin_BSPSceneManager;Plugin_OctreeSceneManager;Plugin_PCZSceneManager;Plugin_ParticleFX;RenderSystem_GL;RenderSystem_GL3Plus;Codec_STBI
[1.965s] -- OGRE_PLUGIN_DIR: /opt/ros/humble/opt/rviz_ogre_vendor/lib/OGRE
[1.965s] -- rviz_ogre_vendor::OgreOverlay for IMPORTED_LOCATION_RELEASE: /opt/ros/humble/opt/rviz_ogre_vendor/lib/libOgreOverlay.so
[1.965s] -- rviz_ogre_vendor::OgreOverlay for IMPORTED_LOCATION_DEBUG: /opt/ros/humble/opt/rviz_ogre_vendor/lib/libOgreOverlay.so
[1.965s] -- rviz_ogre_vendor::OgreMain for IMPORTED_LOCATION_RELEASE: /opt/ros/humble/opt/rviz_ogre_vendor/lib/libOgreMain.so
[1.965s] -- rviz_ogre_vendor::OgreMain for IMPORTED_LOCATION_DEBUG: /opt/ros/humble/opt/rviz_ogre_vendor/lib/libOgreMain.so
[1.989s] -- Found ZLIB: /usr/lib/x86_64-linux-gnu/libz.so (found version "1.2.11") 
[1.996s] -- Found OpenGL: /usr/lib/x86_64-linux-gnu/libOpenGL.so   
[2.119s] -- Found X11: /usr/include   
[2.120s] -- Looking for XOpenDisplay in /usr/lib/x86_64-linux-gnu/libX11.so;/usr/lib/x86_64-linux-gnu/libXext.so
[2.212s] -- Looking for XOpenDisplay in /usr/lib/x86_64-linux-gnu/libX11.so;/usr/lib/x86_64-linux-gnu/libXext.so - found
[2.212s] -- Looking for gethostbyname
[2.316s] -- Looking for gethostbyname - found
[2.317s] -- Looking for connect
[2.551s] -- Looking for connect - found
[2.551s] -- Looking for remove
[2.832s] -- Looking for remove - found
[2.835s] -- Looking for shmat
[3.133s] -- Looking for shmat - found
[3.134s] -- Looking for IceConnectionNumber in ICE
[3.388s] -- Looking for IceConnectionNumber in ICE - found
[3.464s] -- Found rviz_default_plugins: 11.2.19 (/opt/ros/humble/share/rviz_default_plugins/cmake)
[3.766s] -- Found Boost: /usr/lib/x86_64-linux-gnu/cmake/Boost-1.74.0/BoostConfig.cmake (found version "1.74.0") found components: thread date_time system filesystem 
[3.990s] -- Performing Test COMPILER_HAS_HIDDEN_VISIBILITY
[4.348s] -- Performing Test COMPILER_HAS_HIDDEN_VISIBILITY - Success
[4.348s] -- Performing Test COMPILER_HAS_HIDDEN_INLINE_VISIBILITY
[4.722s] -- Performing Test COMPILER_HAS_HIDDEN_INLINE_VISIBILITY - Success
[4.723s] -- Performing Test COMPILER_HAS_DEPRECATED_ATTR
[5.134s] -- Performing Test COMPILER_HAS_DEPRECATED_ATTR - Success
[5.417s] -- Configuring done
[6.844s] -- Generating done
[7.094s] -- Build files have been written to: /home/elian/ws_moveit2/build/moveit_ros_visualization
[7.208s] Invoked command in '/home/elian/ws_moveit2/build/moveit_ros_visualization' returned '0': AMENT_PREFIX_PATH=/home/elian/ws_moveit2/install/moveit_configs_utils:/home/elian/ws_moveit2/install/launch_param_builder:/home/elian/ws_moveit2/install/moveit_planners:/home/elian/ws_moveit2/install/pilz_industrial_motion_planner:/home/elian/ws_moveit2/install/moveit_visual_tools:/home/elian/ws_moveit2/install/moveit_task_constructor_core:/home/elian/ws_moveit2/install/moveit_setup_assistant:/home/elian/ws_moveit2/install/moveit_setup_srdf_plugins:/home/elian/ws_moveit2/install/moveit_setup_core_plugins:/home/elian/ws_moveit2/install/moveit_setup_controllers:/home/elian/ws_moveit2/install/moveit_setup_app_plugins:/home/elian/ws_moveit2/install/moveit_setup_framework:/home/elian/ws_moveit2/install/moveit_ros:/home/elian/ws_moveit2/install/moveit_ros_visualization:/home/elian/ws_moveit2/install/moveit_hybrid_planning:/home/elian/ws_moveit2/install/moveit_ros_planning_interface:/home/elian/ws_moveit2/install/moveit_ros_benchmarks:/home/elian/ws_moveit2/install/moveit_ros_warehouse:/home/elian/ws_moveit2/install/moveit_ros_robot_interaction:/home/elian/ws_moveit2/install/moveit_ros_perception:/home/elian/ws_moveit2/install/moveit_resources_prbt_pg70_support:/home/elian/ws_moveit2/install/moveit_resources_prbt_moveit_config:/home/elian/ws_moveit2/install/moveit_ros_move_group:/home/elian/ws_moveit2/install/moveit_planners_ompl:/home/elian/ws_moveit2/install/moveit_kinematics:/home/elian/ws_moveit2/install/pilz_industrial_motion_planner_testutils:/home/elian/ws_moveit2/install/moveit_ros_control_interface:/home/elian/ws_moveit2/install/moveit_plugins:/home/elian/ws_moveit2/install/moveit_simple_controller_manager:/home/elian/ws_moveit2/install/moveit_ros_planning:/home/elian/ws_moveit2/install/moveit_ros_occupancy_map_monitor:/home/elian/ws_moveit2/install/moveit_resources_prbt_ikfast_manipulator_plugin:/home/elian/ws_moveit2/install/moveit_planners_chomp:/home/elian/ws_moveit2/install/moveit_chomp_optimizer_adapter:/home/elian/ws_moveit2/install/chomp_motion_planner:/home/elian/ws_moveit2/install/moveit_core:/home/elian/ws_moveit2/install/srdfdom:/home/elian/ws_moveit2/install/rviz_marker_tools:/home/elian/ws_moveit2/install/rosparam_shortcuts:/home/elian/ws_moveit2/install/moveit_task_constructor_msgs:/home/elian/ws_moveit2/install/moveit_resources_prbt_support:/home/elian/ws_moveit2/install/moveit_resources:/home/elian/ws_moveit2/install/moveit_resources_pr2_description:/home/elian/ws_moveit2/install/moveit_resources_panda_moveit_config:/home/elian/ws_moveit2/install/moveit_resources_panda_description:/home/elian/ws_moveit2/install/moveit_resources_fanuc_moveit_config:/home/elian/ws_moveit2/install/moveit_resources_fanuc_description:/home/elian/ws_moveit2/install/moveit_msgs:/home/elian/ws_moveit2/install/moveit_common:/opt/ros/humble CMAKE_PREFIX_PATH=/home/elian/ws_moveit2/install/moveit_ros_planning_interface:/home/elian/ws_moveit2/install/moveit_ros_move_group:/home/elian/ws_moveit2/install/moveit_ros_warehouse:/home/elian/ws_moveit2/install/moveit_ros_robot_interaction:/home/elian/ws_moveit2/install/moveit_planners_ompl:/home/elian/ws_moveit2/install/moveit_kinematics:/home/elian/ws_moveit2/install/moveit_ros_planning:/home/elian/ws_moveit2/install/moveit_simple_controller_manager:/home/elian/ws_moveit2/install/moveit_ros_occupancy_map_monitor:/home/elian/ws_moveit2/install/moveit_core:/home/elian/ws_moveit2/install/moveit_resources_panda_moveit_config:/home/elian/ws_moveit2/install/moveit_resources_fanuc_moveit_config:/home/elian/ws_moveit2/install/moveit_resources_pr2_description:/home/elian/ws_moveit2/install/moveit_resources_panda_description:/home/elian/ws_moveit2/install/moveit_resources_fanuc_description:/home/elian/ws_moveit2/install/moveit_msgs:/home/elian/ws_moveit2/install/moveit_common:/home/elian/ws_moveit2/install/moveit_planners:/home/elian/ws_moveit2/install/pilz_industrial_motion_planner:/home/elian/ws_moveit2/install/moveit_visual_tools:/home/elian/ws_moveit2/install/moveit_task_constructor_core:/home/elian/ws_moveit2/install/moveit_setup_assistant:/home/elian/ws_moveit2/install/moveit_setup_srdf_plugins:/home/elian/ws_moveit2/install/moveit_setup_core_plugins:/home/elian/ws_moveit2/install/moveit_setup_controllers:/home/elian/ws_moveit2/install/moveit_setup_app_plugins:/home/elian/ws_moveit2/install/moveit_setup_framework:/home/elian/ws_moveit2/install/moveit_ros:/home/elian/ws_moveit2/install/moveit_ros_visualization:/home/elian/ws_moveit2/install/moveit_hybrid_planning:/home/elian/ws_moveit2/install/moveit_ros_benchmarks:/home/elian/ws_moveit2/install/moveit_ros_perception:/home/elian/ws_moveit2/install/moveit_resources_prbt_pg70_support:/home/elian/ws_moveit2/install/moveit_resources_prbt_moveit_config:/home/elian/ws_moveit2/install/pilz_industrial_motion_planner_testutils:/home/elian/ws_moveit2/install/moveit_ros_control_interface:/home/elian/ws_moveit2/install/moveit_plugins:/home/elian/ws_moveit2/install/moveit_resources_prbt_ikfast_manipulator_plugin:/home/elian/ws_moveit2/install/moveit_planners_chomp:/home/elian/ws_moveit2/install/moveit_chomp_optimizer_adapter:/home/elian/ws_moveit2/install/chomp_motion_planner:/home/elian/ws_moveit2/install/srdfdom:/home/elian/ws_moveit2/install/rviz_marker_tools:/home/elian/ws_moveit2/install/rosparam_shortcuts:/home/elian/ws_moveit2/install/moveit_task_constructor_msgs:/home/elian/ws_moveit2/install/moveit_resources_prbt_support:/home/elian/ws_moveit2/install/moveit_resources:/home/elian/ws_moveit2/install/moveit_configs_utils:/home/elian/ws_moveit2/install/launch_param_builder:/opt/ros/humble LD_LIBRARY_PATH=/home/elian/ws_moveit2/install/moveit_ros_planning_interface/lib:/home/elian/ws_moveit2/install/moveit_ros_move_group/lib:/home/elian/ws_moveit2/install/moveit_ros_warehouse/lib:/home/elian/ws_moveit2/install/moveit_ros_robot_interaction/lib:/home/elian/ws_moveit2/install/moveit_planners_ompl/lib:/home/elian/ws_moveit2/install/moveit_kinematics/lib:/home/elian/ws_moveit2/install/moveit_ros_planning/lib:/home/elian/ws_moveit2/install/moveit_simple_controller_manager/lib:/home/elian/ws_moveit2/install/moveit_ros_occupancy_map_monitor/lib:/home/elian/ws_moveit2/install/moveit_core/lib:/home/elian/ws_moveit2/install/moveit_msgs/lib:/home/elian/ws_moveit2/install/pilz_industrial_motion_planner/lib:/home/elian/ws_moveit2/install/moveit_visual_tools/lib:/home/elian/ws_moveit2/install/moveit_task_constructor_core/lib:/home/elian/ws_moveit2/install/moveit_setup_assistant/lib:/home/elian/ws_moveit2/install/moveit_setup_srdf_plugins/lib:/home/elian/ws_moveit2/install/moveit_setup_core_plugins/lib:/home/elian/ws_moveit2/install/moveit_setup_controllers/lib:/home/elian/ws_moveit2/install/moveit_setup_app_plugins/lib:/home/elian/ws_moveit2/install/moveit_setup_framework/lib:/home/elian/ws_moveit2/install/moveit_ros_visualization/lib:/home/elian/ws_moveit2/install/moveit_hybrid_planning/lib:/home/elian/ws_moveit2/install/moveit_ros_benchmarks/lib:/home/elian/ws_moveit2/install/moveit_ros_perception/lib:/home/elian/ws_moveit2/install/pilz_industrial_motion_planner_testutils/lib:/home/elian/ws_moveit2/install/moveit_ros_control_interface/lib:/home/elian/ws_moveit2/install/moveit_resources_prbt_ikfast_manipulator_plugin/lib:/home/elian/ws_moveit2/install/moveit_planners_chomp/lib:/home/elian/ws_moveit2/install/moveit_chomp_optimizer_adapter/lib:/home/elian/ws_moveit2/install/chomp_motion_planner/lib:/home/elian/ws_moveit2/install/srdfdom/lib:/home/elian/ws_moveit2/install/rviz_marker_tools/lib:/home/elian/ws_moveit2/install/rosparam_shortcuts/lib:/home/elian/ws_moveit2/install/moveit_task_constructor_msgs/lib:/usr/lib/x86_64-linux-gnu/gazebo-11/plugins:/opt/ros/humble/opt/rviz_ogre_vendor/lib:/opt/ros/humble/lib/x86_64-linux-gnu:/opt/ros/humble/lib PYTHONPATH=/home/elian/ws_moveit2/build/moveit_configs_utils:/home/elian/ws_moveit2/install/moveit_configs_utils/lib/python3.10/site-packages:/home/elian/ws_moveit2/build/launch_param_builder:/home/elian/ws_moveit2/install/launch_param_builder/lib/python3.10/site-packages:/home/elian/ws_moveit2/install/moveit_task_constructor_core/local/lib/python3.10/dist-packages:/home/elian/ws_moveit2/install/srdfdom/local/lib/python3.10/dist-packages:/home/elian/ws_moveit2/install/moveit_task_constructor_msgs/local/lib/python3.10/dist-packages:/home/elian/ws_moveit2/install/moveit_msgs/local/lib/python3.10/dist-packages:/opt/ros/humble/lib/python3.10/site-packages:/opt/ros/humble/local/lib/python3.10/dist-packages /usr/bin/cmake /home/elian/ws_moveit2/src/moveit2/moveit_ros/visualization -DBUILD_TESTING=OFF -DAMENT_CMAKE_SYMLINK_INSTALL=1 -DCMAKE_INSTALL_PREFIX=/home/elian/ws_moveit2/install/moveit_ros_visualization
[7.209s] Invoking command in '/home/elian/ws_moveit2/build/moveit_ros_visualization': AMENT_PREFIX_PATH=/home/elian/ws_moveit2/install/moveit_configs_utils:/home/elian/ws_moveit2/install/launch_param_builder:/home/elian/ws_moveit2/install/moveit_planners:/home/elian/ws_moveit2/install/pilz_industrial_motion_planner:/home/elian/ws_moveit2/install/moveit_visual_tools:/home/elian/ws_moveit2/install/moveit_task_constructor_core:/home/elian/ws_moveit2/install/moveit_setup_assistant:/home/elian/ws_moveit2/install/moveit_setup_srdf_plugins:/home/elian/ws_moveit2/install/moveit_setup_core_plugins:/home/elian/ws_moveit2/install/moveit_setup_controllers:/home/elian/ws_moveit2/install/moveit_setup_app_plugins:/home/elian/ws_moveit2/install/moveit_setup_framework:/home/elian/ws_moveit2/install/moveit_ros:/home/elian/ws_moveit2/install/moveit_ros_visualization:/home/elian/ws_moveit2/install/moveit_hybrid_planning:/home/elian/ws_moveit2/install/moveit_ros_planning_interface:/home/elian/ws_moveit2/install/moveit_ros_benchmarks:/home/elian/ws_moveit2/install/moveit_ros_warehouse:/home/elian/ws_moveit2/install/moveit_ros_robot_interaction:/home/elian/ws_moveit2/install/moveit_ros_perception:/home/elian/ws_moveit2/install/moveit_resources_prbt_pg70_support:/home/elian/ws_moveit2/install/moveit_resources_prbt_moveit_config:/home/elian/ws_moveit2/install/moveit_ros_move_group:/home/elian/ws_moveit2/install/moveit_planners_ompl:/home/elian/ws_moveit2/install/moveit_kinematics:/home/elian/ws_moveit2/install/pilz_industrial_motion_planner_testutils:/home/elian/ws_moveit2/install/moveit_ros_control_interface:/home/elian/ws_moveit2/install/moveit_plugins:/home/elian/ws_moveit2/install/moveit_simple_controller_manager:/home/elian/ws_moveit2/install/moveit_ros_planning:/home/elian/ws_moveit2/install/moveit_ros_occupancy_map_monitor:/home/elian/ws_moveit2/install/moveit_resources_prbt_ikfast_manipulator_plugin:/home/elian/ws_moveit2/install/moveit_planners_chomp:/home/elian/ws_moveit2/install/moveit_chomp_optimizer_adapter:/home/elian/ws_moveit2/install/chomp_motion_planner:/home/elian/ws_moveit2/install/moveit_core:/home/elian/ws_moveit2/install/srdfdom:/home/elian/ws_moveit2/install/rviz_marker_tools:/home/elian/ws_moveit2/install/rosparam_shortcuts:/home/elian/ws_moveit2/install/moveit_task_constructor_msgs:/home/elian/ws_moveit2/install/moveit_resources_prbt_support:/home/elian/ws_moveit2/install/moveit_resources:/home/elian/ws_moveit2/install/moveit_resources_pr2_description:/home/elian/ws_moveit2/install/moveit_resources_panda_moveit_config:/home/elian/ws_moveit2/install/moveit_resources_panda_description:/home/elian/ws_moveit2/install/moveit_resources_fanuc_moveit_config:/home/elian/ws_moveit2/install/moveit_resources_fanuc_description:/home/elian/ws_moveit2/install/moveit_msgs:/home/elian/ws_moveit2/install/moveit_common:/opt/ros/humble CMAKE_PREFIX_PATH=/home/elian/ws_moveit2/install/moveit_ros_planning_interface:/home/elian/ws_moveit2/install/moveit_ros_move_group:/home/elian/ws_moveit2/install/moveit_ros_warehouse:/home/elian/ws_moveit2/install/moveit_ros_robot_interaction:/home/elian/ws_moveit2/install/moveit_planners_ompl:/home/elian/ws_moveit2/install/moveit_kinematics:/home/elian/ws_moveit2/install/moveit_ros_planning:/home/elian/ws_moveit2/install/moveit_simple_controller_manager:/home/elian/ws_moveit2/install/moveit_ros_occupancy_map_monitor:/home/elian/ws_moveit2/install/moveit_core:/home/elian/ws_moveit2/install/moveit_resources_panda_moveit_config:/home/elian/ws_moveit2/install/moveit_resources_fanuc_moveit_config:/home/elian/ws_moveit2/install/moveit_resources_pr2_description:/home/elian/ws_moveit2/install/moveit_resources_panda_description:/home/elian/ws_moveit2/install/moveit_resources_fanuc_description:/home/elian/ws_moveit2/install/moveit_msgs:/home/elian/ws_moveit2/install/moveit_common:/home/elian/ws_moveit2/install/moveit_planners:/home/elian/ws_moveit2/install/pilz_industrial_motion_planner:/home/elian/ws_moveit2/install/moveit_visual_tools:/home/elian/ws_moveit2/install/moveit_task_constructor_core:/home/elian/ws_moveit2/install/moveit_setup_assistant:/home/elian/ws_moveit2/install/moveit_setup_srdf_plugins:/home/elian/ws_moveit2/install/moveit_setup_core_plugins:/home/elian/ws_moveit2/install/moveit_setup_controllers:/home/elian/ws_moveit2/install/moveit_setup_app_plugins:/home/elian/ws_moveit2/install/moveit_setup_framework:/home/elian/ws_moveit2/install/moveit_ros:/home/elian/ws_moveit2/install/moveit_ros_visualization:/home/elian/ws_moveit2/install/moveit_hybrid_planning:/home/elian/ws_moveit2/install/moveit_ros_benchmarks:/home/elian/ws_moveit2/install/moveit_ros_perception:/home/elian/ws_moveit2/install/moveit_resources_prbt_pg70_support:/home/elian/ws_moveit2/install/moveit_resources_prbt_moveit_config:/home/elian/ws_moveit2/install/pilz_industrial_motion_planner_testutils:/home/elian/ws_moveit2/install/moveit_ros_control_interface:/home/elian/ws_moveit2/install/moveit_plugins:/home/elian/ws_moveit2/install/moveit_resources_prbt_ikfast_manipulator_plugin:/home/elian/ws_moveit2/install/moveit_planners_chomp:/home/elian/ws_moveit2/install/moveit_chomp_optimizer_adapter:/home/elian/ws_moveit2/install/chomp_motion_planner:/home/elian/ws_moveit2/install/srdfdom:/home/elian/ws_moveit2/install/rviz_marker_tools:/home/elian/ws_moveit2/install/rosparam_shortcuts:/home/elian/ws_moveit2/install/moveit_task_constructor_msgs:/home/elian/ws_moveit2/install/moveit_resources_prbt_support:/home/elian/ws_moveit2/install/moveit_resources:/home/elian/ws_moveit2/install/moveit_configs_utils:/home/elian/ws_moveit2/install/launch_param_builder:/opt/ros/humble LD_LIBRARY_PATH=/home/elian/ws_moveit2/install/moveit_ros_planning_interface/lib:/home/elian/ws_moveit2/install/moveit_ros_move_group/lib:/home/elian/ws_moveit2/install/moveit_ros_warehouse/lib:/home/elian/ws_moveit2/install/moveit_ros_robot_interaction/lib:/home/elian/ws_moveit2/install/moveit_planners_ompl/lib:/home/elian/ws_moveit2/install/moveit_kinematics/lib:/home/elian/ws_moveit2/install/moveit_ros_planning/lib:/home/elian/ws_moveit2/install/moveit_simple_controller_manager/lib:/home/elian/ws_moveit2/install/moveit_ros_occupancy_map_monitor/lib:/home/elian/ws_moveit2/install/moveit_core/lib:/home/elian/ws_moveit2/install/moveit_msgs/lib:/home/elian/ws_moveit2/install/pilz_industrial_motion_planner/lib:/home/elian/ws_moveit2/install/moveit_visual_tools/lib:/home/elian/ws_moveit2/install/moveit_task_constructor_core/lib:/home/elian/ws_moveit2/install/moveit_setup_assistant/lib:/home/elian/ws_moveit2/install/moveit_setup_srdf_plugins/lib:/home/elian/ws_moveit2/install/moveit_setup_core_plugins/lib:/home/elian/ws_moveit2/install/moveit_setup_controllers/lib:/home/elian/ws_moveit2/install/moveit_setup_app_plugins/lib:/home/elian/ws_moveit2/install/moveit_setup_framework/lib:/home/elian/ws_moveit2/install/moveit_ros_visualization/lib:/home/elian/ws_moveit2/install/moveit_hybrid_planning/lib:/home/elian/ws_moveit2/install/moveit_ros_benchmarks/lib:/home/elian/ws_moveit2/install/moveit_ros_perception/lib:/home/elian/ws_moveit2/install/pilz_industrial_motion_planner_testutils/lib:/home/elian/ws_moveit2/install/moveit_ros_control_interface/lib:/home/elian/ws_moveit2/install/moveit_resources_prbt_ikfast_manipulator_plugin/lib:/home/elian/ws_moveit2/install/moveit_planners_chomp/lib:/home/elian/ws_moveit2/install/moveit_chomp_optimizer_adapter/lib:/home/elian/ws_moveit2/install/chomp_motion_planner/lib:/home/elian/ws_moveit2/install/srdfdom/lib:/home/elian/ws_moveit2/install/rviz_marker_tools/lib:/home/elian/ws_moveit2/install/rosparam_shortcuts/lib:/home/elian/ws_moveit2/install/moveit_task_constructor_msgs/lib:/usr/lib/x86_64-linux-gnu/gazebo-11/plugins:/opt/ros/humble/opt/rviz_ogre_vendor/lib:/opt/ros/humble/lib/x86_64-linux-gnu:/opt/ros/humble/lib PYTHONPATH=/home/elian/ws_moveit2/build/moveit_configs_utils:/home/elian/ws_moveit2/install/moveit_configs_utils/lib/python3.10/site-packages:/home/elian/ws_moveit2/build/launch_param_builder:/home/elian/ws_moveit2/install/launch_param_builder/lib/python3.10/site-packages:/home/elian/ws_moveit2/install/moveit_task_constructor_core/local/lib/python3.10/dist-packages:/home/elian/ws_moveit2/install/srdfdom/local/lib/python3.10/dist-packages:/home/elian/ws_moveit2/install/moveit_task_constructor_msgs/local/lib/python3.10/dist-packages:/home/elian/ws_moveit2/install/moveit_msgs/local/lib/python3.10/dist-packages:/opt/ros/humble/lib/python3.10/site-packages:/opt/ros/humble/local/lib/python3.10/dist-packages /usr/bin/cmake --build /home/elian/ws_moveit2/build/moveit_ros_visualization -- -j8 -l8
[7.462s] [  1%] [34m[1mAutomatic MOC for target moveit_rviz_plugin_render_tools[0m
[8.969s] [  1%] Built target moveit_rviz_plugin_render_tools_autogen
[9.135s] [  3%] [32mBuilding CXX object rviz_plugin_render_tools/CMakeFiles/moveit_rviz_plugin_render_tools.dir/moveit_rviz_plugin_render_tools_autogen/mocs_compilation.cpp.o[0m
[9.135s] [  5%] [32mBuilding CXX object rviz_plugin_render_tools/CMakeFiles/moveit_rviz_plugin_render_tools.dir/src/render_shapes.cpp.o[0m
[9.145s] [  6%] [32mBuilding CXX object rviz_plugin_render_tools/CMakeFiles/moveit_rviz_plugin_render_tools.dir/src/robot_state_visualization.cpp.o[0m
[9.148s] [  8%] [32mBuilding CXX object rviz_plugin_render_tools/CMakeFiles/moveit_rviz_plugin_render_tools.dir/src/planning_scene_render.cpp.o[0m
[9.154s] [ 10%] [32mBuilding CXX object rviz_plugin_render_tools/CMakeFiles/moveit_rviz_plugin_render_tools.dir/src/planning_link_updater.cpp.o[0m
[9.160s] [ 12%] [32mBuilding CXX object rviz_plugin_render_tools/CMakeFiles/moveit_rviz_plugin_render_tools.dir/src/octomap_render.cpp.o[0m
[9.160s] [ 13%] [32mBuilding CXX object rviz_plugin_render_tools/CMakeFiles/moveit_rviz_plugin_render_tools.dir/src/trajectory_visualization.cpp.o[0m
[9.179s] [ 15%] [32mBuilding CXX object rviz_plugin_render_tools/CMakeFiles/moveit_rviz_plugin_render_tools.dir/src/trajectory_panel.cpp.o[0m
[64.922s] [ 17%] [32mBuilding CXX object rviz_plugin_render_tools/CMakeFiles/moveit_rviz_plugin_render_tools.dir/src/mesh_shape.cpp.o[0m
[67.600s] [ 18%] [32m[1mLinking CXX shared library libmoveit_rviz_plugin_render_tools.so[0m
[70.206s] [ 18%] Built target moveit_rviz_plugin_render_tools
[70.233s] [ 20%] [34m[1mAutomatic MOC for target moveit_robot_state_rviz_plugin_core[0m
[70.484s] [ 20%] Built target moveit_robot_state_rviz_plugin_core_autogen
[70.510s] [ 22%] [34m[1mAutomatic MOC for target moveit_planning_scene_rviz_plugin_core[0m
[70.860s] [ 22%] Built target moveit_planning_scene_rviz_plugin_core_autogen
[70.889s] [ 24%] [32mBuilding CXX object robot_state_rviz_plugin/CMakeFiles/moveit_robot_state_rviz_plugin_core.dir/moveit_robot_state_rviz_plugin_core_autogen/mocs_compilation.cpp.o[0m
[80.391s] [ 25%] [32mBuilding CXX object robot_state_rviz_plugin/CMakeFiles/moveit_robot_state_rviz_plugin_core.dir/src/robot_state_display.cpp.o[0m
[98.971s] [ 27%] [32m[1mLinking CXX shared library libmoveit_robot_state_rviz_plugin_core.so[0m
[101.503s] [ 27%] Built target moveit_robot_state_rviz_plugin_core
[101.532s] [ 29%] [32mBuilding CXX object planning_scene_rviz_plugin/CMakeFiles/moveit_planning_scene_rviz_plugin_core.dir/moveit_planning_scene_rviz_plugin_core_autogen/mocs_compilation.cpp.o[0m
[112.573s] [ 32%] [32mBuilding CXX object planning_scene_rviz_plugin/CMakeFiles/moveit_planning_scene_rviz_plugin_core.dir/src/planning_scene_display.cpp.o[0m
[112.573s] [ 32%] [32mBuilding CXX object planning_scene_rviz_plugin/CMakeFiles/moveit_planning_scene_rviz_plugin_core.dir/src/background_processing.cpp.o[0m
[129.817s] [ 34%] [32m[1mLinking CXX shared library libmoveit_planning_scene_rviz_plugin_core.so[0m
[132.996s] [ 34%] Built target moveit_planning_scene_rviz_plugin_core
[133.029s] [ 36%] [34m[1mAutomatic MOC for target moveit_robot_state_rviz_plugin[0m
[133.033s] [ 37%] [34m[1mAutomatic MOC for target moveit_planning_scene_rviz_plugin[0m
[133.033s] [ 39%] [34m[1mAutomatic MOC for target moveit_trajectory_rviz_plugin_core[0m
[133.080s] [ 39%] Built target moveit_robot_state_rviz_plugin_autogen
[133.089s] [ 39%] Built target moveit_planning_scene_rviz_plugin_autogen
[133.128s] [ 41%] [32mBuilding CXX object robot_state_rviz_plugin/CMakeFiles/moveit_robot_state_rviz_plugin.dir/src/plugin_init.cpp.o[0m
[133.128s] [ 43%] [32mBuilding CXX object robot_state_rviz_plugin/CMakeFiles/moveit_robot_state_rviz_plugin.dir/moveit_robot_state_rviz_plugin_autogen/mocs_compilation.cpp.o[0m
[133.136s] [ 46%] [32mBuilding CXX object planning_scene_rviz_plugin/CMakeFiles/moveit_planning_scene_rviz_plugin.dir/moveit_planning_scene_rviz_plugin_autogen/mocs_compilation.cpp.o[0m
[133.136s] [ 46%] [32mBuilding CXX object planning_scene_rviz_plugin/CMakeFiles/moveit_planning_scene_rviz_plugin.dir/src/plugin_init.cpp.o[0m
[133.462s] [ 46%] Built target moveit_trajectory_rviz_plugin_core_autogen
[133.499s] [ 50%] [32mBuilding CXX object trajectory_rviz_plugin/CMakeFiles/moveit_trajectory_rviz_plugin_core.dir/moveit_trajectory_rviz_plugin_core_autogen/mocs_compilation.cpp.o[0m
[133.499s] [ 50%] [32mBuilding CXX object trajectory_rviz_plugin/CMakeFiles/moveit_trajectory_rviz_plugin_core.dir/src/trajectory_display.cpp.o[0m
[146.516s] [ 51%] [32m[1mLinking CXX shared library libmoveit_robot_state_rviz_plugin.so[0m
[147.514s] [ 51%] Built target moveit_robot_state_rviz_plugin
[149.459s] [ 53%] [32m[1mLinking CXX shared library libmoveit_trajectory_rviz_plugin_core.so[0m
[151.192s] [ 53%] Built target moveit_trajectory_rviz_plugin_core
[151.259s] [ 55%] [34m[1mAutomatic MOC for target moveit_trajectory_rviz_plugin[0m
[151.374s] [ 55%] Built target moveit_trajectory_rviz_plugin_autogen
[151.467s] [ 56%] [32mBuilding CXX object trajectory_rviz_plugin/CMakeFiles/moveit_trajectory_rviz_plugin.dir/moveit_trajectory_rviz_plugin_autogen/mocs_compilation.cpp.o[0m
[151.469s] [ 58%] [32mBuilding CXX object trajectory_rviz_plugin/CMakeFiles/moveit_trajectory_rviz_plugin.dir/src/plugin_init.cpp.o[0m
[153.455s] [ 60%] [32m[1mLinking CXX shared library libmoveit_planning_scene_rviz_plugin.so[0m
[156.010s] [ 60%] Built target moveit_planning_scene_rviz_plugin
[156.081s] [ 62%] [34m[1mAutomatic MOC for target moveit_motion_planning_rviz_plugin_core[0m
[157.845s] [ 62%] Built target moveit_motion_planning_rviz_plugin_core_autogen
[157.905s] [ 65%] [34m[1mGenerating ui_motion_planning_rviz_plugin_frame_joints.h[0m
[157.906s] [ 65%] [34m[1mAutomatic RCC for src/icons/icons.qrc[0m
[157.907s] [ 67%] [34m[1mGenerating ui_motion_planning_rviz_plugin_frame.h[0m
[158.091s] [ 68%] [32mBuilding CXX object motion_planning_rviz_plugin/CMakeFiles/moveit_motion_planning_rviz_plugin_core.dir/moveit_motion_planning_rviz_plugin_core_autogen/mocs_compilation.cpp.o[0m
[158.110s] [ 70%] [32mBuilding CXX object motion_planning_rviz_plugin/CMakeFiles/moveit_motion_planning_rviz_plugin_core.dir/src/motion_planning_frame.cpp.o[0m
[158.119s] [ 72%] [32mBuilding CXX object motion_planning_rviz_plugin/CMakeFiles/moveit_motion_planning_rviz_plugin_core.dir/src/motion_planning_frame_context.cpp.o[0m
[159.173s] [ 74%] [32mBuilding CXX object motion_planning_rviz_plugin/CMakeFiles/moveit_motion_planning_rviz_plugin_core.dir/src/motion_planning_frame_states.cpp.o[0m
[180.120s] [ 75%] [32m[1mLinking CXX shared library libmoveit_trajectory_rviz_plugin.so[0m
[182.274s] [ 75%] Built target moveit_trajectory_rviz_plugin
[210.538s] [ 77%] [32mBuilding CXX object motion_planning_rviz_plugin/CMakeFiles/moveit_motion_planning_rviz_plugin_core.dir/src/motion_planning_param_widget.cpp.o[0m
[211.464s] [ 79%] [32mBuilding CXX object motion_planning_rviz_plugin/CMakeFiles/moveit_motion_planning_rviz_plugin_core.dir/src/motion_planning_frame_manipulation.cpp.o[0m
[212.483s] [ 81%] [32mBuilding CXX object motion_planning_rviz_plugin/CMakeFiles/moveit_motion_planning_rviz_plugin_core.dir/src/interactive_marker_display.cpp.o[0m
[213.502s] [ 82%] [32mBuilding CXX object motion_planning_rviz_plugin/CMakeFiles/moveit_motion_planning_rviz_plugin_core.dir/src/motion_planning_display.cpp.o[0m
[214.522s] [ 84%] [32mBuilding CXX object motion_planning_rviz_plugin/CMakeFiles/moveit_motion_planning_rviz_plugin_core.dir/src/motion_planning_frame_joints_widget.cpp.o[0m
[215.552s] [ 86%] [32mBuilding CXX object motion_planning_rviz_plugin/CMakeFiles/moveit_motion_planning_rviz_plugin_core.dir/src/motion_planning_frame_scenes.cpp.o[0m
[216.588s] [ 87%] [32mBuilding CXX object motion_planning_rviz_plugin/CMakeFiles/moveit_motion_planning_rviz_plugin_core.dir/src/motion_planning_frame_objects.cpp.o[0m
[217.630s] [ 89%] [32mBuilding CXX object motion_planning_rviz_plugin/CMakeFiles/moveit_motion_planning_rviz_plugin_core.dir/src/motion_planning_frame_planning.cpp.o[0m
[246.585s] [ 91%] [32mBuilding CXX object motion_planning_rviz_plugin/CMakeFiles/moveit_motion_planning_rviz_plugin_core.dir/moveit_motion_planning_rviz_plugin_core_autogen/2OST2OT5Q2/qrc_icons.cpp.o[0m
[253.772s] [ 93%] [32m[1mLinking CXX shared library libmoveit_motion_planning_rviz_plugin_core.so[0m
[260.665s] [ 93%] Built target moveit_motion_planning_rviz_plugin_core
[260.707s] [ 94%] [34m[1mAutomatic MOC for target moveit_motion_planning_rviz_plugin[0m
[260.768s] [ 94%] Built target moveit_motion_planning_rviz_plugin_autogen
[260.815s] [ 96%] [32mBuilding CXX object motion_planning_rviz_plugin/CMakeFiles/moveit_motion_planning_rviz_plugin.dir/moveit_motion_planning_rviz_plugin_autogen/mocs_compilation.cpp.o[0m
[260.861s] [ 98%] [32mBuilding CXX object motion_planning_rviz_plugin/CMakeFiles/moveit_motion_planning_rviz_plugin.dir/src/plugin_init.cpp.o[0m
[285.390s] [100%] [32m[1mLinking CXX shared library libmoveit_motion_planning_rviz_plugin.so[0m
[286.419s] [100%] Built target moveit_motion_planning_rviz_plugin
[286.433s] Invoked command in '/home/elian/ws_moveit2/build/moveit_ros_visualization' returned '0': AMENT_PREFIX_PATH=/home/elian/ws_moveit2/install/moveit_configs_utils:/home/elian/ws_moveit2/install/launch_param_builder:/home/elian/ws_moveit2/install/moveit_planners:/home/elian/ws_moveit2/install/pilz_industrial_motion_planner:/home/elian/ws_moveit2/install/moveit_visual_tools:/home/elian/ws_moveit2/install/moveit_task_constructor_core:/home/elian/ws_moveit2/install/moveit_setup_assistant:/home/elian/ws_moveit2/install/moveit_setup_srdf_plugins:/home/elian/ws_moveit2/install/moveit_setup_core_plugins:/home/elian/ws_moveit2/install/moveit_setup_controllers:/home/elian/ws_moveit2/install/moveit_setup_app_plugins:/home/elian/ws_moveit2/install/moveit_setup_framework:/home/elian/ws_moveit2/install/moveit_ros:/home/elian/ws_moveit2/install/moveit_ros_visualization:/home/elian/ws_moveit2/install/moveit_hybrid_planning:/home/elian/ws_moveit2/install/moveit_ros_planning_interface:/home/elian/ws_moveit2/install/moveit_ros_benchmarks:/home/elian/ws_moveit2/install/moveit_ros_warehouse:/home/elian/ws_moveit2/install/moveit_ros_robot_interaction:/home/elian/ws_moveit2/install/moveit_ros_perception:/home/elian/ws_moveit2/install/moveit_resources_prbt_pg70_support:/home/elian/ws_moveit2/install/moveit_resources_prbt_moveit_config:/home/elian/ws_moveit2/install/moveit_ros_move_group:/home/elian/ws_moveit2/install/moveit_planners_ompl:/home/elian/ws_moveit2/install/moveit_kinematics:/home/elian/ws_moveit2/install/pilz_industrial_motion_planner_testutils:/home/elian/ws_moveit2/install/moveit_ros_control_interface:/home/elian/ws_moveit2/install/moveit_plugins:/home/elian/ws_moveit2/install/moveit_simple_controller_manager:/home/elian/ws_moveit2/install/moveit_ros_planning:/home/elian/ws_moveit2/install/moveit_ros_occupancy_map_monitor:/home/elian/ws_moveit2/install/moveit_resources_prbt_ikfast_manipulator_plugin:/home/elian/ws_moveit2/install/moveit_planners_chomp:/home/elian/ws_moveit2/install/moveit_chomp_optimizer_adapter:/home/elian/ws_moveit2/install/chomp_motion_planner:/home/elian/ws_moveit2/install/moveit_core:/home/elian/ws_moveit2/install/srdfdom:/home/elian/ws_moveit2/install/rviz_marker_tools:/home/elian/ws_moveit2/install/rosparam_shortcuts:/home/elian/ws_moveit2/install/moveit_task_constructor_msgs:/home/elian/ws_moveit2/install/moveit_resources_prbt_support:/home/elian/ws_moveit2/install/moveit_resources:/home/elian/ws_moveit2/install/moveit_resources_pr2_description:/home/elian/ws_moveit2/install/moveit_resources_panda_moveit_config:/home/elian/ws_moveit2/install/moveit_resources_panda_description:/home/elian/ws_moveit2/install/moveit_resources_fanuc_moveit_config:/home/elian/ws_moveit2/install/moveit_resources_fanuc_description:/home/elian/ws_moveit2/install/moveit_msgs:/home/elian/ws_moveit2/install/moveit_common:/opt/ros/humble CMAKE_PREFIX_PATH=/home/elian/ws_moveit2/install/moveit_ros_planning_interface:/home/elian/ws_moveit2/install/moveit_ros_move_group:/home/elian/ws_moveit2/install/moveit_ros_warehouse:/home/elian/ws_moveit2/install/moveit_ros_robot_interaction:/home/elian/ws_moveit2/install/moveit_planners_ompl:/home/elian/ws_moveit2/install/moveit_kinematics:/home/elian/ws_moveit2/install/moveit_ros_planning:/home/elian/ws_moveit2/install/moveit_simple_controller_manager:/home/elian/ws_moveit2/install/moveit_ros_occupancy_map_monitor:/home/elian/ws_moveit2/install/moveit_core:/home/elian/ws_moveit2/install/moveit_resources_panda_moveit_config:/home/elian/ws_moveit2/install/moveit_resources_fanuc_moveit_config:/home/elian/ws_moveit2/install/moveit_resources_pr2_description:/home/elian/ws_moveit2/install/moveit_resources_panda_description:/home/elian/ws_moveit2/install/moveit_resources_fanuc_description:/home/elian/ws_moveit2/install/moveit_msgs:/home/elian/ws_moveit2/install/moveit_common:/home/elian/ws_moveit2/install/moveit_planners:/home/elian/ws_moveit2/install/pilz_industrial_motion_planner:/home/elian/ws_moveit2/install/moveit_visual_tools:/home/elian/ws_moveit2/install/moveit_task_constructor_core:/home/elian/ws_moveit2/install/moveit_setup_assistant:/home/elian/ws_moveit2/install/moveit_setup_srdf_plugins:/home/elian/ws_moveit2/install/moveit_setup_core_plugins:/home/elian/ws_moveit2/install/moveit_setup_controllers:/home/elian/ws_moveit2/install/moveit_setup_app_plugins:/home/elian/ws_moveit2/install/moveit_setup_framework:/home/elian/ws_moveit2/install/moveit_ros:/home/elian/ws_moveit2/install/moveit_ros_visualization:/home/elian/ws_moveit2/install/moveit_hybrid_planning:/home/elian/ws_moveit2/install/moveit_ros_benchmarks:/home/elian/ws_moveit2/install/moveit_ros_perception:/home/elian/ws_moveit2/install/moveit_resources_prbt_pg70_support:/home/elian/ws_moveit2/install/moveit_resources_prbt_moveit_config:/home/elian/ws_moveit2/install/pilz_industrial_motion_planner_testutils:/home/elian/ws_moveit2/install/moveit_ros_control_interface:/home/elian/ws_moveit2/install/moveit_plugins:/home/elian/ws_moveit2/install/moveit_resources_prbt_ikfast_manipulator_plugin:/home/elian/ws_moveit2/install/moveit_planners_chomp:/home/elian/ws_moveit2/install/moveit_chomp_optimizer_adapter:/home/elian/ws_moveit2/install/chomp_motion_planner:/home/elian/ws_moveit2/install/srdfdom:/home/elian/ws_moveit2/install/rviz_marker_tools:/home/elian/ws_moveit2/install/rosparam_shortcuts:/home/elian/ws_moveit2/install/moveit_task_constructor_msgs:/home/elian/ws_moveit2/install/moveit_resources_prbt_support:/home/elian/ws_moveit2/install/moveit_resources:/home/elian/ws_moveit2/install/moveit_configs_utils:/home/elian/ws_moveit2/install/launch_param_builder:/opt/ros/humble LD_LIBRARY_PATH=/home/elian/ws_moveit2/install/moveit_ros_planning_interface/lib:/home/elian/ws_moveit2/install/moveit_ros_move_group/lib:/home/elian/ws_moveit2/install/moveit_ros_warehouse/lib:/home/elian/ws_moveit2/install/moveit_ros_robot_interaction/lib:/home/elian/ws_moveit2/install/moveit_planners_ompl/lib:/home/elian/ws_moveit2/install/moveit_kinematics/lib:/home/elian/ws_moveit2/install/moveit_ros_planning/lib:/home/elian/ws_moveit2/install/moveit_simple_controller_manager/lib:/home/elian/ws_moveit2/install/moveit_ros_occupancy_map_monitor/lib:/home/elian/ws_moveit2/install/moveit_core/lib:/home/elian/ws_moveit2/install/moveit_msgs/lib:/home/elian/ws_moveit2/install/pilz_industrial_motion_planner/lib:/home/elian/ws_moveit2/install/moveit_visual_tools/lib:/home/elian/ws_moveit2/install/moveit_task_constructor_core/lib:/home/elian/ws_moveit2/install/moveit_setup_assistant/lib:/home/elian/ws_moveit2/install/moveit_setup_srdf_plugins/lib:/home/elian/ws_moveit2/install/moveit_setup_core_plugins/lib:/home/elian/ws_moveit2/install/moveit_setup_controllers/lib:/home/elian/ws_moveit2/install/moveit_setup_app_plugins/lib:/home/elian/ws_moveit2/install/moveit_setup_framework/lib:/home/elian/ws_moveit2/install/moveit_ros_visualization/lib:/home/elian/ws_moveit2/install/moveit_hybrid_planning/lib:/home/elian/ws_moveit2/install/moveit_ros_benchmarks/lib:/home/elian/ws_moveit2/install/moveit_ros_perception/lib:/home/elian/ws_moveit2/install/pilz_industrial_motion_planner_testutils/lib:/home/elian/ws_moveit2/install/moveit_ros_control_interface/lib:/home/elian/ws_moveit2/install/moveit_resources_prbt_ikfast_manipulator_plugin/lib:/home/elian/ws_moveit2/install/moveit_planners_chomp/lib:/home/elian/ws_moveit2/install/moveit_chomp_optimizer_adapter/lib:/home/elian/ws_moveit2/install/chomp_motion_planner/lib:/home/elian/ws_moveit2/install/srdfdom/lib:/home/elian/ws_moveit2/install/rviz_marker_tools/lib:/home/elian/ws_moveit2/install/rosparam_shortcuts/lib:/home/elian/ws_moveit2/install/moveit_task_constructor_msgs/lib:/usr/lib/x86_64-linux-gnu/gazebo-11/plugins:/opt/ros/humble/opt/rviz_ogre_vendor/lib:/opt/ros/humble/lib/x86_64-linux-gnu:/opt/ros/humble/lib PYTHONPATH=/home/elian/ws_moveit2/build/moveit_configs_utils:/home/elian/ws_moveit2/install/moveit_configs_utils/lib/python3.10/site-packages:/home/elian/ws_moveit2/build/launch_param_builder:/home/elian/ws_moveit2/install/launch_param_builder/lib/python3.10/site-packages:/home/elian/ws_moveit2/install/moveit_task_constructor_core/local/lib/python3.10/dist-packages:/home/elian/ws_moveit2/install/srdfdom/local/lib/python3.10/dist-packages:/home/elian/ws_moveit2/install/moveit_task_constructor_msgs/local/lib/python3.10/dist-packages:/home/elian/ws_moveit2/install/moveit_msgs/local/lib/python3.10/dist-packages:/opt/ros/humble/lib/python3.10/site-packages:/opt/ros/humble/local/lib/python3.10/dist-packages /usr/bin/cmake --build /home/elian/ws_moveit2/build/moveit_ros_visualization -- -j8 -l8
[286.435s] Invoking command in '/home/elian/ws_moveit2/build/moveit_ros_visualization': AMENT_PREFIX_PATH=/home/elian/ws_moveit2/install/moveit_configs_utils:/home/elian/ws_moveit2/install/launch_param_builder:/home/elian/ws_moveit2/install/moveit_planners:/home/elian/ws_moveit2/install/pilz_industrial_motion_planner:/home/elian/ws_moveit2/install/moveit_visual_tools:/home/elian/ws_moveit2/install/moveit_task_constructor_core:/home/elian/ws_moveit2/install/moveit_setup_assistant:/home/elian/ws_moveit2/install/moveit_setup_srdf_plugins:/home/elian/ws_moveit2/install/moveit_setup_core_plugins:/home/elian/ws_moveit2/install/moveit_setup_controllers:/home/elian/ws_moveit2/install/moveit_setup_app_plugins:/home/elian/ws_moveit2/install/moveit_setup_framework:/home/elian/ws_moveit2/install/moveit_ros:/home/elian/ws_moveit2/install/moveit_ros_visualization:/home/elian/ws_moveit2/install/moveit_hybrid_planning:/home/elian/ws_moveit2/install/moveit_ros_planning_interface:/home/elian/ws_moveit2/install/moveit_ros_benchmarks:/home/elian/ws_moveit2/install/moveit_ros_warehouse:/home/elian/ws_moveit2/install/moveit_ros_robot_interaction:/home/elian/ws_moveit2/install/moveit_ros_perception:/home/elian/ws_moveit2/install/moveit_resources_prbt_pg70_support:/home/elian/ws_moveit2/install/moveit_resources_prbt_moveit_config:/home/elian/ws_moveit2/install/moveit_ros_move_group:/home/elian/ws_moveit2/install/moveit_planners_ompl:/home/elian/ws_moveit2/install/moveit_kinematics:/home/elian/ws_moveit2/install/pilz_industrial_motion_planner_testutils:/home/elian/ws_moveit2/install/moveit_ros_control_interface:/home/elian/ws_moveit2/install/moveit_plugins:/home/elian/ws_moveit2/install/moveit_simple_controller_manager:/home/elian/ws_moveit2/install/moveit_ros_planning:/home/elian/ws_moveit2/install/moveit_ros_occupancy_map_monitor:/home/elian/ws_moveit2/install/moveit_resources_prbt_ikfast_manipulator_plugin:/home/elian/ws_moveit2/install/moveit_planners_chomp:/home/elian/ws_moveit2/install/moveit_chomp_optimizer_adapter:/home/elian/ws_moveit2/install/chomp_motion_planner:/home/elian/ws_moveit2/install/moveit_core:/home/elian/ws_moveit2/install/srdfdom:/home/elian/ws_moveit2/install/rviz_marker_tools:/home/elian/ws_moveit2/install/rosparam_shortcuts:/home/elian/ws_moveit2/install/moveit_task_constructor_msgs:/home/elian/ws_moveit2/install/moveit_resources_prbt_support:/home/elian/ws_moveit2/install/moveit_resources:/home/elian/ws_moveit2/install/moveit_resources_pr2_description:/home/elian/ws_moveit2/install/moveit_resources_panda_moveit_config:/home/elian/ws_moveit2/install/moveit_resources_panda_description:/home/elian/ws_moveit2/install/moveit_resources_fanuc_moveit_config:/home/elian/ws_moveit2/install/moveit_resources_fanuc_description:/home/elian/ws_moveit2/install/moveit_msgs:/home/elian/ws_moveit2/install/moveit_common:/opt/ros/humble CMAKE_PREFIX_PATH=/home/elian/ws_moveit2/install/moveit_ros_planning_interface:/home/elian/ws_moveit2/install/moveit_ros_move_group:/home/elian/ws_moveit2/install/moveit_ros_warehouse:/home/elian/ws_moveit2/install/moveit_ros_robot_interaction:/home/elian/ws_moveit2/install/moveit_planners_ompl:/home/elian/ws_moveit2/install/moveit_kinematics:/home/elian/ws_moveit2/install/moveit_ros_planning:/home/elian/ws_moveit2/install/moveit_simple_controller_manager:/home/elian/ws_moveit2/install/moveit_ros_occupancy_map_monitor:/home/elian/ws_moveit2/install/moveit_core:/home/elian/ws_moveit2/install/moveit_resources_panda_moveit_config:/home/elian/ws_moveit2/install/moveit_resources_fanuc_moveit_config:/home/elian/ws_moveit2/install/moveit_resources_pr2_description:/home/elian/ws_moveit2/install/moveit_resources_panda_description:/home/elian/ws_moveit2/install/moveit_resources_fanuc_description:/home/elian/ws_moveit2/install/moveit_msgs:/home/elian/ws_moveit2/install/moveit_common:/home/elian/ws_moveit2/install/moveit_planners:/home/elian/ws_moveit2/install/pilz_industrial_motion_planner:/home/elian/ws_moveit2/install/moveit_visual_tools:/home/elian/ws_moveit2/install/moveit_task_constructor_core:/home/elian/ws_moveit2/install/moveit_setup_assistant:/home/elian/ws_moveit2/install/moveit_setup_srdf_plugins:/home/elian/ws_moveit2/install/moveit_setup_core_plugins:/home/elian/ws_moveit2/install/moveit_setup_controllers:/home/elian/ws_moveit2/install/moveit_setup_app_plugins:/home/elian/ws_moveit2/install/moveit_setup_framework:/home/elian/ws_moveit2/install/moveit_ros:/home/elian/ws_moveit2/install/moveit_ros_visualization:/home/elian/ws_moveit2/install/moveit_hybrid_planning:/home/elian/ws_moveit2/install/moveit_ros_benchmarks:/home/elian/ws_moveit2/install/moveit_ros_perception:/home/elian/ws_moveit2/install/moveit_resources_prbt_pg70_support:/home/elian/ws_moveit2/install/moveit_resources_prbt_moveit_config:/home/elian/ws_moveit2/install/pilz_industrial_motion_planner_testutils:/home/elian/ws_moveit2/install/moveit_ros_control_interface:/home/elian/ws_moveit2/install/moveit_plugins:/home/elian/ws_moveit2/install/moveit_resources_prbt_ikfast_manipulator_plugin:/home/elian/ws_moveit2/install/moveit_planners_chomp:/home/elian/ws_moveit2/install/moveit_chomp_optimizer_adapter:/home/elian/ws_moveit2/install/chomp_motion_planner:/home/elian/ws_moveit2/install/srdfdom:/home/elian/ws_moveit2/install/rviz_marker_tools:/home/elian/ws_moveit2/install/rosparam_shortcuts:/home/elian/ws_moveit2/install/moveit_task_constructor_msgs:/home/elian/ws_moveit2/install/moveit_resources_prbt_support:/home/elian/ws_moveit2/install/moveit_resources:/home/elian/ws_moveit2/install/moveit_configs_utils:/home/elian/ws_moveit2/install/launch_param_builder:/opt/ros/humble LD_LIBRARY_PATH=/home/elian/ws_moveit2/install/moveit_ros_planning_interface/lib:/home/elian/ws_moveit2/install/moveit_ros_move_group/lib:/home/elian/ws_moveit2/install/moveit_ros_warehouse/lib:/home/elian/ws_moveit2/install/moveit_ros_robot_interaction/lib:/home/elian/ws_moveit2/install/moveit_planners_ompl/lib:/home/elian/ws_moveit2/install/moveit_kinematics/lib:/home/elian/ws_moveit2/install/moveit_ros_planning/lib:/home/elian/ws_moveit2/install/moveit_simple_controller_manager/lib:/home/elian/ws_moveit2/install/moveit_ros_occupancy_map_monitor/lib:/home/elian/ws_moveit2/install/moveit_core/lib:/home/elian/ws_moveit2/install/moveit_msgs/lib:/home/elian/ws_moveit2/install/pilz_industrial_motion_planner/lib:/home/elian/ws_moveit2/install/moveit_visual_tools/lib:/home/elian/ws_moveit2/install/moveit_task_constructor_core/lib:/home/elian/ws_moveit2/install/moveit_setup_assistant/lib:/home/elian/ws_moveit2/install/moveit_setup_srdf_plugins/lib:/home/elian/ws_moveit2/install/moveit_setup_core_plugins/lib:/home/elian/ws_moveit2/install/moveit_setup_controllers/lib:/home/elian/ws_moveit2/install/moveit_setup_app_plugins/lib:/home/elian/ws_moveit2/install/moveit_setup_framework/lib:/home/elian/ws_moveit2/install/moveit_ros_visualization/lib:/home/elian/ws_moveit2/install/moveit_hybrid_planning/lib:/home/elian/ws_moveit2/install/moveit_ros_benchmarks/lib:/home/elian/ws_moveit2/install/moveit_ros_perception/lib:/home/elian/ws_moveit2/install/pilz_industrial_motion_planner_testutils/lib:/home/elian/ws_moveit2/install/moveit_ros_control_interface/lib:/home/elian/ws_moveit2/install/moveit_resources_prbt_ikfast_manipulator_plugin/lib:/home/elian/ws_moveit2/install/moveit_planners_chomp/lib:/home/elian/ws_moveit2/install/moveit_chomp_optimizer_adapter/lib:/home/elian/ws_moveit2/install/chomp_motion_planner/lib:/home/elian/ws_moveit2/install/srdfdom/lib:/home/elian/ws_moveit2/install/rviz_marker_tools/lib:/home/elian/ws_moveit2/install/rosparam_shortcuts/lib:/home/elian/ws_moveit2/install/moveit_task_constructor_msgs/lib:/usr/lib/x86_64-linux-gnu/gazebo-11/plugins:/opt/ros/humble/opt/rviz_ogre_vendor/lib:/opt/ros/humble/lib/x86_64-linux-gnu:/opt/ros/humble/lib PYTHONPATH=/home/elian/ws_moveit2/build/moveit_configs_utils:/home/elian/ws_moveit2/install/moveit_configs_utils/lib/python3.10/site-packages:/home/elian/ws_moveit2/build/launch_param_builder:/home/elian/ws_moveit2/install/launch_param_builder/lib/python3.10/site-packages:/home/elian/ws_moveit2/install/moveit_task_constructor_core/local/lib/python3.10/dist-packages:/home/elian/ws_moveit2/install/srdfdom/local/lib/python3.10/dist-packages:/home/elian/ws_moveit2/install/moveit_task_constructor_msgs/local/lib/python3.10/dist-packages:/home/elian/ws_moveit2/install/moveit_msgs/local/lib/python3.10/dist-packages:/opt/ros/humble/lib/python3.10/site-packages:/opt/ros/humble/local/lib/python3.10/dist-packages /usr/bin/cmake --install /home/elian/ws_moveit2/build/moveit_ros_visualization
[286.444s] -- Install configuration: "Release"
[286.445s] -- Execute custom install script
[286.445s] -- Symlinking: /home/elian/ws_moveit2/install/moveit_ros_visualization/include/moveit/rviz_plugin_render_tools/octomap_render.h
[286.456s] -- Symlinking: /home/elian/ws_moveit2/install/moveit_ros_visualization/include/moveit/rviz_plugin_render_tools/planning_link_updater.h
[286.466s] -- Symlinking: /home/elian/ws_moveit2/install/moveit_ros_visualization/include/moveit/rviz_plugin_render_tools/planning_scene_render.h
[286.476s] -- Symlinking: /home/elian/ws_moveit2/install/moveit_ros_visualization/include/moveit/rviz_plugin_render_tools/render_shapes.h
[286.486s] -- Symlinking: /home/elian/ws_moveit2/install/moveit_ros_visualization/include/moveit/rviz_plugin_render_tools/robot_state_visualization.h
[286.496s] -- Symlinking: /home/elian/ws_moveit2/install/moveit_ros_visualization/include/moveit/rviz_plugin_render_tools/trajectory_panel.h
[286.507s] -- Symlinking: /home/elian/ws_moveit2/install/moveit_ros_visualization/include/moveit/rviz_plugin_render_tools/trajectory_visualization.h
[286.517s] -- Symlinking: /home/elian/ws_moveit2/install/moveit_ros_visualization/include/ogre_helpers/mesh_shape.hpp
[286.528s] -- Symlinking: /home/elian/ws_moveit2/install/moveit_ros_visualization/include/moveit/robot_state_rviz_plugin/robot_state_display.h
[286.538s] -- Symlinking: /home/elian/ws_moveit2/install/moveit_ros_visualization/include/moveit/planning_scene_rviz_plugin/background_processing.hpp
[286.549s] -- Symlinking: /home/elian/ws_moveit2/install/moveit_ros_visualization/include/moveit/planning_scene_rviz_plugin/planning_scene_display.h
[286.559s] -- Symlinking: /home/elian/ws_moveit2/install/moveit_ros_visualization/include/moveit_planning_scene_rviz_plugin_core_export.h
[286.570s] -- Symlinking: /home/elian/ws_moveit2/install/moveit_ros_visualization/include/moveit/motion_planning_rviz_plugin/interactive_marker_display.h
[286.580s] -- Symlinking: /home/elian/ws_moveit2/install/moveit_ros_visualization/include/moveit/motion_planning_rviz_plugin/motion_planning_display.h
[286.590s] -- Symlinking: /home/elian/ws_moveit2/install/moveit_ros_visualization/include/moveit/motion_planning_rviz_plugin/motion_planning_frame.h
[286.601s] -- Symlinking: /home/elian/ws_moveit2/install/moveit_ros_visualization/include/moveit/motion_planning_rviz_plugin/motion_planning_frame_joints_widget.h
[286.611s] -- Symlinking: /home/elian/ws_moveit2/install/moveit_ros_visualization/include/moveit/motion_planning_rviz_plugin/motion_planning_param_widget.h
[286.622s] -- Symlinking: /home/elian/ws_moveit2/install/moveit_ros_visualization/include/moveit/trajectory_rviz_plugin/trajectory_display.h
[286.638s] -- Symlinking: /home/elian/ws_moveit2/install/moveit_ros_visualization/share/moveit_ros_visualization/icons/classes/MotionPlanning.png
[286.648s] -- Symlinking: /home/elian/ws_moveit2/install/moveit_ros_visualization/share/moveit_ros_visualization/icons/classes/PlanningScene.png
[286.658s] -- Symlinking: /home/elian/ws_moveit2/install/moveit_ros_visualization/share/moveit_ros_visualization/icons/classes/RobotState.png
[286.668s] -- Symlinking: /home/elian/ws_moveit2/install/moveit_ros_visualization/share/moveit_ros_visualization/icons/classes/Trajectory.png
[286.678s] -- Symlinking: /home/elian/ws_moveit2/install/moveit_ros_visualization/share/moveit_ros_visualization//motion_planning_rviz_plugin_description.xml
[286.689s] -- Symlinking: /home/elian/ws_moveit2/install/moveit_ros_visualization/share/moveit_ros_visualization//trajectory_rviz_plugin_description.xml
[286.699s] -- Symlinking: /home/elian/ws_moveit2/install/moveit_ros_visualization/share/moveit_ros_visualization//planning_scene_rviz_plugin_description.xml
[286.710s] -- Symlinking: /home/elian/ws_moveit2/install/moveit_ros_visualization/share/moveit_ros_visualization//robot_state_rviz_plugin_description.xml
[286.721s] -- Symlinking: /home/elian/ws_moveit2/install/moveit_ros_visualization/share/moveit_ros_visualization/environment/library_path.sh
[286.731s] -- Symlinking: /home/elian/ws_moveit2/install/moveit_ros_visualization/share/moveit_ros_visualization/environment/library_path.dsv
[286.742s] -- Symlinking: /home/elian/ws_moveit2/install/moveit_ros_visualization/share/ament_index/resource_index/package_run_dependencies/moveit_ros_visualization
[286.753s] -- Symlinking: /home/elian/ws_moveit2/install/moveit_ros_visualization/share/ament_index/resource_index/parent_prefix_path/moveit_ros_visualization
[286.764s] -- Symlinking: /home/elian/ws_moveit2/install/moveit_ros_visualization/share/moveit_ros_visualization/environment/ament_prefix_path.sh
[286.774s] -- Symlinking: /home/elian/ws_moveit2/install/moveit_ros_visualization/share/moveit_ros_visualization/environment/ament_prefix_path.dsv
[286.788s] -- Symlinking: /home/elian/ws_moveit2/install/moveit_ros_visualization/share/moveit_ros_visualization/environment/path.sh
[286.798s] -- Symlinking: /home/elian/ws_moveit2/install/moveit_ros_visualization/share/moveit_ros_visualization/environment/path.dsv
[286.808s] -- Symlinking: /home/elian/ws_moveit2/install/moveit_ros_visualization/share/moveit_ros_visualization/local_setup.bash
[286.819s] -- Symlinking: /home/elian/ws_moveit2/install/moveit_ros_visualization/share/moveit_ros_visualization/local_setup.sh
[286.829s] -- Symlinking: /home/elian/ws_moveit2/install/moveit_ros_visualization/share/moveit_ros_visualization/local_setup.zsh
[286.839s] -- Symlinking: /home/elian/ws_moveit2/install/moveit_ros_visualization/share/moveit_ros_visualization/local_setup.dsv
[286.850s] -- Symlinking: /home/elian/ws_moveit2/install/moveit_ros_visualization/share/moveit_ros_visualization/package.dsv
[286.860s] -- Symlinking: /home/elian/ws_moveit2/install/moveit_ros_visualization/share/ament_index/resource_index/packages/moveit_ros_visualization
[286.870s] -- Symlinking: /home/elian/ws_moveit2/install/moveit_ros_visualization/share/ament_index/resource_index/rviz_common__pluginlib__plugin/moveit_ros_visualization
[286.881s] -- Symlinking: /home/elian/ws_moveit2/install/moveit_ros_visualization/share/moveit_ros_visualization/cmake/ConfigExtras.cmake
[286.891s] -- Symlinking: /home/elian/ws_moveit2/install/moveit_ros_visualization/share/moveit_ros_visualization/cmake/ament_cmake_export_targets-extras.cmake
[286.901s] -- Symlinking: /home/elian/ws_moveit2/install/moveit_ros_visualization/share/moveit_ros_visualization/cmake/ament_cmake_export_dependencies-extras.cmake
[286.911s] -- Symlinking: /home/elian/ws_moveit2/install/moveit_ros_visualization/share/moveit_ros_visualization/cmake/moveit_ros_visualizationConfig.cmake
[286.921s] -- Symlinking: /home/elian/ws_moveit2/install/moveit_ros_visualization/share/moveit_ros_visualization/cmake/moveit_ros_visualizationConfig-version.cmake
[286.931s] -- Symlinking: /home/elian/ws_moveit2/install/moveit_ros_visualization/share/moveit_ros_visualization/package.xml
[286.942s] -- Installing: /home/elian/ws_moveit2/install/moveit_ros_visualization/lib/libmoveit_motion_planning_rviz_plugin.so.2.5.9
[286.942s] -- Set runtime path of "/home/elian/ws_moveit2/install/moveit_ros_visualization/lib/libmoveit_motion_planning_rviz_plugin.so.2.5.9" to ""
[286.942s] -- Installing: /home/elian/ws_moveit2/install/moveit_ros_visualization/lib/libmoveit_motion_planning_rviz_plugin.so
[286.942s] -- Installing: /home/elian/ws_moveit2/install/moveit_ros_visualization/lib/libmoveit_motion_planning_rviz_plugin_core.so.2.5.9
[286.946s] -- Set runtime path of "/home/elian/ws_moveit2/install/moveit_ros_visualization/lib/libmoveit_motion_planning_rviz_plugin_core.so.2.5.9" to ""
[286.946s] -- Installing: /home/elian/ws_moveit2/install/moveit_ros_visualization/lib/libmoveit_motion_planning_rviz_plugin_core.so
[286.947s] -- Installing: /home/elian/ws_moveit2/install/moveit_ros_visualization/lib/libmoveit_planning_scene_rviz_plugin.so.2.5.9
[286.947s] -- Set runtime path of "/home/elian/ws_moveit2/install/moveit_ros_visualization/lib/libmoveit_planning_scene_rviz_plugin.so.2.5.9" to ""
[286.947s] -- Installing: /home/elian/ws_moveit2/install/moveit_ros_visualization/lib/libmoveit_planning_scene_rviz_plugin.so
[286.947s] -- Installing: /home/elian/ws_moveit2/install/moveit_ros_visualization/lib/libmoveit_planning_scene_rviz_plugin_core.so.2.5.9
[286.947s] -- Set runtime path of "/home/elian/ws_moveit2/install/moveit_ros_visualization/lib/libmoveit_planning_scene_rviz_plugin_core.so.2.5.9" to ""
[286.947s] -- Installing: /home/elian/ws_moveit2/install/moveit_ros_visualization/lib/libmoveit_planning_scene_rviz_plugin_core.so
[286.947s] -- Installing: /home/elian/ws_moveit2/install/moveit_ros_visualization/lib/libmoveit_robot_state_rviz_plugin.so.2.5.9
[286.948s] -- Set runtime path of "/home/elian/ws_moveit2/install/moveit_ros_visualization/lib/libmoveit_robot_state_rviz_plugin.so.2.5.9" to ""
[286.948s] -- Installing: /home/elian/ws_moveit2/install/moveit_ros_visualization/lib/libmoveit_robot_state_rviz_plugin.so
[286.948s] -- Installing: /home/elian/ws_moveit2/install/moveit_ros_visualization/lib/libmoveit_robot_state_rviz_plugin_core.so.2.5.9
[286.949s] -- Set runtime path of "/home/elian/ws_moveit2/install/moveit_ros_visualization/lib/libmoveit_robot_state_rviz_plugin_core.so.2.5.9" to ""
[286.949s] -- Installing: /home/elian/ws_moveit2/install/moveit_ros_visualization/lib/libmoveit_robot_state_rviz_plugin_core.so
[286.949s] -- Installing: /home/elian/ws_moveit2/install/moveit_ros_visualization/lib/libmoveit_rviz_plugin_render_tools.so.2.5.9
[286.950s] -- Set runtime path of "/home/elian/ws_moveit2/install/moveit_ros_visualization/lib/libmoveit_rviz_plugin_render_tools.so.2.5.9" to ""
[286.950s] -- Installing: /home/elian/ws_moveit2/install/moveit_ros_visualization/lib/libmoveit_rviz_plugin_render_tools.so
[286.950s] -- Installing: /home/elian/ws_moveit2/install/moveit_ros_visualization/lib/libmoveit_trajectory_rviz_plugin.so.2.5.9
[286.951s] -- Set runtime path of "/home/elian/ws_moveit2/install/moveit_ros_visualization/lib/libmoveit_trajectory_rviz_plugin.so.2.5.9" to ""
[286.951s] -- Installing: /home/elian/ws_moveit2/install/moveit_ros_visualization/lib/libmoveit_trajectory_rviz_plugin.so
[286.951s] -- Installing: /home/elian/ws_moveit2/install/moveit_ros_visualization/lib/libmoveit_trajectory_rviz_plugin_core.so.2.5.9
[286.951s] -- Set runtime path of "/home/elian/ws_moveit2/install/moveit_ros_visualization/lib/libmoveit_trajectory_rviz_plugin_core.so.2.5.9" to ""
[286.951s] -- Installing: /home/elian/ws_moveit2/install/moveit_ros_visualization/lib/libmoveit_trajectory_rviz_plugin_core.so
[286.951s] -- Installing: /home/elian/ws_moveit2/install/moveit_ros_visualization/share/moveit_ros_visualization/cmake/export_moveit_ros_visualizationExport.cmake
[286.951s] -- Installing: /home/elian/ws_moveit2/install/moveit_ros_visualization/share/moveit_ros_visualization/cmake/export_moveit_ros_visualizationExport-release.cmake
[286.954s] Invoked command in '/home/elian/ws_moveit2/build/moveit_ros_visualization' returned '0': AMENT_PREFIX_PATH=/home/elian/ws_moveit2/install/moveit_configs_utils:/home/elian/ws_moveit2/install/launch_param_builder:/home/elian/ws_moveit2/install/moveit_planners:/home/elian/ws_moveit2/install/pilz_industrial_motion_planner:/home/elian/ws_moveit2/install/moveit_visual_tools:/home/elian/ws_moveit2/install/moveit_task_constructor_core:/home/elian/ws_moveit2/install/moveit_setup_assistant:/home/elian/ws_moveit2/install/moveit_setup_srdf_plugins:/home/elian/ws_moveit2/install/moveit_setup_core_plugins:/home/elian/ws_moveit2/install/moveit_setup_controllers:/home/elian/ws_moveit2/install/moveit_setup_app_plugins:/home/elian/ws_moveit2/install/moveit_setup_framework:/home/elian/ws_moveit2/install/moveit_ros:/home/elian/ws_moveit2/install/moveit_ros_visualization:/home/elian/ws_moveit2/install/moveit_hybrid_planning:/home/elian/ws_moveit2/install/moveit_ros_planning_interface:/home/elian/ws_moveit2/install/moveit_ros_benchmarks:/home/elian/ws_moveit2/install/moveit_ros_warehouse:/home/elian/ws_moveit2/install/moveit_ros_robot_interaction:/home/elian/ws_moveit2/install/moveit_ros_perception:/home/elian/ws_moveit2/install/moveit_resources_prbt_pg70_support:/home/elian/ws_moveit2/install/moveit_resources_prbt_moveit_config:/home/elian/ws_moveit2/install/moveit_ros_move_group:/home/elian/ws_moveit2/install/moveit_planners_ompl:/home/elian/ws_moveit2/install/moveit_kinematics:/home/elian/ws_moveit2/install/pilz_industrial_motion_planner_testutils:/home/elian/ws_moveit2/install/moveit_ros_control_interface:/home/elian/ws_moveit2/install/moveit_plugins:/home/elian/ws_moveit2/install/moveit_simple_controller_manager:/home/elian/ws_moveit2/install/moveit_ros_planning:/home/elian/ws_moveit2/install/moveit_ros_occupancy_map_monitor:/home/elian/ws_moveit2/install/moveit_resources_prbt_ikfast_manipulator_plugin:/home/elian/ws_moveit2/install/moveit_planners_chomp:/home/elian/ws_moveit2/install/moveit_chomp_optimizer_adapter:/home/elian/ws_moveit2/install/chomp_motion_planner:/home/elian/ws_moveit2/install/moveit_core:/home/elian/ws_moveit2/install/srdfdom:/home/elian/ws_moveit2/install/rviz_marker_tools:/home/elian/ws_moveit2/install/rosparam_shortcuts:/home/elian/ws_moveit2/install/moveit_task_constructor_msgs:/home/elian/ws_moveit2/install/moveit_resources_prbt_support:/home/elian/ws_moveit2/install/moveit_resources:/home/elian/ws_moveit2/install/moveit_resources_pr2_description:/home/elian/ws_moveit2/install/moveit_resources_panda_moveit_config:/home/elian/ws_moveit2/install/moveit_resources_panda_description:/home/elian/ws_moveit2/install/moveit_resources_fanuc_moveit_config:/home/elian/ws_moveit2/install/moveit_resources_fanuc_description:/home/elian/ws_moveit2/install/moveit_msgs:/home/elian/ws_moveit2/install/moveit_common:/opt/ros/humble CMAKE_PREFIX_PATH=/home/elian/ws_moveit2/install/moveit_ros_planning_interface:/home/elian/ws_moveit2/install/moveit_ros_move_group:/home/elian/ws_moveit2/install/moveit_ros_warehouse:/home/elian/ws_moveit2/install/moveit_ros_robot_interaction:/home/elian/ws_moveit2/install/moveit_planners_ompl:/home/elian/ws_moveit2/install/moveit_kinematics:/home/elian/ws_moveit2/install/moveit_ros_planning:/home/elian/ws_moveit2/install/moveit_simple_controller_manager:/home/elian/ws_moveit2/install/moveit_ros_occupancy_map_monitor:/home/elian/ws_moveit2/install/moveit_core:/home/elian/ws_moveit2/install/moveit_resources_panda_moveit_config:/home/elian/ws_moveit2/install/moveit_resources_fanuc_moveit_config:/home/elian/ws_moveit2/install/moveit_resources_pr2_description:/home/elian/ws_moveit2/install/moveit_resources_panda_description:/home/elian/ws_moveit2/install/moveit_resources_fanuc_description:/home/elian/ws_moveit2/install/moveit_msgs:/home/elian/ws_moveit2/install/moveit_common:/home/elian/ws_moveit2/install/moveit_planners:/home/elian/ws_moveit2/install/pilz_industrial_motion_planner:/home/elian/ws_moveit2/install/moveit_visual_tools:/home/elian/ws_moveit2/install/moveit_task_constructor_core:/home/elian/ws_moveit2/install/moveit_setup_assistant:/home/elian/ws_moveit2/install/moveit_setup_srdf_plugins:/home/elian/ws_moveit2/install/moveit_setup_core_plugins:/home/elian/ws_moveit2/install/moveit_setup_controllers:/home/elian/ws_moveit2/install/moveit_setup_app_plugins:/home/elian/ws_moveit2/install/moveit_setup_framework:/home/elian/ws_moveit2/install/moveit_ros:/home/elian/ws_moveit2/install/moveit_ros_visualization:/home/elian/ws_moveit2/install/moveit_hybrid_planning:/home/elian/ws_moveit2/install/moveit_ros_benchmarks:/home/elian/ws_moveit2/install/moveit_ros_perception:/home/elian/ws_moveit2/install/moveit_resources_prbt_pg70_support:/home/elian/ws_moveit2/install/moveit_resources_prbt_moveit_config:/home/elian/ws_moveit2/install/pilz_industrial_motion_planner_testutils:/home/elian/ws_moveit2/install/moveit_ros_control_interface:/home/elian/ws_moveit2/install/moveit_plugins:/home/elian/ws_moveit2/install/moveit_resources_prbt_ikfast_manipulator_plugin:/home/elian/ws_moveit2/install/moveit_planners_chomp:/home/elian/ws_moveit2/install/moveit_chomp_optimizer_adapter:/home/elian/ws_moveit2/install/chomp_motion_planner:/home/elian/ws_moveit2/install/srdfdom:/home/elian/ws_moveit2/install/rviz_marker_tools:/home/elian/ws_moveit2/install/rosparam_shortcuts:/home/elian/ws_moveit2/install/moveit_task_constructor_msgs:/home/elian/ws_moveit2/install/moveit_resources_prbt_support:/home/elian/ws_moveit2/install/moveit_resources:/home/elian/ws_moveit2/install/moveit_configs_utils:/home/elian/ws_moveit2/install/launch_param_builder:/opt/ros/humble LD_LIBRARY_PATH=/home/elian/ws_moveit2/install/moveit_ros_planning_interface/lib:/home/elian/ws_moveit2/install/moveit_ros_move_group/lib:/home/elian/ws_moveit2/install/moveit_ros_warehouse/lib:/home/elian/ws_moveit2/install/moveit_ros_robot_interaction/lib:/home/elian/ws_moveit2/install/moveit_planners_ompl/lib:/home/elian/ws_moveit2/install/moveit_kinematics/lib:/home/elian/ws_moveit2/install/moveit_ros_planning/lib:/home/elian/ws_moveit2/install/moveit_simple_controller_manager/lib:/home/elian/ws_moveit2/install/moveit_ros_occupancy_map_monitor/lib:/home/elian/ws_moveit2/install/moveit_core/lib:/home/elian/ws_moveit2/install/moveit_msgs/lib:/home/elian/ws_moveit2/install/pilz_industrial_motion_planner/lib:/home/elian/ws_moveit2/install/moveit_visual_tools/lib:/home/elian/ws_moveit2/install/moveit_task_constructor_core/lib:/home/elian/ws_moveit2/install/moveit_setup_assistant/lib:/home/elian/ws_moveit2/install/moveit_setup_srdf_plugins/lib:/home/elian/ws_moveit2/install/moveit_setup_core_plugins/lib:/home/elian/ws_moveit2/install/moveit_setup_controllers/lib:/home/elian/ws_moveit2/install/moveit_setup_app_plugins/lib:/home/elian/ws_moveit2/install/moveit_setup_framework/lib:/home/elian/ws_moveit2/install/moveit_ros_visualization/lib:/home/elian/ws_moveit2/install/moveit_hybrid_planning/lib:/home/elian/ws_moveit2/install/moveit_ros_benchmarks/lib:/home/elian/ws_moveit2/install/moveit_ros_perception/lib:/home/elian/ws_moveit2/install/pilz_industrial_motion_planner_testutils/lib:/home/elian/ws_moveit2/install/moveit_ros_control_interface/lib:/home/elian/ws_moveit2/install/moveit_resources_prbt_ikfast_manipulator_plugin/lib:/home/elian/ws_moveit2/install/moveit_planners_chomp/lib:/home/elian/ws_moveit2/install/moveit_chomp_optimizer_adapter/lib:/home/elian/ws_moveit2/install/chomp_motion_planner/lib:/home/elian/ws_moveit2/install/srdfdom/lib:/home/elian/ws_moveit2/install/rviz_marker_tools/lib:/home/elian/ws_moveit2/install/rosparam_shortcuts/lib:/home/elian/ws_moveit2/install/moveit_task_constructor_msgs/lib:/usr/lib/x86_64-linux-gnu/gazebo-11/plugins:/opt/ros/humble/opt/rviz_ogre_vendor/lib:/opt/ros/humble/lib/x86_64-linux-gnu:/opt/ros/humble/lib PYTHONPATH=/home/elian/ws_moveit2/build/moveit_configs_utils:/home/elian/ws_moveit2/install/moveit_configs_utils/lib/python3.10/site-packages:/home/elian/ws_moveit2/build/launch_param_builder:/home/elian/ws_moveit2/install/launch_param_builder/lib/python3.10/site-packages:/home/elian/ws_moveit2/install/moveit_task_constructor_core/local/lib/python3.10/dist-packages:/home/elian/ws_moveit2/install/srdfdom/local/lib/python3.10/dist-packages:/home/elian/ws_moveit2/install/moveit_task_constructor_msgs/local/lib/python3.10/dist-packages:/home/elian/ws_moveit2/install/moveit_msgs/local/lib/python3.10/dist-packages:/opt/ros/humble/lib/python3.10/site-packages:/opt/ros/humble/local/lib/python3.10/dist-packages /usr/bin/cmake --install /home/elian/ws_moveit2/build/moveit_ros_visualization
