-- The C compiler identification is GNU 11.4.0
-- The CXX compiler identification is GNU 11.4.0
-- Detecting C compiler ABI info
-- Detecting C compiler ABI info - done
-- Check for working C compiler: /usr/bin/cc - skipped
-- Detecting C compile features
-- Detecting C compile features - done
-- Detecting CXX compiler ABI info
-- Detecting CXX compiler ABI info - done
-- Check for working CXX compiler: /usr/bin/c++ - skipped
-- Detecting CXX compile features
-- Detecting CXX compile features - done
-- Found ament_cmake: 1.3.12 (/opt/ros/humble/share/ament_cmake/cmake)
-- Found Python3: /usr/bin/python3 (found version "3.10.12") found components: Interpreter 
-- Override CMake install command with custom implementation using symlinks instead of copying resources
-- Configuring done
-- Generating done
-- Build files have been written to: /home/elian/ws_moveit2/build/moveit_planners
-- Install configuration: ""
-- Execute custom install script
-- Symlinking: /home/elian/ws_moveit2/install/moveit_planners/share/ament_index/resource_index/package_run_dependencies/moveit_planners
-- Symlinking: /home/elian/ws_moveit2/install/moveit_planners/share/ament_index/resource_index/parent_prefix_path/moveit_planners
-- Symlinking: /home/elian/ws_moveit2/install/moveit_planners/share/moveit_planners/environment/ament_prefix_path.sh
-- Symlinking: /home/elian/ws_moveit2/install/moveit_planners/share/moveit_planners/environment/ament_prefix_path.dsv
-- Symlinking: /home/elian/ws_moveit2/install/moveit_planners/share/moveit_planners/environment/path.sh
-- Symlinking: /home/elian/ws_moveit2/install/moveit_planners/share/moveit_planners/environment/path.dsv
-- Symlinking: /home/elian/ws_moveit2/install/moveit_planners/share/moveit_planners/local_setup.bash
-- Symlinking: /home/elian/ws_moveit2/install/moveit_planners/share/moveit_planners/local_setup.sh
-- Symlinking: /home/elian/ws_moveit2/install/moveit_planners/share/moveit_planners/local_setup.zsh
-- Symlinking: /home/elian/ws_moveit2/install/moveit_planners/share/moveit_planners/local_setup.dsv
-- Symlinking: /home/elian/ws_moveit2/install/moveit_planners/share/moveit_planners/package.dsv
-- Symlinking: /home/elian/ws_moveit2/install/moveit_planners/share/ament_index/resource_index/packages/moveit_planners
-- Symlinking: /home/elian/ws_moveit2/install/moveit_planners/share/moveit_planners/cmake/moveit_plannersConfig.cmake
-- Symlinking: /home/elian/ws_moveit2/install/moveit_planners/share/moveit_planners/cmake/moveit_plannersConfig-version.cmake
-- Symlinking: /home/elian/ws_moveit2/install/moveit_planners/share/moveit_planners/package.xml
