[0.044s] Invoking command in '/home/elian/ws_moveit2/src/build/moveit_resources_panda_description': CMAKE_PREFIX_PATH=${CMAKE_PREFIX_PATH}:/home/elian/ws_moveit2/install/moveit_configs_utils:/home/elian/ws_moveit2/install/launch_param_builder:/opt/ros/humble /usr/bin/cmake /home/elian/ws_moveit2/src/moveit_resources/panda_description -DCMAKE_BUILD_TYPE=Debug -DCMAKE_INSTALL_PREFIX=/home/elian/ws_moveit2/src/install/moveit_resources_panda_description
[0.364s] -- The C compiler identification is GNU 11.4.0
[0.364s] -- The CXX compiler identification is GNU 11.4.0
[0.364s] -- Detecting C compiler ABI info
[0.364s] -- Detecting C compiler ABI info - done
[0.365s] -- Check for working C compiler: /usr/bin/cc - skipped
[0.366s] -- Detecting C compile features
[0.366s] -- Detecting C compile features - done
[0.366s] -- Detecting CXX compiler ABI info
[0.383s] -- Detecting CXX compiler ABI info - done
[0.394s] -- Check for working CXX compiler: /usr/bin/c++ - skipped
[0.395s] -- Detecting CXX compile features
[0.396s] -- Detecting CXX compile features - done
[0.408s] -- Found ament_cmake: 1.3.12 (/opt/ros/humble/share/ament_cmake/cmake)
[0.654s] -- Found Python3: /usr/bin/python3 (found version "3.10.12") found components: Interpreter 
[0.983s] -- Configuring done
[0.983s] -- Generating done
[0.986s] -- Build files have been written to: /home/elian/ws_moveit2/src/build/moveit_resources_panda_description
[0.995s] Invoked command in '/home/elian/ws_moveit2/src/build/moveit_resources_panda_description' returned '0': CMAKE_PREFIX_PATH=${CMAKE_PREFIX_PATH}:/home/elian/ws_moveit2/install/moveit_configs_utils:/home/elian/ws_moveit2/install/launch_param_builder:/opt/ros/humble /usr/bin/cmake /home/elian/ws_moveit2/src/moveit_resources/panda_description -DCMAKE_BUILD_TYPE=Debug -DCMAKE_INSTALL_PREFIX=/home/elian/ws_moveit2/src/install/moveit_resources_panda_description
[0.995s] Invoking command in '/home/elian/ws_moveit2/src/build/moveit_resources_panda_description': CMAKE_PREFIX_PATH=${CMAKE_PREFIX_PATH}:/home/elian/ws_moveit2/install/moveit_configs_utils:/home/elian/ws_moveit2/install/launch_param_builder:/opt/ros/humble /usr/bin/cmake --build /home/elian/ws_moveit2/src/build/moveit_resources_panda_description -- -j8 -l8
[1.065s] Invoked command in '/home/elian/ws_moveit2/src/build/moveit_resources_panda_description' returned '0': CMAKE_PREFIX_PATH=${CMAKE_PREFIX_PATH}:/home/elian/ws_moveit2/install/moveit_configs_utils:/home/elian/ws_moveit2/install/launch_param_builder:/opt/ros/humble /usr/bin/cmake --build /home/elian/ws_moveit2/src/build/moveit_resources_panda_description -- -j8 -l8
[1.066s] Invoking command in '/home/elian/ws_moveit2/src/build/moveit_resources_panda_description': CMAKE_PREFIX_PATH=${CMAKE_PREFIX_PATH}:/home/elian/ws_moveit2/install/moveit_configs_utils:/home/elian/ws_moveit2/install/launch_param_builder:/opt/ros/humble /usr/bin/cmake --install /home/elian/ws_moveit2/src/build/moveit_resources_panda_description
[1.334s] -- Install configuration: "Debug"
[1.336s] -- Installing: /home/elian/ws_moveit2/src/install/moveit_resources_panda_description/share/ament_index/resource_index/package_run_dependencies/moveit_resources_panda_description
[1.336s] -- Installing: /home/elian/ws_moveit2/src/install/moveit_resources_panda_description/share/ament_index/resource_index/parent_prefix_path/moveit_resources_panda_description
[1.337s] -- Installing: /home/elian/ws_moveit2/src/install/moveit_resources_panda_description/share/moveit_resources_panda_description/environment/ament_prefix_path.sh
[1.337s] -- Installing: /home/elian/ws_moveit2/src/install/moveit_resources_panda_description/share/moveit_resources_panda_description/environment/ament_prefix_path.dsv
[1.337s] -- Installing: /home/elian/ws_moveit2/src/install/moveit_resources_panda_description/share/moveit_resources_panda_description/environment/path.sh
[1.337s] -- Installing: /home/elian/ws_moveit2/src/install/moveit_resources_panda_description/share/moveit_resources_panda_description/environment/path.dsv
[1.337s] -- Installing: /home/elian/ws_moveit2/src/install/moveit_resources_panda_description/share/moveit_resources_panda_description/local_setup.bash
[1.337s] -- Installing: /home/elian/ws_moveit2/src/install/moveit_resources_panda_description/share/moveit_resources_panda_description/local_setup.sh
[1.337s] -- Installing: /home/elian/ws_moveit2/src/install/moveit_resources_panda_description/share/moveit_resources_panda_description/local_setup.zsh
[1.337s] -- Installing: /home/elian/ws_moveit2/src/install/moveit_resources_panda_description/share/moveit_resources_panda_description/local_setup.dsv
[1.337s] -- Installing: /home/elian/ws_moveit2/src/install/moveit_resources_panda_description/share/moveit_resources_panda_description/package.dsv
[1.337s] -- Installing: /home/elian/ws_moveit2/src/install/moveit_resources_panda_description/share/ament_index/resource_index/packages/moveit_resources_panda_description
[1.337s] -- Installing: /home/elian/ws_moveit2/src/install/moveit_resources_panda_description/share/moveit_resources_panda_description/cmake/moveit_resources_panda_descriptionConfig.cmake
[1.337s] -- Installing: /home/elian/ws_moveit2/src/install/moveit_resources_panda_description/share/moveit_resources_panda_description/cmake/moveit_resources_panda_descriptionConfig-version.cmake
[1.337s] -- Installing: /home/elian/ws_moveit2/src/install/moveit_resources_panda_description/share/moveit_resources_panda_description/package.xml
[1.339s] -- Installing: /home/elian/ws_moveit2/src/install/moveit_resources_panda_description/share/moveit_resources_panda_description/meshes
[1.339s] -- Installing: /home/elian/ws_moveit2/src/install/moveit_resources_panda_description/share/moveit_resources_panda_description/meshes/visual
[1.340s] -- Installing: /home/elian/ws_moveit2/src/install/moveit_resources_panda_description/share/moveit_resources_panda_description/meshes/visual/link0.dae
[1.340s] -- Installing: /home/elian/ws_moveit2/src/install/moveit_resources_panda_description/share/moveit_resources_panda_description/meshes/visual/link6.dae
[1.340s] -- Installing: /home/elian/ws_moveit2/src/install/moveit_resources_panda_description/share/moveit_resources_panda_description/meshes/visual/link7.dae
[1.340s] -- Installing: /home/elian/ws_moveit2/src/install/moveit_resources_panda_description/share/moveit_resources_panda_description/meshes/visual/link1.dae
[1.340s] -- Installing: /home/elian/ws_moveit2/src/install/moveit_resources_panda_description/share/moveit_resources_panda_description/meshes/visual/link3.dae
[1.340s] -- Installing: /home/elian/ws_moveit2/src/install/moveit_resources_panda_description/share/moveit_resources_panda_description/meshes/visual/link4.dae
[1.340s] -- Installing: /home/elian/ws_moveit2/src/install/moveit_resources_panda_description/share/moveit_resources_panda_description/meshes/visual/finger.dae
[1.340s] -- Installing: /home/elian/ws_moveit2/src/install/moveit_resources_panda_description/share/moveit_resources_panda_description/meshes/visual/hand.dae
[1.340s] -- Installing: /home/elian/ws_moveit2/src/install/moveit_resources_panda_description/share/moveit_resources_panda_description/meshes/visual/link2.dae
[1.340s] -- Installing: /home/elian/ws_moveit2/src/install/moveit_resources_panda_description/share/moveit_resources_panda_description/meshes/visual/link5.dae
[1.340s] -- Installing: /home/elian/ws_moveit2/src/install/moveit_resources_panda_description/share/moveit_resources_panda_description/meshes/collision
[1.340s] -- Installing: /home/elian/ws_moveit2/src/install/moveit_resources_panda_description/share/moveit_resources_panda_description/meshes/collision/link6.stl
[1.340s] -- Installing: /home/elian/ws_moveit2/src/install/moveit_resources_panda_description/share/moveit_resources_panda_description/meshes/collision/link1.stl
[1.340s] -- Installing: /home/elian/ws_moveit2/src/install/moveit_resources_panda_description/share/moveit_resources_panda_description/meshes/collision/link4.stl
[1.340s] -- Installing: /home/elian/ws_moveit2/src/install/moveit_resources_panda_description/share/moveit_resources_panda_description/meshes/collision/link5.stl
[1.340s] -- Installing: /home/elian/ws_moveit2/src/install/moveit_resources_panda_description/share/moveit_resources_panda_description/meshes/collision/link0.stl
[1.340s] -- Installing: /home/elian/ws_moveit2/src/install/moveit_resources_panda_description/share/moveit_resources_panda_description/meshes/collision/link2.stl
[1.341s] -- Installing: /home/elian/ws_moveit2/src/install/moveit_resources_panda_description/share/moveit_resources_panda_description/meshes/collision/finger.stl
[1.341s] -- Installing: /home/elian/ws_moveit2/src/install/moveit_resources_panda_description/share/moveit_resources_panda_description/meshes/collision/hand.stl
[1.341s] -- Installing: /home/elian/ws_moveit2/src/install/moveit_resources_panda_description/share/moveit_resources_panda_description/meshes/collision/link7.stl
[1.341s] -- Installing: /home/elian/ws_moveit2/src/install/moveit_resources_panda_description/share/moveit_resources_panda_description/meshes/collision/link3.stl
[1.341s] -- Installing: /home/elian/ws_moveit2/src/install/moveit_resources_panda_description/share/moveit_resources_panda_description/urdf
[1.341s] -- Installing: /home/elian/ws_moveit2/src/install/moveit_resources_panda_description/share/moveit_resources_panda_description/urdf/panda.urdf
[1.351s] Invoked command in '/home/elian/ws_moveit2/src/build/moveit_resources_panda_description' returned '0': CMAKE_PREFIX_PATH=${CMAKE_PREFIX_PATH}:/home/elian/ws_moveit2/install/moveit_configs_utils:/home/elian/ws_moveit2/install/launch_param_builder:/opt/ros/humble /usr/bin/cmake --install /home/elian/ws_moveit2/src/build/moveit_resources_panda_description
