[0.809s] Invoking command in '/home/elian/ws_moveit2/build/launch_param_builder': PYTHONPATH=/home/elian/ws_moveit2/build/launch_param_builder/prefix_override:/usr/lib/python3/dist-packages/colcon_core/task/python/colcon_distutils_commands:/home/elian/ws_moveit2/install/launch_param_builder/lib/python3.10/site-packages:${PYTHONPATH} /usr/bin/python3 -W ignore:setup.py install is deprecated -W ignore:easy_install command is deprecated setup.py develop --uninstall --editable --build-directory /home/elian/ws_moveit2/build/launch_param_builder/build
[1.080s] running develop
[1.298s] Removing /home/elian/ws_moveit2/install/launch_param_builder/lib/python3.10/site-packages/launch-param-builder.egg-link (link to .)
[1.332s] Invoked command in '/home/elian/ws_moveit2/build/launch_param_builder' returned '0': PYTHONPATH=/home/elian/ws_moveit2/build/launch_param_builder/prefix_override:/usr/lib/python3/dist-packages/colcon_core/task/python/colcon_distutils_commands:/home/elian/ws_moveit2/install/launch_param_builder/lib/python3.10/site-packages:${PYTHONPATH} /usr/bin/python3 -W ignore:setup.py install is deprecated -W ignore:easy_install command is deprecated setup.py develop --uninstall --editable --build-directory /home/elian/ws_moveit2/build/launch_param_builder/build
[1.334s] Invoking command in '/home/elian/ws_moveit2/src/launch_param_builder': PYTHONPATH=/home/elian/ws_moveit2/build/launch_param_builder/prefix_override:/usr/lib/python3/dist-packages/colcon_core/task/python/colcon_distutils_commands:/home/elian/ws_moveit2/install/launch_param_builder/lib/python3.10/site-packages:${PYTHONPATH} /usr/bin/python3 -W ignore:setup.py install is deprecated -W ignore:easy_install command is deprecated setup.py egg_info --egg-base ../../build/launch_param_builder build --build-base /home/elian/ws_moveit2/build/launch_param_builder/build install --record /home/elian/ws_moveit2/build/launch_param_builder/install.log --single-version-externally-managed install_data --force
[1.577s] running egg_info
[1.582s] writing ../../build/launch_param_builder/launch_param_builder.egg-info/PKG-INFO
[1.582s] writing dependency_links to ../../build/launch_param_builder/launch_param_builder.egg-info/dependency_links.txt
[1.583s] writing entry points to ../../build/launch_param_builder/launch_param_builder.egg-info/entry_points.txt
[1.583s] writing requirements to ../../build/launch_param_builder/launch_param_builder.egg-info/requires.txt
[1.583s] writing top-level names to ../../build/launch_param_builder/launch_param_builder.egg-info/top_level.txt
[1.583s] reading manifest file '../../build/launch_param_builder/launch_param_builder.egg-info/SOURCES.txt'
[1.583s] adding license file 'LICENSE'
[1.583s] writing manifest file '../../build/launch_param_builder/launch_param_builder.egg-info/SOURCES.txt'
[1.583s] running build
[1.583s] running build_py
[1.583s] creating /home/elian/ws_moveit2/build/launch_param_builder/build
[1.583s] creating /home/elian/ws_moveit2/build/launch_param_builder/build/lib
[1.583s] creating /home/elian/ws_moveit2/build/launch_param_builder/build/lib/launch_param_builder
[1.583s] copying launch_param_builder/launch_param_builder.py -> /home/elian/ws_moveit2/build/launch_param_builder/build/lib/launch_param_builder
[1.583s] copying launch_param_builder/utils.py -> /home/elian/ws_moveit2/build/launch_param_builder/build/lib/launch_param_builder
[1.584s] copying launch_param_builder/__init__.py -> /home/elian/ws_moveit2/build/launch_param_builder/build/lib/launch_param_builder
[1.584s] running install
[1.584s] running install_lib
[1.584s] creating /home/elian/ws_moveit2/install/launch_param_builder/lib/python3.10/site-packages/launch_param_builder
[1.584s] copying /home/elian/ws_moveit2/build/launch_param_builder/build/lib/launch_param_builder/launch_param_builder.py -> /home/elian/ws_moveit2/install/launch_param_builder/lib/python3.10/site-packages/launch_param_builder
[1.584s] copying /home/elian/ws_moveit2/build/launch_param_builder/build/lib/launch_param_builder/utils.py -> /home/elian/ws_moveit2/install/launch_param_builder/lib/python3.10/site-packages/launch_param_builder
[1.585s] copying /home/elian/ws_moveit2/build/launch_param_builder/build/lib/launch_param_builder/__init__.py -> /home/elian/ws_moveit2/install/launch_param_builder/lib/python3.10/site-packages/launch_param_builder
[1.585s] byte-compiling /home/elian/ws_moveit2/install/launch_param_builder/lib/python3.10/site-packages/launch_param_builder/launch_param_builder.py to launch_param_builder.cpython-310.pyc
[1.586s] byte-compiling /home/elian/ws_moveit2/install/launch_param_builder/lib/python3.10/site-packages/launch_param_builder/utils.py to utils.cpython-310.pyc
[1.586s] byte-compiling /home/elian/ws_moveit2/install/launch_param_builder/lib/python3.10/site-packages/launch_param_builder/__init__.py to __init__.cpython-310.pyc
[1.587s] running install_data
[1.587s] copying resource/launch_param_builder -> /home/elian/ws_moveit2/install/launch_param_builder/share/ament_index/resource_index/packages
[1.587s] copying example/launch_param_builder_example.launch.py -> /home/elian/ws_moveit2/install/launch_param_builder/share/launch_param_builder/launch
[1.587s] copying test/data/param_file_to_inject.yaml -> /home/elian/ws_moveit2/install/launch_param_builder/share/launch_param_builder/config
[1.587s] copying test/data/parameter.xacro -> /home/elian/ws_moveit2/install/launch_param_builder/share/launch_param_builder/config
[1.587s] copying test/data/parameter_file -> /home/elian/ws_moveit2/install/launch_param_builder/share/launch_param_builder/config
[1.588s] copying test/data/parameters_injection.yaml -> /home/elian/ws_moveit2/install/launch_param_builder/share/launch_param_builder/config
[1.588s] copying test/data/parameters.yaml -> /home/elian/ws_moveit2/install/launch_param_builder/share/launch_param_builder/config
[1.588s] copying package.xml -> /home/elian/ws_moveit2/install/launch_param_builder/share/launch_param_builder
[1.588s] copying example/example_node.py -> /home/elian/ws_moveit2/install/launch_param_builder/lib/launch_param_builder
[1.588s] running install_egg_info
[1.591s] Copying ../../build/launch_param_builder/launch_param_builder.egg-info to /home/elian/ws_moveit2/install/launch_param_builder/lib/python3.10/site-packages/launch_param_builder-0.1.1-py3.10.egg-info
[1.594s] running install_scripts
[1.616s] writing list of installed files to '/home/elian/ws_moveit2/build/launch_param_builder/install.log'
[1.646s] Invoked command in '/home/elian/ws_moveit2/src/launch_param_builder' returned '0': PYTHONPATH=/home/elian/ws_moveit2/build/launch_param_builder/prefix_override:/usr/lib/python3/dist-packages/colcon_core/task/python/colcon_distutils_commands:/home/elian/ws_moveit2/install/launch_param_builder/lib/python3.10/site-packages:${PYTHONPATH} /usr/bin/python3 -W ignore:setup.py install is deprecated -W ignore:easy_install command is deprecated setup.py egg_info --egg-base ../../build/launch_param_builder build --build-base /home/elian/ws_moveit2/build/launch_param_builder/build install --record /home/elian/ws_moveit2/build/launch_param_builder/install.log --single-version-externally-managed install_data --force
