[0.014s] Invoking command in '/home/elian/ws_moveit2/src/build/moveit_resources_panda_description': CMAKE_PREFIX_PATH=${CMAKE_PREFIX_PATH}:/home/elian/ws_moveit2/install/moveit_configs_utils:/home/elian/ws_moveit2/install/launch_param_builder:/home/elian/academy_robotics/ros2_academy_ws/install/depth_to_pointcloud:/opt/ros/humble /usr/bin/cmake /home/elian/ws_moveit2/src/moveit_resources/panda_description -DCMAKE_BUILD_TYPE=Release -DCMAKE_INSTALL_PREFIX=/home/elian/ws_moveit2/src/install/moveit_resources_panda_description
[0.035s] -- Found ament_cmake: 1.3.12 (/opt/ros/humble/share/ament_cmake/cmake)
[0.218s] -- Configuring done
[0.222s] -- Generating done
[0.223s] -- Build files have been written to: /home/elian/ws_moveit2/src/build/moveit_resources_panda_description
[0.225s] Invoked command in '/home/elian/ws_moveit2/src/build/moveit_resources_panda_description' returned '0': CMAKE_PREFIX_PATH=${CMAKE_PREFIX_PATH}:/home/elian/ws_moveit2/install/moveit_configs_utils:/home/elian/ws_moveit2/install/launch_param_builder:/home/elian/academy_robotics/ros2_academy_ws/install/depth_to_pointcloud:/opt/ros/humble /usr/bin/cmake /home/elian/ws_moveit2/src/moveit_resources/panda_description -DCMAKE_BUILD_TYPE=Release -DCMAKE_INSTALL_PREFIX=/home/elian/ws_moveit2/src/install/moveit_resources_panda_description
[0.226s] Invoking command in '/home/elian/ws_moveit2/src/build/moveit_resources_panda_description': CMAKE_PREFIX_PATH=${CMAKE_PREFIX_PATH}:/home/elian/ws_moveit2/install/moveit_configs_utils:/home/elian/ws_moveit2/install/launch_param_builder:/home/elian/academy_robotics/ros2_academy_ws/install/depth_to_pointcloud:/opt/ros/humble /usr/bin/cmake --build /home/elian/ws_moveit2/src/build/moveit_resources_panda_description -- -j8 -l8
[0.269s] Invoked command in '/home/elian/ws_moveit2/src/build/moveit_resources_panda_description' returned '0': CMAKE_PREFIX_PATH=${CMAKE_PREFIX_PATH}:/home/elian/ws_moveit2/install/moveit_configs_utils:/home/elian/ws_moveit2/install/launch_param_builder:/home/elian/academy_robotics/ros2_academy_ws/install/depth_to_pointcloud:/opt/ros/humble /usr/bin/cmake --build /home/elian/ws_moveit2/src/build/moveit_resources_panda_description -- -j8 -l8
[0.279s] Invoking command in '/home/elian/ws_moveit2/src/build/moveit_resources_panda_description': CMAKE_PREFIX_PATH=${CMAKE_PREFIX_PATH}:/home/elian/ws_moveit2/install/moveit_configs_utils:/home/elian/ws_moveit2/install/launch_param_builder:/home/elian/academy_robotics/ros2_academy_ws/install/depth_to_pointcloud:/opt/ros/humble /usr/bin/cmake --install /home/elian/ws_moveit2/src/build/moveit_resources_panda_description
[0.286s] -- Install configuration: "Release"
[0.287s] -- Up-to-date: /home/elian/ws_moveit2/src/install/moveit_resources_panda_description/share/ament_index/resource_index/package_run_dependencies/moveit_resources_panda_description
[0.287s] -- Installing: /home/elian/ws_moveit2/src/install/moveit_resources_panda_description/share/ament_index/resource_index/parent_prefix_path/moveit_resources_panda_description
[0.287s] -- Up-to-date: /home/elian/ws_moveit2/src/install/moveit_resources_panda_description/share/moveit_resources_panda_description/environment/ament_prefix_path.sh
[0.287s] -- Installing: /home/elian/ws_moveit2/src/install/moveit_resources_panda_description/share/moveit_resources_panda_description/environment/ament_prefix_path.dsv
[0.287s] -- Up-to-date: /home/elian/ws_moveit2/src/install/moveit_resources_panda_description/share/moveit_resources_panda_description/environment/path.sh
[0.287s] -- Installing: /home/elian/ws_moveit2/src/install/moveit_resources_panda_description/share/moveit_resources_panda_description/environment/path.dsv
[0.287s] -- Up-to-date: /home/elian/ws_moveit2/src/install/moveit_resources_panda_description/share/moveit_resources_panda_description/local_setup.bash
[0.287s] -- Up-to-date: /home/elian/ws_moveit2/src/install/moveit_resources_panda_description/share/moveit_resources_panda_description/local_setup.sh
[0.287s] -- Up-to-date: /home/elian/ws_moveit2/src/install/moveit_resources_panda_description/share/moveit_resources_panda_description/local_setup.zsh
[0.287s] -- Installing: /home/elian/ws_moveit2/src/install/moveit_resources_panda_description/share/moveit_resources_panda_description/local_setup.dsv
[0.287s] -- Installing: /home/elian/ws_moveit2/src/install/moveit_resources_panda_description/share/moveit_resources_panda_description/package.dsv
[0.287s] -- Up-to-date: /home/elian/ws_moveit2/src/install/moveit_resources_panda_description/share/ament_index/resource_index/packages/moveit_resources_panda_description
[0.287s] -- Up-to-date: /home/elian/ws_moveit2/src/install/moveit_resources_panda_description/share/moveit_resources_panda_description/cmake/moveit_resources_panda_descriptionConfig.cmake
[0.288s] -- Up-to-date: /home/elian/ws_moveit2/src/install/moveit_resources_panda_description/share/moveit_resources_panda_description/cmake/moveit_resources_panda_descriptionConfig-version.cmake
[0.288s] -- Up-to-date: /home/elian/ws_moveit2/src/install/moveit_resources_panda_description/share/moveit_resources_panda_description/package.xml
[0.288s] -- Up-to-date: /home/elian/ws_moveit2/src/install/moveit_resources_panda_description/share/moveit_resources_panda_description/meshes
[0.288s] -- Up-to-date: /home/elian/ws_moveit2/src/install/moveit_resources_panda_description/share/moveit_resources_panda_description/meshes/visual
[0.288s] -- Up-to-date: /home/elian/ws_moveit2/src/install/moveit_resources_panda_description/share/moveit_resources_panda_description/meshes/visual/link0.dae
[0.288s] -- Up-to-date: /home/elian/ws_moveit2/src/install/moveit_resources_panda_description/share/moveit_resources_panda_description/meshes/visual/link6.dae
[0.288s] -- Up-to-date: /home/elian/ws_moveit2/src/install/moveit_resources_panda_description/share/moveit_resources_panda_description/meshes/visual/link7.dae
[0.288s] -- Up-to-date: /home/elian/ws_moveit2/src/install/moveit_resources_panda_description/share/moveit_resources_panda_description/meshes/visual/link1.dae
[0.288s] -- Up-to-date: /home/elian/ws_moveit2/src/install/moveit_resources_panda_description/share/moveit_resources_panda_description/meshes/visual/link3.dae
[0.288s] -- Up-to-date: /home/elian/ws_moveit2/src/install/moveit_resources_panda_description/share/moveit_resources_panda_description/meshes/visual/link4.dae
[0.288s] -- Up-to-date: /home/elian/ws_moveit2/src/install/moveit_resources_panda_description/share/moveit_resources_panda_description/meshes/visual/finger.dae
[0.288s] -- Up-to-date: /home/elian/ws_moveit2/src/install/moveit_resources_panda_description/share/moveit_resources_panda_description/meshes/visual/hand.dae
[0.288s] -- Up-to-date: /home/elian/ws_moveit2/src/install/moveit_resources_panda_description/share/moveit_resources_panda_description/meshes/visual/link2.dae
[0.288s] -- Up-to-date: /home/elian/ws_moveit2/src/install/moveit_resources_panda_description/share/moveit_resources_panda_description/meshes/visual/link5.dae
[0.288s] -- Up-to-date: /home/elian/ws_moveit2/src/install/moveit_resources_panda_description/share/moveit_resources_panda_description/meshes/collision
[0.289s] -- Up-to-date: /home/elian/ws_moveit2/src/install/moveit_resources_panda_description/share/moveit_resources_panda_description/meshes/collision/link6.stl
[0.289s] -- Up-to-date: /home/elian/ws_moveit2/src/install/moveit_resources_panda_description/share/moveit_resources_panda_description/meshes/collision/link1.stl
[0.289s] -- Up-to-date: /home/elian/ws_moveit2/src/install/moveit_resources_panda_description/share/moveit_resources_panda_description/meshes/collision/link4.stl
[0.289s] -- Up-to-date: /home/elian/ws_moveit2/src/install/moveit_resources_panda_description/share/moveit_resources_panda_description/meshes/collision/link5.stl
[0.289s] -- Up-to-date: /home/elian/ws_moveit2/src/install/moveit_resources_panda_description/share/moveit_resources_panda_description/meshes/collision/link0.stl
[0.289s] -- Up-to-date: /home/elian/ws_moveit2/src/install/moveit_resources_panda_description/share/moveit_resources_panda_description/meshes/collision/link2.stl
[0.289s] -- Up-to-date: /home/elian/ws_moveit2/src/install/moveit_resources_panda_description/share/moveit_resources_panda_description/meshes/collision/finger.stl
[0.289s] -- Up-to-date: /home/elian/ws_moveit2/src/install/moveit_resources_panda_description/share/moveit_resources_panda_description/meshes/collision/hand.stl
[0.289s] -- Up-to-date: /home/elian/ws_moveit2/src/install/moveit_resources_panda_description/share/moveit_resources_panda_description/meshes/collision/link7.stl
[0.289s] -- Up-to-date: /home/elian/ws_moveit2/src/install/moveit_resources_panda_description/share/moveit_resources_panda_description/meshes/collision/link3.stl
[0.289s] -- Up-to-date: /home/elian/ws_moveit2/src/install/moveit_resources_panda_description/share/moveit_resources_panda_description/urdf
[0.289s] -- Up-to-date: /home/elian/ws_moveit2/src/install/moveit_resources_panda_description/share/moveit_resources_panda_description/urdf/panda.urdf
[0.290s] Invoked command in '/home/elian/ws_moveit2/src/build/moveit_resources_panda_description' returned '0': CMAKE_PREFIX_PATH=${CMAKE_PREFIX_PATH}:/home/elian/ws_moveit2/install/moveit_configs_utils:/home/elian/ws_moveit2/install/launch_param_builder:/home/elian/academy_robotics/ros2_academy_ws/install/depth_to_pointcloud:/opt/ros/humble /usr/bin/cmake --install /home/elian/ws_moveit2/src/build/moveit_resources_panda_description
