-- Found moveit_common: 2.5.9 (/home/elian/ws_moveit2/install/moveit_common/share/moveit_common/cmake)
-- Found ament_cmake: 1.3.12 (/opt/ros/humble/share/ament_cmake/cmake)
-- Override CMake install command with custom implementation using symlinks instead of copying resources
-- Found tf2_kdl: 0.25.15 (/opt/ros/humble/share/tf2_kdl/cmake)
-- Found rosidl_generator_c: 3.1.7 (/opt/ros/humble/share/rosidl_generator_c/cmake)
-- Found rosidl_adapter: 3.1.7 (/opt/ros/humble/share/rosidl_adapter/cmake)
-- Found rosidl_generator_cpp: 3.1.7 (/opt/ros/humble/share/rosidl_generator_cpp/cmake)
-- Using all available rosidl_typesupport_c: rosidl_typesupport_fastrtps_c;rosidl_typesupport_introspection_c
-- Using all available rosidl_typesupport_cpp: rosidl_typesupport_fastrtps_cpp;rosidl_typesupport_introspection_cpp
-- Found eigen3_cmake_module: 0.1.1 (/opt/ros/humble/share/eigen3_cmake_module/cmake)
-- Ensuring Eigen3 include directory is part of orocos-kdl CMake target
-- Found rmw_implementation_cmake: 6.1.2 (/opt/ros/humble/share/rmw_implementation_cmake/cmake)
-- Found rmw_fastrtps_cpp: 6.2.8 (/opt/ros/humble/share/rmw_fastrtps_cpp/cmake)
-- Using RMW implementation 'rmw_fastrtps_cpp' as default
-- Found kdl_parser: 2.6.4 (/opt/ros/humble/share/kdl_parser/cmake)
-- Found random_numbers: 2.0.1 (/opt/ros/humble/share/random_numbers/cmake)
-- Found pluginlib: 5.1.0 (/opt/ros/humble/share/pluginlib/cmake)
-- Found moveit_core: 2.5.9 (/home/elian/ws_moveit2/install/moveit_core/share/moveit_core/cmake)
-- Found Boost: /usr/lib/x86_64-linux-gnu/cmake/Boost-1.74.0/BoostConfig.cmake (found version "1.74.0") found components: chrono date_time filesystem iostreams program_options regex serialization system thread 
-- Found parameter_traits: 0.5.0 (/opt/ros/humble/share/parameter_traits/cmake)
-- Found rclcpp_lifecycle: 16.0.14 (/opt/ros/humble/share/rclcpp_lifecycle/cmake)
-- Found Boost: /usr/lib/x86_64-linux-gnu/cmake/Boost-1.74.0/BoostConfig.cmake (found version "1.74.0") found components: filesystem 
-- library: /usr/lib/x86_64-linux-gnu/libcurl.so
-- Found moveit_ros_planning: 2.5.9 (/home/elian/ws_moveit2/install/moveit_ros_planning/share/moveit_ros_planning/cmake)
-- Found Boost: /usr/lib/x86_64-linux-gnu/cmake/Boost-1.74.0/BoostConfig.cmake (found version "1.74.0") found components: system filesystem date_time program_options thread chrono 
-- Found Boost: /usr/lib/x86_64-linux-gnu/cmake/Boost-1.74.0/BoostConfig.cmake (found version "1.74.0") found components: program_options system 
-- Configuring done
-- Generating done
-- Build files have been written to: /home/elian/ws_moveit2/build/moveit_kinematics
[35m[1mConsolidate compiler generated dependencies of target moveit_srv_kinematics_plugin[0m
[35m[1mConsolidate compiler generated dependencies of target moveit_kdl_kinematics_plugin[0m
[35m[1mConsolidate compiler generated dependencies of target moveit_cached_ik_kinematics_base[0m
[35m[1mConsolidate compiler generated dependencies of target moveit_lma_kinematics_plugin[0m
[ 36%] Built target moveit_kdl_kinematics_plugin
[ 45%] Built target moveit_srv_kinematics_plugin
[ 63%] Built target moveit_cached_ik_kinematics_base
[ 81%] Built target moveit_lma_kinematics_plugin
[35m[1mConsolidate compiler generated dependencies of target moveit_cached_ik_kinematics_plugin[0m
[100%] Built target moveit_cached_ik_kinematics_plugin
-- Install configuration: "Debug"
-- Execute custom install script
-- Up-to-date symlink: /home/elian/ws_moveit2/install/moveit_kinematics/share/moveit_kinematics//kdl_kinematics_plugin_description.xml
-- Up-to-date symlink: /home/elian/ws_moveit2/install/moveit_kinematics/share/moveit_kinematics//lma_kinematics_plugin_description.xml
-- Up-to-date symlink: /home/elian/ws_moveit2/install/moveit_kinematics/share/moveit_kinematics//srv_kinematics_plugin_description.xml
-- Up-to-date symlink: /home/elian/ws_moveit2/install/moveit_kinematics/share/moveit_kinematics//cached_ik_kinematics_plugin_description.xml
-- Up-to-date symlink: /home/elian/ws_moveit2/install/moveit_kinematics/include/moveit/cached_ik_kinematics_plugin/cached_ik_kinematics_plugin-inl.h
-- Up-to-date symlink: /home/elian/ws_moveit2/install/moveit_kinematics/include/moveit/cached_ik_kinematics_plugin/cached_ik_kinematics_plugin.h
-- Up-to-date symlink: /home/elian/ws_moveit2/install/moveit_kinematics/include/moveit/cached_ik_kinematics_plugin/detail/GreedyKCenters.h
-- Up-to-date symlink: /home/elian/ws_moveit2/install/moveit_kinematics/include/moveit/cached_ik_kinematics_plugin/detail/NearestNeighbors.h
-- Up-to-date symlink: /home/elian/ws_moveit2/install/moveit_kinematics/include/moveit/cached_ik_kinematics_plugin/detail/NearestNeighborsGNAT.h
-- Up-to-date symlink: /home/elian/ws_moveit2/install/moveit_kinematics/share/moveit_kinematics/launch/measure_ik_call_cost.launch
-- Up-to-date symlink: /home/elian/ws_moveit2/install/moveit_kinematics/lib/moveit_kinematics/auto_create_ikfast_moveit_plugin.sh
-- Up-to-date symlink: /home/elian/ws_moveit2/install/moveit_kinematics/lib/moveit_kinematics/create_ikfast_moveit_plugin.py
-- Up-to-date symlink: /home/elian/ws_moveit2/install/moveit_kinematics/lib/moveit_kinematics/round_collada_numbers.py
-- Up-to-date symlink: /home/elian/ws_moveit2/install/moveit_kinematics/share/moveit_kinematics/ikfast_kinematics_plugin/templates/CMakeLists.txt
-- Up-to-date symlink: /home/elian/ws_moveit2/install/moveit_kinematics/share/moveit_kinematics/ikfast_kinematics_plugin/templates/ikfast.h
-- Up-to-date symlink: /home/elian/ws_moveit2/install/moveit_kinematics/share/moveit_kinematics/ikfast_kinematics_plugin/templates/ikfast61_moveit_plugin_template.cpp
-- Up-to-date symlink: /home/elian/ws_moveit2/install/moveit_kinematics/include/moveit/kdl_kinematics_plugin/chainiksolver_vel_mimic_svd.hpp
-- Up-to-date symlink: /home/elian/ws_moveit2/install/moveit_kinematics/include/moveit/kdl_kinematics_plugin/joint_mimic.hpp
-- Up-to-date symlink: /home/elian/ws_moveit2/install/moveit_kinematics/include/moveit/kdl_kinematics_plugin/kdl_kinematics_plugin.h
-- Up-to-date symlink: /home/elian/ws_moveit2/install/moveit_kinematics/include/moveit/lma_kinematics_plugin/lma_kinematics_plugin.h
-- Up-to-date symlink: /home/elian/ws_moveit2/install/moveit_kinematics/include/moveit/srv_kinematics_plugin/srv_kinematics_plugin.h
-- Up-to-date symlink: /home/elian/ws_moveit2/install/moveit_kinematics/share/moveit_kinematics/environment/library_path.sh
-- Up-to-date symlink: /home/elian/ws_moveit2/install/moveit_kinematics/share/moveit_kinematics/environment/library_path.dsv
-- Up-to-date symlink: /home/elian/ws_moveit2/install/moveit_kinematics/share/ament_index/resource_index/package_run_dependencies/moveit_kinematics
-- Up-to-date symlink: /home/elian/ws_moveit2/install/moveit_kinematics/share/ament_index/resource_index/parent_prefix_path/moveit_kinematics
-- Up-to-date symlink: /home/elian/ws_moveit2/install/moveit_kinematics/share/moveit_kinematics/environment/ament_prefix_path.sh
-- Up-to-date symlink: /home/elian/ws_moveit2/install/moveit_kinematics/share/moveit_kinematics/environment/ament_prefix_path.dsv
-- Up-to-date symlink: /home/elian/ws_moveit2/install/moveit_kinematics/share/moveit_kinematics/environment/path.sh
-- Up-to-date symlink: /home/elian/ws_moveit2/install/moveit_kinematics/share/moveit_kinematics/environment/path.dsv
-- Up-to-date symlink: /home/elian/ws_moveit2/install/moveit_kinematics/share/moveit_kinematics/local_setup.bash
-- Up-to-date symlink: /home/elian/ws_moveit2/install/moveit_kinematics/share/moveit_kinematics/local_setup.sh
-- Up-to-date symlink: /home/elian/ws_moveit2/install/moveit_kinematics/share/moveit_kinematics/local_setup.zsh
-- Up-to-date symlink: /home/elian/ws_moveit2/install/moveit_kinematics/share/moveit_kinematics/local_setup.dsv
-- Symlinking: /home/elian/ws_moveit2/install/moveit_kinematics/share/moveit_kinematics/package.dsv
-- Up-to-date symlink: /home/elian/ws_moveit2/install/moveit_kinematics/share/ament_index/resource_index/packages/moveit_kinematics
-- Up-to-date symlink: /home/elian/ws_moveit2/install/moveit_kinematics/share/ament_index/resource_index/moveit_core__pluginlib__plugin/moveit_kinematics
-- Up-to-date symlink: /home/elian/ws_moveit2/install/moveit_kinematics/share/moveit_kinematics/cmake/ConfigExtras.cmake
-- Up-to-date symlink: /home/elian/ws_moveit2/install/moveit_kinematics/share/moveit_kinematics/cmake/ament_cmake_export_targets-extras.cmake
-- Up-to-date symlink: /home/elian/ws_moveit2/install/moveit_kinematics/share/moveit_kinematics/cmake/ament_cmake_export_dependencies-extras.cmake
-- Up-to-date symlink: /home/elian/ws_moveit2/install/moveit_kinematics/share/moveit_kinematics/cmake/moveit_kinematicsConfig.cmake
-- Up-to-date symlink: /home/elian/ws_moveit2/install/moveit_kinematics/share/moveit_kinematics/cmake/moveit_kinematicsConfig-version.cmake
-- Up-to-date symlink: /home/elian/ws_moveit2/install/moveit_kinematics/share/moveit_kinematics/package.xml
-- Up-to-date: /home/elian/ws_moveit2/install/moveit_kinematics/lib/libmoveit_cached_ik_kinematics_base.so.2.5.9
-- Up-to-date: /home/elian/ws_moveit2/install/moveit_kinematics/lib/libmoveit_cached_ik_kinematics_base.so
-- Up-to-date: /home/elian/ws_moveit2/install/moveit_kinematics/lib/libmoveit_cached_ik_kinematics_plugin.so.2.5.9
-- Up-to-date: /home/elian/ws_moveit2/install/moveit_kinematics/lib/libmoveit_cached_ik_kinematics_plugin.so
-- Up-to-date: /home/elian/ws_moveit2/install/moveit_kinematics/lib/libmoveit_kdl_kinematics_plugin.so
-- Up-to-date: /home/elian/ws_moveit2/install/moveit_kinematics/lib/libmoveit_lma_kinematics_plugin.so.2.5.9
-- Up-to-date: /home/elian/ws_moveit2/install/moveit_kinematics/lib/libmoveit_lma_kinematics_plugin.so
-- Up-to-date: /home/elian/ws_moveit2/install/moveit_kinematics/lib/libmoveit_srv_kinematics_plugin.so.2.5.9
-- Up-to-date: /home/elian/ws_moveit2/install/moveit_kinematics/lib/libmoveit_srv_kinematics_plugin.so
-- Up-to-date: /home/elian/ws_moveit2/install/moveit_kinematics/share/moveit_kinematics/cmake/export_moveit_kinematicsExport.cmake
-- Up-to-date: /home/elian/ws_moveit2/install/moveit_kinematics/share/moveit_kinematics/cmake/export_moveit_kinematicsExport-debug.cmake
