[0.022s] Invoking command in '/home/elian/ws_moveit2/build/moveit_common': CMAKE_PREFIX_PATH=${CMAKE_PREFIX_PATH}:/home/elian/ws_moveit2/install/moveit_configs_utils:/home/elian/ws_moveit2/install/launch_param_builder:/opt/ros/humble /usr/bin/cmake /home/elian/ws_moveit2/src/moveit2/moveit_common -DBUILD_TESTING=OFF -DAMENT_CMAKE_SYMLINK_INSTALL=1 -DCMAKE_INSTALL_PREFIX=/home/elian/ws_moveit2/install/moveit_common
[0.266s] -- Found ament_cmake: 1.3.12 (/opt/ros/humble/share/ament_cmake/cmake)
[0.266s] -- Found Python3: /usr/bin/python3 (found version "3.10.12") found components: Interpreter 
[0.266s] -- Override CMake install command with custom implementation using symlinks instead of copying resources
[0.372s] -- Configuring done
[0.374s] -- Generating done
[0.376s] -- Build files have been written to: /home/elian/ws_moveit2/build/moveit_common
[0.383s] Invoked command in '/home/elian/ws_moveit2/build/moveit_common' returned '0': CMAKE_PREFIX_PATH=${CMAKE_PREFIX_PATH}:/home/elian/ws_moveit2/install/moveit_configs_utils:/home/elian/ws_moveit2/install/launch_param_builder:/opt/ros/humble /usr/bin/cmake /home/elian/ws_moveit2/src/moveit2/moveit_common -DBUILD_TESTING=OFF -DAMENT_CMAKE_SYMLINK_INSTALL=1 -DCMAKE_INSTALL_PREFIX=/home/elian/ws_moveit2/install/moveit_common
[0.384s] Invoking command in '/home/elian/ws_moveit2/build/moveit_common': CMAKE_PREFIX_PATH=${CMAKE_PREFIX_PATH}:/home/elian/ws_moveit2/install/moveit_configs_utils:/home/elian/ws_moveit2/install/launch_param_builder:/opt/ros/humble /usr/bin/cmake --build /home/elian/ws_moveit2/build/moveit_common -- -j8 -l8
[0.691s] Invoked command in '/home/elian/ws_moveit2/build/moveit_common' returned '0': CMAKE_PREFIX_PATH=${CMAKE_PREFIX_PATH}:/home/elian/ws_moveit2/install/moveit_configs_utils:/home/elian/ws_moveit2/install/launch_param_builder:/opt/ros/humble /usr/bin/cmake --build /home/elian/ws_moveit2/build/moveit_common -- -j8 -l8
[0.703s] Invoking command in '/home/elian/ws_moveit2/build/moveit_common': CMAKE_PREFIX_PATH=${CMAKE_PREFIX_PATH}:/home/elian/ws_moveit2/install/moveit_configs_utils:/home/elian/ws_moveit2/install/launch_param_builder:/opt/ros/humble /usr/bin/cmake --install /home/elian/ws_moveit2/build/moveit_common
[0.715s] -- Install configuration: ""
[0.715s] -- Execute custom install script
[0.715s] -- Symlinking: /home/elian/ws_moveit2/install/moveit_common/share/ament_index/resource_index/package_run_dependencies/moveit_common
[0.723s] -- Symlinking: /home/elian/ws_moveit2/install/moveit_common/share/ament_index/resource_index/parent_prefix_path/moveit_common
[0.736s] -- Symlinking: /home/elian/ws_moveit2/install/moveit_common/share/moveit_common/environment/ament_prefix_path.sh
[0.749s] -- Symlinking: /home/elian/ws_moveit2/install/moveit_common/share/moveit_common/environment/ament_prefix_path.dsv
[0.764s] -- Symlinking: /home/elian/ws_moveit2/install/moveit_common/share/moveit_common/environment/path.sh
[0.771s] -- Symlinking: /home/elian/ws_moveit2/install/moveit_common/share/moveit_common/environment/path.dsv
[0.782s] -- Symlinking: /home/elian/ws_moveit2/install/moveit_common/share/moveit_common/local_setup.bash
[0.793s] -- Symlinking: /home/elian/ws_moveit2/install/moveit_common/share/moveit_common/local_setup.sh
[0.805s] -- Symlinking: /home/elian/ws_moveit2/install/moveit_common/share/moveit_common/local_setup.zsh
[0.818s] -- Symlinking: /home/elian/ws_moveit2/install/moveit_common/share/moveit_common/local_setup.dsv
[0.826s] -- Symlinking: /home/elian/ws_moveit2/install/moveit_common/share/moveit_common/package.dsv
[0.834s] -- Symlinking: /home/elian/ws_moveit2/install/moveit_common/share/ament_index/resource_index/packages/moveit_common
[0.844s] -- Symlinking: /home/elian/ws_moveit2/install/moveit_common/share/moveit_common/cmake/moveit_common-extras.cmake
[0.852s] -- Symlinking: /home/elian/ws_moveit2/install/moveit_common/share/moveit_common/cmake/moveit_commonConfig.cmake
[0.863s] -- Symlinking: /home/elian/ws_moveit2/install/moveit_common/share/moveit_common/cmake/moveit_commonConfig-version.cmake
[0.874s] -- Symlinking: /home/elian/ws_moveit2/install/moveit_common/share/moveit_common/package.xml
[0.886s] -- Symlinking: /home/elian/ws_moveit2/install/moveit_common/share/moveit_common/cmake/moveit_package.cmake
[0.905s] Invoked command in '/home/elian/ws_moveit2/build/moveit_common' returned '0': CMAKE_PREFIX_PATH=${CMAKE_PREFIX_PATH}:/home/elian/ws_moveit2/install/moveit_configs_utils:/home/elian/ws_moveit2/install/launch_param_builder:/opt/ros/humble /usr/bin/cmake --install /home/elian/ws_moveit2/build/moveit_common
