[  6%] Built target planning_context_loader_base
[ 27%] Built target joint_limits_common
[ 39%] Built target trajectory_generation_common
[ 48%] Built target command_list_manager
[ 60%] Built target planning_context_loader_lin
[ 66%] Built target pilz_industrial_motion_planner
[ 78%] Built target planning_context_loader_ptp
[ 90%] Built target planning_context_loader_circ
[100%] Built target sequence_capability
-- Install configuration: "Release"
-- Execute custom install script
-- Up-to-date symlink: /home/elian/ws_moveit2/install/pilz_industrial_motion_planner/share/pilz_industrial_motion_planner/plugins/pilz_industrial_motion_planner_plugin_description.xml
-- Up-to-date symlink: /home/elian/ws_moveit2/install/pilz_industrial_motion_planner/share/pilz_industrial_motion_planner/plugins/sequence_capability_plugin_description.xml
-- Up-to-date symlink: /home/elian/ws_moveit2/install/pilz_industrial_motion_planner/share/pilz_industrial_motion_planner/plugins/planning_context_plugin_description.xml
-- Up-to-date symlink: /home/elian/ws_moveit2/install/pilz_industrial_motion_planner/include/joint_limits_copy/joint_limits.hpp
-- Up-to-date symlink: /home/elian/ws_moveit2/install/pilz_industrial_motion_planner/include/joint_limits_copy/joint_limits_rosparam.hpp
-- Up-to-date symlink: /home/elian/ws_moveit2/install/pilz_industrial_motion_planner/include/pilz_industrial_motion_planner/capability_names.h
-- Up-to-date symlink: /home/elian/ws_moveit2/install/pilz_industrial_motion_planner/include/pilz_industrial_motion_planner/cartesian_limit.h
-- Up-to-date symlink: /home/elian/ws_moveit2/install/pilz_industrial_motion_planner/include/pilz_industrial_motion_planner/cartesian_limits_aggregator.h
-- Up-to-date symlink: /home/elian/ws_moveit2/install/pilz_industrial_motion_planner/include/pilz_industrial_motion_planner/cartesian_trajectory.h
-- Up-to-date symlink: /home/elian/ws_moveit2/install/pilz_industrial_motion_planner/include/pilz_industrial_motion_planner/cartesian_trajectory_point.h
-- Up-to-date symlink: /home/elian/ws_moveit2/install/pilz_industrial_motion_planner/include/pilz_industrial_motion_planner/command_list_manager.h
-- Up-to-date symlink: /home/elian/ws_moveit2/install/pilz_industrial_motion_planner/include/pilz_industrial_motion_planner/joint_limits_aggregator.h
-- Up-to-date symlink: /home/elian/ws_moveit2/install/pilz_industrial_motion_planner/include/pilz_industrial_motion_planner/joint_limits_container.h
-- Up-to-date symlink: /home/elian/ws_moveit2/install/pilz_industrial_motion_planner/include/pilz_industrial_motion_planner/joint_limits_extension.h
-- Up-to-date symlink: /home/elian/ws_moveit2/install/pilz_industrial_motion_planner/include/pilz_industrial_motion_planner/joint_limits_interface_extension.h
-- Up-to-date symlink: /home/elian/ws_moveit2/install/pilz_industrial_motion_planner/include/pilz_industrial_motion_planner/joint_limits_validator.h
-- Up-to-date symlink: /home/elian/ws_moveit2/install/pilz_industrial_motion_planner/include/pilz_industrial_motion_planner/limits_container.h
-- Up-to-date symlink: /home/elian/ws_moveit2/install/pilz_industrial_motion_planner/include/pilz_industrial_motion_planner/move_group_sequence_action.h
-- Up-to-date symlink: /home/elian/ws_moveit2/install/pilz_industrial_motion_planner/include/pilz_industrial_motion_planner/move_group_sequence_service.h
-- Up-to-date symlink: /home/elian/ws_moveit2/install/pilz_industrial_motion_planner/include/pilz_industrial_motion_planner/path_circle_generator.h
-- Up-to-date symlink: /home/elian/ws_moveit2/install/pilz_industrial_motion_planner/include/pilz_industrial_motion_planner/pilz_industrial_motion_planner.h
-- Up-to-date symlink: /home/elian/ws_moveit2/install/pilz_industrial_motion_planner/include/pilz_industrial_motion_planner/plan_components_builder.h
-- Up-to-date symlink: /home/elian/ws_moveit2/install/pilz_industrial_motion_planner/include/pilz_industrial_motion_planner/planning_context_base.h
-- Up-to-date symlink: /home/elian/ws_moveit2/install/pilz_industrial_motion_planner/include/pilz_industrial_motion_planner/planning_context_circ.h
-- Up-to-date symlink: /home/elian/ws_moveit2/install/pilz_industrial_motion_planner/include/pilz_industrial_motion_planner/planning_context_lin.h
-- Up-to-date symlink: /home/elian/ws_moveit2/install/pilz_industrial_motion_planner/include/pilz_industrial_motion_planner/planning_context_loader.h
-- Up-to-date symlink: /home/elian/ws_moveit2/install/pilz_industrial_motion_planner/include/pilz_industrial_motion_planner/planning_context_loader_circ.h
-- Up-to-date symlink: /home/elian/ws_moveit2/install/pilz_industrial_motion_planner/include/pilz_industrial_motion_planner/planning_context_loader_lin.h
-- Up-to-date symlink: /home/elian/ws_moveit2/install/pilz_industrial_motion_planner/include/pilz_industrial_motion_planner/planning_context_loader_ptp.h
-- Up-to-date symlink: /home/elian/ws_moveit2/install/pilz_industrial_motion_planner/include/pilz_industrial_motion_planner/planning_context_ptp.h
-- Up-to-date symlink: /home/elian/ws_moveit2/install/pilz_industrial_motion_planner/include/pilz_industrial_motion_planner/planning_exceptions.h
-- Up-to-date symlink: /home/elian/ws_moveit2/install/pilz_industrial_motion_planner/include/pilz_industrial_motion_planner/tip_frame_getter.h
-- Up-to-date symlink: /home/elian/ws_moveit2/install/pilz_industrial_motion_planner/include/pilz_industrial_motion_planner/trajectory_blend_request.h
-- Up-to-date symlink: /home/elian/ws_moveit2/install/pilz_industrial_motion_planner/include/pilz_industrial_motion_planner/trajectory_blend_response.h
-- Up-to-date symlink: /home/elian/ws_moveit2/install/pilz_industrial_motion_planner/include/pilz_industrial_motion_planner/trajectory_blender.h
-- Up-to-date symlink: /home/elian/ws_moveit2/install/pilz_industrial_motion_planner/include/pilz_industrial_motion_planner/trajectory_blender_transition_window.h
-- Up-to-date symlink: /home/elian/ws_moveit2/install/pilz_industrial_motion_planner/include/pilz_industrial_motion_planner/trajectory_functions.h
-- Up-to-date symlink: /home/elian/ws_moveit2/install/pilz_industrial_motion_planner/include/pilz_industrial_motion_planner/trajectory_generation_exceptions.h
-- Up-to-date symlink: /home/elian/ws_moveit2/install/pilz_industrial_motion_planner/include/pilz_industrial_motion_planner/trajectory_generator.h
-- Up-to-date symlink: /home/elian/ws_moveit2/install/pilz_industrial_motion_planner/include/pilz_industrial_motion_planner/trajectory_generator_circ.h
-- Up-to-date symlink: /home/elian/ws_moveit2/install/pilz_industrial_motion_planner/include/pilz_industrial_motion_planner/trajectory_generator_lin.h
-- Up-to-date symlink: /home/elian/ws_moveit2/install/pilz_industrial_motion_planner/include/pilz_industrial_motion_planner/trajectory_generator_ptp.h
-- Up-to-date symlink: /home/elian/ws_moveit2/install/pilz_industrial_motion_planner/include/pilz_industrial_motion_planner/velocity_profile_atrap.h
-- Up-to-date symlink: /home/elian/ws_moveit2/install/pilz_industrial_motion_planner/share/pilz_industrial_motion_planner/environment/library_path.sh
-- Up-to-date symlink: /home/elian/ws_moveit2/install/pilz_industrial_motion_planner/share/pilz_industrial_motion_planner/environment/library_path.dsv
-- Up-to-date symlink: /home/elian/ws_moveit2/install/pilz_industrial_motion_planner/share/ament_index/resource_index/package_run_dependencies/pilz_industrial_motion_planner
-- Up-to-date symlink: /home/elian/ws_moveit2/install/pilz_industrial_motion_planner/share/ament_index/resource_index/parent_prefix_path/pilz_industrial_motion_planner
-- Up-to-date symlink: /home/elian/ws_moveit2/install/pilz_industrial_motion_planner/share/pilz_industrial_motion_planner/environment/ament_prefix_path.sh
-- Up-to-date symlink: /home/elian/ws_moveit2/install/pilz_industrial_motion_planner/share/pilz_industrial_motion_planner/environment/ament_prefix_path.dsv
-- Up-to-date symlink: /home/elian/ws_moveit2/install/pilz_industrial_motion_planner/share/pilz_industrial_motion_planner/environment/path.sh
-- Up-to-date symlink: /home/elian/ws_moveit2/install/pilz_industrial_motion_planner/share/pilz_industrial_motion_planner/environment/path.dsv
-- Up-to-date symlink: /home/elian/ws_moveit2/install/pilz_industrial_motion_planner/share/pilz_industrial_motion_planner/local_setup.bash
-- Up-to-date symlink: /home/elian/ws_moveit2/install/pilz_industrial_motion_planner/share/pilz_industrial_motion_planner/local_setup.sh
-- Up-to-date symlink: /home/elian/ws_moveit2/install/pilz_industrial_motion_planner/share/pilz_industrial_motion_planner/local_setup.zsh
-- Up-to-date symlink: /home/elian/ws_moveit2/install/pilz_industrial_motion_planner/share/pilz_industrial_motion_planner/local_setup.dsv
-- Symlinking: /home/elian/ws_moveit2/install/pilz_industrial_motion_planner/share/pilz_industrial_motion_planner/package.dsv
-- Up-to-date symlink: /home/elian/ws_moveit2/install/pilz_industrial_motion_planner/share/ament_index/resource_index/packages/pilz_industrial_motion_planner
-- Up-to-date symlink: /home/elian/ws_moveit2/install/pilz_industrial_motion_planner/share/ament_index/resource_index/moveit_core__pluginlib__plugin/pilz_industrial_motion_planner
-- Up-to-date symlink: /home/elian/ws_moveit2/install/pilz_industrial_motion_planner/share/ament_index/resource_index/moveit_ros_move_group__pluginlib__plugin/pilz_industrial_motion_planner
-- Up-to-date symlink: /home/elian/ws_moveit2/install/pilz_industrial_motion_planner/share/ament_index/resource_index/pilz_industrial_motion_planner__pluginlib__plugin/pilz_industrial_motion_planner
-- Up-to-date symlink: /home/elian/ws_moveit2/install/pilz_industrial_motion_planner/share/pilz_industrial_motion_planner/cmake/ament_cmake_export_include_directories-extras.cmake
-- Up-to-date symlink: /home/elian/ws_moveit2/install/pilz_industrial_motion_planner/share/pilz_industrial_motion_planner/cmake/ament_cmake_export_targets-extras.cmake
-- Up-to-date symlink: /home/elian/ws_moveit2/install/pilz_industrial_motion_planner/share/pilz_industrial_motion_planner/cmake/ament_cmake_export_dependencies-extras.cmake
-- Up-to-date symlink: /home/elian/ws_moveit2/install/pilz_industrial_motion_planner/share/pilz_industrial_motion_planner/cmake/pilz_industrial_motion_plannerConfig.cmake
-- Up-to-date symlink: /home/elian/ws_moveit2/install/pilz_industrial_motion_planner/share/pilz_industrial_motion_planner/cmake/pilz_industrial_motion_plannerConfig-version.cmake
-- Up-to-date symlink: /home/elian/ws_moveit2/install/pilz_industrial_motion_planner/share/pilz_industrial_motion_planner/package.xml
-- Up-to-date: /home/elian/ws_moveit2/install/pilz_industrial_motion_planner/lib/libpilz_industrial_motion_planner.so
-- Up-to-date: /home/elian/ws_moveit2/install/pilz_industrial_motion_planner/lib/libjoint_limits_common.so
-- Up-to-date: /home/elian/ws_moveit2/install/pilz_industrial_motion_planner/lib/libplanning_context_loader_base.so
-- Up-to-date: /home/elian/ws_moveit2/install/pilz_industrial_motion_planner/lib/libplanning_context_loader_ptp.so
-- Up-to-date: /home/elian/ws_moveit2/install/pilz_industrial_motion_planner/lib/libplanning_context_loader_lin.so
-- Up-to-date: /home/elian/ws_moveit2/install/pilz_industrial_motion_planner/lib/libplanning_context_loader_circ.so
-- Up-to-date: /home/elian/ws_moveit2/install/pilz_industrial_motion_planner/lib/libcommand_list_manager.so
-- Up-to-date: /home/elian/ws_moveit2/install/pilz_industrial_motion_planner/lib/libsequence_capability.so
-- Up-to-date: /home/elian/ws_moveit2/install/pilz_industrial_motion_planner/lib/libtrajectory_generation_common.so
-- Up-to-date: /home/elian/ws_moveit2/install/pilz_industrial_motion_planner/share/pilz_industrial_motion_planner/cmake/pilz_industrial_motion_plannerTargetsExport.cmake
-- Up-to-date: /home/elian/ws_moveit2/install/pilz_industrial_motion_planner/share/pilz_industrial_motion_planner/cmake/pilz_industrial_motion_plannerTargetsExport-release.cmake
