[0.010s] Invoking command in '/home/elian/ws_moveit2/build/moveit_common': CMAKE_PREFIX_PATH=${CMAKE_PREFIX_PATH}:/home/elian/ws_moveit2/install/moveit_configs_utils:/home/elian/ws_moveit2/install/launch_param_builder:/opt/ros/humble /usr/bin/cmake --build /home/elian/ws_moveit2/build/moveit_common -- -j8 -l8
[0.048s] Invoked command in '/home/elian/ws_moveit2/build/moveit_common' returned '0': CMAKE_PREFIX_PATH=${CMAKE_PREFIX_PATH}:/home/elian/ws_moveit2/install/moveit_configs_utils:/home/elian/ws_moveit2/install/launch_param_builder:/opt/ros/humble /usr/bin/cmake --build /home/elian/ws_moveit2/build/moveit_common -- -j8 -l8
[0.057s] Invoking command in '/home/elian/ws_moveit2/build/moveit_common': CMAKE_PREFIX_PATH=${CMAKE_PREFIX_PATH}:/home/elian/ws_moveit2/install/moveit_configs_utils:/home/elian/ws_moveit2/install/launch_param_builder:/opt/ros/humble /usr/bin/cmake --install /home/elian/ws_moveit2/build/moveit_common
[0.065s] -- Install configuration: "Debug"
[0.065s] -- Execute custom install script
[0.065s] -- Up-to-date symlink: /home/elian/ws_moveit2/install/moveit_common/share/ament_index/resource_index/package_run_dependencies/moveit_common
[0.066s] -- Up-to-date symlink: /home/elian/ws_moveit2/install/moveit_common/share/ament_index/resource_index/parent_prefix_path/moveit_common
[0.066s] -- Up-to-date symlink: /home/elian/ws_moveit2/install/moveit_common/share/moveit_common/environment/ament_prefix_path.sh
[0.066s] -- Up-to-date symlink: /home/elian/ws_moveit2/install/moveit_common/share/moveit_common/environment/ament_prefix_path.dsv
[0.066s] -- Up-to-date symlink: /home/elian/ws_moveit2/install/moveit_common/share/moveit_common/environment/path.sh
[0.066s] -- Up-to-date symlink: /home/elian/ws_moveit2/install/moveit_common/share/moveit_common/environment/path.dsv
[0.066s] -- Up-to-date symlink: /home/elian/ws_moveit2/install/moveit_common/share/moveit_common/local_setup.bash
[0.066s] -- Up-to-date symlink: /home/elian/ws_moveit2/install/moveit_common/share/moveit_common/local_setup.sh
[0.066s] -- Up-to-date symlink: /home/elian/ws_moveit2/install/moveit_common/share/moveit_common/local_setup.zsh
[0.066s] -- Up-to-date symlink: /home/elian/ws_moveit2/install/moveit_common/share/moveit_common/local_setup.dsv
[0.066s] -- Symlinking: /home/elian/ws_moveit2/install/moveit_common/share/moveit_common/package.dsv
[0.075s] -- Up-to-date symlink: /home/elian/ws_moveit2/install/moveit_common/share/ament_index/resource_index/packages/moveit_common
[0.075s] -- Up-to-date symlink: /home/elian/ws_moveit2/install/moveit_common/share/moveit_common/cmake/moveit_common-extras.cmake
[0.075s] -- Up-to-date symlink: /home/elian/ws_moveit2/install/moveit_common/share/moveit_common/cmake/moveit_commonConfig.cmake
[0.076s] -- Up-to-date symlink: /home/elian/ws_moveit2/install/moveit_common/share/moveit_common/cmake/moveit_commonConfig-version.cmake
[0.076s] -- Up-to-date symlink: /home/elian/ws_moveit2/install/moveit_common/share/moveit_common/package.xml
[0.076s] -- Up-to-date symlink: /home/elian/ws_moveit2/install/moveit_common/share/moveit_common/cmake/moveit_package.cmake
[0.077s] Invoked command in '/home/elian/ws_moveit2/build/moveit_common' returned '0': CMAKE_PREFIX_PATH=${CMAKE_PREFIX_PATH}:/home/elian/ws_moveit2/install/moveit_configs_utils:/home/elian/ws_moveit2/install/launch_param_builder:/opt/ros/humble /usr/bin/cmake --install /home/elian/ws_moveit2/build/moveit_common
