-- Found moveit_common: 2.5.9 (/home/elian/ws_moveit2/install/moveit_common/share/moveit_common/cmake)
-- Found ament_cmake: 1.3.12 (/opt/ros/humble/share/ament_cmake/cmake)
-- Override CMake install command with custom implementation using symlinks instead of copying resources
-- Found ament_cmake_ros: 0.10.0 (/opt/ros/humble/share/ament_cmake_ros/cmake)
-- Found ament_index_cpp: 1.4.0 (/opt/ros/humble/share/ament_index_cpp/cmake)
-- Found moveit_ros_visualization: 2.5.9 (/home/elian/ws_moveit2/install/moveit_ros_visualization/share/moveit_ros_visualization/cmake)
-- Found Boost: /usr/lib/x86_64-linux-gnu/cmake/Boost-1.74.0/BoostConfig.cmake (found version "1.74.0") found components: thread date_time system filesystem 
-- Found Boost: /usr/lib/x86_64-linux-gnu/cmake/Boost-1.74.0/BoostConfig.cmake (found version "1.74.0") found components: filesystem 
-- Found rosidl_generator_c: 3.1.7 (/opt/ros/humble/share/rosidl_generator_c/cmake)
-- Found rosidl_adapter: 3.1.7 (/opt/ros/humble/share/rosidl_adapter/cmake)
-- Found rosidl_generator_cpp: 3.1.7 (/opt/ros/humble/share/rosidl_generator_cpp/cmake)
-- Using all available rosidl_typesupport_c: rosidl_typesupport_fastrtps_c;rosidl_typesupport_introspection_c
-- Using all available rosidl_typesupport_cpp: rosidl_typesupport_fastrtps_cpp;rosidl_typesupport_introspection_cpp
-- Found rmw_implementation_cmake: 6.1.2 (/opt/ros/humble/share/rmw_implementation_cmake/cmake)
-- Found rmw_fastrtps_cpp: 6.2.8 (/opt/ros/humble/share/rmw_fastrtps_cpp/cmake)
-- Using RMW implementation 'rmw_fastrtps_cpp' as default
-- library: /usr/lib/x86_64-linux-gnu/libcurl.so
-- Found Boost: /usr/lib/x86_64-linux-gnu/cmake/Boost-1.74.0/BoostConfig.cmake (found version "1.74.0") found components: system filesystem date_time program_options thread chrono 
-- Found Boost: /usr/lib/x86_64-linux-gnu/cmake/Boost-1.74.0/BoostConfig.cmake (found version "1.74.0") found components: chrono date_time filesystem iostreams program_options regex serialization system thread 
-- Found parameter_traits: 0.5.0 (/opt/ros/humble/share/parameter_traits/cmake)
-- Found rclcpp_lifecycle: 16.0.14 (/opt/ros/humble/share/rclcpp_lifecycle/cmake)
-- Ensuring Eigen3 include directory is part of orocos-kdl CMake target
-- Found Boost: /usr/lib/x86_64-linux-gnu/cmake/Boost-1.74.0/BoostConfig.cmake (found version "1.74.0") found components: date_time filesystem program_options system thread 
-- Found Boost: /usr/lib/x86_64-linux-gnu/cmake/Boost-1.74.0/BoostConfig.cmake (found version "1.74.0") found components: thread system filesystem regex date_time program_options 
-- Found Boost: /usr/lib/x86_64-linux-gnu/cmake/Boost-1.74.0/BoostConfig.cmake (found version "1.74.0") found components: system filesystem date_time program_options thread 
-- Setting OGRE_DIR to: '/opt/ros/humble/share/rviz_ogre_vendor/cmake/../../../opt/rviz_ogre_vendor/lib/OGRE/cmake'
-- Found OGRE
--   static     : OFF
--   components : HLMS;MeshLodGenerator;Overlay;Paging;Property;RTShaderSystem;Terrain;Volume
--   plugins    : Plugin_BSPSceneManager;Plugin_OctreeSceneManager;Plugin_PCZSceneManager;Plugin_ParticleFX;RenderSystem_GL;RenderSystem_GL3Plus;Codec_STBI
--   media      : /opt/ros/humble/opt/rviz_ogre_vendor/share/OGRE/Media
-- OGRE_LIBRARIES: OgreHLMS;OgreMeshLodGenerator;OgreOverlay;OgrePaging;OgreProperty;OgreRTShaderSystem;OgreTerrain;OgreVolume;OgreMain
-- OGRE_LIBRARY_DIRS: /opt/ros/humble/opt/rviz_ogre_vendor/lib
-- OGRE_PLUGINS: Plugin_BSPSceneManager;Plugin_OctreeSceneManager;Plugin_PCZSceneManager;Plugin_ParticleFX;RenderSystem_GL;RenderSystem_GL3Plus;Codec_STBI
-- OGRE_PLUGIN_DIR: /opt/ros/humble/opt/rviz_ogre_vendor/lib/OGRE
-- rviz_ogre_vendor::OgreOverlay for IMPORTED_LOCATION_RELEASE: /opt/ros/humble/opt/rviz_ogre_vendor/lib/libOgreOverlay.so
-- rviz_ogre_vendor::OgreOverlay for IMPORTED_LOCATION_DEBUG: /opt/ros/humble/opt/rviz_ogre_vendor/lib/libOgreOverlay.so
-- rviz_ogre_vendor::OgreMain for IMPORTED_LOCATION_RELEASE: /opt/ros/humble/opt/rviz_ogre_vendor/lib/libOgreMain.so
-- rviz_ogre_vendor::OgreMain for IMPORTED_LOCATION_DEBUG: /opt/ros/humble/opt/rviz_ogre_vendor/lib/libOgreMain.so
-- Setting assimp_DIR to: '/opt/ros/humble/share/rviz_assimp_vendor/cmake/../../../opt/rviz_assimp_vendor/lib/cmake/assimp-4.1'
-- Found moveit_setup_framework: 2.5.9 (/home/elian/ws_moveit2/install/moveit_setup_framework/share/moveit_setup_framework/cmake)
-- Configuring done
-- Generating done
-- Build files have been written to: /home/elian/ws_moveit2/build/moveit_setup_app_plugins
[  7%] [34m[1mAutomatic MOC for target moveit_setup_app_plugins[0m
[  7%] Built target moveit_setup_app_plugins_autogen
[35m[1mConsolidate compiler generated dependencies of target moveit_setup_app_plugins[0m
[ 15%] [32mBuilding CXX object CMakeFiles/moveit_setup_app_plugins.dir/src/launches.cpp.o[0m
[ 23%] [32mBuilding CXX object CMakeFiles/moveit_setup_app_plugins.dir/moveit_setup_app_plugins_autogen/mocs_compilation.cpp.o[0m
[ 30%] [32mBuilding CXX object CMakeFiles/moveit_setup_app_plugins.dir/src/launches_widget.cpp.o[0m
[ 38%] [32mBuilding CXX object CMakeFiles/moveit_setup_app_plugins.dir/src/perception.cpp.o[0m
[ 53%] [32mBuilding CXX object CMakeFiles/moveit_setup_app_plugins.dir/src/launches_config.cpp.o[0m
[ 53%] [32mBuilding CXX object CMakeFiles/moveit_setup_app_plugins.dir/src/perception_config.cpp.o[0m
[ 61%] [32mBuilding CXX object CMakeFiles/moveit_setup_app_plugins.dir/src/perception_widget.cpp.o[0m
[ 69%] [32mBuilding CXX object CMakeFiles/moveit_setup_app_plugins.dir/include/moveit_setup_app_plugins/moc_launches_widget.cpp.o[0m
[ 76%] [32mBuilding CXX object CMakeFiles/moveit_setup_app_plugins.dir/include/moveit_setup_app_plugins/moc_perception_widget.cpp.o[0m
[ 84%] [32m[1mLinking CXX shared library libmoveit_setup_app_plugins.so[0m
[100%] Built target moveit_setup_app_plugins
-- Install configuration: "Debug"
-- Execute custom install script
-- Up-to-date symlink: /home/elian/ws_moveit2/install/moveit_setup_app_plugins/share/moveit_setup_app_plugins/templates/config/moveit.rviz
-- Up-to-date symlink: /home/elian/ws_moveit2/install/moveit_setup_app_plugins/share/moveit_setup_app_plugins/templates/config/sensors_3d.yaml
-- Up-to-date symlink: /home/elian/ws_moveit2/install/moveit_setup_app_plugins/share/moveit_setup_app_plugins/templates/launch/generic.launch.py.template
-- Up-to-date symlink: /home/elian/ws_moveit2/install/moveit_setup_app_plugins/share/moveit_setup_app_plugins/moveit_setup_framework_plugins.xml
-- Up-to-date symlink: /home/elian/ws_moveit2/install/moveit_setup_app_plugins/include/moveit_setup_app_plugins/launch_bundle.hpp
-- Up-to-date symlink: /home/elian/ws_moveit2/install/moveit_setup_app_plugins/include/moveit_setup_app_plugins/launches.hpp
-- Up-to-date symlink: /home/elian/ws_moveit2/install/moveit_setup_app_plugins/include/moveit_setup_app_plugins/launches_config.hpp
-- Up-to-date symlink: /home/elian/ws_moveit2/install/moveit_setup_app_plugins/include/moveit_setup_app_plugins/launches_widget.hpp
-- Up-to-date symlink: /home/elian/ws_moveit2/install/moveit_setup_app_plugins/include/moveit_setup_app_plugins/perception.hpp
-- Up-to-date symlink: /home/elian/ws_moveit2/install/moveit_setup_app_plugins/include/moveit_setup_app_plugins/perception_config.hpp
-- Up-to-date symlink: /home/elian/ws_moveit2/install/moveit_setup_app_plugins/include/moveit_setup_app_plugins/perception_widget.hpp
-- Up-to-date symlink: /home/elian/ws_moveit2/install/moveit_setup_app_plugins/share/moveit_setup_app_plugins/environment/library_path.sh
-- Up-to-date symlink: /home/elian/ws_moveit2/install/moveit_setup_app_plugins/share/moveit_setup_app_plugins/environment/library_path.dsv
-- Up-to-date symlink: /home/elian/ws_moveit2/install/moveit_setup_app_plugins/share/moveit_setup_app_plugins//moveit_setup_framework_plugins.xml
-- Up-to-date symlink: /home/elian/ws_moveit2/install/moveit_setup_app_plugins/share/ament_index/resource_index/package_run_dependencies/moveit_setup_app_plugins
-- Up-to-date symlink: /home/elian/ws_moveit2/install/moveit_setup_app_plugins/share/ament_index/resource_index/parent_prefix_path/moveit_setup_app_plugins
-- Up-to-date symlink: /home/elian/ws_moveit2/install/moveit_setup_app_plugins/share/moveit_setup_app_plugins/environment/ament_prefix_path.sh
-- Up-to-date symlink: /home/elian/ws_moveit2/install/moveit_setup_app_plugins/share/moveit_setup_app_plugins/environment/ament_prefix_path.dsv
-- Up-to-date symlink: /home/elian/ws_moveit2/install/moveit_setup_app_plugins/share/moveit_setup_app_plugins/environment/path.sh
-- Up-to-date symlink: /home/elian/ws_moveit2/install/moveit_setup_app_plugins/share/moveit_setup_app_plugins/environment/path.dsv
-- Up-to-date symlink: /home/elian/ws_moveit2/install/moveit_setup_app_plugins/share/moveit_setup_app_plugins/local_setup.bash
-- Up-to-date symlink: /home/elian/ws_moveit2/install/moveit_setup_app_plugins/share/moveit_setup_app_plugins/local_setup.sh
-- Up-to-date symlink: /home/elian/ws_moveit2/install/moveit_setup_app_plugins/share/moveit_setup_app_plugins/local_setup.zsh
-- Up-to-date symlink: /home/elian/ws_moveit2/install/moveit_setup_app_plugins/share/moveit_setup_app_plugins/local_setup.dsv
-- Symlinking: /home/elian/ws_moveit2/install/moveit_setup_app_plugins/share/moveit_setup_app_plugins/package.dsv
-- Up-to-date symlink: /home/elian/ws_moveit2/install/moveit_setup_app_plugins/share/ament_index/resource_index/packages/moveit_setup_app_plugins
-- Up-to-date symlink: /home/elian/ws_moveit2/install/moveit_setup_app_plugins/share/ament_index/resource_index/moveit_setup_framework__pluginlib__plugin/moveit_setup_app_plugins
-- Up-to-date symlink: /home/elian/ws_moveit2/install/moveit_setup_app_plugins/share/moveit_setup_app_plugins/cmake/ament_cmake_export_include_directories-extras.cmake
-- Up-to-date symlink: /home/elian/ws_moveit2/install/moveit_setup_app_plugins/share/moveit_setup_app_plugins/cmake/ament_cmake_export_libraries-extras.cmake
-- Up-to-date symlink: /home/elian/ws_moveit2/install/moveit_setup_app_plugins/share/moveit_setup_app_plugins/cmake/ament_cmake_export_targets-extras.cmake
-- Up-to-date symlink: /home/elian/ws_moveit2/install/moveit_setup_app_plugins/share/moveit_setup_app_plugins/cmake/moveit_setup_app_pluginsConfig.cmake
-- Up-to-date symlink: /home/elian/ws_moveit2/install/moveit_setup_app_plugins/share/moveit_setup_app_plugins/cmake/moveit_setup_app_pluginsConfig-version.cmake
-- Up-to-date symlink: /home/elian/ws_moveit2/install/moveit_setup_app_plugins/share/moveit_setup_app_plugins/package.xml
-- Installing: /home/elian/ws_moveit2/install/moveit_setup_app_plugins/lib/libmoveit_setup_app_plugins.so
-- Set runtime path of "/home/elian/ws_moveit2/install/moveit_setup_app_plugins/lib/libmoveit_setup_app_plugins.so" to ""
-- Up-to-date: /home/elian/ws_moveit2/install/moveit_setup_app_plugins/share/moveit_setup_app_plugins/cmake/export_moveit_setup_app_pluginsExport.cmake
-- Installing: /home/elian/ws_moveit2/install/moveit_setup_app_plugins/share/moveit_setup_app_plugins/cmake/export_moveit_setup_app_pluginsExport-debug.cmake
