-- The C compiler identification is GNU 11.4.0
-- The CXX compiler identification is GNU 11.4.0
-- Detecting C compiler ABI info
-- Detecting C compiler ABI info - done
-- Check for working C compiler: /usr/bin/cc - skipped
-- Detecting C compile features
-- Detecting C compile features - done
-- Detecting CXX compiler ABI info
-- Detecting CXX compiler ABI info - done
-- Check for working CXX compiler: /usr/bin/c++ - skipped
-- Detecting CXX compile features
-- Detecting CXX compile features - done
-- Found ament_cmake: 1.3.12 (/opt/ros/humble/share/ament_cmake/cmake)
-- Found Python3: /usr/bin/python3 (found version "3.10.12") found components: Interpreter 
-- Override CMake install command with custom implementation using symlinks instead of copying resources
-- Found Boost: /usr/lib/x86_64-linux-gnu/cmake/Boost-1.74.0/BoostConfig.cmake (found version "1.74.0")  
-- Found geometry_msgs: 4.9.0 (/opt/ros/humble/share/geometry_msgs/cmake)
-- Found rosidl_generator_c: 3.1.7 (/opt/ros/humble/share/rosidl_generator_c/cmake)
-- Found rosidl_adapter: 3.1.7 (/opt/ros/humble/share/rosidl_adapter/cmake)
-- Found rosidl_generator_cpp: 3.1.7 (/opt/ros/humble/share/rosidl_generator_cpp/cmake)
-- Using all available rosidl_typesupport_c: rosidl_typesupport_fastrtps_c;rosidl_typesupport_introspection_c
-- Using all available rosidl_typesupport_cpp: rosidl_typesupport_fastrtps_cpp;rosidl_typesupport_introspection_cpp
-- Found moveit_common: 2.5.9 (/home/elian/ws_moveit2/install/moveit_common/share/moveit_common/cmake)
[0mmoveit_task_constructor_core: You did not request a specific build type: Choosing 'Release' for maximum performance[0m
-- Found moveit_core: 2.5.9 (/home/elian/ws_moveit2/install/moveit_core/share/moveit_core/cmake)
-- Found Boost: /usr/lib/x86_64-linux-gnu/cmake/Boost-1.74.0/BoostConfig.cmake (found version "1.74.0") found components: chrono date_time filesystem iostreams program_options regex serialization system thread 
-- Found parameter_traits: 0.5.0 (/opt/ros/humble/share/parameter_traits/cmake)
-- Found rmw_implementation_cmake: 6.1.2 (/opt/ros/humble/share/rmw_implementation_cmake/cmake)
-- Found rmw_fastrtps_cpp: 6.2.8 (/opt/ros/humble/share/rmw_fastrtps_cpp/cmake)
-- Found OpenSSL: /usr/lib/x86_64-linux-gnu/libcrypto.so (found version "3.0.2")  
-- Found FastRTPS: /opt/ros/humble/include  
-- Using RMW implementation 'rmw_fastrtps_cpp' as default
-- Found Threads: TRUE  
-- Found rclcpp_lifecycle: 16.0.14 (/opt/ros/humble/share/rclcpp_lifecycle/cmake)
-- Found Boost: /usr/lib/x86_64-linux-gnu/cmake/Boost-1.74.0/BoostConfig.cmake (found version "1.74.0") found components: filesystem 
-- library: /usr/lib/x86_64-linux-gnu/libcurl.so
-- Found Eigen3: TRUE (found version "3.4.0") 
-- Ensuring Eigen3 include directory is part of orocos-kdl CMake target
-- Found moveit_ros_planning: 2.5.9 (/home/elian/ws_moveit2/install/moveit_ros_planning/share/moveit_ros_planning/cmake)
-- Found Boost: /usr/lib/x86_64-linux-gnu/cmake/Boost-1.74.0/BoostConfig.cmake (found version "1.74.0") found components: system filesystem date_time program_options thread chrono 
-- Found moveit_ros_planning_interface: 2.5.9 (/home/elian/ws_moveit2/install/moveit_ros_planning_interface/share/moveit_ros_planning_interface/cmake)
-- Found Boost: /usr/lib/x86_64-linux-gnu/cmake/Boost-1.74.0/BoostConfig.cmake (found version "1.74.0") found components: date_time filesystem program_options system thread 
-- Found Boost: /usr/lib/x86_64-linux-gnu/cmake/Boost-1.74.0/BoostConfig.cmake (found version "1.74.0") found components: thread system filesystem regex date_time program_options 
-- Found Boost: /usr/lib/x86_64-linux-gnu/cmake/Boost-1.74.0/BoostConfig.cmake (found version "1.74.0") found components: system filesystem date_time program_options thread 
-- Found moveit_task_constructor_msgs: 0.1.3 (/home/elian/ws_moveit2/install/moveit_task_constructor_msgs/share/moveit_task_constructor_msgs/cmake)
-- Found py_binding_tools: 2.0.1 (/opt/ros/humble/share/py_binding_tools/cmake)
-- Found rviz_marker_tools: 0.1.3 (/home/elian/ws_moveit2/install/rviz_marker_tools/share/rviz_marker_tools/cmake)
-- Found Python3: /usr/bin/python3 (found version "3.10.12") found components: Interpreter Development Development.Module Development.Embed 
-- pybind11 v2.13.0 dev1
-- Found PythonInterp: /usr/bin/python3 (found suitable version "3.10.12", minimum required is "3.6") 
-- Found PythonLibs: /usr/lib/x86_64-linux-gnu/libpython3.10.so
-- Performing Test HAS_FLTO
-- Performing Test HAS_FLTO - Success
-- Configuring done
-- Generating done
-- Build files have been written to: /home/elian/ws_moveit2/build/moveit_task_constructor_core
[  2%] [32mBuilding CXX object src/CMakeFiles/moveit_task_constructor_core.dir/cost_terms.cpp.o[0m
[  4%] [32mBuilding CXX object src/CMakeFiles/moveit_task_constructor_core.dir/container.cpp.o[0m
[  7%] [32mBuilding CXX object src/CMakeFiles/moveit_task_constructor_core.dir/introspection.cpp.o[0m
[  9%] [32mBuilding CXX object src/CMakeFiles/moveit_task_constructor_core.dir/marker_tools.cpp.o[0m
[ 11%] [32mBuilding CXX object src/CMakeFiles/moveit_task_constructor_core.dir/merge.cpp.o[0m
[ 14%] [32mBuilding CXX object src/CMakeFiles/moveit_task_constructor_core.dir/properties.cpp.o[0m
[ 14%] Built target ament_cmake_python_symlink_moveit
[ 16%] [32mBuilding CXX object src/CMakeFiles/moveit_task_constructor_core.dir/stage.cpp.o[0m
running egg_info
creating moveit.egg-info
writing moveit.egg-info/PKG-INFO
writing dependency_links to moveit.egg-info/dependency_links.txt
writing top-level names to moveit.egg-info/top_level.txt
writing manifest file 'moveit.egg-info/SOURCES.txt'
reading manifest file 'moveit.egg-info/SOURCES.txt'
writing manifest file 'moveit.egg-info/SOURCES.txt'
[ 16%] Built target ament_cmake_python_build_moveit_egg
[ 19%] [32mBuilding CXX object src/CMakeFiles/moveit_task_constructor_core.dir/storage.cpp.o[0m
[ 21%] [32mBuilding CXX object src/CMakeFiles/moveit_task_constructor_core.dir/task.cpp.o[0m
[ 23%] [32mBuilding CXX object src/CMakeFiles/moveit_task_constructor_core.dir/solvers/multi_planner.cpp.o[0m
[ 26%] [32mBuilding CXX object src/CMakeFiles/moveit_task_constructor_core.dir/solvers/pipeline_planner.cpp.o[0m
[ 28%] [32mBuilding CXX object src/CMakeFiles/moveit_task_constructor_core.dir/solvers/joint_interpolation.cpp.o[0m
[ 30%] [32mBuilding CXX object src/CMakeFiles/moveit_task_constructor_core.dir/solvers/planner_interface.cpp.o[0m
[ 33%] [32mBuilding CXX object src/CMakeFiles/moveit_task_constructor_core.dir/solvers/cartesian_path.cpp.o[0m
[ 35%] [32mBuilding CXX object src/CMakeFiles/moveit_task_constructor_core.dir/utils.cpp.o[0m
[ 38%] [32m[1mLinking CXX shared library libmoveit_task_constructor_core.so[0m
[ 38%] Built target moveit_task_constructor_core
[ 40%] [32mBuilding CXX object src/stages/CMakeFiles/moveit_task_constructor_core_stages.dir/modify_planning_scene.cpp.o[0m
[ 42%] [32mBuilding CXX object src/stages/CMakeFiles/moveit_task_constructor_core_stages.dir/fix_collision_objects.cpp.o[0m
[ 45%] [32mBuilding CXX object src/stages/CMakeFiles/moveit_task_constructor_core_stages.dir/generate_grasp_pose.cpp.o[0m
[ 47%] [32mBuilding CXX object src/stages/CMakeFiles/moveit_task_constructor_core_stages.dir/generate_random_pose.cpp.o[0m
[ 50%] [32mBuilding CXX object src/stages/CMakeFiles/moveit_task_constructor_core_stages.dir/generate_pose.cpp.o[0m
[ 52%] [32mBuilding CXX object src/stages/CMakeFiles/moveit_task_constructor_core_stages.dir/fixed_cartesian_poses.cpp.o[0m
[ 54%] [32mBuilding CXX object src/stages/CMakeFiles/moveit_task_constructor_core_stages.dir/fixed_state.cpp.o[0m
[ 57%] [32mBuilding CXX object src/stages/CMakeFiles/moveit_task_constructor_core_stages.dir/generate_place_pose.cpp.o[0m
[ 59%] [32mBuilding CXX object src/stages/CMakeFiles/moveit_task_constructor_core_stages.dir/current_state.cpp.o[0m
[ 61%] [32mBuilding CXX object src/stages/CMakeFiles/moveit_task_constructor_core_stages.dir/compute_ik.cpp.o[0m
[ 64%] [32mBuilding CXX object src/stages/CMakeFiles/moveit_task_constructor_core_stages.dir/passthrough.cpp.o[0m
[ 66%] [32mBuilding CXX object src/stages/CMakeFiles/moveit_task_constructor_core_stages.dir/predicate_filter.cpp.o[0m
[ 69%] [32mBuilding CXX object src/stages/CMakeFiles/moveit_task_constructor_core_stages.dir/connect.cpp.o[0m
[ 71%] [32mBuilding CXX object src/stages/CMakeFiles/moveit_task_constructor_core_stages.dir/move_to.cpp.o[0m
[ 73%] [32mBuilding CXX object src/stages/CMakeFiles/moveit_task_constructor_core_stages.dir/move_relative.cpp.o[0m
[ 76%] [32mBuilding CXX object src/stages/CMakeFiles/moveit_task_constructor_core_stages.dir/pick.cpp.o[0m
[ 78%] [32mBuilding CXX object src/stages/CMakeFiles/moveit_task_constructor_core_stages.dir/simple_grasp.cpp.o[0m
[ 80%] [32m[1mLinking CXX shared library libmoveit_task_constructor_core_stages.so[0m
[ 80%] Built target moveit_task_constructor_core_stages
[ 85%] [32mBuilding CXX object python/bindings/CMakeFiles/pymoveit_mtc.dir/src/properties.cpp.o[0m
[ 88%] [32mBuilding CXX object python/bindings/CMakeFiles/pymoveit_mtc.dir/src/core.cpp.o[0m
[ 88%] [32mBuilding CXX object src/stages/CMakeFiles/moveit_task_constructor_core_stage_plugins.dir/plugins.cpp.o[0m
[ 90%] [32mBuilding CXX object python/bindings/CMakeFiles/pymoveit_mtc.dir/src/solvers.cpp.o[0m
[ 92%] [32m[1mLinking CXX shared library libmoveit_task_constructor_core_stage_plugins.so[0m
[ 92%] Built target moveit_task_constructor_core_stage_plugins
[ 95%] [32mBuilding CXX object python/bindings/CMakeFiles/pymoveit_mtc.dir/src/module.cpp.o[0m
[ 97%] [32mBuilding CXX object python/bindings/CMakeFiles/pymoveit_mtc.dir/src/stages.cpp.o[0m
[100%] [32m[1mLinking CXX shared module pymoveit_mtc.cpython-310-x86_64-linux-gnu.so[0m
lto-wrapper: warning: using serial compilation of 12 LTRANS jobs
[100%] Built target pymoveit_mtc
-- Install configuration: "Release"
-- Execute custom install script
-- Symlinking: /home/elian/ws_moveit2/install/moveit_task_constructor_core/share/moveit_task_constructor_core/environment/pythonpath.sh
-- Symlinking: /home/elian/ws_moveit2/install/moveit_task_constructor_core/share/moveit_task_constructor_core/environment/pythonpath.dsv
-- Symlinking: /home/elian/ws_moveit2/install/moveit_task_constructor_core/local/lib/python3.10/dist-packages/moveit-0.1.3-py3.10.egg-info/PKG-INFO
-- Symlinking: /home/elian/ws_moveit2/install/moveit_task_constructor_core/local/lib/python3.10/dist-packages/moveit-0.1.3-py3.10.egg-info/SOURCES.txt
-- Symlinking: /home/elian/ws_moveit2/install/moveit_task_constructor_core/local/lib/python3.10/dist-packages/moveit-0.1.3-py3.10.egg-info/dependency_links.txt
-- Symlinking: /home/elian/ws_moveit2/install/moveit_task_constructor_core/local/lib/python3.10/dist-packages/moveit-0.1.3-py3.10.egg-info/top_level.txt
-- Symlinking: /home/elian/ws_moveit2/install/moveit_task_constructor_core/local/lib/python3.10/dist-packages/moveit/__init__.py
-- Symlinking: /home/elian/ws_moveit2/install/moveit_task_constructor_core/local/lib/python3.10/dist-packages/moveit/task_constructor/__init__.py
-- Symlinking: /home/elian/ws_moveit2/install/moveit_task_constructor_core/local/lib/python3.10/dist-packages/moveit/task_constructor/core.py
-- Symlinking: /home/elian/ws_moveit2/install/moveit_task_constructor_core/local/lib/python3.10/dist-packages/moveit/task_constructor/stages.py
-- Symlinking: /home/elian/ws_moveit2/install/moveit_task_constructor_core/include/moveit/python/pybind11/attr.h
-- Symlinking: /home/elian/ws_moveit2/install/moveit_task_constructor_core/include/moveit/python/pybind11/buffer_info.h
-- Symlinking: /home/elian/ws_moveit2/install/moveit_task_constructor_core/include/moveit/python/pybind11/cast.h
-- Symlinking: /home/elian/ws_moveit2/install/moveit_task_constructor_core/include/moveit/python/pybind11/chrono.h
-- Symlinking: /home/elian/ws_moveit2/install/moveit_task_constructor_core/include/moveit/python/pybind11/common.h
-- Symlinking: /home/elian/ws_moveit2/install/moveit_task_constructor_core/include/moveit/python/pybind11/complex.h
-- Symlinking: /home/elian/ws_moveit2/install/moveit_task_constructor_core/include/moveit/python/pybind11/detail/class.h
-- Symlinking: /home/elian/ws_moveit2/install/moveit_task_constructor_core/include/moveit/python/pybind11/detail/common.h
-- Symlinking: /home/elian/ws_moveit2/install/moveit_task_constructor_core/include/moveit/python/pybind11/detail/descr.h
-- Symlinking: /home/elian/ws_moveit2/install/moveit_task_constructor_core/include/moveit/python/pybind11/detail/dynamic_raw_ptr_cast_if_possible.h
-- Symlinking: /home/elian/ws_moveit2/install/moveit_task_constructor_core/include/moveit/python/pybind11/detail/init.h
-- Symlinking: /home/elian/ws_moveit2/install/moveit_task_constructor_core/include/moveit/python/pybind11/detail/internals.h
-- Symlinking: /home/elian/ws_moveit2/install/moveit_task_constructor_core/include/moveit/python/pybind11/detail/smart_holder_poc.h
-- Symlinking: /home/elian/ws_moveit2/install/moveit_task_constructor_core/include/moveit/python/pybind11/detail/smart_holder_sfinae_hooks_only.h
-- Symlinking: /home/elian/ws_moveit2/install/moveit_task_constructor_core/include/moveit/python/pybind11/detail/smart_holder_type_casters.h
-- Symlinking: /home/elian/ws_moveit2/install/moveit_task_constructor_core/include/moveit/python/pybind11/detail/type_caster_base.h
-- Symlinking: /home/elian/ws_moveit2/install/moveit_task_constructor_core/include/moveit/python/pybind11/detail/type_caster_odr_guard.h
-- Symlinking: /home/elian/ws_moveit2/install/moveit_task_constructor_core/include/moveit/python/pybind11/detail/typeid.h
-- Symlinking: /home/elian/ws_moveit2/install/moveit_task_constructor_core/include/moveit/python/pybind11/eigen.h
-- Symlinking: /home/elian/ws_moveit2/install/moveit_task_constructor_core/include/moveit/python/pybind11/eigen/common.h
-- Symlinking: /home/elian/ws_moveit2/install/moveit_task_constructor_core/include/moveit/python/pybind11/eigen/matrix.h
-- Symlinking: /home/elian/ws_moveit2/install/moveit_task_constructor_core/include/moveit/python/pybind11/eigen/tensor.h
-- Symlinking: /home/elian/ws_moveit2/install/moveit_task_constructor_core/include/moveit/python/pybind11/embed.h
-- Symlinking: /home/elian/ws_moveit2/install/moveit_task_constructor_core/include/moveit/python/pybind11/eval.h
-- Symlinking: /home/elian/ws_moveit2/install/moveit_task_constructor_core/include/moveit/python/pybind11/functional.h
-- Symlinking: /home/elian/ws_moveit2/install/moveit_task_constructor_core/include/moveit/python/pybind11/gil.h
-- Symlinking: /home/elian/ws_moveit2/install/moveit_task_constructor_core/include/moveit/python/pybind11/gil_safe_call_once.h
-- Symlinking: /home/elian/ws_moveit2/install/moveit_task_constructor_core/include/moveit/python/pybind11/iostream.h
-- Symlinking: /home/elian/ws_moveit2/install/moveit_task_constructor_core/include/moveit/python/pybind11/numpy.h
-- Symlinking: /home/elian/ws_moveit2/install/moveit_task_constructor_core/include/moveit/python/pybind11/operators.h
-- Symlinking: /home/elian/ws_moveit2/install/moveit_task_constructor_core/include/moveit/python/pybind11/options.h
-- Symlinking: /home/elian/ws_moveit2/install/moveit_task_constructor_core/include/moveit/python/pybind11/pybind11.h
-- Symlinking: /home/elian/ws_moveit2/install/moveit_task_constructor_core/include/moveit/python/pybind11/pytypes.h
-- Symlinking: /home/elian/ws_moveit2/install/moveit_task_constructor_core/include/moveit/python/pybind11/smart_holder.h
-- Symlinking: /home/elian/ws_moveit2/install/moveit_task_constructor_core/include/moveit/python/pybind11/stl.h
-- Symlinking: /home/elian/ws_moveit2/install/moveit_task_constructor_core/include/moveit/python/pybind11/stl/filesystem.h
-- Symlinking: /home/elian/ws_moveit2/install/moveit_task_constructor_core/include/moveit/python/pybind11/stl_bind.h
-- Symlinking: /home/elian/ws_moveit2/install/moveit_task_constructor_core/include/moveit/python/pybind11/trampoline_self_life_support.h
-- Symlinking: /home/elian/ws_moveit2/install/moveit_task_constructor_core/include/moveit/python/pybind11/type_caster_pyobject_ptr.h
-- Symlinking: /home/elian/ws_moveit2/install/moveit_task_constructor_core/include/moveit/python/pybind11/typing.h
-- Symlinking: /home/elian/ws_moveit2/install/moveit_task_constructor_core/share/moveit_task_constructor_core/cmake/pybind11Config.cmake
-- Symlinking: /home/elian/ws_moveit2/install/moveit_task_constructor_core/share/moveit_task_constructor_core/cmake/pybind11ConfigVersion.cmake
-- Symlinking: /home/elian/ws_moveit2/install/moveit_task_constructor_core/share/moveit_task_constructor_core/cmake/FindPythonLibsNew.cmake
-- Symlinking: /home/elian/ws_moveit2/install/moveit_task_constructor_core/share/moveit_task_constructor_core/cmake/pybind11Common.cmake
-- Symlinking: /home/elian/ws_moveit2/install/moveit_task_constructor_core/share/moveit_task_constructor_core/cmake/pybind11Tools.cmake
-- Symlinking: /home/elian/ws_moveit2/install/moveit_task_constructor_core/share/moveit_task_constructor_core/cmake/pybind11NewTools.cmake
-- Symlinking: /home/elian/ws_moveit2/install/moveit_task_constructor_core/share/pkgconfig//pybind11.pc
-- Symlinking: /home/elian/ws_moveit2/install/moveit_task_constructor_core/local/lib/python3.10/dist-packages/pymoveit_mtc.cpython-310-x86_64-linux-gnu.so
-- Symlinking: /home/elian/ws_moveit2/install/moveit_task_constructor_core/include/moveit/python/task_constructor/properties.h
-- Symlinking: /home/elian/ws_moveit2/install/moveit_task_constructor_core/include/moveit/task_constructor/container.h
-- Symlinking: /home/elian/ws_moveit2/install/moveit_task_constructor_core/include/moveit/task_constructor/cost_queue.h
-- Symlinking: /home/elian/ws_moveit2/install/moveit_task_constructor_core/include/moveit/task_constructor/cost_terms.h
-- Symlinking: /home/elian/ws_moveit2/install/moveit_task_constructor_core/include/moveit/task_constructor/introspection.h
-- Symlinking: /home/elian/ws_moveit2/install/moveit_task_constructor_core/include/moveit/task_constructor/marker_tools.h
-- Symlinking: /home/elian/ws_moveit2/install/moveit_task_constructor_core/include/moveit/task_constructor/merge.h
-- Symlinking: /home/elian/ws_moveit2/install/moveit_task_constructor_core/include/moveit/task_constructor/moveit_compat.h
-- Symlinking: /home/elian/ws_moveit2/install/moveit_task_constructor_core/include/moveit/task_constructor/properties.h
-- Symlinking: /home/elian/ws_moveit2/install/moveit_task_constructor_core/include/moveit/task_constructor/solvers.h
-- Symlinking: /home/elian/ws_moveit2/install/moveit_task_constructor_core/include/moveit/task_constructor/solvers/cartesian_path.h
-- Symlinking: /home/elian/ws_moveit2/install/moveit_task_constructor_core/include/moveit/task_constructor/solvers/joint_interpolation.h
-- Symlinking: /home/elian/ws_moveit2/install/moveit_task_constructor_core/include/moveit/task_constructor/solvers/multi_planner.h
-- Symlinking: /home/elian/ws_moveit2/install/moveit_task_constructor_core/include/moveit/task_constructor/solvers/pipeline_planner.h
-- Symlinking: /home/elian/ws_moveit2/install/moveit_task_constructor_core/include/moveit/task_constructor/solvers/planner_interface.h
-- Symlinking: /home/elian/ws_moveit2/install/moveit_task_constructor_core/include/moveit/task_constructor/stage.h
-- Symlinking: /home/elian/ws_moveit2/install/moveit_task_constructor_core/include/moveit/task_constructor/stages.h
-- Symlinking: /home/elian/ws_moveit2/install/moveit_task_constructor_core/include/moveit/task_constructor/stages/compute_ik.h
-- Symlinking: /home/elian/ws_moveit2/install/moveit_task_constructor_core/include/moveit/task_constructor/stages/connect.h
-- Symlinking: /home/elian/ws_moveit2/install/moveit_task_constructor_core/include/moveit/task_constructor/stages/current_state.h
-- Symlinking: /home/elian/ws_moveit2/install/moveit_task_constructor_core/include/moveit/task_constructor/stages/fix_collision_objects.h
-- Symlinking: /home/elian/ws_moveit2/install/moveit_task_constructor_core/include/moveit/task_constructor/stages/fixed_cartesian_poses.h
-- Symlinking: /home/elian/ws_moveit2/install/moveit_task_constructor_core/include/moveit/task_constructor/stages/fixed_state.h
-- Symlinking: /home/elian/ws_moveit2/install/moveit_task_constructor_core/include/moveit/task_constructor/stages/generate_grasp_pose.h
-- Symlinking: /home/elian/ws_moveit2/install/moveit_task_constructor_core/include/moveit/task_constructor/stages/generate_place_pose.h
-- Symlinking: /home/elian/ws_moveit2/install/moveit_task_constructor_core/include/moveit/task_constructor/stages/generate_pose.h
-- Symlinking: /home/elian/ws_moveit2/install/moveit_task_constructor_core/include/moveit/task_constructor/stages/generate_random_pose.h
-- Symlinking: /home/elian/ws_moveit2/install/moveit_task_constructor_core/include/moveit/task_constructor/stages/modify_planning_scene.h
-- Symlinking: /home/elian/ws_moveit2/install/moveit_task_constructor_core/include/moveit/task_constructor/stages/move_relative.h
-- Symlinking: /home/elian/ws_moveit2/install/moveit_task_constructor_core/include/moveit/task_constructor/stages/move_to.h
-- Symlinking: /home/elian/ws_moveit2/install/moveit_task_constructor_core/include/moveit/task_constructor/stages/noop.h
-- Symlinking: /home/elian/ws_moveit2/install/moveit_task_constructor_core/include/moveit/task_constructor/stages/passthrough.h
-- Symlinking: /home/elian/ws_moveit2/install/moveit_task_constructor_core/include/moveit/task_constructor/stages/pick.h
-- Symlinking: /home/elian/ws_moveit2/install/moveit_task_constructor_core/include/moveit/task_constructor/stages/predicate_filter.h
-- Symlinking: /home/elian/ws_moveit2/install/moveit_task_constructor_core/include/moveit/task_constructor/stages/simple_grasp.h
-- Symlinking: /home/elian/ws_moveit2/install/moveit_task_constructor_core/include/moveit/task_constructor/storage.h
-- Symlinking: /home/elian/ws_moveit2/install/moveit_task_constructor_core/include/moveit/task_constructor/task.h
-- Symlinking: /home/elian/ws_moveit2/install/moveit_task_constructor_core/include/moveit/task_constructor/trajectory_execution_info.h
-- Symlinking: /home/elian/ws_moveit2/install/moveit_task_constructor_core/include/moveit/task_constructor/type_traits.h
-- Symlinking: /home/elian/ws_moveit2/install/moveit_task_constructor_core/include/moveit/task_constructor/utils.h
-- Symlinking: /home/elian/ws_moveit2/install/moveit_task_constructor_core/share/moveit_task_constructor_core//motion_planning_stages_plugin_description.xml
-- Symlinking: /home/elian/ws_moveit2/install/moveit_task_constructor_core/share/moveit_task_constructor_core/environment/library_path.sh
-- Symlinking: /home/elian/ws_moveit2/install/moveit_task_constructor_core/share/moveit_task_constructor_core/environment/library_path.dsv
-- Symlinking: /home/elian/ws_moveit2/install/moveit_task_constructor_core/share/ament_index/resource_index/package_run_dependencies/moveit_task_constructor_core
-- Symlinking: /home/elian/ws_moveit2/install/moveit_task_constructor_core/share/ament_index/resource_index/parent_prefix_path/moveit_task_constructor_core
-- Symlinking: /home/elian/ws_moveit2/install/moveit_task_constructor_core/share/moveit_task_constructor_core/environment/ament_prefix_path.sh
-- Symlinking: /home/elian/ws_moveit2/install/moveit_task_constructor_core/share/moveit_task_constructor_core/environment/ament_prefix_path.dsv
-- Symlinking: /home/elian/ws_moveit2/install/moveit_task_constructor_core/share/moveit_task_constructor_core/environment/path.sh
-- Symlinking: /home/elian/ws_moveit2/install/moveit_task_constructor_core/share/moveit_task_constructor_core/environment/path.dsv
-- Symlinking: /home/elian/ws_moveit2/install/moveit_task_constructor_core/share/moveit_task_constructor_core/local_setup.bash
-- Symlinking: /home/elian/ws_moveit2/install/moveit_task_constructor_core/share/moveit_task_constructor_core/local_setup.sh
-- Symlinking: /home/elian/ws_moveit2/install/moveit_task_constructor_core/share/moveit_task_constructor_core/local_setup.zsh
-- Symlinking: /home/elian/ws_moveit2/install/moveit_task_constructor_core/share/moveit_task_constructor_core/local_setup.dsv
-- Symlinking: /home/elian/ws_moveit2/install/moveit_task_constructor_core/share/moveit_task_constructor_core/package.dsv
-- Symlinking: /home/elian/ws_moveit2/install/moveit_task_constructor_core/share/ament_index/resource_index/packages/moveit_task_constructor_core
-- Symlinking: /home/elian/ws_moveit2/install/moveit_task_constructor_core/share/ament_index/resource_index/moveit_task_constructor_core__pluginlib__plugin/moveit_task_constructor_core
-- Symlinking: /home/elian/ws_moveit2/install/moveit_task_constructor_core/share/moveit_task_constructor_core/cmake/ament_cmake_export_targets-extras.cmake
-- Symlinking: /home/elian/ws_moveit2/install/moveit_task_constructor_core/share/moveit_task_constructor_core/cmake/ament_cmake_export_dependencies-extras.cmake
-- Symlinking: /home/elian/ws_moveit2/install/moveit_task_constructor_core/share/moveit_task_constructor_core/cmake/moveit_task_constructor_coreConfig.cmake
-- Symlinking: /home/elian/ws_moveit2/install/moveit_task_constructor_core/share/moveit_task_constructor_core/cmake/moveit_task_constructor_coreConfig-version.cmake
-- Symlinking: /home/elian/ws_moveit2/install/moveit_task_constructor_core/share/moveit_task_constructor_core/package.xml
-- Installing: /home/elian/ws_moveit2/install/moveit_task_constructor_core/lib/libmoveit_task_constructor_core_stages.so
-- Set runtime path of "/home/elian/ws_moveit2/install/moveit_task_constructor_core/lib/libmoveit_task_constructor_core_stages.so" to ""
-- Installing: /home/elian/ws_moveit2/install/moveit_task_constructor_core/lib/libmoveit_task_constructor_core_stage_plugins.so
-- Set runtime path of "/home/elian/ws_moveit2/install/moveit_task_constructor_core/lib/libmoveit_task_constructor_core_stage_plugins.so" to ""
-- Installing: /home/elian/ws_moveit2/install/moveit_task_constructor_core/lib/libmoveit_task_constructor_core.so
-- Set runtime path of "/home/elian/ws_moveit2/install/moveit_task_constructor_core/lib/libmoveit_task_constructor_core.so" to ""
Listing '/home/elian/ws_moveit2/install/moveit_task_constructor_core/local/lib/python3.10/dist-packages/moveit'...
Compiling '/home/elian/ws_moveit2/install/moveit_task_constructor_core/local/lib/python3.10/dist-packages/moveit/__init__.py'...
Listing '/home/elian/ws_moveit2/install/moveit_task_constructor_core/local/lib/python3.10/dist-packages/moveit/task_constructor'...
Compiling '/home/elian/ws_moveit2/install/moveit_task_constructor_core/local/lib/python3.10/dist-packages/moveit/task_constructor/__init__.py'...
Compiling '/home/elian/ws_moveit2/install/moveit_task_constructor_core/local/lib/python3.10/dist-packages/moveit/task_constructor/core.py'...
Compiling '/home/elian/ws_moveit2/install/moveit_task_constructor_core/local/lib/python3.10/dist-packages/moveit/task_constructor/stages.py'...
-- Installing: /home/elian/ws_moveit2/install/moveit_task_constructor_core/share/moveit_task_constructor_core/cmake/pybind11Targets.cmake
-- Installing: /home/elian/ws_moveit2/install/moveit_task_constructor_core/share/moveit_task_constructor_core/cmake/moveit_task_constructor_coreTargetsExport.cmake
-- Installing: /home/elian/ws_moveit2/install/moveit_task_constructor_core/share/moveit_task_constructor_core/cmake/moveit_task_constructor_coreTargetsExport-release.cmake
