[0.012s] Invoking command in '/home/elian/ws_moveit2/build/moveit_core': CMAKE_PREFIX_PATH=/home/elian/ws_moveit2/install/moveit_resources_panda_moveit_config:/home/elian/ws_moveit2/install/moveit_resources_pr2_description:/home/elian/ws_moveit2/install/moveit_resources_panda_description:/home/elian/ws_moveit2/install/moveit_msgs:/home/elian/ws_moveit2/install/moveit_common:/home/elian/ws_moveit2/install/moveit_planners:/home/elian/ws_moveit2/install/pilz_industrial_motion_planner:/home/elian/ws_moveit2/install/moveit_visual_tools:/home/elian/ws_moveit2/install/moveit_task_constructor_core:/home/elian/ws_moveit2/install/moveit_setup_assistant:/home/elian/ws_moveit2/install/moveit_setup_srdf_plugins:/home/elian/ws_moveit2/install/moveit_setup_core_plugins:/home/elian/ws_moveit2/install/moveit_setup_controllers:/home/elian/ws_moveit2/install/moveit_setup_app_plugins:/home/elian/ws_moveit2/install/moveit_setup_framework:/home/elian/ws_moveit2/install/moveit_ros:/home/elian/ws_moveit2/install/moveit_ros_visualization:/home/elian/ws_moveit2/install/moveit_hybrid_planning:/home/elian/ws_moveit2/install/moveit_ros_planning_interface:/home/elian/ws_moveit2/install/moveit_ros_benchmarks:/home/elian/ws_moveit2/install/moveit_ros_warehouse:/home/elian/ws_moveit2/install/moveit_ros_robot_interaction:/home/elian/ws_moveit2/install/moveit_ros_perception:/home/elian/ws_moveit2/install/moveit_resources_prbt_pg70_support:/home/elian/ws_moveit2/install/moveit_resources_prbt_moveit_config:/home/elian/ws_moveit2/install/moveit_ros_move_group:/home/elian/ws_moveit2/install/moveit_planners_ompl:/home/elian/ws_moveit2/install/moveit_kinematics:/home/elian/ws_moveit2/install/pilz_industrial_motion_planner_testutils:/home/elian/ws_moveit2/install/moveit_ros_control_interface:/home/elian/ws_moveit2/install/moveit_plugins:/home/elian/ws_moveit2/install/moveit_simple_controller_manager:/home/elian/ws_moveit2/install/moveit_ros_planning:/home/elian/ws_moveit2/install/moveit_ros_occupancy_map_monitor:/home/elian/ws_moveit2/install/moveit_resources_prbt_ikfast_manipulator_plugin:/home/elian/ws_moveit2/install/moveit_planners_chomp:/home/elian/ws_moveit2/install/moveit_chomp_optimizer_adapter:/home/elian/ws_moveit2/install/chomp_motion_planner:/home/elian/ws_moveit2/install/moveit_core:/home/elian/ws_moveit2/install/srdfdom:/home/elian/ws_moveit2/install/rviz_marker_tools:/home/elian/ws_moveit2/install/rosparam_shortcuts:/home/elian/ws_moveit2/install/moveit_task_constructor_msgs:/home/elian/ws_moveit2/install/moveit_resources_prbt_support:/home/elian/ws_moveit2/install/moveit_resources:/home/elian/ws_moveit2/install/moveit_resources_fanuc_moveit_config:/home/elian/ws_moveit2/install/moveit_resources_fanuc_description:/home/elian/ws_moveit2/install/moveit_configs_utils:/home/elian/ws_moveit2/install/launch_param_builder:/opt/ros/humble LD_LIBRARY_PATH=/home/elian/ws_moveit2/install/moveit_msgs/lib:/home/elian/ws_moveit2/install/pilz_industrial_motion_planner/lib:/home/elian/ws_moveit2/install/moveit_visual_tools/lib:/home/elian/ws_moveit2/install/moveit_task_constructor_core/lib:/home/elian/ws_moveit2/install/moveit_setup_assistant/lib:/home/elian/ws_moveit2/install/moveit_setup_srdf_plugins/lib:/home/elian/ws_moveit2/install/moveit_setup_core_plugins/lib:/home/elian/ws_moveit2/install/moveit_setup_controllers/lib:/home/elian/ws_moveit2/install/moveit_setup_app_plugins/lib:/home/elian/ws_moveit2/install/moveit_setup_framework/lib:/home/elian/ws_moveit2/install/moveit_ros_visualization/lib:/home/elian/ws_moveit2/install/moveit_hybrid_planning/lib:/home/elian/ws_moveit2/install/moveit_ros_planning_interface/lib:/home/elian/ws_moveit2/install/moveit_ros_benchmarks/lib:/home/elian/ws_moveit2/install/moveit_ros_warehouse/lib:/home/elian/ws_moveit2/install/moveit_ros_robot_interaction/lib:/home/elian/ws_moveit2/install/moveit_ros_perception/lib:/home/elian/ws_moveit2/install/moveit_ros_move_group/lib:/home/elian/ws_moveit2/install/moveit_planners_ompl/lib:/home/elian/ws_moveit2/install/moveit_kinematics/lib:/home/elian/ws_moveit2/install/pilz_industrial_motion_planner_testutils/lib:/home/elian/ws_moveit2/install/moveit_ros_control_interface/lib:/home/elian/ws_moveit2/install/moveit_simple_controller_manager/lib:/home/elian/ws_moveit2/install/moveit_ros_planning/lib:/home/elian/ws_moveit2/install/moveit_ros_occupancy_map_monitor/lib:/home/elian/ws_moveit2/install/moveit_resources_prbt_ikfast_manipulator_plugin/lib:/home/elian/ws_moveit2/install/moveit_planners_chomp/lib:/home/elian/ws_moveit2/install/moveit_chomp_optimizer_adapter/lib:/home/elian/ws_moveit2/install/chomp_motion_planner/lib:/home/elian/ws_moveit2/install/moveit_core/lib:/home/elian/ws_moveit2/install/srdfdom/lib:/home/elian/ws_moveit2/install/rviz_marker_tools/lib:/home/elian/ws_moveit2/install/rosparam_shortcuts/lib:/home/elian/ws_moveit2/install/moveit_task_constructor_msgs/lib:/usr/lib/x86_64-linux-gnu/gazebo-11/plugins:/opt/ros/humble/opt/rviz_ogre_vendor/lib:/opt/ros/humble/lib/x86_64-linux-gnu:/opt/ros/humble/lib /usr/bin/cmake /home/elian/ws_moveit2/src/moveit2/moveit_core -DBUILD_TESTING=OFF -DAMENT_CMAKE_SYMLINK_INSTALL=1 -DCMAKE_INSTALL_PREFIX=/home/elian/ws_moveit2/install/moveit_core
[0.065s] -- The CXX compiler identification is GNU 11.4.0
[0.073s] -- Detecting CXX compiler ABI info
[0.140s] -- Detecting CXX compiler ABI info - done
[0.147s] -- Check for working CXX compiler: /usr/bin/c++ - skipped
[0.147s] -- Detecting CXX compile features
[0.147s] -- Detecting CXX compile features - done
[0.148s] -- Found moveit_common: 2.5.9 (/home/elian/ws_moveit2/install/moveit_common/share/moveit_common/cmake)
[0.150s] -- Found ament_cmake: 1.3.12 (/opt/ros/humble/share/ament_cmake/cmake)
[0.263s] -- Found Python3: /usr/bin/python3 (found version "3.10.12") found components: Interpreter 
[0.307s] -- Override CMake install command with custom implementation using symlinks instead of copying resources
[0.375s] [0mmoveit_core: You did not request a specific build type: Choosing 'Release' for maximum performance[0m
[0.376s] -- Found angles: 1.15.0 (/opt/ros/humble/share/angles/cmake)
[0.398s] -- Found Bullet: /usr/lib/x86_64-linux-gnu/libBulletDynamics.so (Required is at least version "2.87") 
[0.400s] -- Found common_interfaces: 4.9.0 (/opt/ros/humble/share/common_interfaces/cmake)
[0.403s] -- Found eigen_stl_containers: 1.1.0 (/opt/ros/humble/share/eigen_stl_containers/cmake)
[0.415s] -- Found eigen3_cmake_module: 0.1.1 (/opt/ros/humble/share/eigen3_cmake_module/cmake)
[0.419s] -- Found Eigen3: TRUE (found version "3.4.0") 
[0.424s] -- Found generate_parameter_library: 0.5.0 (/opt/ros/humble/share/generate_parameter_library/cmake)
[0.429s] -- Found parameter_traits: 0.5.0 (/opt/ros/humble/share/parameter_traits/cmake)
[0.458s] -- Found rosidl_generator_c: 3.1.7 (/opt/ros/humble/share/rosidl_generator_c/cmake)
[0.462s] -- Found rosidl_adapter: 3.1.7 (/opt/ros/humble/share/rosidl_adapter/cmake)
[0.468s] -- Found rosidl_generator_cpp: 3.1.7 (/opt/ros/humble/share/rosidl_generator_cpp/cmake)
[0.478s] -- Using all available rosidl_typesupport_c: rosidl_typesupport_fastrtps_c;rosidl_typesupport_introspection_c
[0.491s] -- Using all available rosidl_typesupport_cpp: rosidl_typesupport_fastrtps_cpp;rosidl_typesupport_introspection_cpp
[0.526s] -- Found rmw_implementation_cmake: 6.1.2 (/opt/ros/humble/share/rmw_implementation_cmake/cmake)
[0.529s] -- Found rmw_fastrtps_cpp: 6.2.8 (/opt/ros/humble/share/rmw_fastrtps_cpp/cmake)
[0.604s] -- Found OpenSSL: /usr/lib/x86_64-linux-gnu/libcrypto.so (found version "3.0.2")  
[0.623s] -- Found FastRTPS: /opt/ros/humble/include  
[0.656s] -- Using RMW implementation 'rmw_fastrtps_cpp' as default
[0.663s] -- Looking for C++ include pthread.h
[0.747s] -- Looking for C++ include pthread.h - found
[0.747s] -- Performing Test CMAKE_HAVE_LIBC_PTHREAD
[0.832s] -- Performing Test CMAKE_HAVE_LIBC_PTHREAD - Success
[0.833s] -- Found Threads: TRUE  
[0.876s] -- Found rclcpp_lifecycle: 16.0.14 (/opt/ros/humble/share/rclcpp_lifecycle/cmake)
[0.890s] -- Found geometric_shapes: 2.3.2 (/opt/ros/humble/share/geometric_shapes/cmake)
[0.898s] -- Found Boost: /usr/lib/x86_64-linux-gnu/cmake/Boost-1.74.0/BoostConfig.cmake (found version "1.74.0") found components: filesystem 
[0.985s] -- library: /usr/lib/x86_64-linux-gnu/libcurl.so
[1.026s] -- Found kdl_parser: 2.6.4 (/opt/ros/humble/share/kdl_parser/cmake)
[1.032s] -- Ensuring Eigen3 include directory is part of orocos-kdl CMake target
[1.035s] -- Found moveit_msgs: 2.2.1 (/home/elian/ws_moveit2/install/moveit_msgs/share/moveit_msgs/cmake)
[1.114s] -- Found pluginlib: 5.1.0 (/opt/ros/humble/share/pluginlib/cmake)
[1.137s] -- Found srdfdom: 2.0.7 (/opt/ros/humble/share/srdfdom/cmake)
[1.147s] -- Found tf2_eigen: 0.25.15 (/opt/ros/humble/share/tf2_eigen/cmake)
[1.198s] -- Found tf2_geometry_msgs: 0.25.15 (/opt/ros/humble/share/tf2_geometry_msgs/cmake)
[1.202s] -- Found tf2_kdl: 0.25.15 (/opt/ros/humble/share/tf2_kdl/cmake)
[1.229s] -- Found Boost: /usr/lib/x86_64-linux-gnu/cmake/Boost-1.74.0/BoostConfig.cmake (found version "1.74.0") found components: chrono date_time filesystem iostreams program_options regex serialization system thread 
[1.230s] --  *** Building MoveIt 2.5.9-Alpha ***
[1.234s] -- Performing Test COMPILER_HAS_HIDDEN_VISIBILITY
[1.313s] -- Performing Test COMPILER_HAS_HIDDEN_VISIBILITY - Success
[1.314s] -- Performing Test COMPILER_HAS_HIDDEN_INLINE_VISIBILITY
[1.394s] -- Performing Test COMPILER_HAS_HIDDEN_INLINE_VISIBILITY - Success
[1.394s] -- Performing Test COMPILER_HAS_DEPRECATED_ATTR
[1.477s] -- Performing Test COMPILER_HAS_DEPRECATED_ATTR - Success
[1.684s] -- Configuring done
[1.859s] -- Generating done
[1.913s] -- Build files have been written to: /home/elian/ws_moveit2/build/moveit_core
[1.935s] Invoked command in '/home/elian/ws_moveit2/build/moveit_core' returned '0': CMAKE_PREFIX_PATH=/home/elian/ws_moveit2/install/moveit_resources_panda_moveit_config:/home/elian/ws_moveit2/install/moveit_resources_pr2_description:/home/elian/ws_moveit2/install/moveit_resources_panda_description:/home/elian/ws_moveit2/install/moveit_msgs:/home/elian/ws_moveit2/install/moveit_common:/home/elian/ws_moveit2/install/moveit_planners:/home/elian/ws_moveit2/install/pilz_industrial_motion_planner:/home/elian/ws_moveit2/install/moveit_visual_tools:/home/elian/ws_moveit2/install/moveit_task_constructor_core:/home/elian/ws_moveit2/install/moveit_setup_assistant:/home/elian/ws_moveit2/install/moveit_setup_srdf_plugins:/home/elian/ws_moveit2/install/moveit_setup_core_plugins:/home/elian/ws_moveit2/install/moveit_setup_controllers:/home/elian/ws_moveit2/install/moveit_setup_app_plugins:/home/elian/ws_moveit2/install/moveit_setup_framework:/home/elian/ws_moveit2/install/moveit_ros:/home/elian/ws_moveit2/install/moveit_ros_visualization:/home/elian/ws_moveit2/install/moveit_hybrid_planning:/home/elian/ws_moveit2/install/moveit_ros_planning_interface:/home/elian/ws_moveit2/install/moveit_ros_benchmarks:/home/elian/ws_moveit2/install/moveit_ros_warehouse:/home/elian/ws_moveit2/install/moveit_ros_robot_interaction:/home/elian/ws_moveit2/install/moveit_ros_perception:/home/elian/ws_moveit2/install/moveit_resources_prbt_pg70_support:/home/elian/ws_moveit2/install/moveit_resources_prbt_moveit_config:/home/elian/ws_moveit2/install/moveit_ros_move_group:/home/elian/ws_moveit2/install/moveit_planners_ompl:/home/elian/ws_moveit2/install/moveit_kinematics:/home/elian/ws_moveit2/install/pilz_industrial_motion_planner_testutils:/home/elian/ws_moveit2/install/moveit_ros_control_interface:/home/elian/ws_moveit2/install/moveit_plugins:/home/elian/ws_moveit2/install/moveit_simple_controller_manager:/home/elian/ws_moveit2/install/moveit_ros_planning:/home/elian/ws_moveit2/install/moveit_ros_occupancy_map_monitor:/home/elian/ws_moveit2/install/moveit_resources_prbt_ikfast_manipulator_plugin:/home/elian/ws_moveit2/install/moveit_planners_chomp:/home/elian/ws_moveit2/install/moveit_chomp_optimizer_adapter:/home/elian/ws_moveit2/install/chomp_motion_planner:/home/elian/ws_moveit2/install/moveit_core:/home/elian/ws_moveit2/install/srdfdom:/home/elian/ws_moveit2/install/rviz_marker_tools:/home/elian/ws_moveit2/install/rosparam_shortcuts:/home/elian/ws_moveit2/install/moveit_task_constructor_msgs:/home/elian/ws_moveit2/install/moveit_resources_prbt_support:/home/elian/ws_moveit2/install/moveit_resources:/home/elian/ws_moveit2/install/moveit_resources_fanuc_moveit_config:/home/elian/ws_moveit2/install/moveit_resources_fanuc_description:/home/elian/ws_moveit2/install/moveit_configs_utils:/home/elian/ws_moveit2/install/launch_param_builder:/opt/ros/humble LD_LIBRARY_PATH=/home/elian/ws_moveit2/install/moveit_msgs/lib:/home/elian/ws_moveit2/install/pilz_industrial_motion_planner/lib:/home/elian/ws_moveit2/install/moveit_visual_tools/lib:/home/elian/ws_moveit2/install/moveit_task_constructor_core/lib:/home/elian/ws_moveit2/install/moveit_setup_assistant/lib:/home/elian/ws_moveit2/install/moveit_setup_srdf_plugins/lib:/home/elian/ws_moveit2/install/moveit_setup_core_plugins/lib:/home/elian/ws_moveit2/install/moveit_setup_controllers/lib:/home/elian/ws_moveit2/install/moveit_setup_app_plugins/lib:/home/elian/ws_moveit2/install/moveit_setup_framework/lib:/home/elian/ws_moveit2/install/moveit_ros_visualization/lib:/home/elian/ws_moveit2/install/moveit_hybrid_planning/lib:/home/elian/ws_moveit2/install/moveit_ros_planning_interface/lib:/home/elian/ws_moveit2/install/moveit_ros_benchmarks/lib:/home/elian/ws_moveit2/install/moveit_ros_warehouse/lib:/home/elian/ws_moveit2/install/moveit_ros_robot_interaction/lib:/home/elian/ws_moveit2/install/moveit_ros_perception/lib:/home/elian/ws_moveit2/install/moveit_ros_move_group/lib:/home/elian/ws_moveit2/install/moveit_planners_ompl/lib:/home/elian/ws_moveit2/install/moveit_kinematics/lib:/home/elian/ws_moveit2/install/pilz_industrial_motion_planner_testutils/lib:/home/elian/ws_moveit2/install/moveit_ros_control_interface/lib:/home/elian/ws_moveit2/install/moveit_simple_controller_manager/lib:/home/elian/ws_moveit2/install/moveit_ros_planning/lib:/home/elian/ws_moveit2/install/moveit_ros_occupancy_map_monitor/lib:/home/elian/ws_moveit2/install/moveit_resources_prbt_ikfast_manipulator_plugin/lib:/home/elian/ws_moveit2/install/moveit_planners_chomp/lib:/home/elian/ws_moveit2/install/moveit_chomp_optimizer_adapter/lib:/home/elian/ws_moveit2/install/chomp_motion_planner/lib:/home/elian/ws_moveit2/install/moveit_core/lib:/home/elian/ws_moveit2/install/srdfdom/lib:/home/elian/ws_moveit2/install/rviz_marker_tools/lib:/home/elian/ws_moveit2/install/rosparam_shortcuts/lib:/home/elian/ws_moveit2/install/moveit_task_constructor_msgs/lib:/usr/lib/x86_64-linux-gnu/gazebo-11/plugins:/opt/ros/humble/opt/rviz_ogre_vendor/lib:/opt/ros/humble/lib/x86_64-linux-gnu:/opt/ros/humble/lib /usr/bin/cmake /home/elian/ws_moveit2/src/moveit2/moveit_core -DBUILD_TESTING=OFF -DAMENT_CMAKE_SYMLINK_INSTALL=1 -DCMAKE_INSTALL_PREFIX=/home/elian/ws_moveit2/install/moveit_core
[1.937s] Invoking command in '/home/elian/ws_moveit2/build/moveit_core': CMAKE_PREFIX_PATH=/home/elian/ws_moveit2/install/moveit_resources_panda_moveit_config:/home/elian/ws_moveit2/install/moveit_resources_pr2_description:/home/elian/ws_moveit2/install/moveit_resources_panda_description:/home/elian/ws_moveit2/install/moveit_msgs:/home/elian/ws_moveit2/install/moveit_common:/home/elian/ws_moveit2/install/moveit_planners:/home/elian/ws_moveit2/install/pilz_industrial_motion_planner:/home/elian/ws_moveit2/install/moveit_visual_tools:/home/elian/ws_moveit2/install/moveit_task_constructor_core:/home/elian/ws_moveit2/install/moveit_setup_assistant:/home/elian/ws_moveit2/install/moveit_setup_srdf_plugins:/home/elian/ws_moveit2/install/moveit_setup_core_plugins:/home/elian/ws_moveit2/install/moveit_setup_controllers:/home/elian/ws_moveit2/install/moveit_setup_app_plugins:/home/elian/ws_moveit2/install/moveit_setup_framework:/home/elian/ws_moveit2/install/moveit_ros:/home/elian/ws_moveit2/install/moveit_ros_visualization:/home/elian/ws_moveit2/install/moveit_hybrid_planning:/home/elian/ws_moveit2/install/moveit_ros_planning_interface:/home/elian/ws_moveit2/install/moveit_ros_benchmarks:/home/elian/ws_moveit2/install/moveit_ros_warehouse:/home/elian/ws_moveit2/install/moveit_ros_robot_interaction:/home/elian/ws_moveit2/install/moveit_ros_perception:/home/elian/ws_moveit2/install/moveit_resources_prbt_pg70_support:/home/elian/ws_moveit2/install/moveit_resources_prbt_moveit_config:/home/elian/ws_moveit2/install/moveit_ros_move_group:/home/elian/ws_moveit2/install/moveit_planners_ompl:/home/elian/ws_moveit2/install/moveit_kinematics:/home/elian/ws_moveit2/install/pilz_industrial_motion_planner_testutils:/home/elian/ws_moveit2/install/moveit_ros_control_interface:/home/elian/ws_moveit2/install/moveit_plugins:/home/elian/ws_moveit2/install/moveit_simple_controller_manager:/home/elian/ws_moveit2/install/moveit_ros_planning:/home/elian/ws_moveit2/install/moveit_ros_occupancy_map_monitor:/home/elian/ws_moveit2/install/moveit_resources_prbt_ikfast_manipulator_plugin:/home/elian/ws_moveit2/install/moveit_planners_chomp:/home/elian/ws_moveit2/install/moveit_chomp_optimizer_adapter:/home/elian/ws_moveit2/install/chomp_motion_planner:/home/elian/ws_moveit2/install/moveit_core:/home/elian/ws_moveit2/install/srdfdom:/home/elian/ws_moveit2/install/rviz_marker_tools:/home/elian/ws_moveit2/install/rosparam_shortcuts:/home/elian/ws_moveit2/install/moveit_task_constructor_msgs:/home/elian/ws_moveit2/install/moveit_resources_prbt_support:/home/elian/ws_moveit2/install/moveit_resources:/home/elian/ws_moveit2/install/moveit_resources_fanuc_moveit_config:/home/elian/ws_moveit2/install/moveit_resources_fanuc_description:/home/elian/ws_moveit2/install/moveit_configs_utils:/home/elian/ws_moveit2/install/launch_param_builder:/opt/ros/humble LD_LIBRARY_PATH=/home/elian/ws_moveit2/install/moveit_msgs/lib:/home/elian/ws_moveit2/install/pilz_industrial_motion_planner/lib:/home/elian/ws_moveit2/install/moveit_visual_tools/lib:/home/elian/ws_moveit2/install/moveit_task_constructor_core/lib:/home/elian/ws_moveit2/install/moveit_setup_assistant/lib:/home/elian/ws_moveit2/install/moveit_setup_srdf_plugins/lib:/home/elian/ws_moveit2/install/moveit_setup_core_plugins/lib:/home/elian/ws_moveit2/install/moveit_setup_controllers/lib:/home/elian/ws_moveit2/install/moveit_setup_app_plugins/lib:/home/elian/ws_moveit2/install/moveit_setup_framework/lib:/home/elian/ws_moveit2/install/moveit_ros_visualization/lib:/home/elian/ws_moveit2/install/moveit_hybrid_planning/lib:/home/elian/ws_moveit2/install/moveit_ros_planning_interface/lib:/home/elian/ws_moveit2/install/moveit_ros_benchmarks/lib:/home/elian/ws_moveit2/install/moveit_ros_warehouse/lib:/home/elian/ws_moveit2/install/moveit_ros_robot_interaction/lib:/home/elian/ws_moveit2/install/moveit_ros_perception/lib:/home/elian/ws_moveit2/install/moveit_ros_move_group/lib:/home/elian/ws_moveit2/install/moveit_planners_ompl/lib:/home/elian/ws_moveit2/install/moveit_kinematics/lib:/home/elian/ws_moveit2/install/pilz_industrial_motion_planner_testutils/lib:/home/elian/ws_moveit2/install/moveit_ros_control_interface/lib:/home/elian/ws_moveit2/install/moveit_simple_controller_manager/lib:/home/elian/ws_moveit2/install/moveit_ros_planning/lib:/home/elian/ws_moveit2/install/moveit_ros_occupancy_map_monitor/lib:/home/elian/ws_moveit2/install/moveit_resources_prbt_ikfast_manipulator_plugin/lib:/home/elian/ws_moveit2/install/moveit_planners_chomp/lib:/home/elian/ws_moveit2/install/moveit_chomp_optimizer_adapter/lib:/home/elian/ws_moveit2/install/chomp_motion_planner/lib:/home/elian/ws_moveit2/install/moveit_core/lib:/home/elian/ws_moveit2/install/srdfdom/lib:/home/elian/ws_moveit2/install/rviz_marker_tools/lib:/home/elian/ws_moveit2/install/rosparam_shortcuts/lib:/home/elian/ws_moveit2/install/moveit_task_constructor_msgs/lib:/usr/lib/x86_64-linux-gnu/gazebo-11/plugins:/opt/ros/humble/opt/rviz_ogre_vendor/lib:/opt/ros/humble/lib/x86_64-linux-gnu:/opt/ros/humble/lib /usr/bin/cmake --build /home/elian/ws_moveit2/build/moveit_core -- -j8 -l8
[2.001s] [  1%] [32mBuilding CXX object exceptions/CMakeFiles/moveit_exceptions.dir/src/exceptions.cpp.o[0m
[2.001s] [  2%] [32mBuilding CXX object transforms/CMakeFiles/moveit_transforms.dir/src/transforms.cpp.o[0m
[2.011s] [  3%] [32mBuilding CXX object online_signal_smoothing/CMakeFiles/moveit_smoothing_base.dir/src/smoothing_base_class.cpp.o[0m
[2.014s] [  4%] [32mBuilding CXX object kinematics_base/CMakeFiles/moveit_kinematics_base.dir/src/kinematics_base.cpp.o[0m
[2.015s] [  5%] [32mBuilding CXX object distance_field/CMakeFiles/moveit_distance_field.dir/src/distance_field.cpp.o[0m
[2.015s] [  6%] [32mBuilding CXX object utils/CMakeFiles/moveit_utils.dir/src/lexical_casts.cpp.o[0m
[2.017s] [  7%] [34m[1mRunning `/opt/ros/humble/bin/generate_parameter_library_cpp /home/elian/ws_moveit2/build/moveit_core/online_signal_smoothing/include/moveit_core/moveit_butterworth_parameters.hpp /home/elian/ws_moveit2/src/moveit2/moveit_core/online_signal_smoothing/src/butterworth_parameters.yaml `[0m
[2.027s] [  8%] [32mBuilding CXX object version/CMakeFiles/moveit_version.dir/version.cpp.o[0m
[2.139s] [  9%] [32m[1mLinking CXX executable moveit_version[0m
[2.349s] [  9%] Built target moveit_version
[2.384s] [ 10%] [32mBuilding CXX object utils/CMakeFiles/moveit_utils.dir/src/message_checks.cpp.o[0m
[2.395s] [ 11%] [34m[1mCreating deprecated header file /home/elian/ws_moveit2/build/moveit_core/online_signal_smoothing/include/moveit_butterworth_parameters.hpp[0m
[2.422s] [ 11%] Built target moveit_butterworth_parameters
[2.436s] [ 12%] [32mBuilding CXX object distance_field/CMakeFiles/moveit_distance_field.dir/src/find_internal_points.cpp.o[0m
[2.955s] [ 13%] [32m[1mLinking CXX shared library libmoveit_exceptions.so[0m
[3.086s] [ 14%] [32mBuilding CXX object utils/CMakeFiles/moveit_utils.dir/src/rclcpp_utils.cpp.o[0m
[3.308s] [ 14%] Built target moveit_exceptions
[3.337s] [ 15%] [32mBuilding CXX object distance_field/CMakeFiles/moveit_distance_field.dir/src/propagation_distance_field.cpp.o[0m
[3.968s] [ 16%] [32m[1mLinking CXX shared library libmoveit_utils.so[0m
[5.592s] [ 16%] Built target moveit_utils
[8.956s] [ 17%] [32m[1mLinking CXX shared library libmoveit_smoothing_base.so[0m
[9.309s] [ 17%] Built target moveit_smoothing_base
[14.172s] [ 18%] [32m[1mLinking CXX shared library libmoveit_kinematics_base.so[0m
[14.554s] [ 18%] Built target moveit_kinematics_base
[14.643s] [ 19%] [32mBuilding CXX object robot_model/CMakeFiles/moveit_robot_model.dir/src/aabb.cpp.o[0m
[14.643s] [ 20%] [32mBuilding CXX object robot_model/CMakeFiles/moveit_robot_model.dir/src/fixed_joint_model.cpp.o[0m
[14.652s] [ 21%] [32mBuilding CXX object robot_model/CMakeFiles/moveit_robot_model.dir/src/joint_model_group.cpp.o[0m
[14.657s] [ 22%] [32mBuilding CXX object robot_model/CMakeFiles/moveit_robot_model.dir/src/floating_joint_model.cpp.o[0m
[14.664s] [ 23%] [32mBuilding CXX object robot_model/CMakeFiles/moveit_robot_model.dir/src/joint_model.cpp.o[0m
[16.478s] [ 24%] [32m[1mLinking CXX shared library libmoveit_transforms.so[0m
[16.791s] [ 24%] Built target moveit_transforms
[16.823s] [ 25%] [32mBuilding CXX object robot_model/CMakeFiles/moveit_robot_model.dir/src/link_model.cpp.o[0m
[17.268s] [ 26%] [32mBuilding CXX object robot_model/CMakeFiles/moveit_robot_model.dir/src/planar_joint_model.cpp.o[0m
[17.334s] [ 27%] [32mBuilding CXX object robot_model/CMakeFiles/moveit_robot_model.dir/src/prismatic_joint_model.cpp.o[0m
[18.888s] [ 28%] [32mBuilding CXX object robot_model/CMakeFiles/moveit_robot_model.dir/src/revolute_joint_model.cpp.o[0m
[20.114s] [ 29%] [32mBuilding CXX object robot_model/CMakeFiles/moveit_robot_model.dir/src/robot_model.cpp.o[0m
[21.626s] [ 30%] [32m[1mLinking CXX shared library libmoveit_distance_field.so[0m
[22.073s] [ 30%] Built target moveit_distance_field
[29.242s] [ 31%] [32m[1mLinking CXX shared library libmoveit_robot_model.so[0m
[29.359s] [ 31%] Built target moveit_robot_model
[29.379s] [ 32%] [32mBuilding CXX object robot_state/CMakeFiles/moveit_robot_state.dir/src/attached_body.cpp.o[0m
[29.379s] [ 33%] [32mBuilding CXX object online_signal_smoothing/CMakeFiles/moveit_butterworth_filter.dir/src/butterworth_filter.cpp.o[0m
[29.381s] [ 35%] [32mBuilding CXX object robot_state/CMakeFiles/moveit_robot_state.dir/src/robot_state.cpp.o[0m
[29.381s] [ 35%] [32mBuilding CXX object utils/CMakeFiles/moveit_test_utils.dir/src/robot_model_test_utils.cpp.o[0m
[29.381s] [ 36%] [32mBuilding CXX object robot_state/CMakeFiles/moveit_robot_state.dir/src/conversions.cpp.o[0m
[29.381s] [ 37%] [32mBuilding CXX object robot_state/CMakeFiles/moveit_robot_state.dir/src/cartesian_interpolator.cpp.o[0m
[35.051s] [ 38%] [32m[1mLinking CXX shared library libmoveit_butterworth_filter.so[0m
[35.203s] [ 38%] Built target moveit_butterworth_filter
[37.830s] [ 39%] [32m[1mLinking CXX shared library libmoveit_test_utils.so[0m
[37.969s] [ 39%] Built target moveit_test_utils
[48.938s] [ 40%] [32m[1mLinking CXX shared library libmoveit_robot_state.so[0m
[49.061s] [ 40%] Built target moveit_robot_state
[49.085s] [ 43%] [32mBuilding CXX object kinematics_metrics/CMakeFiles/moveit_kinematics_metrics.dir/src/kinematics_metrics.cpp.o[0m
[49.085s] [ 43%] [32mBuilding CXX object dynamics_solver/CMakeFiles/moveit_dynamics_solver.dir/src/dynamics_solver.cpp.o[0m
[49.085s] [ 44%] [32mBuilding CXX object robot_trajectory/CMakeFiles/moveit_robot_trajectory.dir/src/robot_trajectory.cpp.o[0m
[49.085s] [ 44%] [32mBuilding CXX object collision_detection/CMakeFiles/moveit_collision_detection.dir/src/allvalid/collision_env_allvalid.cpp.o[0m
[49.085s] [ 45%] [32mBuilding CXX object collision_detection/CMakeFiles/moveit_collision_detection.dir/src/collision_common.cpp.o[0m
[49.085s] [ 47%] [32mBuilding CXX object collision_detection/CMakeFiles/moveit_collision_detection.dir/src/collision_octomap_filter.cpp.o[0m
[49.086s] [ 48%] [32mBuilding CXX object collision_detection/CMakeFiles/moveit_collision_detection.dir/src/collision_tools.cpp.o[0m
[49.086s] [ 47%] [32mBuilding CXX object collision_detection/CMakeFiles/moveit_collision_detection.dir/src/collision_matrix.cpp.o[0m
[55.352s] [ 50%] [32mBuilding CXX object collision_detection/CMakeFiles/moveit_collision_detection.dir/src/world.cpp.o[0m
[56.500s] [ 51%] [32mBuilding CXX object collision_detection/CMakeFiles/moveit_collision_detection.dir/src/world_diff.cpp.o[0m
[57.202s] [ 52%] [32mBuilding CXX object collision_detection/CMakeFiles/moveit_collision_detection.dir/src/collision_env.cpp.o[0m
[57.302s] [ 53%] [32mBuilding CXX object collision_detection/CMakeFiles/moveit_collision_detection.dir/src/collision_plugin_cache.cpp.o[0m
[58.021s] [ 54%] [32m[1mLinking CXX shared library libmoveit_dynamics_solver.so[0m
[58.313s] [ 54%] Built target moveit_dynamics_solver
[61.249s] [ 55%] [32m[1mLinking CXX shared library libmoveit_robot_trajectory.so[0m
[61.417s] [ 55%] Built target moveit_robot_trajectory
[61.455s] [ 59%] [32mBuilding CXX object trajectory_processing/CMakeFiles/moveit_trajectory_processing.dir/src/iterative_time_parameterization.cpp.o[0m
[61.455s] [ 59%] [32mBuilding CXX object trajectory_processing/CMakeFiles/moveit_trajectory_processing.dir/src/iterative_spline_parameterization.cpp.o[0m
[61.455s] [ 59%] [32mBuilding CXX object trajectory_processing/CMakeFiles/moveit_trajectory_processing.dir/src/ruckig_traj_smoothing.cpp.o[0m
[61.455s] [ 59%] [32mBuilding CXX object planning_interface/CMakeFiles/moveit_planning_interface.dir/src/planning_interface.cpp.o[0m
[61.607s] [ 60%] [32mBuilding CXX object trajectory_processing/CMakeFiles/moveit_trajectory_processing.dir/src/trajectory_tools.cpp.o[0m
[62.697s] [ 61%] [32mBuilding CXX object planning_interface/CMakeFiles/moveit_planning_interface.dir/src/planning_response.cpp.o[0m
[65.174s] [ 62%] [32mBuilding CXX object trajectory_processing/CMakeFiles/moveit_trajectory_processing.dir/src/time_optimal_trajectory_generation.cpp.o[0m
[74.377s] [ 63%] [32m[1mLinking CXX shared library libmoveit_planning_interface.so[0m
[74.533s] [ 64%] [32m[1mLinking CXX shared library libmoveit_collision_detection.so[0m
[74.533s] [ 64%] Built target moveit_planning_interface
[74.720s] [ 64%] Built target moveit_collision_detection
[74.748s] [ 65%] [32mBuilding CXX object collision_detection_fcl/CMakeFiles/moveit_collision_detection_fcl.dir/src/collision_common.cpp.o[0m
[74.748s] [ 66%] [32mBuilding CXX object collision_detection_bullet/CMakeFiles/moveit_collision_detection_bullet.dir/src/bullet_integration/bullet_utils.cpp.o[0m
[74.749s] [ 68%] [32mBuilding CXX object collision_detection_fcl/CMakeFiles/moveit_collision_detection_fcl.dir/src/collision_env_fcl.cpp.o[0m
[74.751s] [ 69%] [32mBuilding CXX object collision_detection_bullet/CMakeFiles/moveit_collision_detection_bullet.dir/src/bullet_integration/bullet_cast_bvh_manager.cpp.o[0m
[74.751s] [ 69%] [32mBuilding CXX object collision_detection_bullet/CMakeFiles/moveit_collision_detection_bullet.dir/src/bullet_integration/bullet_discrete_bvh_manager.cpp.o[0m
[74.751s] [ 70%] [32mBuilding CXX object collision_detection_bullet/CMakeFiles/moveit_collision_detection_bullet.dir/src/collision_env_bullet.cpp.o[0m
[77.208s] [ 71%] [32m[1mLinking CXX shared library libmoveit_kinematics_metrics.so[0m
[77.502s] [ 71%] Built target moveit_kinematics_metrics
[77.521s] [ 72%] [32mBuilding CXX object collision_detection_bullet/CMakeFiles/moveit_collision_detection_bullet.dir/src/bullet_integration/bullet_bvh_manager.cpp.o[0m
[78.251s] [ 73%] [32m[1mLinking CXX shared library libmoveit_trajectory_processing.so[0m
[78.540s] [ 73%] Built target moveit_trajectory_processing
[78.559s] [ 74%] [32mBuilding CXX object collision_detection_bullet/CMakeFiles/moveit_collision_detection_bullet.dir/src/bullet_integration/contact_checker_common.cpp.o[0m
[83.210s] [ 75%] [32mBuilding CXX object collision_detection_bullet/CMakeFiles/moveit_collision_detection_bullet.dir/src/bullet_integration/ros_bullet_utils.cpp.o[0m
[87.262s] [ 76%] [32m[1mLinking CXX shared library libmoveit_collision_detection_fcl.so[0m
[87.421s] [ 76%] Built target moveit_collision_detection_fcl
[87.442s] [ 78%] [32mBuilding CXX object kinematic_constraints/CMakeFiles/moveit_kinematic_constraints.dir/src/kinematic_constraint.cpp.o[0m
[87.442s] [ 78%] [32mBuilding CXX object kinematic_constraints/CMakeFiles/moveit_kinematic_constraints.dir/src/utils.cpp.o[0m
[88.803s] [ 79%] [32m[1mLinking CXX shared library libmoveit_collision_detection_bullet.so[0m
[88.992s] [ 79%] Built target moveit_collision_detection_bullet
[97.627s] [ 80%] [32m[1mLinking CXX shared library libmoveit_kinematic_constraints.so[0m
[97.765s] [ 80%] Built target moveit_kinematic_constraints
[97.784s] [ 81%] [32mBuilding CXX object planning_scene/CMakeFiles/moveit_planning_scene.dir/src/planning_scene.cpp.o[0m
[109.856s] [ 82%] [32m[1mLinking CXX shared library libmoveit_planning_scene.so[0m
[110.016s] [ 82%] Built target moveit_planning_scene
[110.041s] [ 83%] [32mBuilding CXX object constraint_samplers/CMakeFiles/moveit_constraint_samplers.dir/src/constraint_sampler_manager.cpp.o[0m
[110.041s] [ 84%] [32mBuilding CXX object constraint_samplers/CMakeFiles/moveit_constraint_samplers.dir/src/constraint_sampler_tools.cpp.o[0m
[110.041s] [ 85%] [32mBuilding CXX object collision_detection_bullet/CMakeFiles/collision_detector_bullet_plugin.dir/src/collision_detector_bullet_plugin_loader.cpp.o[0m
[110.043s] [ 87%] [32mBuilding CXX object collision_distance_field/CMakeFiles/moveit_collision_distance_field.dir/src/collision_distance_field_types.cpp.o[0m
[110.043s] [ 87%] [32mBuilding CXX object collision_distance_field/CMakeFiles/moveit_collision_distance_field.dir/src/collision_common_distance_field.cpp.o[0m
[110.043s] [ 88%] [32mBuilding CXX object planning_request_adapter/CMakeFiles/moveit_planning_request_adapter.dir/src/planning_request_adapter.cpp.o[0m
[110.045s] [ 89%] [32mBuilding CXX object constraint_samplers/CMakeFiles/moveit_constraint_samplers.dir/src/constraint_sampler.cpp.o[0m
[110.051s] [ 90%] [32mBuilding CXX object collision_detection_fcl/CMakeFiles/collision_detector_fcl_plugin.dir/src/collision_detector_fcl_plugin_loader.cpp.o[0m
[119.564s] [ 91%] [32mBuilding CXX object collision_distance_field/CMakeFiles/moveit_collision_distance_field.dir/src/collision_env_distance_field.cpp.o[0m
[120.414s] [ 92%] [32mBuilding CXX object collision_distance_field/CMakeFiles/moveit_collision_distance_field.dir/src/collision_env_hybrid.cpp.o[0m
[120.669s] [ 93%] [32mBuilding CXX object constraint_samplers/CMakeFiles/moveit_constraint_samplers.dir/src/default_constraint_samplers.cpp.o[0m
[120.727s] [ 94%] [32m[1mLinking CXX shared library libmoveit_planning_request_adapter.so[0m
[121.031s] [ 94%] Built target moveit_planning_request_adapter
[121.050s] [ 95%] [32mBuilding CXX object constraint_samplers/CMakeFiles/moveit_constraint_samplers.dir/src/union_constraint_sampler.cpp.o[0m
[121.495s] [ 96%] [32m[1mLinking CXX shared library libcollision_detector_bullet_plugin.so[0m
[121.767s] [ 96%] Built target collision_detector_bullet_plugin
[123.238s] [ 97%] [32m[1mLinking CXX shared library libcollision_detector_fcl_plugin.so[0m
[123.503s] [ 97%] Built target collision_detector_fcl_plugin
[131.021s] [ 98%] [32m[1mLinking CXX shared library libmoveit_constraint_samplers.so[0m
[131.166s] [ 98%] Built target moveit_constraint_samplers
[133.155s] [100%] [32m[1mLinking CXX shared library libmoveit_collision_distance_field.so[0m
[133.303s] [100%] Built target moveit_collision_distance_field
[133.312s] Invoked command in '/home/elian/ws_moveit2/build/moveit_core' returned '0': CMAKE_PREFIX_PATH=/home/elian/ws_moveit2/install/moveit_resources_panda_moveit_config:/home/elian/ws_moveit2/install/moveit_resources_pr2_description:/home/elian/ws_moveit2/install/moveit_resources_panda_description:/home/elian/ws_moveit2/install/moveit_msgs:/home/elian/ws_moveit2/install/moveit_common:/home/elian/ws_moveit2/install/moveit_planners:/home/elian/ws_moveit2/install/pilz_industrial_motion_planner:/home/elian/ws_moveit2/install/moveit_visual_tools:/home/elian/ws_moveit2/install/moveit_task_constructor_core:/home/elian/ws_moveit2/install/moveit_setup_assistant:/home/elian/ws_moveit2/install/moveit_setup_srdf_plugins:/home/elian/ws_moveit2/install/moveit_setup_core_plugins:/home/elian/ws_moveit2/install/moveit_setup_controllers:/home/elian/ws_moveit2/install/moveit_setup_app_plugins:/home/elian/ws_moveit2/install/moveit_setup_framework:/home/elian/ws_moveit2/install/moveit_ros:/home/elian/ws_moveit2/install/moveit_ros_visualization:/home/elian/ws_moveit2/install/moveit_hybrid_planning:/home/elian/ws_moveit2/install/moveit_ros_planning_interface:/home/elian/ws_moveit2/install/moveit_ros_benchmarks:/home/elian/ws_moveit2/install/moveit_ros_warehouse:/home/elian/ws_moveit2/install/moveit_ros_robot_interaction:/home/elian/ws_moveit2/install/moveit_ros_perception:/home/elian/ws_moveit2/install/moveit_resources_prbt_pg70_support:/home/elian/ws_moveit2/install/moveit_resources_prbt_moveit_config:/home/elian/ws_moveit2/install/moveit_ros_move_group:/home/elian/ws_moveit2/install/moveit_planners_ompl:/home/elian/ws_moveit2/install/moveit_kinematics:/home/elian/ws_moveit2/install/pilz_industrial_motion_planner_testutils:/home/elian/ws_moveit2/install/moveit_ros_control_interface:/home/elian/ws_moveit2/install/moveit_plugins:/home/elian/ws_moveit2/install/moveit_simple_controller_manager:/home/elian/ws_moveit2/install/moveit_ros_planning:/home/elian/ws_moveit2/install/moveit_ros_occupancy_map_monitor:/home/elian/ws_moveit2/install/moveit_resources_prbt_ikfast_manipulator_plugin:/home/elian/ws_moveit2/install/moveit_planners_chomp:/home/elian/ws_moveit2/install/moveit_chomp_optimizer_adapter:/home/elian/ws_moveit2/install/chomp_motion_planner:/home/elian/ws_moveit2/install/moveit_core:/home/elian/ws_moveit2/install/srdfdom:/home/elian/ws_moveit2/install/rviz_marker_tools:/home/elian/ws_moveit2/install/rosparam_shortcuts:/home/elian/ws_moveit2/install/moveit_task_constructor_msgs:/home/elian/ws_moveit2/install/moveit_resources_prbt_support:/home/elian/ws_moveit2/install/moveit_resources:/home/elian/ws_moveit2/install/moveit_resources_fanuc_moveit_config:/home/elian/ws_moveit2/install/moveit_resources_fanuc_description:/home/elian/ws_moveit2/install/moveit_configs_utils:/home/elian/ws_moveit2/install/launch_param_builder:/opt/ros/humble LD_LIBRARY_PATH=/home/elian/ws_moveit2/install/moveit_msgs/lib:/home/elian/ws_moveit2/install/pilz_industrial_motion_planner/lib:/home/elian/ws_moveit2/install/moveit_visual_tools/lib:/home/elian/ws_moveit2/install/moveit_task_constructor_core/lib:/home/elian/ws_moveit2/install/moveit_setup_assistant/lib:/home/elian/ws_moveit2/install/moveit_setup_srdf_plugins/lib:/home/elian/ws_moveit2/install/moveit_setup_core_plugins/lib:/home/elian/ws_moveit2/install/moveit_setup_controllers/lib:/home/elian/ws_moveit2/install/moveit_setup_app_plugins/lib:/home/elian/ws_moveit2/install/moveit_setup_framework/lib:/home/elian/ws_moveit2/install/moveit_ros_visualization/lib:/home/elian/ws_moveit2/install/moveit_hybrid_planning/lib:/home/elian/ws_moveit2/install/moveit_ros_planning_interface/lib:/home/elian/ws_moveit2/install/moveit_ros_benchmarks/lib:/home/elian/ws_moveit2/install/moveit_ros_warehouse/lib:/home/elian/ws_moveit2/install/moveit_ros_robot_interaction/lib:/home/elian/ws_moveit2/install/moveit_ros_perception/lib:/home/elian/ws_moveit2/install/moveit_ros_move_group/lib:/home/elian/ws_moveit2/install/moveit_planners_ompl/lib:/home/elian/ws_moveit2/install/moveit_kinematics/lib:/home/elian/ws_moveit2/install/pilz_industrial_motion_planner_testutils/lib:/home/elian/ws_moveit2/install/moveit_ros_control_interface/lib:/home/elian/ws_moveit2/install/moveit_simple_controller_manager/lib:/home/elian/ws_moveit2/install/moveit_ros_planning/lib:/home/elian/ws_moveit2/install/moveit_ros_occupancy_map_monitor/lib:/home/elian/ws_moveit2/install/moveit_resources_prbt_ikfast_manipulator_plugin/lib:/home/elian/ws_moveit2/install/moveit_planners_chomp/lib:/home/elian/ws_moveit2/install/moveit_chomp_optimizer_adapter/lib:/home/elian/ws_moveit2/install/chomp_motion_planner/lib:/home/elian/ws_moveit2/install/moveit_core/lib:/home/elian/ws_moveit2/install/srdfdom/lib:/home/elian/ws_moveit2/install/rviz_marker_tools/lib:/home/elian/ws_moveit2/install/rosparam_shortcuts/lib:/home/elian/ws_moveit2/install/moveit_task_constructor_msgs/lib:/usr/lib/x86_64-linux-gnu/gazebo-11/plugins:/opt/ros/humble/opt/rviz_ogre_vendor/lib:/opt/ros/humble/lib/x86_64-linux-gnu:/opt/ros/humble/lib /usr/bin/cmake --build /home/elian/ws_moveit2/build/moveit_core -- -j8 -l8
[133.313s] Invoking command in '/home/elian/ws_moveit2/build/moveit_core': CMAKE_PREFIX_PATH=/home/elian/ws_moveit2/install/moveit_resources_panda_moveit_config:/home/elian/ws_moveit2/install/moveit_resources_pr2_description:/home/elian/ws_moveit2/install/moveit_resources_panda_description:/home/elian/ws_moveit2/install/moveit_msgs:/home/elian/ws_moveit2/install/moveit_common:/home/elian/ws_moveit2/install/moveit_planners:/home/elian/ws_moveit2/install/pilz_industrial_motion_planner:/home/elian/ws_moveit2/install/moveit_visual_tools:/home/elian/ws_moveit2/install/moveit_task_constructor_core:/home/elian/ws_moveit2/install/moveit_setup_assistant:/home/elian/ws_moveit2/install/moveit_setup_srdf_plugins:/home/elian/ws_moveit2/install/moveit_setup_core_plugins:/home/elian/ws_moveit2/install/moveit_setup_controllers:/home/elian/ws_moveit2/install/moveit_setup_app_plugins:/home/elian/ws_moveit2/install/moveit_setup_framework:/home/elian/ws_moveit2/install/moveit_ros:/home/elian/ws_moveit2/install/moveit_ros_visualization:/home/elian/ws_moveit2/install/moveit_hybrid_planning:/home/elian/ws_moveit2/install/moveit_ros_planning_interface:/home/elian/ws_moveit2/install/moveit_ros_benchmarks:/home/elian/ws_moveit2/install/moveit_ros_warehouse:/home/elian/ws_moveit2/install/moveit_ros_robot_interaction:/home/elian/ws_moveit2/install/moveit_ros_perception:/home/elian/ws_moveit2/install/moveit_resources_prbt_pg70_support:/home/elian/ws_moveit2/install/moveit_resources_prbt_moveit_config:/home/elian/ws_moveit2/install/moveit_ros_move_group:/home/elian/ws_moveit2/install/moveit_planners_ompl:/home/elian/ws_moveit2/install/moveit_kinematics:/home/elian/ws_moveit2/install/pilz_industrial_motion_planner_testutils:/home/elian/ws_moveit2/install/moveit_ros_control_interface:/home/elian/ws_moveit2/install/moveit_plugins:/home/elian/ws_moveit2/install/moveit_simple_controller_manager:/home/elian/ws_moveit2/install/moveit_ros_planning:/home/elian/ws_moveit2/install/moveit_ros_occupancy_map_monitor:/home/elian/ws_moveit2/install/moveit_resources_prbt_ikfast_manipulator_plugin:/home/elian/ws_moveit2/install/moveit_planners_chomp:/home/elian/ws_moveit2/install/moveit_chomp_optimizer_adapter:/home/elian/ws_moveit2/install/chomp_motion_planner:/home/elian/ws_moveit2/install/moveit_core:/home/elian/ws_moveit2/install/srdfdom:/home/elian/ws_moveit2/install/rviz_marker_tools:/home/elian/ws_moveit2/install/rosparam_shortcuts:/home/elian/ws_moveit2/install/moveit_task_constructor_msgs:/home/elian/ws_moveit2/install/moveit_resources_prbt_support:/home/elian/ws_moveit2/install/moveit_resources:/home/elian/ws_moveit2/install/moveit_resources_fanuc_moveit_config:/home/elian/ws_moveit2/install/moveit_resources_fanuc_description:/home/elian/ws_moveit2/install/moveit_configs_utils:/home/elian/ws_moveit2/install/launch_param_builder:/opt/ros/humble LD_LIBRARY_PATH=/home/elian/ws_moveit2/install/moveit_msgs/lib:/home/elian/ws_moveit2/install/pilz_industrial_motion_planner/lib:/home/elian/ws_moveit2/install/moveit_visual_tools/lib:/home/elian/ws_moveit2/install/moveit_task_constructor_core/lib:/home/elian/ws_moveit2/install/moveit_setup_assistant/lib:/home/elian/ws_moveit2/install/moveit_setup_srdf_plugins/lib:/home/elian/ws_moveit2/install/moveit_setup_core_plugins/lib:/home/elian/ws_moveit2/install/moveit_setup_controllers/lib:/home/elian/ws_moveit2/install/moveit_setup_app_plugins/lib:/home/elian/ws_moveit2/install/moveit_setup_framework/lib:/home/elian/ws_moveit2/install/moveit_ros_visualization/lib:/home/elian/ws_moveit2/install/moveit_hybrid_planning/lib:/home/elian/ws_moveit2/install/moveit_ros_planning_interface/lib:/home/elian/ws_moveit2/install/moveit_ros_benchmarks/lib:/home/elian/ws_moveit2/install/moveit_ros_warehouse/lib:/home/elian/ws_moveit2/install/moveit_ros_robot_interaction/lib:/home/elian/ws_moveit2/install/moveit_ros_perception/lib:/home/elian/ws_moveit2/install/moveit_ros_move_group/lib:/home/elian/ws_moveit2/install/moveit_planners_ompl/lib:/home/elian/ws_moveit2/install/moveit_kinematics/lib:/home/elian/ws_moveit2/install/pilz_industrial_motion_planner_testutils/lib:/home/elian/ws_moveit2/install/moveit_ros_control_interface/lib:/home/elian/ws_moveit2/install/moveit_simple_controller_manager/lib:/home/elian/ws_moveit2/install/moveit_ros_planning/lib:/home/elian/ws_moveit2/install/moveit_ros_occupancy_map_monitor/lib:/home/elian/ws_moveit2/install/moveit_resources_prbt_ikfast_manipulator_plugin/lib:/home/elian/ws_moveit2/install/moveit_planners_chomp/lib:/home/elian/ws_moveit2/install/moveit_chomp_optimizer_adapter/lib:/home/elian/ws_moveit2/install/chomp_motion_planner/lib:/home/elian/ws_moveit2/install/moveit_core/lib:/home/elian/ws_moveit2/install/srdfdom/lib:/home/elian/ws_moveit2/install/rviz_marker_tools/lib:/home/elian/ws_moveit2/install/rosparam_shortcuts/lib:/home/elian/ws_moveit2/install/moveit_task_constructor_msgs/lib:/usr/lib/x86_64-linux-gnu/gazebo-11/plugins:/opt/ros/humble/opt/rviz_ogre_vendor/lib:/opt/ros/humble/lib/x86_64-linux-gnu:/opt/ros/humble/lib /usr/bin/cmake --install /home/elian/ws_moveit2/build/moveit_core
[133.319s] -- Install configuration: "Release"
[133.320s] -- Execute custom install script
[133.320s] -- Symlinking: /home/elian/ws_moveit2/install/moveit_core/include/moveit/version.h
[133.327s] -- Symlinking: /home/elian/ws_moveit2/install/moveit_core/include/moveit/collision_distance_field/collision_common_distance_field.h
[133.335s] -- Symlinking: /home/elian/ws_moveit2/install/moveit_core/include/moveit/collision_distance_field/collision_detector_allocator_distance_field.h
[133.342s] -- Symlinking: /home/elian/ws_moveit2/install/moveit_core/include/moveit/collision_distance_field/collision_detector_allocator_hybrid.h
[133.348s] -- Symlinking: /home/elian/ws_moveit2/install/moveit_core/include/moveit/collision_distance_field/collision_distance_field_types.h
[133.354s] -- Symlinking: /home/elian/ws_moveit2/install/moveit_core/include/moveit/collision_distance_field/collision_env_distance_field.h
[133.361s] -- Symlinking: /home/elian/ws_moveit2/install/moveit_core/include/moveit/collision_distance_field/collision_env_hybrid.h
[133.367s] -- Symlinking: /home/elian/ws_moveit2/install/moveit_core/include/moveit_collision_distance_field_export.h
[133.374s] -- Symlinking: /home/elian/ws_moveit2/install/moveit_core/include/moveit/constraint_samplers/constraint_sampler.h
[133.381s] -- Symlinking: /home/elian/ws_moveit2/install/moveit_core/include/moveit/constraint_samplers/constraint_sampler_allocator.h
[133.387s] -- Symlinking: /home/elian/ws_moveit2/install/moveit_core/include/moveit/constraint_samplers/constraint_sampler_manager.h
[133.394s] -- Symlinking: /home/elian/ws_moveit2/install/moveit_core/include/moveit/constraint_samplers/constraint_sampler_tools.h
[133.401s] -- Symlinking: /home/elian/ws_moveit2/install/moveit_core/include/moveit/constraint_samplers/default_constraint_samplers.h
[133.409s] -- Symlinking: /home/elian/ws_moveit2/install/moveit_core/include/moveit/constraint_samplers/union_constraint_sampler.h
[133.416s] -- Symlinking: /home/elian/ws_moveit2/install/moveit_core/include/moveit/controller_manager/controller_manager.h
[133.423s] -- Symlinking: /home/elian/ws_moveit2/install/moveit_core/include/moveit/distance_field/distance_field.h
[133.430s] -- Symlinking: /home/elian/ws_moveit2/install/moveit_core/include/moveit/distance_field/find_internal_points.h
[133.437s] -- Symlinking: /home/elian/ws_moveit2/install/moveit_core/include/moveit/distance_field/propagation_distance_field.h
[133.444s] -- Symlinking: /home/elian/ws_moveit2/install/moveit_core/include/moveit/distance_field/voxel_grid.h
[133.451s] -- Symlinking: /home/elian/ws_moveit2/install/moveit_core/include/moveit/dynamics_solver/dynamics_solver.h
[133.458s] -- Symlinking: /home/elian/ws_moveit2/install/moveit_core/include/moveit/exceptions/exceptions.h
[133.465s] -- Symlinking: /home/elian/ws_moveit2/install/moveit_core/include/moveit/kinematics_base/kinematics_base.h
[133.472s] -- Symlinking: /home/elian/ws_moveit2/install/moveit_core/include/moveit_kinematics_base_export.h
[133.479s] -- Symlinking: /home/elian/ws_moveit2/install/moveit_core/include/moveit/kinematic_constraints/kinematic_constraint.h
[133.485s] -- Symlinking: /home/elian/ws_moveit2/install/moveit_core/include/moveit/kinematic_constraints/utils.h
[133.492s] -- Symlinking: /home/elian/ws_moveit2/install/moveit_core/include/moveit/kinematics_metrics/kinematics_metrics.h
[133.499s] -- Symlinking: /home/elian/ws_moveit2/install/moveit_core/include/moveit/macros/class_forward.h
[133.506s] -- Symlinking: /home/elian/ws_moveit2/install/moveit_core/include/moveit/macros/console_colors.h
[133.513s] -- Symlinking: /home/elian/ws_moveit2/install/moveit_core/include/moveit/macros/declare_ptr.h
[133.520s] -- Symlinking: /home/elian/ws_moveit2/install/moveit_core/include/moveit/macros/deprecation.h
[133.527s] -- Symlinking: /home/elian/ws_moveit2/install/moveit_core/include/moveit_core/moveit_butterworth_parameters.hpp
[133.534s] -- Symlinking: /home/elian/ws_moveit2/install/moveit_core/include/moveit/online_signal_smoothing/butterworth_filter.h
[133.543s] -- Symlinking: /home/elian/ws_moveit2/install/moveit_core/include/moveit/online_signal_smoothing/smoothing_base_class.h
[133.549s] -- Symlinking: /home/elian/ws_moveit2/install/moveit_core/include/moveit_smoothing_base_export.h
[133.556s] -- Symlinking: /home/elian/ws_moveit2/install/moveit_core/include/moveit_butterworth_filter_export.h
[133.563s] -- Symlinking: /home/elian/ws_moveit2/install/moveit_core/include/moveit/planning_interface/planning_interface.h
[133.569s] -- Symlinking: /home/elian/ws_moveit2/install/moveit_core/include/moveit/planning_interface/planning_request.h
[133.576s] -- Symlinking: /home/elian/ws_moveit2/install/moveit_core/include/moveit/planning_interface/planning_response.h
[133.583s] -- Symlinking: /home/elian/ws_moveit2/install/moveit_core/include/moveit/planning_request_adapter/planning_request_adapter.h
[133.590s] -- Symlinking: /home/elian/ws_moveit2/install/moveit_core/include/moveit/planning_scene/planning_scene.h
[133.597s] -- Symlinking: /home/elian/ws_moveit2/install/moveit_core/include/moveit_planning_scene_export.h
[133.603s] -- Symlinking: /home/elian/ws_moveit2/install/moveit_core/include/moveit/robot_model/aabb.h
[133.610s] -- Symlinking: /home/elian/ws_moveit2/install/moveit_core/include/moveit/robot_model/fixed_joint_model.h
[133.617s] -- Symlinking: /home/elian/ws_moveit2/install/moveit_core/include/moveit/robot_model/floating_joint_model.h
[133.623s] -- Symlinking: /home/elian/ws_moveit2/install/moveit_core/include/moveit/robot_model/joint_model.h
[133.630s] -- Symlinking: /home/elian/ws_moveit2/install/moveit_core/include/moveit/robot_model/joint_model_group.h
[133.637s] -- Symlinking: /home/elian/ws_moveit2/install/moveit_core/include/moveit/robot_model/link_model.h
[133.645s] -- Symlinking: /home/elian/ws_moveit2/install/moveit_core/include/moveit/robot_model/planar_joint_model.h
[133.651s] -- Symlinking: /home/elian/ws_moveit2/install/moveit_core/include/moveit/robot_model/prismatic_joint_model.h
[133.658s] -- Symlinking: /home/elian/ws_moveit2/install/moveit_core/include/moveit/robot_model/revolute_joint_model.h
[133.664s] -- Symlinking: /home/elian/ws_moveit2/install/moveit_core/include/moveit/robot_model/robot_model.h
[133.670s] -- Symlinking: /home/elian/ws_moveit2/install/moveit_core/include/moveit/robot_state/attached_body.h
[133.676s] -- Symlinking: /home/elian/ws_moveit2/install/moveit_core/include/moveit/robot_state/cartesian_interpolator.h
[133.682s] -- Symlinking: /home/elian/ws_moveit2/install/moveit_core/include/moveit/robot_state/conversions.h
[133.688s] -- Symlinking: /home/elian/ws_moveit2/install/moveit_core/include/moveit/robot_state/robot_state.h
[133.694s] -- Symlinking: /home/elian/ws_moveit2/install/moveit_core/include/moveit/robot_trajectory/robot_trajectory.h
[133.700s] -- Symlinking: /home/elian/ws_moveit2/install/moveit_core/include/moveit/sensor_manager/sensor_manager.h
[133.706s] -- Symlinking: /home/elian/ws_moveit2/install/moveit_core/include/moveit/trajectory_processing/iterative_spline_parameterization.h
[133.712s] -- Symlinking: /home/elian/ws_moveit2/install/moveit_core/include/moveit/trajectory_processing/iterative_time_parameterization.h
[133.718s] -- Symlinking: /home/elian/ws_moveit2/install/moveit_core/include/moveit/trajectory_processing/ruckig_traj_smoothing.h
[133.724s] -- Symlinking: /home/elian/ws_moveit2/install/moveit_core/include/moveit/trajectory_processing/time_optimal_trajectory_generation.h
[133.730s] -- Symlinking: /home/elian/ws_moveit2/install/moveit_core/include/moveit/trajectory_processing/time_parameterization.h
[133.737s] -- Symlinking: /home/elian/ws_moveit2/install/moveit_core/include/moveit/trajectory_processing/trajectory_tools.h
[133.744s] -- Symlinking: /home/elian/ws_moveit2/install/moveit_core/include/moveit/transforms/transforms.h
[133.750s] -- Symlinking: /home/elian/ws_moveit2/install/moveit_core/include/moveit/utils/lexical_casts.h
[133.756s] -- Symlinking: /home/elian/ws_moveit2/install/moveit_core/include/moveit/utils/message_checks.h
[133.763s] -- Symlinking: /home/elian/ws_moveit2/install/moveit_core/include/moveit/utils/moveit_error_code.h
[133.769s] -- Symlinking: /home/elian/ws_moveit2/install/moveit_core/include/moveit/utils/rclcpp_utils.h
[133.775s] -- Symlinking: /home/elian/ws_moveit2/install/moveit_core/include/moveit/utils/robot_model_test_utils.h
[133.781s] -- Symlinking: /home/elian/ws_moveit2/install/moveit_core/bin/moveit_version
[133.787s] -- Symlinking: /home/elian/ws_moveit2/install/moveit_core/include/moveit/collision_detection/allvalid/collision_detector_allocator_allvalid.h
[133.793s] -- Symlinking: /home/elian/ws_moveit2/install/moveit_core/include/moveit/collision_detection/allvalid/collision_env_allvalid.h
[133.799s] -- Symlinking: /home/elian/ws_moveit2/install/moveit_core/include/moveit/collision_detection/collision_common.h
[133.805s] -- Symlinking: /home/elian/ws_moveit2/install/moveit_core/include/moveit/collision_detection/collision_detector_allocator.h
[133.812s] -- Symlinking: /home/elian/ws_moveit2/install/moveit_core/include/moveit/collision_detection/collision_env.h
[133.817s] -- Symlinking: /home/elian/ws_moveit2/install/moveit_core/include/moveit/collision_detection/collision_matrix.h
[133.824s] -- Symlinking: /home/elian/ws_moveit2/install/moveit_core/include/moveit/collision_detection/collision_octomap_filter.h
[133.830s] -- Symlinking: /home/elian/ws_moveit2/install/moveit_core/include/moveit/collision_detection/collision_plugin.h
[133.836s] -- Symlinking: /home/elian/ws_moveit2/install/moveit_core/include/moveit/collision_detection/collision_plugin_cache.h
[133.843s] -- Symlinking: /home/elian/ws_moveit2/install/moveit_core/include/moveit/collision_detection/collision_tools.h
[133.849s] -- Symlinking: /home/elian/ws_moveit2/install/moveit_core/include/moveit/collision_detection/occupancy_map.h
[133.855s] -- Symlinking: /home/elian/ws_moveit2/install/moveit_core/include/moveit/collision_detection/test_collision_common_panda.h
[133.862s] -- Symlinking: /home/elian/ws_moveit2/install/moveit_core/include/moveit/collision_detection/test_collision_common_pr2.h
[133.869s] -- Symlinking: /home/elian/ws_moveit2/install/moveit_core/include/moveit/collision_detection/world.h
[133.875s] -- Symlinking: /home/elian/ws_moveit2/install/moveit_core/include/moveit/collision_detection/world_diff.h
[133.881s] -- Symlinking: /home/elian/ws_moveit2/install/moveit_core/include/moveit_collision_detection_export.h
[133.887s] -- Symlinking: /home/elian/ws_moveit2/install/moveit_core/include/moveit/collision_detection_bullet/bullet_integration/basic_types.h
[133.893s] -- Symlinking: /home/elian/ws_moveit2/install/moveit_core/include/moveit/collision_detection_bullet/bullet_integration/bullet_bvh_manager.h
[133.899s] -- Symlinking: /home/elian/ws_moveit2/install/moveit_core/include/moveit/collision_detection_bullet/bullet_integration/bullet_cast_bvh_manager.h
[133.905s] -- Symlinking: /home/elian/ws_moveit2/install/moveit_core/include/moveit/collision_detection_bullet/bullet_integration/bullet_discrete_bvh_manager.h
[133.911s] -- Symlinking: /home/elian/ws_moveit2/install/moveit_core/include/moveit/collision_detection_bullet/bullet_integration/bullet_utils.h
[133.917s] -- Symlinking: /home/elian/ws_moveit2/install/moveit_core/include/moveit/collision_detection_bullet/bullet_integration/contact_checker_common.h
[133.923s] -- Symlinking: /home/elian/ws_moveit2/install/moveit_core/include/moveit/collision_detection_bullet/bullet_integration/ros_bullet_utils.h
[133.930s] -- Symlinking: /home/elian/ws_moveit2/install/moveit_core/include/moveit/collision_detection_bullet/collision_detector_allocator_bullet.h
[133.937s] -- Symlinking: /home/elian/ws_moveit2/install/moveit_core/include/moveit/collision_detection_bullet/collision_detector_bullet_plugin_loader.h
[133.944s] -- Symlinking: /home/elian/ws_moveit2/install/moveit_core/include/moveit/collision_detection_bullet/collision_env_bullet.h
[133.950s] -- Symlinking: /home/elian/ws_moveit2/install/moveit_core/include/moveit_collision_detection_bullet_export.h
[133.957s] -- Symlinking: /home/elian/ws_moveit2/install/moveit_core/include/moveit/collision_detection_fcl/collision_common.h
[133.963s] -- Symlinking: /home/elian/ws_moveit2/install/moveit_core/include/moveit/collision_detection_fcl/collision_detector_allocator_fcl.h
[133.969s] -- Symlinking: /home/elian/ws_moveit2/install/moveit_core/include/moveit/collision_detection_fcl/collision_detector_fcl_plugin_loader.h
[133.975s] -- Symlinking: /home/elian/ws_moveit2/install/moveit_core/include/moveit/collision_detection_fcl/collision_env_fcl.h
[133.981s] -- Symlinking: /home/elian/ws_moveit2/install/moveit_core/include/moveit/collision_detection_fcl/fcl_compat.h
[133.987s] -- Symlinking: /home/elian/ws_moveit2/install/moveit_core/include/moveit_collision_detection_fcl_export.h
[133.993s] -- Symlinking: /home/elian/ws_moveit2/install/moveit_core/share/moveit_core/environment/library_path.sh
[134.000s] -- Symlinking: /home/elian/ws_moveit2/install/moveit_core/share/moveit_core/environment/library_path.dsv
[134.006s] -- Symlinking: /home/elian/ws_moveit2/install/moveit_core/share/moveit_core//collision_detector_fcl_description.xml
[134.013s] -- Symlinking: /home/elian/ws_moveit2/install/moveit_core/share/moveit_core//collision_detector_bullet_description.xml
[134.019s] -- Symlinking: /home/elian/ws_moveit2/install/moveit_core/share/moveit_core//filter_plugin_butterworth.xml
[134.025s] -- Symlinking: /home/elian/ws_moveit2/install/moveit_core/share/ament_index/resource_index/package_run_dependencies/moveit_core
[134.031s] -- Symlinking: /home/elian/ws_moveit2/install/moveit_core/share/ament_index/resource_index/parent_prefix_path/moveit_core
[134.037s] -- Symlinking: /home/elian/ws_moveit2/install/moveit_core/share/moveit_core/environment/ament_prefix_path.sh
[134.044s] -- Symlinking: /home/elian/ws_moveit2/install/moveit_core/share/moveit_core/environment/ament_prefix_path.dsv
[134.051s] -- Symlinking: /home/elian/ws_moveit2/install/moveit_core/share/moveit_core/environment/path.sh
[134.057s] -- Symlinking: /home/elian/ws_moveit2/install/moveit_core/share/moveit_core/environment/path.dsv
[134.063s] -- Symlinking: /home/elian/ws_moveit2/install/moveit_core/share/moveit_core/local_setup.bash
[134.069s] -- Symlinking: /home/elian/ws_moveit2/install/moveit_core/share/moveit_core/local_setup.sh
[134.076s] -- Symlinking: /home/elian/ws_moveit2/install/moveit_core/share/moveit_core/local_setup.zsh
[134.082s] -- Symlinking: /home/elian/ws_moveit2/install/moveit_core/share/moveit_core/local_setup.dsv
[134.088s] -- Symlinking: /home/elian/ws_moveit2/install/moveit_core/share/moveit_core/package.dsv
[134.094s] -- Symlinking: /home/elian/ws_moveit2/install/moveit_core/share/ament_index/resource_index/packages/moveit_core
[134.100s] -- Symlinking: /home/elian/ws_moveit2/install/moveit_core/share/ament_index/resource_index/moveit_core__pluginlib__plugin/moveit_core
[134.106s] -- Symlinking: /home/elian/ws_moveit2/install/moveit_core/share/moveit_core/cmake/ConfigExtras.cmake
[134.112s] -- Symlinking: /home/elian/ws_moveit2/install/moveit_core/share/moveit_core/cmake/ament_cmake_export_targets-extras.cmake
[134.118s] -- Symlinking: /home/elian/ws_moveit2/install/moveit_core/share/moveit_core/cmake/ament_cmake_export_dependencies-extras.cmake
[134.123s] -- Symlinking: /home/elian/ws_moveit2/install/moveit_core/share/moveit_core/cmake/moveit_coreConfig.cmake
[134.129s] -- Symlinking: /home/elian/ws_moveit2/install/moveit_core/share/moveit_core/cmake/moveit_coreConfig-version.cmake
[134.136s] -- Symlinking: /home/elian/ws_moveit2/install/moveit_core/share/moveit_core/package.xml
[134.144s] -- Installing: /home/elian/ws_moveit2/install/moveit_core/lib/libcollision_detector_bullet_plugin.so.2.5.9
[134.144s] -- Set runtime path of "/home/elian/ws_moveit2/install/moveit_core/lib/libcollision_detector_bullet_plugin.so.2.5.9" to ""
[134.144s] -- Installing: /home/elian/ws_moveit2/install/moveit_core/lib/libcollision_detector_bullet_plugin.so
[134.144s] -- Installing: /home/elian/ws_moveit2/install/moveit_core/lib/libmoveit_butterworth_filter.so.2.5.9
[134.144s] -- Set runtime path of "/home/elian/ws_moveit2/install/moveit_core/lib/libmoveit_butterworth_filter.so.2.5.9" to ""
[134.144s] -- Installing: /home/elian/ws_moveit2/install/moveit_core/lib/libmoveit_butterworth_filter.so
[134.144s] -- Installing: /home/elian/ws_moveit2/install/moveit_core/lib/libmoveit_collision_distance_field.so.2.5.9
[134.145s] -- Set runtime path of "/home/elian/ws_moveit2/install/moveit_core/lib/libmoveit_collision_distance_field.so.2.5.9" to ""
[134.145s] -- Installing: /home/elian/ws_moveit2/install/moveit_core/lib/libmoveit_collision_distance_field.so
[134.145s] -- Installing: /home/elian/ws_moveit2/install/moveit_core/lib/libmoveit_collision_detection.so.2.5.9
[134.145s] -- Set runtime path of "/home/elian/ws_moveit2/install/moveit_core/lib/libmoveit_collision_detection.so.2.5.9" to ""
[134.145s] -- Installing: /home/elian/ws_moveit2/install/moveit_core/lib/libmoveit_collision_detection.so
[134.145s] -- Installing: /home/elian/ws_moveit2/install/moveit_core/lib/libmoveit_collision_detection_fcl.so.2.5.9
[134.146s] -- Set runtime path of "/home/elian/ws_moveit2/install/moveit_core/lib/libmoveit_collision_detection_fcl.so.2.5.9" to ""
[134.146s] -- Installing: /home/elian/ws_moveit2/install/moveit_core/lib/libmoveit_collision_detection_fcl.so
[134.146s] -- Installing: /home/elian/ws_moveit2/install/moveit_core/lib/libmoveit_collision_detection_bullet.so.2.5.9
[134.146s] -- Set runtime path of "/home/elian/ws_moveit2/install/moveit_core/lib/libmoveit_collision_detection_bullet.so.2.5.9" to ""
[134.146s] -- Installing: /home/elian/ws_moveit2/install/moveit_core/lib/libmoveit_collision_detection_bullet.so
[134.146s] -- Installing: /home/elian/ws_moveit2/install/moveit_core/lib/libmoveit_dynamics_solver.so.2.5.9
[134.146s] -- Set runtime path of "/home/elian/ws_moveit2/install/moveit_core/lib/libmoveit_dynamics_solver.so.2.5.9" to ""
[134.146s] -- Installing: /home/elian/ws_moveit2/install/moveit_core/lib/libmoveit_dynamics_solver.so
[134.146s] -- Installing: /home/elian/ws_moveit2/install/moveit_core/lib/libmoveit_constraint_samplers.so.2.5.9
[134.147s] -- Set runtime path of "/home/elian/ws_moveit2/install/moveit_core/lib/libmoveit_constraint_samplers.so.2.5.9" to ""
[134.147s] -- Installing: /home/elian/ws_moveit2/install/moveit_core/lib/libmoveit_constraint_samplers.so
[134.147s] -- Installing: /home/elian/ws_moveit2/install/moveit_core/lib/libmoveit_distance_field.so.2.5.9
[134.147s] -- Set runtime path of "/home/elian/ws_moveit2/install/moveit_core/lib/libmoveit_distance_field.so.2.5.9" to ""
[134.147s] -- Installing: /home/elian/ws_moveit2/install/moveit_core/lib/libmoveit_distance_field.so
[134.147s] -- Installing: /home/elian/ws_moveit2/install/moveit_core/lib/libmoveit_exceptions.so.2.5.9
[134.147s] -- Set runtime path of "/home/elian/ws_moveit2/install/moveit_core/lib/libmoveit_exceptions.so.2.5.9" to ""
[134.147s] -- Installing: /home/elian/ws_moveit2/install/moveit_core/lib/libmoveit_exceptions.so
[134.147s] -- Installing: /home/elian/ws_moveit2/install/moveit_core/lib/libmoveit_kinematics_base.so
[134.147s] -- Set runtime path of "/home/elian/ws_moveit2/install/moveit_core/lib/libmoveit_kinematics_base.so" to ""
[134.147s] -- Installing: /home/elian/ws_moveit2/install/moveit_core/lib/libmoveit_kinematic_constraints.so.2.5.9
[134.148s] -- Set runtime path of "/home/elian/ws_moveit2/install/moveit_core/lib/libmoveit_kinematic_constraints.so.2.5.9" to ""
[134.148s] -- Installing: /home/elian/ws_moveit2/install/moveit_core/lib/libmoveit_kinematic_constraints.so
[134.148s] -- Installing: /home/elian/ws_moveit2/install/moveit_core/lib/libmoveit_kinematics_metrics.so.2.5.9
[134.148s] -- Set runtime path of "/home/elian/ws_moveit2/install/moveit_core/lib/libmoveit_kinematics_metrics.so.2.5.9" to ""
[134.148s] -- Installing: /home/elian/ws_moveit2/install/moveit_core/lib/libmoveit_kinematics_metrics.so
[134.148s] -- Installing: /home/elian/ws_moveit2/install/moveit_core/lib/libmoveit_planning_interface.so.2.5.9
[134.148s] -- Set runtime path of "/home/elian/ws_moveit2/install/moveit_core/lib/libmoveit_planning_interface.so.2.5.9" to ""
[134.149s] -- Installing: /home/elian/ws_moveit2/install/moveit_core/lib/libmoveit_planning_interface.so
[134.149s] -- Installing: /home/elian/ws_moveit2/install/moveit_core/lib/libmoveit_planning_scene.so.2.5.9
[134.149s] -- Set runtime path of "/home/elian/ws_moveit2/install/moveit_core/lib/libmoveit_planning_scene.so.2.5.9" to ""
[134.149s] -- Installing: /home/elian/ws_moveit2/install/moveit_core/lib/libmoveit_planning_scene.so
[134.149s] -- Installing: /home/elian/ws_moveit2/install/moveit_core/lib/libmoveit_planning_request_adapter.so.2.5.9
[134.149s] -- Set runtime path of "/home/elian/ws_moveit2/install/moveit_core/lib/libmoveit_planning_request_adapter.so.2.5.9" to ""
[134.149s] -- Installing: /home/elian/ws_moveit2/install/moveit_core/lib/libmoveit_planning_request_adapter.so
[134.149s] -- Installing: /home/elian/ws_moveit2/install/moveit_core/lib/libmoveit_robot_model.so.2.5.9
[134.150s] -- Set runtime path of "/home/elian/ws_moveit2/install/moveit_core/lib/libmoveit_robot_model.so.2.5.9" to ""
[134.150s] -- Installing: /home/elian/ws_moveit2/install/moveit_core/lib/libmoveit_robot_model.so
[134.150s] -- Installing: /home/elian/ws_moveit2/install/moveit_core/lib/libmoveit_robot_state.so.2.5.9
[134.150s] -- Set runtime path of "/home/elian/ws_moveit2/install/moveit_core/lib/libmoveit_robot_state.so.2.5.9" to ""
[134.150s] -- Installing: /home/elian/ws_moveit2/install/moveit_core/lib/libmoveit_robot_state.so
[134.150s] -- Installing: /home/elian/ws_moveit2/install/moveit_core/lib/libmoveit_robot_trajectory.so.2.5.9
[134.151s] -- Set runtime path of "/home/elian/ws_moveit2/install/moveit_core/lib/libmoveit_robot_trajectory.so.2.5.9" to ""
[134.151s] -- Installing: /home/elian/ws_moveit2/install/moveit_core/lib/libmoveit_robot_trajectory.so
[134.151s] -- Installing: /home/elian/ws_moveit2/install/moveit_core/lib/libmoveit_smoothing_base.so.2.5.9
[134.151s] -- Set runtime path of "/home/elian/ws_moveit2/install/moveit_core/lib/libmoveit_smoothing_base.so.2.5.9" to ""
[134.151s] -- Installing: /home/elian/ws_moveit2/install/moveit_core/lib/libmoveit_smoothing_base.so
[134.151s] -- Installing: /home/elian/ws_moveit2/install/moveit_core/lib/libmoveit_test_utils.so.2.5.9
[134.151s] -- Set runtime path of "/home/elian/ws_moveit2/install/moveit_core/lib/libmoveit_test_utils.so.2.5.9" to ""
[134.151s] -- Installing: /home/elian/ws_moveit2/install/moveit_core/lib/libmoveit_test_utils.so
[134.151s] -- Installing: /home/elian/ws_moveit2/install/moveit_core/lib/libmoveit_trajectory_processing.so.2.5.9
[134.152s] -- Set runtime path of "/home/elian/ws_moveit2/install/moveit_core/lib/libmoveit_trajectory_processing.so.2.5.9" to ""
[134.152s] -- Installing: /home/elian/ws_moveit2/install/moveit_core/lib/libmoveit_trajectory_processing.so
[134.152s] -- Installing: /home/elian/ws_moveit2/install/moveit_core/lib/libmoveit_transforms.so.2.5.9
[134.152s] -- Set runtime path of "/home/elian/ws_moveit2/install/moveit_core/lib/libmoveit_transforms.so.2.5.9" to ""
[134.152s] -- Installing: /home/elian/ws_moveit2/install/moveit_core/lib/libmoveit_transforms.so
[134.152s] -- Installing: /home/elian/ws_moveit2/install/moveit_core/lib/libmoveit_utils.so.2.5.9
[134.152s] -- Set runtime path of "/home/elian/ws_moveit2/install/moveit_core/lib/libmoveit_utils.so.2.5.9" to ""
[134.152s] -- Installing: /home/elian/ws_moveit2/install/moveit_core/lib/libmoveit_utils.so
[134.152s] -- Installing: /home/elian/ws_moveit2/install/moveit_core/share/moveit_core/cmake/export_moveit_coreExport.cmake
[134.152s] -- Installing: /home/elian/ws_moveit2/install/moveit_core/share/moveit_core/cmake/export_moveit_coreExport-release.cmake
[134.154s] Invoked command in '/home/elian/ws_moveit2/build/moveit_core' returned '0': CMAKE_PREFIX_PATH=/home/elian/ws_moveit2/install/moveit_resources_panda_moveit_config:/home/elian/ws_moveit2/install/moveit_resources_pr2_description:/home/elian/ws_moveit2/install/moveit_resources_panda_description:/home/elian/ws_moveit2/install/moveit_msgs:/home/elian/ws_moveit2/install/moveit_common:/home/elian/ws_moveit2/install/moveit_planners:/home/elian/ws_moveit2/install/pilz_industrial_motion_planner:/home/elian/ws_moveit2/install/moveit_visual_tools:/home/elian/ws_moveit2/install/moveit_task_constructor_core:/home/elian/ws_moveit2/install/moveit_setup_assistant:/home/elian/ws_moveit2/install/moveit_setup_srdf_plugins:/home/elian/ws_moveit2/install/moveit_setup_core_plugins:/home/elian/ws_moveit2/install/moveit_setup_controllers:/home/elian/ws_moveit2/install/moveit_setup_app_plugins:/home/elian/ws_moveit2/install/moveit_setup_framework:/home/elian/ws_moveit2/install/moveit_ros:/home/elian/ws_moveit2/install/moveit_ros_visualization:/home/elian/ws_moveit2/install/moveit_hybrid_planning:/home/elian/ws_moveit2/install/moveit_ros_planning_interface:/home/elian/ws_moveit2/install/moveit_ros_benchmarks:/home/elian/ws_moveit2/install/moveit_ros_warehouse:/home/elian/ws_moveit2/install/moveit_ros_robot_interaction:/home/elian/ws_moveit2/install/moveit_ros_perception:/home/elian/ws_moveit2/install/moveit_resources_prbt_pg70_support:/home/elian/ws_moveit2/install/moveit_resources_prbt_moveit_config:/home/elian/ws_moveit2/install/moveit_ros_move_group:/home/elian/ws_moveit2/install/moveit_planners_ompl:/home/elian/ws_moveit2/install/moveit_kinematics:/home/elian/ws_moveit2/install/pilz_industrial_motion_planner_testutils:/home/elian/ws_moveit2/install/moveit_ros_control_interface:/home/elian/ws_moveit2/install/moveit_plugins:/home/elian/ws_moveit2/install/moveit_simple_controller_manager:/home/elian/ws_moveit2/install/moveit_ros_planning:/home/elian/ws_moveit2/install/moveit_ros_occupancy_map_monitor:/home/elian/ws_moveit2/install/moveit_resources_prbt_ikfast_manipulator_plugin:/home/elian/ws_moveit2/install/moveit_planners_chomp:/home/elian/ws_moveit2/install/moveit_chomp_optimizer_adapter:/home/elian/ws_moveit2/install/chomp_motion_planner:/home/elian/ws_moveit2/install/moveit_core:/home/elian/ws_moveit2/install/srdfdom:/home/elian/ws_moveit2/install/rviz_marker_tools:/home/elian/ws_moveit2/install/rosparam_shortcuts:/home/elian/ws_moveit2/install/moveit_task_constructor_msgs:/home/elian/ws_moveit2/install/moveit_resources_prbt_support:/home/elian/ws_moveit2/install/moveit_resources:/home/elian/ws_moveit2/install/moveit_resources_fanuc_moveit_config:/home/elian/ws_moveit2/install/moveit_resources_fanuc_description:/home/elian/ws_moveit2/install/moveit_configs_utils:/home/elian/ws_moveit2/install/launch_param_builder:/opt/ros/humble LD_LIBRARY_PATH=/home/elian/ws_moveit2/install/moveit_msgs/lib:/home/elian/ws_moveit2/install/pilz_industrial_motion_planner/lib:/home/elian/ws_moveit2/install/moveit_visual_tools/lib:/home/elian/ws_moveit2/install/moveit_task_constructor_core/lib:/home/elian/ws_moveit2/install/moveit_setup_assistant/lib:/home/elian/ws_moveit2/install/moveit_setup_srdf_plugins/lib:/home/elian/ws_moveit2/install/moveit_setup_core_plugins/lib:/home/elian/ws_moveit2/install/moveit_setup_controllers/lib:/home/elian/ws_moveit2/install/moveit_setup_app_plugins/lib:/home/elian/ws_moveit2/install/moveit_setup_framework/lib:/home/elian/ws_moveit2/install/moveit_ros_visualization/lib:/home/elian/ws_moveit2/install/moveit_hybrid_planning/lib:/home/elian/ws_moveit2/install/moveit_ros_planning_interface/lib:/home/elian/ws_moveit2/install/moveit_ros_benchmarks/lib:/home/elian/ws_moveit2/install/moveit_ros_warehouse/lib:/home/elian/ws_moveit2/install/moveit_ros_robot_interaction/lib:/home/elian/ws_moveit2/install/moveit_ros_perception/lib:/home/elian/ws_moveit2/install/moveit_ros_move_group/lib:/home/elian/ws_moveit2/install/moveit_planners_ompl/lib:/home/elian/ws_moveit2/install/moveit_kinematics/lib:/home/elian/ws_moveit2/install/pilz_industrial_motion_planner_testutils/lib:/home/elian/ws_moveit2/install/moveit_ros_control_interface/lib:/home/elian/ws_moveit2/install/moveit_simple_controller_manager/lib:/home/elian/ws_moveit2/install/moveit_ros_planning/lib:/home/elian/ws_moveit2/install/moveit_ros_occupancy_map_monitor/lib:/home/elian/ws_moveit2/install/moveit_resources_prbt_ikfast_manipulator_plugin/lib:/home/elian/ws_moveit2/install/moveit_planners_chomp/lib:/home/elian/ws_moveit2/install/moveit_chomp_optimizer_adapter/lib:/home/elian/ws_moveit2/install/chomp_motion_planner/lib:/home/elian/ws_moveit2/install/moveit_core/lib:/home/elian/ws_moveit2/install/srdfdom/lib:/home/elian/ws_moveit2/install/rviz_marker_tools/lib:/home/elian/ws_moveit2/install/rosparam_shortcuts/lib:/home/elian/ws_moveit2/install/moveit_task_constructor_msgs/lib:/usr/lib/x86_64-linux-gnu/gazebo-11/plugins:/opt/ros/humble/opt/rviz_ogre_vendor/lib:/opt/ros/humble/lib/x86_64-linux-gnu:/opt/ros/humble/lib /usr/bin/cmake --install /home/elian/ws_moveit2/build/moveit_core
