[0.038s] Invoking command in '/home/elian/ws_moveit2/src/build/moveit_common': CMAKE_PREFIX_PATH=${CMAKE_PREFIX_PATH}:/home/elian/ws_moveit2/install/moveit_configs_utils:/home/elian/ws_moveit2/install/launch_param_builder:/opt/ros/humble /usr/bin/cmake /home/elian/ws_moveit2/src/moveit2/moveit_common -DCMAKE_BUILD_TYPE=Debug -DCMAKE_INSTALL_PREFIX=/home/elian/ws_moveit2/src/install/moveit_common
[0.356s] -- Found ament_cmake: 1.3.12 (/opt/ros/humble/share/ament_cmake/cmake)
[0.356s] -- Found Python3: /usr/bin/python3 (found version "3.10.12") found components: Interpreter 
[0.460s] -- Found ament_lint_auto: 0.12.14 (/opt/ros/humble/share/ament_lint_auto/cmake)
[0.652s] -- Added test 'copyright' to check source files copyright and LICENSE
[0.660s] -- Added test 'lint_cmake' to check CMake code style
[0.661s] -- Added test 'xmllint' to check XML markup files
[0.667s] -- Configuring done
[0.669s] -- Generating done
[0.672s] -- Build files have been written to: /home/elian/ws_moveit2/src/build/moveit_common
[0.679s] Invoked command in '/home/elian/ws_moveit2/src/build/moveit_common' returned '0': CMAKE_PREFIX_PATH=${CMAKE_PREFIX_PATH}:/home/elian/ws_moveit2/install/moveit_configs_utils:/home/elian/ws_moveit2/install/launch_param_builder:/opt/ros/humble /usr/bin/cmake /home/elian/ws_moveit2/src/moveit2/moveit_common -DCMAKE_BUILD_TYPE=Debug -DCMAKE_INSTALL_PREFIX=/home/elian/ws_moveit2/src/install/moveit_common
[0.683s] Invoking command in '/home/elian/ws_moveit2/src/build/moveit_common': CMAKE_PREFIX_PATH=${CMAKE_PREFIX_PATH}:/home/elian/ws_moveit2/install/moveit_configs_utils:/home/elian/ws_moveit2/install/launch_param_builder:/opt/ros/humble /usr/bin/cmake --build /home/elian/ws_moveit2/src/build/moveit_common -- -j8 -l8
[0.955s] Invoked command in '/home/elian/ws_moveit2/src/build/moveit_common' returned '0': CMAKE_PREFIX_PATH=${CMAKE_PREFIX_PATH}:/home/elian/ws_moveit2/install/moveit_configs_utils:/home/elian/ws_moveit2/install/launch_param_builder:/opt/ros/humble /usr/bin/cmake --build /home/elian/ws_moveit2/src/build/moveit_common -- -j8 -l8
[0.967s] Invoking command in '/home/elian/ws_moveit2/src/build/moveit_common': CMAKE_PREFIX_PATH=${CMAKE_PREFIX_PATH}:/home/elian/ws_moveit2/install/moveit_configs_utils:/home/elian/ws_moveit2/install/launch_param_builder:/opt/ros/humble /usr/bin/cmake --install /home/elian/ws_moveit2/src/build/moveit_common
[0.983s] -- Install configuration: "Debug"
[0.983s] -- Installing: /home/elian/ws_moveit2/src/install/moveit_common/share/ament_index/resource_index/package_run_dependencies/moveit_common
[0.983s] -- Installing: /home/elian/ws_moveit2/src/install/moveit_common/share/ament_index/resource_index/parent_prefix_path/moveit_common
[0.983s] -- Installing: /home/elian/ws_moveit2/src/install/moveit_common/share/moveit_common/environment/ament_prefix_path.sh
[0.983s] -- Installing: /home/elian/ws_moveit2/src/install/moveit_common/share/moveit_common/environment/ament_prefix_path.dsv
[0.983s] -- Installing: /home/elian/ws_moveit2/src/install/moveit_common/share/moveit_common/environment/path.sh
[0.984s] -- Installing: /home/elian/ws_moveit2/src/install/moveit_common/share/moveit_common/environment/path.dsv
[0.984s] -- Installing: /home/elian/ws_moveit2/src/install/moveit_common/share/moveit_common/local_setup.bash
[0.984s] -- Installing: /home/elian/ws_moveit2/src/install/moveit_common/share/moveit_common/local_setup.sh
[0.984s] -- Installing: /home/elian/ws_moveit2/src/install/moveit_common/share/moveit_common/local_setup.zsh
[0.984s] -- Installing: /home/elian/ws_moveit2/src/install/moveit_common/share/moveit_common/local_setup.dsv
[0.984s] -- Installing: /home/elian/ws_moveit2/src/install/moveit_common/share/moveit_common/package.dsv
[0.984s] -- Installing: /home/elian/ws_moveit2/src/install/moveit_common/share/ament_index/resource_index/packages/moveit_common
[0.984s] -- Installing: /home/elian/ws_moveit2/src/install/moveit_common/share/moveit_common/cmake/moveit_common-extras.cmake
[0.984s] -- Installing: /home/elian/ws_moveit2/src/install/moveit_common/share/moveit_common/cmake/moveit_commonConfig.cmake
[0.984s] -- Installing: /home/elian/ws_moveit2/src/install/moveit_common/share/moveit_common/cmake/moveit_commonConfig-version.cmake
[0.984s] -- Installing: /home/elian/ws_moveit2/src/install/moveit_common/share/moveit_common/package.xml
[0.984s] -- Up-to-date: /home/elian/ws_moveit2/src/install/moveit_common/share/moveit_common/cmake
[0.984s] -- Installing: /home/elian/ws_moveit2/src/install/moveit_common/share/moveit_common/cmake/moveit_package.cmake
[0.996s] Invoked command in '/home/elian/ws_moveit2/src/build/moveit_common' returned '0': CMAKE_PREFIX_PATH=${CMAKE_PREFIX_PATH}:/home/elian/ws_moveit2/install/moveit_configs_utils:/home/elian/ws_moveit2/install/launch_param_builder:/opt/ros/humble /usr/bin/cmake --install /home/elian/ws_moveit2/src/build/moveit_common
