[0.029s] Invoking command in '/home/elian/ws_moveit2/build/pick_ik': CMAKE_PREFIX_PATH=/home/elian/ws_moveit2/install/moveit_core:/home/elian/ws_moveit2/install/moveit_resources_panda_moveit_config:/home/elian/ws_moveit2/install/moveit_resources_pr2_description:/home/elian/ws_moveit2/install/moveit_resources_panda_description:/home/elian/ws_moveit2/install/moveit_msgs:/home/elian/ws_moveit2/install/moveit_common:/home/elian/ws_moveit2/install/moveit_task_constructor_visualization:/home/elian/ws_moveit2/install/moveit_task_constructor_demo:/home/elian/ws_moveit2/install/moveit_task_constructor_capabilities:/home/elian/ws_moveit2/install/moveit2_tutorials:/home/elian/ws_moveit2/install/moveit_task_constructor_core:/home/elian/ws_moveit2/install/rviz_marker_tools:/home/elian/ws_moveit2/install/rosparam_shortcuts:/home/elian/ws_moveit2/install/pilz_industrial_motion_planner_testutils:/home/elian/ws_moveit2/install/moveit_runtime:/home/elian/ws_moveit2/install/moveit:/home/elian/ws_moveit2/install/moveit_planners:/home/elian/ws_moveit2/install/pilz_industrial_motion_planner:/home/elian/ws_moveit2/install/hello_moveit:/home/elian/ws_moveit2/install/moveit_visual_tools:/home/elian/ws_moveit2/install/moveit_task_constructor_msgs:/home/elian/ws_moveit2/install/moveit_ros_control_interface:/home/elian/ws_moveit2/install/moveit_plugins:/home/elian/ws_moveit2/install/moveit_simple_controller_manager:/home/elian/ws_moveit2/install/moveit_setup_assistant:/home/elian/ws_moveit2/install/moveit_setup_srdf_plugins:/home/elian/ws_moveit2/install/moveit_setup_core_plugins:/home/elian/ws_moveit2/install/moveit_setup_controllers:/home/elian/ws_moveit2/install/moveit_setup_app_plugins:/home/elian/ws_moveit2/install/moveit_setup_framework:/home/elian/ws_moveit2/install/moveit_servo:/home/elian/ws_moveit2/install/moveit_ros:/home/elian/ws_moveit2/install/moveit_ros_visualization:/home/elian/ws_moveit2/install/moveit_hybrid_planning:/home/elian/ws_moveit2/install/moveit_ros_planning_interface:/home/elian/ws_moveit2/install/moveit_ros_benchmarks:/home/elian/ws_moveit2/install/moveit_ros_warehouse:/home/elian/ws_moveit2/install/moveit_ros_robot_interaction:/home/elian/ws_moveit2/install/moveit_ros_perception:/home/elian/ws_moveit2/install/moveit_resources_prbt_pg70_support:/home/elian/ws_moveit2/install/moveit_resources_prbt_moveit_config:/home/elian/ws_moveit2/install/moveit_ros_move_group:/home/elian/ws_moveit2/install/moveit_planners_ompl:/home/elian/ws_moveit2/install/moveit_ros_planning:/home/elian/ws_moveit2/install/moveit_ros_occupancy_map_monitor:/home/elian/ws_moveit2/install/moveit_resources_prbt_support:/home/elian/ws_moveit2/install/moveit_resources_prbt_ikfast_manipulator_plugin:/home/elian/ws_moveit2/install/moveit_resources:/home/elian/ws_moveit2/install/moveit_resources_fanuc_moveit_config:/home/elian/ws_moveit2/install/moveit_resources_fanuc_description:/home/elian/ws_moveit2/install/moveit_planners_chomp:/home/elian/ws_moveit2/install/moveit_kinematics:/home/elian/ws_moveit2/install/moveit_chomp_optimizer_adapter:/home/elian/ws_moveit2/install/chomp_motion_planner:/home/elian/academy_robotics/ros2_academy_ws/install/academy_robot_moveit_config:/home/elian/academy_robotics/ros2_academy_ws/install/academy_robot_gazebo_ignition:/home/elian/academy_robotics/ros2_academy_ws/install/academy_robot_gazebo_classic:/home/elian/academy_robotics/ros2_academy_ws/install/academy_robot_description:/home/elian/academy_robotics/ros2_academy_ws/install/ur_description:/home/elian/academy_robotics/ros2_academy_ws/install/academy_robot_interfaces:/home/elian/academy_robotics/ros2_academy_ws/install/robotnik_controllers_msgs:/home/elian/academy_robotics/ros2_academy_ws/install/academy_robot_supervisor_msgs:/home/elian/academy_robotics/ros2_academy_ws/install/academy_robot_sensors:/home/elian/academy_robotics/ros2_academy_ws/install/academy_robot_safety_msgs:/home/elian/academy_robotics/ros2_academy_ws/install/academy_robot_perception_msgs:/home/elian/academy_robotics/ros2_academy_ws/install/academy_robot_navigation_msgs:/home/elian/academy_robotics/ros2_academy_ws/install/academy_robot_io_msgs:/home/elian/academy_robotics/ros2_academy_ws/install/academy_robot_common_msgs:/home/elian/academy_robotics/ros2_academy_ws/install/academy_robot_common:/home/elian/academy_robotics/ros2_academy_ws/install/academy_robot_battery_msgs:/home/elian/ws_moveit2/install/moveit_configs_utils:/home/elian/ws_moveit2/install/launch_param_builder:/home/elian/academy_robotics/ros2_academy_ws/install/depth_to_pointcloud:/opt/ros/humble LD_LIBRARY_PATH=/home/elian/ws_moveit2/install/moveit_core/lib:/home/elian/ws_moveit2/install/moveit_msgs/lib:/home/elian/ws_moveit2/install/moveit_task_constructor_visualization/lib:/home/elian/ws_moveit2/install/moveit_task_constructor_demo/lib:/home/elian/ws_moveit2/install/moveit_task_constructor_capabilities/lib:/home/elian/ws_moveit2/install/moveit_task_constructor_core/lib:/home/elian/ws_moveit2/install/rviz_marker_tools/lib:/home/elian/ws_moveit2/install/rosparam_shortcuts/lib:/home/elian/ws_moveit2/install/pilz_industrial_motion_planner_testutils/lib:/home/elian/ws_moveit2/install/pilz_industrial_motion_planner/lib:/home/elian/ws_moveit2/install/moveit_visual_tools/lib:/home/elian/ws_moveit2/install/moveit_task_constructor_msgs/lib:/home/elian/ws_moveit2/install/moveit_ros_control_interface/lib:/home/elian/ws_moveit2/install/moveit_simple_controller_manager/lib:/home/elian/ws_moveit2/install/moveit_setup_assistant/lib:/home/elian/ws_moveit2/install/moveit_setup_srdf_plugins/lib:/home/elian/ws_moveit2/install/moveit_setup_core_plugins/lib:/home/elian/ws_moveit2/install/moveit_setup_controllers/lib:/home/elian/ws_moveit2/install/moveit_setup_app_plugins/lib:/home/elian/ws_moveit2/install/moveit_setup_framework/lib:/home/elian/ws_moveit2/install/moveit_servo/lib:/home/elian/ws_moveit2/install/moveit_ros_visualization/lib:/home/elian/ws_moveit2/install/moveit_hybrid_planning/lib:/home/elian/ws_moveit2/install/moveit_ros_planning_interface/lib:/home/elian/ws_moveit2/install/moveit_ros_benchmarks/lib:/home/elian/ws_moveit2/install/moveit_ros_warehouse/lib:/home/elian/ws_moveit2/install/moveit_ros_robot_interaction/lib:/home/elian/ws_moveit2/install/moveit_ros_perception/lib:/home/elian/ws_moveit2/install/moveit_ros_move_group/lib:/home/elian/ws_moveit2/install/moveit_planners_ompl/lib:/home/elian/ws_moveit2/install/moveit_ros_planning/lib:/home/elian/ws_moveit2/install/moveit_ros_occupancy_map_monitor/lib:/home/elian/ws_moveit2/install/moveit_resources_prbt_ikfast_manipulator_plugin/lib:/home/elian/ws_moveit2/install/moveit_planners_chomp/lib:/home/elian/ws_moveit2/install/moveit_kinematics/lib:/home/elian/ws_moveit2/install/moveit_chomp_optimizer_adapter/lib:/home/elian/ws_moveit2/install/chomp_motion_planner/lib:/home/elian/academy_robotics/ros2_academy_ws/install/robotnik_controllers_msgs/lib:/home/elian/academy_robotics/ros2_academy_ws/install/academy_robot_supervisor_msgs/lib:/home/elian/academy_robotics/ros2_academy_ws/install/academy_robot_perception_msgs/lib:/home/elian/academy_robotics/ros2_academy_ws/install/academy_robot_navigation_msgs/lib:/home/elian/academy_robotics/ros2_academy_ws/install/academy_robot_io_msgs/lib:/home/elian/academy_robotics/ros2_academy_ws/install/academy_robot_common_msgs/lib:/home/elian/academy_robotics/ros2_academy_ws/install/academy_robot_battery_msgs/lib:/usr/lib/x86_64-linux-gnu/gazebo-11/plugins:/opt/ros/humble/opt/rviz_ogre_vendor/lib:/opt/ros/humble/lib/x86_64-linux-gnu:/opt/ros/humble/lib /usr/bin/cmake /home/elian/ws_moveit2/src/pick_ik -DCMAKE_BUILD_TYPE=Release -DCMAKE_INSTALL_PREFIX=/home/elian/ws_moveit2/install/pick_ik
[0.100s] -- The C compiler identification is GNU 11.4.0
[0.158s] -- The CXX compiler identification is GNU 11.4.0
[0.166s] -- Detecting C compiler ABI info
[0.247s] -- Detecting C compiler ABI info - done
[0.253s] -- Check for working C compiler: /usr/bin/cc - skipped
[0.253s] -- Detecting C compile features
[0.254s] -- Detecting C compile features - done
[0.257s] -- Detecting CXX compiler ABI info
[0.344s] -- Detecting CXX compiler ABI info - done
[0.350s] -- Check for working CXX compiler: /usr/bin/c++ - skipped
[0.350s] -- Detecting CXX compile features
[0.350s] -- Detecting CXX compile features - done
[0.360s] -- Found ament_cmake: 1.3.12 (/opt/ros/humble/share/ament_cmake/cmake)
[0.530s] -- Found Python3: /usr/bin/python3 (found version "3.10.12") found components: Interpreter 
[0.724s] -- Found ament_cmake_ros: 0.10.0 (/opt/ros/humble/share/ament_cmake_ros/cmake)
[0.755s] -- Found generate_parameter_library: 0.5.0 (/opt/ros/humble/share/generate_parameter_library/cmake)
[0.762s] -- Found parameter_traits: 0.5.0 (/opt/ros/humble/share/parameter_traits/cmake)
[0.864s] -- Found rosidl_generator_c: 3.1.7 (/opt/ros/humble/share/rosidl_generator_c/cmake)
[0.882s] -- Found rosidl_adapter: 3.1.7 (/opt/ros/humble/share/rosidl_adapter/cmake)
[0.906s] -- Found rosidl_generator_cpp: 3.1.7 (/opt/ros/humble/share/rosidl_generator_cpp/cmake)
[0.935s] -- Using all available rosidl_typesupport_c: rosidl_typesupport_fastrtps_c;rosidl_typesupport_introspection_c
[0.969s] -- Using all available rosidl_typesupport_cpp: rosidl_typesupport_fastrtps_cpp;rosidl_typesupport_introspection_cpp
[1.061s] -- Found rmw_implementation_cmake: 6.1.2 (/opt/ros/humble/share/rmw_implementation_cmake/cmake)
[1.071s] -- Found rmw_fastrtps_cpp: 6.2.8 (/opt/ros/humble/share/rmw_fastrtps_cpp/cmake)
[1.222s] -- Found OpenSSL: /usr/lib/x86_64-linux-gnu/libcrypto.so (found version "3.0.2")  
[1.256s] -- Found FastRTPS: /opt/ros/humble/include  
[1.308s] -- Using RMW implementation 'rmw_fastrtps_cpp' as default
[1.330s] -- Looking for pthread.h
[1.414s] -- Looking for pthread.h - found
[1.414s] -- Performing Test CMAKE_HAVE_LIBC_PTHREAD
[1.496s] -- Performing Test CMAKE_HAVE_LIBC_PTHREAD - Success
[1.497s] -- Found Threads: TRUE  
[1.591s] -- Found rclcpp_lifecycle: 16.0.14 (/opt/ros/humble/share/rclcpp_lifecycle/cmake)
[1.617s] -- Found moveit_core: 2.5.9 (/home/elian/ws_moveit2/install/moveit_core/share/moveit_core/cmake)
[1.704s] -- Found Boost: /usr/lib/x86_64-linux-gnu/cmake/Boost-1.74.0/BoostConfig.cmake (found version "1.74.0") found components: chrono date_time filesystem iostreams program_options regex serialization system thread 
[1.780s] -- Found Boost: /usr/lib/x86_64-linux-gnu/cmake/Boost-1.74.0/BoostConfig.cmake (found version "1.74.0") found components: filesystem 
[1.936s] -- library: /usr/lib/x86_64-linux-gnu/libcurl.so
[2.017s] -- Found Eigen3: TRUE (found version "3.4.0") 
[2.018s] -- Ensuring Eigen3 include directory is part of orocos-kdl CMake target
[294.619s] -- Performing Test HAVE_FLAG__ffile_prefix_map__home_elian_ws_moveit2_build_pick_ik__deps_catch2_src__
[294.697s] -- Performing Test HAVE_FLAG__ffile_prefix_map__home_elian_ws_moveit2_build_pick_ik__deps_catch2_src__ - Success
[294.755s] -- Configuring done
[294.794s] -- Generating done
[294.804s] -- Build files have been written to: /home/elian/ws_moveit2/build/pick_ik
[294.822s] Invoked command in '/home/elian/ws_moveit2/build/pick_ik' returned '0': CMAKE_PREFIX_PATH=/home/elian/ws_moveit2/install/moveit_core:/home/elian/ws_moveit2/install/moveit_resources_panda_moveit_config:/home/elian/ws_moveit2/install/moveit_resources_pr2_description:/home/elian/ws_moveit2/install/moveit_resources_panda_description:/home/elian/ws_moveit2/install/moveit_msgs:/home/elian/ws_moveit2/install/moveit_common:/home/elian/ws_moveit2/install/moveit_task_constructor_visualization:/home/elian/ws_moveit2/install/moveit_task_constructor_demo:/home/elian/ws_moveit2/install/moveit_task_constructor_capabilities:/home/elian/ws_moveit2/install/moveit2_tutorials:/home/elian/ws_moveit2/install/moveit_task_constructor_core:/home/elian/ws_moveit2/install/rviz_marker_tools:/home/elian/ws_moveit2/install/rosparam_shortcuts:/home/elian/ws_moveit2/install/pilz_industrial_motion_planner_testutils:/home/elian/ws_moveit2/install/moveit_runtime:/home/elian/ws_moveit2/install/moveit:/home/elian/ws_moveit2/install/moveit_planners:/home/elian/ws_moveit2/install/pilz_industrial_motion_planner:/home/elian/ws_moveit2/install/hello_moveit:/home/elian/ws_moveit2/install/moveit_visual_tools:/home/elian/ws_moveit2/install/moveit_task_constructor_msgs:/home/elian/ws_moveit2/install/moveit_ros_control_interface:/home/elian/ws_moveit2/install/moveit_plugins:/home/elian/ws_moveit2/install/moveit_simple_controller_manager:/home/elian/ws_moveit2/install/moveit_setup_assistant:/home/elian/ws_moveit2/install/moveit_setup_srdf_plugins:/home/elian/ws_moveit2/install/moveit_setup_core_plugins:/home/elian/ws_moveit2/install/moveit_setup_controllers:/home/elian/ws_moveit2/install/moveit_setup_app_plugins:/home/elian/ws_moveit2/install/moveit_setup_framework:/home/elian/ws_moveit2/install/moveit_servo:/home/elian/ws_moveit2/install/moveit_ros:/home/elian/ws_moveit2/install/moveit_ros_visualization:/home/elian/ws_moveit2/install/moveit_hybrid_planning:/home/elian/ws_moveit2/install/moveit_ros_planning_interface:/home/elian/ws_moveit2/install/moveit_ros_benchmarks:/home/elian/ws_moveit2/install/moveit_ros_warehouse:/home/elian/ws_moveit2/install/moveit_ros_robot_interaction:/home/elian/ws_moveit2/install/moveit_ros_perception:/home/elian/ws_moveit2/install/moveit_resources_prbt_pg70_support:/home/elian/ws_moveit2/install/moveit_resources_prbt_moveit_config:/home/elian/ws_moveit2/install/moveit_ros_move_group:/home/elian/ws_moveit2/install/moveit_planners_ompl:/home/elian/ws_moveit2/install/moveit_ros_planning:/home/elian/ws_moveit2/install/moveit_ros_occupancy_map_monitor:/home/elian/ws_moveit2/install/moveit_resources_prbt_support:/home/elian/ws_moveit2/install/moveit_resources_prbt_ikfast_manipulator_plugin:/home/elian/ws_moveit2/install/moveit_resources:/home/elian/ws_moveit2/install/moveit_resources_fanuc_moveit_config:/home/elian/ws_moveit2/install/moveit_resources_fanuc_description:/home/elian/ws_moveit2/install/moveit_planners_chomp:/home/elian/ws_moveit2/install/moveit_kinematics:/home/elian/ws_moveit2/install/moveit_chomp_optimizer_adapter:/home/elian/ws_moveit2/install/chomp_motion_planner:/home/elian/academy_robotics/ros2_academy_ws/install/academy_robot_moveit_config:/home/elian/academy_robotics/ros2_academy_ws/install/academy_robot_gazebo_ignition:/home/elian/academy_robotics/ros2_academy_ws/install/academy_robot_gazebo_classic:/home/elian/academy_robotics/ros2_academy_ws/install/academy_robot_description:/home/elian/academy_robotics/ros2_academy_ws/install/ur_description:/home/elian/academy_robotics/ros2_academy_ws/install/academy_robot_interfaces:/home/elian/academy_robotics/ros2_academy_ws/install/robotnik_controllers_msgs:/home/elian/academy_robotics/ros2_academy_ws/install/academy_robot_supervisor_msgs:/home/elian/academy_robotics/ros2_academy_ws/install/academy_robot_sensors:/home/elian/academy_robotics/ros2_academy_ws/install/academy_robot_safety_msgs:/home/elian/academy_robotics/ros2_academy_ws/install/academy_robot_perception_msgs:/home/elian/academy_robotics/ros2_academy_ws/install/academy_robot_navigation_msgs:/home/elian/academy_robotics/ros2_academy_ws/install/academy_robot_io_msgs:/home/elian/academy_robotics/ros2_academy_ws/install/academy_robot_common_msgs:/home/elian/academy_robotics/ros2_academy_ws/install/academy_robot_common:/home/elian/academy_robotics/ros2_academy_ws/install/academy_robot_battery_msgs:/home/elian/ws_moveit2/install/moveit_configs_utils:/home/elian/ws_moveit2/install/launch_param_builder:/home/elian/academy_robotics/ros2_academy_ws/install/depth_to_pointcloud:/opt/ros/humble LD_LIBRARY_PATH=/home/elian/ws_moveit2/install/moveit_core/lib:/home/elian/ws_moveit2/install/moveit_msgs/lib:/home/elian/ws_moveit2/install/moveit_task_constructor_visualization/lib:/home/elian/ws_moveit2/install/moveit_task_constructor_demo/lib:/home/elian/ws_moveit2/install/moveit_task_constructor_capabilities/lib:/home/elian/ws_moveit2/install/moveit_task_constructor_core/lib:/home/elian/ws_moveit2/install/rviz_marker_tools/lib:/home/elian/ws_moveit2/install/rosparam_shortcuts/lib:/home/elian/ws_moveit2/install/pilz_industrial_motion_planner_testutils/lib:/home/elian/ws_moveit2/install/pilz_industrial_motion_planner/lib:/home/elian/ws_moveit2/install/moveit_visual_tools/lib:/home/elian/ws_moveit2/install/moveit_task_constructor_msgs/lib:/home/elian/ws_moveit2/install/moveit_ros_control_interface/lib:/home/elian/ws_moveit2/install/moveit_simple_controller_manager/lib:/home/elian/ws_moveit2/install/moveit_setup_assistant/lib:/home/elian/ws_moveit2/install/moveit_setup_srdf_plugins/lib:/home/elian/ws_moveit2/install/moveit_setup_core_plugins/lib:/home/elian/ws_moveit2/install/moveit_setup_controllers/lib:/home/elian/ws_moveit2/install/moveit_setup_app_plugins/lib:/home/elian/ws_moveit2/install/moveit_setup_framework/lib:/home/elian/ws_moveit2/install/moveit_servo/lib:/home/elian/ws_moveit2/install/moveit_ros_visualization/lib:/home/elian/ws_moveit2/install/moveit_hybrid_planning/lib:/home/elian/ws_moveit2/install/moveit_ros_planning_interface/lib:/home/elian/ws_moveit2/install/moveit_ros_benchmarks/lib:/home/elian/ws_moveit2/install/moveit_ros_warehouse/lib:/home/elian/ws_moveit2/install/moveit_ros_robot_interaction/lib:/home/elian/ws_moveit2/install/moveit_ros_perception/lib:/home/elian/ws_moveit2/install/moveit_ros_move_group/lib:/home/elian/ws_moveit2/install/moveit_planners_ompl/lib:/home/elian/ws_moveit2/install/moveit_ros_planning/lib:/home/elian/ws_moveit2/install/moveit_ros_occupancy_map_monitor/lib:/home/elian/ws_moveit2/install/moveit_resources_prbt_ikfast_manipulator_plugin/lib:/home/elian/ws_moveit2/install/moveit_planners_chomp/lib:/home/elian/ws_moveit2/install/moveit_kinematics/lib:/home/elian/ws_moveit2/install/moveit_chomp_optimizer_adapter/lib:/home/elian/ws_moveit2/install/chomp_motion_planner/lib:/home/elian/academy_robotics/ros2_academy_ws/install/robotnik_controllers_msgs/lib:/home/elian/academy_robotics/ros2_academy_ws/install/academy_robot_supervisor_msgs/lib:/home/elian/academy_robotics/ros2_academy_ws/install/academy_robot_perception_msgs/lib:/home/elian/academy_robotics/ros2_academy_ws/install/academy_robot_navigation_msgs/lib:/home/elian/academy_robotics/ros2_academy_ws/install/academy_robot_io_msgs/lib:/home/elian/academy_robotics/ros2_academy_ws/install/academy_robot_common_msgs/lib:/home/elian/academy_robotics/ros2_academy_ws/install/academy_robot_battery_msgs/lib:/usr/lib/x86_64-linux-gnu/gazebo-11/plugins:/opt/ros/humble/opt/rviz_ogre_vendor/lib:/opt/ros/humble/lib/x86_64-linux-gnu:/opt/ros/humble/lib /usr/bin/cmake /home/elian/ws_moveit2/src/pick_ik -DCMAKE_BUILD_TYPE=Release -DCMAKE_INSTALL_PREFIX=/home/elian/ws_moveit2/install/pick_ik
[294.823s] Invoking command in '/home/elian/ws_moveit2/build/pick_ik': CMAKE_PREFIX_PATH=/home/elian/ws_moveit2/install/moveit_core:/home/elian/ws_moveit2/install/moveit_resources_panda_moveit_config:/home/elian/ws_moveit2/install/moveit_resources_pr2_description:/home/elian/ws_moveit2/install/moveit_resources_panda_description:/home/elian/ws_moveit2/install/moveit_msgs:/home/elian/ws_moveit2/install/moveit_common:/home/elian/ws_moveit2/install/moveit_task_constructor_visualization:/home/elian/ws_moveit2/install/moveit_task_constructor_demo:/home/elian/ws_moveit2/install/moveit_task_constructor_capabilities:/home/elian/ws_moveit2/install/moveit2_tutorials:/home/elian/ws_moveit2/install/moveit_task_constructor_core:/home/elian/ws_moveit2/install/rviz_marker_tools:/home/elian/ws_moveit2/install/rosparam_shortcuts:/home/elian/ws_moveit2/install/pilz_industrial_motion_planner_testutils:/home/elian/ws_moveit2/install/moveit_runtime:/home/elian/ws_moveit2/install/moveit:/home/elian/ws_moveit2/install/moveit_planners:/home/elian/ws_moveit2/install/pilz_industrial_motion_planner:/home/elian/ws_moveit2/install/hello_moveit:/home/elian/ws_moveit2/install/moveit_visual_tools:/home/elian/ws_moveit2/install/moveit_task_constructor_msgs:/home/elian/ws_moveit2/install/moveit_ros_control_interface:/home/elian/ws_moveit2/install/moveit_plugins:/home/elian/ws_moveit2/install/moveit_simple_controller_manager:/home/elian/ws_moveit2/install/moveit_setup_assistant:/home/elian/ws_moveit2/install/moveit_setup_srdf_plugins:/home/elian/ws_moveit2/install/moveit_setup_core_plugins:/home/elian/ws_moveit2/install/moveit_setup_controllers:/home/elian/ws_moveit2/install/moveit_setup_app_plugins:/home/elian/ws_moveit2/install/moveit_setup_framework:/home/elian/ws_moveit2/install/moveit_servo:/home/elian/ws_moveit2/install/moveit_ros:/home/elian/ws_moveit2/install/moveit_ros_visualization:/home/elian/ws_moveit2/install/moveit_hybrid_planning:/home/elian/ws_moveit2/install/moveit_ros_planning_interface:/home/elian/ws_moveit2/install/moveit_ros_benchmarks:/home/elian/ws_moveit2/install/moveit_ros_warehouse:/home/elian/ws_moveit2/install/moveit_ros_robot_interaction:/home/elian/ws_moveit2/install/moveit_ros_perception:/home/elian/ws_moveit2/install/moveit_resources_prbt_pg70_support:/home/elian/ws_moveit2/install/moveit_resources_prbt_moveit_config:/home/elian/ws_moveit2/install/moveit_ros_move_group:/home/elian/ws_moveit2/install/moveit_planners_ompl:/home/elian/ws_moveit2/install/moveit_ros_planning:/home/elian/ws_moveit2/install/moveit_ros_occupancy_map_monitor:/home/elian/ws_moveit2/install/moveit_resources_prbt_support:/home/elian/ws_moveit2/install/moveit_resources_prbt_ikfast_manipulator_plugin:/home/elian/ws_moveit2/install/moveit_resources:/home/elian/ws_moveit2/install/moveit_resources_fanuc_moveit_config:/home/elian/ws_moveit2/install/moveit_resources_fanuc_description:/home/elian/ws_moveit2/install/moveit_planners_chomp:/home/elian/ws_moveit2/install/moveit_kinematics:/home/elian/ws_moveit2/install/moveit_chomp_optimizer_adapter:/home/elian/ws_moveit2/install/chomp_motion_planner:/home/elian/academy_robotics/ros2_academy_ws/install/academy_robot_moveit_config:/home/elian/academy_robotics/ros2_academy_ws/install/academy_robot_gazebo_ignition:/home/elian/academy_robotics/ros2_academy_ws/install/academy_robot_gazebo_classic:/home/elian/academy_robotics/ros2_academy_ws/install/academy_robot_description:/home/elian/academy_robotics/ros2_academy_ws/install/ur_description:/home/elian/academy_robotics/ros2_academy_ws/install/academy_robot_interfaces:/home/elian/academy_robotics/ros2_academy_ws/install/robotnik_controllers_msgs:/home/elian/academy_robotics/ros2_academy_ws/install/academy_robot_supervisor_msgs:/home/elian/academy_robotics/ros2_academy_ws/install/academy_robot_sensors:/home/elian/academy_robotics/ros2_academy_ws/install/academy_robot_safety_msgs:/home/elian/academy_robotics/ros2_academy_ws/install/academy_robot_perception_msgs:/home/elian/academy_robotics/ros2_academy_ws/install/academy_robot_navigation_msgs:/home/elian/academy_robotics/ros2_academy_ws/install/academy_robot_io_msgs:/home/elian/academy_robotics/ros2_academy_ws/install/academy_robot_common_msgs:/home/elian/academy_robotics/ros2_academy_ws/install/academy_robot_common:/home/elian/academy_robotics/ros2_academy_ws/install/academy_robot_battery_msgs:/home/elian/ws_moveit2/install/moveit_configs_utils:/home/elian/ws_moveit2/install/launch_param_builder:/home/elian/academy_robotics/ros2_academy_ws/install/depth_to_pointcloud:/opt/ros/humble LD_LIBRARY_PATH=/home/elian/ws_moveit2/install/moveit_core/lib:/home/elian/ws_moveit2/install/moveit_msgs/lib:/home/elian/ws_moveit2/install/moveit_task_constructor_visualization/lib:/home/elian/ws_moveit2/install/moveit_task_constructor_demo/lib:/home/elian/ws_moveit2/install/moveit_task_constructor_capabilities/lib:/home/elian/ws_moveit2/install/moveit_task_constructor_core/lib:/home/elian/ws_moveit2/install/rviz_marker_tools/lib:/home/elian/ws_moveit2/install/rosparam_shortcuts/lib:/home/elian/ws_moveit2/install/pilz_industrial_motion_planner_testutils/lib:/home/elian/ws_moveit2/install/pilz_industrial_motion_planner/lib:/home/elian/ws_moveit2/install/moveit_visual_tools/lib:/home/elian/ws_moveit2/install/moveit_task_constructor_msgs/lib:/home/elian/ws_moveit2/install/moveit_ros_control_interface/lib:/home/elian/ws_moveit2/install/moveit_simple_controller_manager/lib:/home/elian/ws_moveit2/install/moveit_setup_assistant/lib:/home/elian/ws_moveit2/install/moveit_setup_srdf_plugins/lib:/home/elian/ws_moveit2/install/moveit_setup_core_plugins/lib:/home/elian/ws_moveit2/install/moveit_setup_controllers/lib:/home/elian/ws_moveit2/install/moveit_setup_app_plugins/lib:/home/elian/ws_moveit2/install/moveit_setup_framework/lib:/home/elian/ws_moveit2/install/moveit_servo/lib:/home/elian/ws_moveit2/install/moveit_ros_visualization/lib:/home/elian/ws_moveit2/install/moveit_hybrid_planning/lib:/home/elian/ws_moveit2/install/moveit_ros_planning_interface/lib:/home/elian/ws_moveit2/install/moveit_ros_benchmarks/lib:/home/elian/ws_moveit2/install/moveit_ros_warehouse/lib:/home/elian/ws_moveit2/install/moveit_ros_robot_interaction/lib:/home/elian/ws_moveit2/install/moveit_ros_perception/lib:/home/elian/ws_moveit2/install/moveit_ros_move_group/lib:/home/elian/ws_moveit2/install/moveit_planners_ompl/lib:/home/elian/ws_moveit2/install/moveit_ros_planning/lib:/home/elian/ws_moveit2/install/moveit_ros_occupancy_map_monitor/lib:/home/elian/ws_moveit2/install/moveit_resources_prbt_ikfast_manipulator_plugin/lib:/home/elian/ws_moveit2/install/moveit_planners_chomp/lib:/home/elian/ws_moveit2/install/moveit_kinematics/lib:/home/elian/ws_moveit2/install/moveit_chomp_optimizer_adapter/lib:/home/elian/ws_moveit2/install/chomp_motion_planner/lib:/home/elian/academy_robotics/ros2_academy_ws/install/robotnik_controllers_msgs/lib:/home/elian/academy_robotics/ros2_academy_ws/install/academy_robot_supervisor_msgs/lib:/home/elian/academy_robotics/ros2_academy_ws/install/academy_robot_perception_msgs/lib:/home/elian/academy_robotics/ros2_academy_ws/install/academy_robot_navigation_msgs/lib:/home/elian/academy_robotics/ros2_academy_ws/install/academy_robot_io_msgs/lib:/home/elian/academy_robotics/ros2_academy_ws/install/academy_robot_common_msgs/lib:/home/elian/academy_robotics/ros2_academy_ws/install/academy_robot_battery_msgs/lib:/usr/lib/x86_64-linux-gnu/gazebo-11/plugins:/opt/ros/humble/opt/rviz_ogre_vendor/lib:/opt/ros/humble/lib/x86_64-linux-gnu:/opt/ros/humble/lib /usr/bin/cmake --build /home/elian/ws_moveit2/build/pick_ik -- -j8 -l8
[294.907s] [  1%] [34m[1mRunning `/opt/ros/humble/bin/generate_parameter_library_cpp /home/elian/ws_moveit2/build/pick_ik/include/pick_ik/pick_ik_parameters.hpp /home/elian/ws_moveit2/src/pick_ik/src/pick_ik_parameters.yaml `[0m
[294.918s] [  2%] [32mBuilding CXX object _deps/catch2-build/src/CMakeFiles/Catch2.dir/catch2/generators/catch_generators.cpp.o[0m
[294.918s] [  2%] [32mBuilding CXX object _deps/catch2-build/src/CMakeFiles/Catch2.dir/catch2/benchmark/detail/catch_benchmark_function.cpp.o[0m
[294.919s] [  3%] [32mBuilding CXX object _deps/catch2-build/src/CMakeFiles/Catch2.dir/catch2/generators/catch_generator_exception.cpp.o[0m
[294.919s] [  3%] [32mBuilding CXX object _deps/catch2-build/src/CMakeFiles/Catch2.dir/catch2/benchmark/catch_chronometer.cpp.o[0m
[294.921s] [  4%] [32mBuilding CXX object _deps/catch2-build/src/CMakeFiles/Catch2.dir/catch2/generators/catch_generators_random.cpp.o[0m
[294.922s] [  5%] [32mBuilding CXX object _deps/catch2-build/src/CMakeFiles/Catch2.dir/catch2/benchmark/detail/catch_run_for_at_least.cpp.o[0m
[294.925s] [  6%] [32mBuilding CXX object _deps/catch2-build/src/CMakeFiles/Catch2.dir/catch2/benchmark/detail/catch_stats.cpp.o[0m
[295.010s] [  7%] [32mBuilding CXX object _deps/catch2-build/src/CMakeFiles/Catch2.dir/catch2/reporters/catch_reporter_automake.cpp.o[0m
[295.250s] [  8%] [32mBuilding CXX object _deps/catch2-build/src/CMakeFiles/Catch2.dir/catch2/reporters/catch_reporter_common_base.cpp.o[0m
[295.380s] [  9%] [32mBuilding CXX object _deps/catch2-build/src/CMakeFiles/Catch2.dir/catch2/reporters/catch_reporter_compact.cpp.o[0m
[295.475s] [ 10%] [32mBuilding CXX object _deps/catch2-build/src/CMakeFiles/Catch2.dir/catch2/reporters/catch_reporter_console.cpp.o[0m
[295.501s] [ 10%] [32mBuilding CXX object _deps/catch2-build/src/CMakeFiles/Catch2.dir/catch2/reporters/catch_reporter_cumulative_base.cpp.o[0m
[295.606s] [ 11%] [32mBuilding CXX object _deps/catch2-build/src/CMakeFiles/Catch2.dir/catch2/reporters/catch_reporter_event_listener.cpp.o[0m
[295.785s] [ 12%] [32mBuilding CXX object _deps/catch2-build/src/CMakeFiles/Catch2.dir/catch2/reporters/catch_reporter_helpers.cpp.o[0m
[296.005s] [ 13%] [32mBuilding CXX object _deps/catch2-build/src/CMakeFiles/Catch2.dir/catch2/reporters/catch_reporter_junit.cpp.o[0m
[296.034s] [ 14%] [32mBuilding CXX object _deps/catch2-build/src/CMakeFiles/Catch2.dir/catch2/reporters/catch_reporter_multi.cpp.o[0m
[296.381s] [ 15%] [34m[1mCreating deprecated header file /home/elian/ws_moveit2/build/pick_ik/include/pick_ik_parameters.hpp[0m
[296.398s] [ 16%] [32mBuilding CXX object _deps/catch2-build/src/CMakeFiles/Catch2.dir/catch2/reporters/catch_reporter_registrars.cpp.o[0m
[296.443s] [ 16%] Built target pick_ik_parameters
[296.494s] [ 17%] [32mBuilding CXX object CMakeFiles/pick_ik_plugin.dir/src/fk_moveit.cpp.o[0m
[296.645s] [ 17%] [32mBuilding CXX object _deps/catch2-build/src/CMakeFiles/Catch2.dir/catch2/reporters/catch_reporter_sonarqube.cpp.o[0m
[296.918s] [ 17%] [32mBuilding CXX object CMakeFiles/pick_ik_plugin.dir/src/forward_kinematics.cpp.o[0m
[296.943s] [ 18%] [32mBuilding CXX object _deps/catch2-build/src/CMakeFiles/Catch2.dir/catch2/reporters/catch_reporter_streaming_base.cpp.o[0m
[296.970s] [ 19%] [32mBuilding CXX object _deps/catch2-build/src/CMakeFiles/Catch2.dir/catch2/reporters/catch_reporter_tap.cpp.o[0m
[297.341s] [ 20%] [32mBuilding CXX object _deps/catch2-build/src/CMakeFiles/Catch2.dir/catch2/reporters/catch_reporter_teamcity.cpp.o[0m
[297.346s] [ 21%] [32mBuilding CXX object CMakeFiles/pick_ik_plugin.dir/src/pick_ik_plugin.cpp.o[0m
[297.487s] [ 22%] [32mBuilding CXX object CMakeFiles/pick_ik_plugin.dir/src/goal.cpp.o[0m
[297.548s] [ 23%] [32mBuilding CXX object CMakeFiles/pick_ik_plugin.dir/src/ik_memetic.cpp.o[0m
[297.858s] [ 24%] [32mBuilding CXX object CMakeFiles/pick_ik_plugin.dir/src/ik_gradient.cpp.o[0m
[298.150s] [ 25%] [32mBuilding CXX object CMakeFiles/pick_ik_plugin.dir/src/robot.cpp.o[0m
[298.179s] [ 26%] [32mBuilding CXX object _deps/catch2-build/src/CMakeFiles/Catch2.dir/catch2/reporters/catch_reporter_xml.cpp.o[0m
[299.422s] [ 27%] [32mBuilding CXX object _deps/catch2-build/src/CMakeFiles/Catch2.dir/catch2/interfaces/catch_interfaces_capture.cpp.o[0m
[299.811s] [ 27%] [32mBuilding CXX object _deps/catch2-build/src/CMakeFiles/Catch2.dir/catch2/interfaces/catch_interfaces_config.cpp.o[0m
[300.298s] [ 28%] [32mBuilding CXX object _deps/catch2-build/src/CMakeFiles/Catch2.dir/catch2/interfaces/catch_interfaces_exception.cpp.o[0m
[300.700s] [ 29%] [32mBuilding CXX object _deps/catch2-build/src/CMakeFiles/Catch2.dir/catch2/interfaces/catch_interfaces_generatortracker.cpp.o[0m
[301.094s] [ 30%] [32mBuilding CXX object _deps/catch2-build/src/CMakeFiles/Catch2.dir/catch2/interfaces/catch_interfaces_registry_hub.cpp.o[0m
[301.494s] [ 31%] [32mBuilding CXX object _deps/catch2-build/src/CMakeFiles/Catch2.dir/catch2/interfaces/catch_interfaces_reporter.cpp.o[0m
[301.943s] In file included from [01m[K/home/elian/ws_moveit2/src/pick_ik/src/pick_ik_plugin.cpp:7[m[K:
[301.943s] [01m[K/home/elian/ws_moveit2/build/pick_ik/include/pick_ik_parameters.hpp:1:124:[m[K [01;36m[Knote: [m[K‘[01m[K#pragma message: #include "pick_ik_parameters.hpp" is deprecated. Use #include <pick_ik/pick_ik_parameters.hpp> instead.[m[K’
[301.943s]     1 | #pragma message("#include \"pick_ik_parameters.hpp\" is deprecated. Use #include <pick_ik/pick_ik_parameters.hpp> instead."[01;36m[K)[m[K
[301.944s]       |                                                                                                                            [01;36m[K^[m[K
[302.649s] [ 31%] [32mBuilding CXX object _deps/catch2-build/src/CMakeFiles/Catch2.dir/catch2/interfaces/catch_interfaces_reporter_factory.cpp.o[0m
[302.999s] [ 32%] [32mBuilding CXX object _deps/catch2-build/src/CMakeFiles/Catch2.dir/catch2/interfaces/catch_interfaces_reporter_registry.cpp.o[0m
[303.400s] [ 33%] [32mBuilding CXX object _deps/catch2-build/src/CMakeFiles/Catch2.dir/catch2/interfaces/catch_interfaces_testcase.cpp.o[0m
[303.540s] [ 34%] [32mBuilding CXX object _deps/catch2-build/src/CMakeFiles/Catch2.dir/catch2/catch_approx.cpp.o[0m
[303.904s] [ 35%] [32mBuilding CXX object _deps/catch2-build/src/CMakeFiles/Catch2.dir/catch2/catch_assertion_result.cpp.o[0m
[304.133s] [ 36%] [32mBuilding CXX object _deps/catch2-build/src/CMakeFiles/Catch2.dir/catch2/catch_config.cpp.o[0m
[304.389s] [ 36%] [32mBuilding CXX object _deps/catch2-build/src/CMakeFiles/Catch2.dir/catch2/catch_get_random_seed.cpp.o[0m
[304.511s] [ 37%] [32mBuilding CXX object _deps/catch2-build/src/CMakeFiles/Catch2.dir/catch2/catch_message.cpp.o[0m
[304.907s] [ 38%] [32mBuilding CXX object _deps/catch2-build/src/CMakeFiles/Catch2.dir/catch2/catch_registry_hub.cpp.o[0m
[304.907s] [ 39%] [32mBuilding CXX object _deps/catch2-build/src/CMakeFiles/Catch2.dir/catch2/catch_session.cpp.o[0m
[305.239s] [ 40%] [32mBuilding CXX object _deps/catch2-build/src/CMakeFiles/Catch2.dir/catch2/catch_tag_alias_autoregistrar.cpp.o[0m
[305.430s] [ 41%] [32mBuilding CXX object _deps/catch2-build/src/CMakeFiles/Catch2.dir/catch2/catch_test_case_info.cpp.o[0m
[305.649s] [ 41%] [32mBuilding CXX object _deps/catch2-build/src/CMakeFiles/Catch2.dir/catch2/catch_test_spec.cpp.o[0m
[306.017s] [ 42%] [32mBuilding CXX object _deps/catch2-build/src/CMakeFiles/Catch2.dir/catch2/catch_timer.cpp.o[0m
[306.153s] [ 43%] [32mBuilding CXX object _deps/catch2-build/src/CMakeFiles/Catch2.dir/catch2/catch_tostring.cpp.o[0m
[306.221s] [ 44%] [32mBuilding CXX object _deps/catch2-build/src/CMakeFiles/Catch2.dir/catch2/catch_totals.cpp.o[0m
[306.368s] [ 45%] [32mBuilding CXX object _deps/catch2-build/src/CMakeFiles/Catch2.dir/catch2/catch_version.cpp.o[0m
[306.382s] [ 46%] [32mBuilding CXX object _deps/catch2-build/src/CMakeFiles/Catch2.dir/catch2/internal/catch_assertion_handler.cpp.o[0m
[306.460s] [ 46%] [32mBuilding CXX object _deps/catch2-build/src/CMakeFiles/Catch2.dir/catch2/internal/catch_case_insensitive_comparisons.cpp.o[0m
[306.599s] [ 47%] [32mBuilding CXX object _deps/catch2-build/src/CMakeFiles/Catch2.dir/catch2/internal/catch_clara.cpp.o[0m
[306.886s] [ 48%] [32mBuilding CXX object _deps/catch2-build/src/CMakeFiles/Catch2.dir/catch2/internal/catch_commandline.cpp.o[0m
[306.924s] [ 49%] [32mBuilding CXX object _deps/catch2-build/src/CMakeFiles/Catch2.dir/catch2/internal/catch_console_colour.cpp.o[0m
[307.012s] [ 50%] [32mBuilding CXX object _deps/catch2-build/src/CMakeFiles/Catch2.dir/catch2/internal/catch_context.cpp.o[0m
[307.100s] [ 50%] [32mBuilding CXX object _deps/catch2-build/src/CMakeFiles/Catch2.dir/catch2/internal/catch_debug_console.cpp.o[0m
[307.162s] [ 51%] [32mBuilding CXX object _deps/catch2-build/src/CMakeFiles/Catch2.dir/catch2/internal/catch_debugger.cpp.o[0m
[307.496s] [ 52%] [32mBuilding CXX object _deps/catch2-build/src/CMakeFiles/Catch2.dir/catch2/internal/catch_decomposer.cpp.o[0m
[307.744s] [ 53%] [32mBuilding CXX object _deps/catch2-build/src/CMakeFiles/Catch2.dir/catch2/internal/catch_enforce.cpp.o[0m
[307.761s] [ 54%] [32mBuilding CXX object _deps/catch2-build/src/CMakeFiles/Catch2.dir/catch2/internal/catch_enum_values_registry.cpp.o[0m
[307.889s] [ 55%] [32mBuilding CXX object _deps/catch2-build/src/CMakeFiles/Catch2.dir/catch2/internal/catch_errno_guard.cpp.o[0m
[307.990s] [ 55%] [32mBuilding CXX object _deps/catch2-build/src/CMakeFiles/Catch2.dir/catch2/internal/catch_exception_translator_registry.cpp.o[0m
[308.064s] [ 56%] [32mBuilding CXX object _deps/catch2-build/src/CMakeFiles/Catch2.dir/catch2/internal/catch_fatal_condition_handler.cpp.o[0m
[308.112s] [ 57%] [32mBuilding CXX object _deps/catch2-build/src/CMakeFiles/Catch2.dir/catch2/internal/catch_floating_point_helpers.cpp.o[0m
[308.442s] [ 58%] [32mBuilding CXX object _deps/catch2-build/src/CMakeFiles/Catch2.dir/catch2/internal/catch_getenv.cpp.o[0m
[308.575s] [ 59%] [32mBuilding CXX object _deps/catch2-build/src/CMakeFiles/Catch2.dir/catch2/internal/catch_istream.cpp.o[0m
[308.638s] [ 60%] [32mBuilding CXX object _deps/catch2-build/src/CMakeFiles/Catch2.dir/catch2/internal/catch_lazy_expr.cpp.o[0m
[308.654s] [ 60%] [32mBuilding CXX object _deps/catch2-build/src/CMakeFiles/Catch2.dir/catch2/internal/catch_leak_detector.cpp.o[0m
[308.742s] [ 61%] [32mBuilding CXX object _deps/catch2-build/src/CMakeFiles/Catch2.dir/catch2/internal/catch_list.cpp.o[0m
[308.960s] [ 62%] [32mBuilding CXX object _deps/catch2-build/src/CMakeFiles/Catch2.dir/catch2/internal/catch_message_info.cpp.o[0m
[309.112s] [ 63%] [32mBuilding CXX object _deps/catch2-build/src/CMakeFiles/Catch2.dir/catch2/internal/catch_output_redirect.cpp.o[0m
[309.259s] [ 64%] [32mBuilding CXX object _deps/catch2-build/src/CMakeFiles/Catch2.dir/catch2/internal/catch_parse_numbers.cpp.o[0m
[309.477s] [ 65%] [32mBuilding CXX object _deps/catch2-build/src/CMakeFiles/Catch2.dir/catch2/internal/catch_polyfills.cpp.o[0m
[309.581s] [ 65%] [32mBuilding CXX object _deps/catch2-build/src/CMakeFiles/Catch2.dir/catch2/internal/catch_random_number_generator.cpp.o[0m
[309.646s] [ 66%] [32mBuilding CXX object _deps/catch2-build/src/CMakeFiles/Catch2.dir/catch2/internal/catch_random_seed_generation.cpp.o[0m
[309.762s] [ 67%] [32mBuilding CXX object _deps/catch2-build/src/CMakeFiles/Catch2.dir/catch2/internal/catch_reporter_registry.cpp.o[0m
[309.793s] [ 68%] [32mBuilding CXX object _deps/catch2-build/src/CMakeFiles/Catch2.dir/catch2/internal/catch_reporter_spec_parser.cpp.o[0m
[309.899s] [ 69%] [32mBuilding CXX object _deps/catch2-build/src/CMakeFiles/Catch2.dir/catch2/internal/catch_result_type.cpp.o[0m
[309.940s] [ 69%] [32mBuilding CXX object _deps/catch2-build/src/CMakeFiles/Catch2.dir/catch2/internal/catch_reusable_string_stream.cpp.o[0m
[309.973s] [ 70%] [32mBuilding CXX object _deps/catch2-build/src/CMakeFiles/Catch2.dir/catch2/internal/catch_run_context.cpp.o[0m
[310.113s] [ 71%] [32mBuilding CXX object _deps/catch2-build/src/CMakeFiles/Catch2.dir/catch2/internal/catch_section.cpp.o[0m
[310.321s] [ 72%] [32mBuilding CXX object _deps/catch2-build/src/CMakeFiles/Catch2.dir/catch2/internal/catch_singletons.cpp.o[0m
[310.554s] [ 73%] [32mBuilding CXX object _deps/catch2-build/src/CMakeFiles/Catch2.dir/catch2/internal/catch_source_line_info.cpp.o[0m
[310.567s] [ 74%] [32mBuilding CXX object _deps/catch2-build/src/CMakeFiles/Catch2.dir/catch2/internal/catch_startup_exception_registry.cpp.o[0m
[310.740s] [ 74%] [32mBuilding CXX object _deps/catch2-build/src/CMakeFiles/Catch2.dir/catch2/internal/catch_stdstreams.cpp.o[0m
[310.761s] [ 75%] [32mBuilding CXX object _deps/catch2-build/src/CMakeFiles/Catch2.dir/catch2/internal/catch_string_manip.cpp.o[0m
[310.919s] [ 76%] [32mBuilding CXX object _deps/catch2-build/src/CMakeFiles/Catch2.dir/catch2/internal/catch_stringref.cpp.o[0m
[310.929s] [ 77%] [32mBuilding CXX object _deps/catch2-build/src/CMakeFiles/Catch2.dir/catch2/internal/catch_tag_alias_registry.cpp.o[0m
[311.070s] [ 78%] [32mBuilding CXX object _deps/catch2-build/src/CMakeFiles/Catch2.dir/catch2/internal/catch_test_case_info_hasher.cpp.o[0m
[311.153s] [ 79%] [32mBuilding CXX object _deps/catch2-build/src/CMakeFiles/Catch2.dir/catch2/internal/catch_test_case_registry_impl.cpp.o[0m
[311.388s] [ 79%] [32mBuilding CXX object _deps/catch2-build/src/CMakeFiles/Catch2.dir/catch2/internal/catch_test_case_tracker.cpp.o[0m
[311.473s] [ 80%] [32mBuilding CXX object _deps/catch2-build/src/CMakeFiles/Catch2.dir/catch2/internal/catch_test_failure_exception.cpp.o[0m
[311.501s] [ 81%] [32mBuilding CXX object _deps/catch2-build/src/CMakeFiles/Catch2.dir/catch2/internal/catch_test_registry.cpp.o[0m
[311.545s] [ 82%] [32mBuilding CXX object _deps/catch2-build/src/CMakeFiles/Catch2.dir/catch2/internal/catch_test_spec_parser.cpp.o[0m
[311.552s] [ 83%] [32mBuilding CXX object _deps/catch2-build/src/CMakeFiles/Catch2.dir/catch2/internal/catch_textflow.cpp.o[0m
[311.703s] [ 84%] [32mBuilding CXX object _deps/catch2-build/src/CMakeFiles/Catch2.dir/catch2/internal/catch_uncaught_exceptions.cpp.o[0m
[311.791s] [ 84%] [32mBuilding CXX object _deps/catch2-build/src/CMakeFiles/Catch2.dir/catch2/internal/catch_wildcard_pattern.cpp.o[0m
[311.814s] [ 85%] [32mBuilding CXX object _deps/catch2-build/src/CMakeFiles/Catch2.dir/catch2/internal/catch_xmlwriter.cpp.o[0m
[312.171s] [ 86%] [32mBuilding CXX object _deps/catch2-build/src/CMakeFiles/Catch2.dir/catch2/matchers/catch_matchers.cpp.o[0m
[312.266s] [ 87%] [32mBuilding CXX object _deps/catch2-build/src/CMakeFiles/Catch2.dir/catch2/matchers/catch_matchers_container_properties.cpp.o[0m
[312.314s] [ 88%] [32mBuilding CXX object _deps/catch2-build/src/CMakeFiles/Catch2.dir/catch2/matchers/catch_matchers_exception.cpp.o[0m
[312.363s] [ 88%] [32mBuilding CXX object _deps/catch2-build/src/CMakeFiles/Catch2.dir/catch2/matchers/catch_matchers_floating_point.cpp.o[0m
[312.482s] [ 89%] [32mBuilding CXX object _deps/catch2-build/src/CMakeFiles/Catch2.dir/catch2/matchers/catch_matchers_predicate.cpp.o[0m
[312.593s] [ 90%] [32mBuilding CXX object _deps/catch2-build/src/CMakeFiles/Catch2.dir/catch2/matchers/catch_matchers_quantifiers.cpp.o[0m
[312.656s] [ 91%] [32mBuilding CXX object _deps/catch2-build/src/CMakeFiles/Catch2.dir/catch2/matchers/catch_matchers_string.cpp.o[0m
[312.850s] [ 92%] [32mBuilding CXX object _deps/catch2-build/src/CMakeFiles/Catch2.dir/catch2/matchers/catch_matchers_templated.cpp.o[0m
[312.899s] [ 93%] [32mBuilding CXX object _deps/catch2-build/src/CMakeFiles/Catch2.dir/catch2/matchers/internal/catch_matchers_impl.cpp.o[0m
[314.108s] [ 93%] [32m[1mLinking CXX shared library libpick_ik_plugin.so[0m
[314.241s] [ 93%] Built target pick_ik_plugin
[315.547s] [ 93%] [32m[1mLinking CXX shared library libCatch2.so[0m
[315.689s] [ 93%] Built target Catch2
[315.714s] [ 94%] [32mBuilding CXX object _deps/catch2-build/src/CMakeFiles/Catch2WithMain.dir/catch2/internal/catch_main.cpp.o[0m
[316.059s] [ 95%] [32m[1mLinking CXX shared library libCatch2Main.so[0m
[316.145s] [ 95%] Built target Catch2WithMain
[316.172s] [ 99%] [32mBuilding CXX object tests/CMakeFiles/test-pick_ik.dir/ik_memetic_tests.cpp.o[0m
[316.172s] [ 99%] [32mBuilding CXX object tests/CMakeFiles/test-pick_ik.dir/ik_tests.cpp.o[0m
[316.172s] [ 99%] [32mBuilding CXX object tests/CMakeFiles/test-pick_ik.dir/robot_tests.cpp.o[0m
[316.172s] [ 99%] [32mBuilding CXX object tests/CMakeFiles/test-pick_ik.dir/goal_tests.cpp.o[0m
[321.950s] [100%] [32m[1mLinking CXX executable test-pick_ik[0m
[322.246s] [100%] Built target test-pick_ik
[322.258s] Invoked command in '/home/elian/ws_moveit2/build/pick_ik' returned '0': CMAKE_PREFIX_PATH=/home/elian/ws_moveit2/install/moveit_core:/home/elian/ws_moveit2/install/moveit_resources_panda_moveit_config:/home/elian/ws_moveit2/install/moveit_resources_pr2_description:/home/elian/ws_moveit2/install/moveit_resources_panda_description:/home/elian/ws_moveit2/install/moveit_msgs:/home/elian/ws_moveit2/install/moveit_common:/home/elian/ws_moveit2/install/moveit_task_constructor_visualization:/home/elian/ws_moveit2/install/moveit_task_constructor_demo:/home/elian/ws_moveit2/install/moveit_task_constructor_capabilities:/home/elian/ws_moveit2/install/moveit2_tutorials:/home/elian/ws_moveit2/install/moveit_task_constructor_core:/home/elian/ws_moveit2/install/rviz_marker_tools:/home/elian/ws_moveit2/install/rosparam_shortcuts:/home/elian/ws_moveit2/install/pilz_industrial_motion_planner_testutils:/home/elian/ws_moveit2/install/moveit_runtime:/home/elian/ws_moveit2/install/moveit:/home/elian/ws_moveit2/install/moveit_planners:/home/elian/ws_moveit2/install/pilz_industrial_motion_planner:/home/elian/ws_moveit2/install/hello_moveit:/home/elian/ws_moveit2/install/moveit_visual_tools:/home/elian/ws_moveit2/install/moveit_task_constructor_msgs:/home/elian/ws_moveit2/install/moveit_ros_control_interface:/home/elian/ws_moveit2/install/moveit_plugins:/home/elian/ws_moveit2/install/moveit_simple_controller_manager:/home/elian/ws_moveit2/install/moveit_setup_assistant:/home/elian/ws_moveit2/install/moveit_setup_srdf_plugins:/home/elian/ws_moveit2/install/moveit_setup_core_plugins:/home/elian/ws_moveit2/install/moveit_setup_controllers:/home/elian/ws_moveit2/install/moveit_setup_app_plugins:/home/elian/ws_moveit2/install/moveit_setup_framework:/home/elian/ws_moveit2/install/moveit_servo:/home/elian/ws_moveit2/install/moveit_ros:/home/elian/ws_moveit2/install/moveit_ros_visualization:/home/elian/ws_moveit2/install/moveit_hybrid_planning:/home/elian/ws_moveit2/install/moveit_ros_planning_interface:/home/elian/ws_moveit2/install/moveit_ros_benchmarks:/home/elian/ws_moveit2/install/moveit_ros_warehouse:/home/elian/ws_moveit2/install/moveit_ros_robot_interaction:/home/elian/ws_moveit2/install/moveit_ros_perception:/home/elian/ws_moveit2/install/moveit_resources_prbt_pg70_support:/home/elian/ws_moveit2/install/moveit_resources_prbt_moveit_config:/home/elian/ws_moveit2/install/moveit_ros_move_group:/home/elian/ws_moveit2/install/moveit_planners_ompl:/home/elian/ws_moveit2/install/moveit_ros_planning:/home/elian/ws_moveit2/install/moveit_ros_occupancy_map_monitor:/home/elian/ws_moveit2/install/moveit_resources_prbt_support:/home/elian/ws_moveit2/install/moveit_resources_prbt_ikfast_manipulator_plugin:/home/elian/ws_moveit2/install/moveit_resources:/home/elian/ws_moveit2/install/moveit_resources_fanuc_moveit_config:/home/elian/ws_moveit2/install/moveit_resources_fanuc_description:/home/elian/ws_moveit2/install/moveit_planners_chomp:/home/elian/ws_moveit2/install/moveit_kinematics:/home/elian/ws_moveit2/install/moveit_chomp_optimizer_adapter:/home/elian/ws_moveit2/install/chomp_motion_planner:/home/elian/academy_robotics/ros2_academy_ws/install/academy_robot_moveit_config:/home/elian/academy_robotics/ros2_academy_ws/install/academy_robot_gazebo_ignition:/home/elian/academy_robotics/ros2_academy_ws/install/academy_robot_gazebo_classic:/home/elian/academy_robotics/ros2_academy_ws/install/academy_robot_description:/home/elian/academy_robotics/ros2_academy_ws/install/ur_description:/home/elian/academy_robotics/ros2_academy_ws/install/academy_robot_interfaces:/home/elian/academy_robotics/ros2_academy_ws/install/robotnik_controllers_msgs:/home/elian/academy_robotics/ros2_academy_ws/install/academy_robot_supervisor_msgs:/home/elian/academy_robotics/ros2_academy_ws/install/academy_robot_sensors:/home/elian/academy_robotics/ros2_academy_ws/install/academy_robot_safety_msgs:/home/elian/academy_robotics/ros2_academy_ws/install/academy_robot_perception_msgs:/home/elian/academy_robotics/ros2_academy_ws/install/academy_robot_navigation_msgs:/home/elian/academy_robotics/ros2_academy_ws/install/academy_robot_io_msgs:/home/elian/academy_robotics/ros2_academy_ws/install/academy_robot_common_msgs:/home/elian/academy_robotics/ros2_academy_ws/install/academy_robot_common:/home/elian/academy_robotics/ros2_academy_ws/install/academy_robot_battery_msgs:/home/elian/ws_moveit2/install/moveit_configs_utils:/home/elian/ws_moveit2/install/launch_param_builder:/home/elian/academy_robotics/ros2_academy_ws/install/depth_to_pointcloud:/opt/ros/humble LD_LIBRARY_PATH=/home/elian/ws_moveit2/install/moveit_core/lib:/home/elian/ws_moveit2/install/moveit_msgs/lib:/home/elian/ws_moveit2/install/moveit_task_constructor_visualization/lib:/home/elian/ws_moveit2/install/moveit_task_constructor_demo/lib:/home/elian/ws_moveit2/install/moveit_task_constructor_capabilities/lib:/home/elian/ws_moveit2/install/moveit_task_constructor_core/lib:/home/elian/ws_moveit2/install/rviz_marker_tools/lib:/home/elian/ws_moveit2/install/rosparam_shortcuts/lib:/home/elian/ws_moveit2/install/pilz_industrial_motion_planner_testutils/lib:/home/elian/ws_moveit2/install/pilz_industrial_motion_planner/lib:/home/elian/ws_moveit2/install/moveit_visual_tools/lib:/home/elian/ws_moveit2/install/moveit_task_constructor_msgs/lib:/home/elian/ws_moveit2/install/moveit_ros_control_interface/lib:/home/elian/ws_moveit2/install/moveit_simple_controller_manager/lib:/home/elian/ws_moveit2/install/moveit_setup_assistant/lib:/home/elian/ws_moveit2/install/moveit_setup_srdf_plugins/lib:/home/elian/ws_moveit2/install/moveit_setup_core_plugins/lib:/home/elian/ws_moveit2/install/moveit_setup_controllers/lib:/home/elian/ws_moveit2/install/moveit_setup_app_plugins/lib:/home/elian/ws_moveit2/install/moveit_setup_framework/lib:/home/elian/ws_moveit2/install/moveit_servo/lib:/home/elian/ws_moveit2/install/moveit_ros_visualization/lib:/home/elian/ws_moveit2/install/moveit_hybrid_planning/lib:/home/elian/ws_moveit2/install/moveit_ros_planning_interface/lib:/home/elian/ws_moveit2/install/moveit_ros_benchmarks/lib:/home/elian/ws_moveit2/install/moveit_ros_warehouse/lib:/home/elian/ws_moveit2/install/moveit_ros_robot_interaction/lib:/home/elian/ws_moveit2/install/moveit_ros_perception/lib:/home/elian/ws_moveit2/install/moveit_ros_move_group/lib:/home/elian/ws_moveit2/install/moveit_planners_ompl/lib:/home/elian/ws_moveit2/install/moveit_ros_planning/lib:/home/elian/ws_moveit2/install/moveit_ros_occupancy_map_monitor/lib:/home/elian/ws_moveit2/install/moveit_resources_prbt_ikfast_manipulator_plugin/lib:/home/elian/ws_moveit2/install/moveit_planners_chomp/lib:/home/elian/ws_moveit2/install/moveit_kinematics/lib:/home/elian/ws_moveit2/install/moveit_chomp_optimizer_adapter/lib:/home/elian/ws_moveit2/install/chomp_motion_planner/lib:/home/elian/academy_robotics/ros2_academy_ws/install/robotnik_controllers_msgs/lib:/home/elian/academy_robotics/ros2_academy_ws/install/academy_robot_supervisor_msgs/lib:/home/elian/academy_robotics/ros2_academy_ws/install/academy_robot_perception_msgs/lib:/home/elian/academy_robotics/ros2_academy_ws/install/academy_robot_navigation_msgs/lib:/home/elian/academy_robotics/ros2_academy_ws/install/academy_robot_io_msgs/lib:/home/elian/academy_robotics/ros2_academy_ws/install/academy_robot_common_msgs/lib:/home/elian/academy_robotics/ros2_academy_ws/install/academy_robot_battery_msgs/lib:/usr/lib/x86_64-linux-gnu/gazebo-11/plugins:/opt/ros/humble/opt/rviz_ogre_vendor/lib:/opt/ros/humble/lib/x86_64-linux-gnu:/opt/ros/humble/lib /usr/bin/cmake --build /home/elian/ws_moveit2/build/pick_ik -- -j8 -l8
[322.259s] Invoking command in '/home/elian/ws_moveit2/build/pick_ik': CMAKE_PREFIX_PATH=/home/elian/ws_moveit2/install/moveit_core:/home/elian/ws_moveit2/install/moveit_resources_panda_moveit_config:/home/elian/ws_moveit2/install/moveit_resources_pr2_description:/home/elian/ws_moveit2/install/moveit_resources_panda_description:/home/elian/ws_moveit2/install/moveit_msgs:/home/elian/ws_moveit2/install/moveit_common:/home/elian/ws_moveit2/install/moveit_task_constructor_visualization:/home/elian/ws_moveit2/install/moveit_task_constructor_demo:/home/elian/ws_moveit2/install/moveit_task_constructor_capabilities:/home/elian/ws_moveit2/install/moveit2_tutorials:/home/elian/ws_moveit2/install/moveit_task_constructor_core:/home/elian/ws_moveit2/install/rviz_marker_tools:/home/elian/ws_moveit2/install/rosparam_shortcuts:/home/elian/ws_moveit2/install/pilz_industrial_motion_planner_testutils:/home/elian/ws_moveit2/install/moveit_runtime:/home/elian/ws_moveit2/install/moveit:/home/elian/ws_moveit2/install/moveit_planners:/home/elian/ws_moveit2/install/pilz_industrial_motion_planner:/home/elian/ws_moveit2/install/hello_moveit:/home/elian/ws_moveit2/install/moveit_visual_tools:/home/elian/ws_moveit2/install/moveit_task_constructor_msgs:/home/elian/ws_moveit2/install/moveit_ros_control_interface:/home/elian/ws_moveit2/install/moveit_plugins:/home/elian/ws_moveit2/install/moveit_simple_controller_manager:/home/elian/ws_moveit2/install/moveit_setup_assistant:/home/elian/ws_moveit2/install/moveit_setup_srdf_plugins:/home/elian/ws_moveit2/install/moveit_setup_core_plugins:/home/elian/ws_moveit2/install/moveit_setup_controllers:/home/elian/ws_moveit2/install/moveit_setup_app_plugins:/home/elian/ws_moveit2/install/moveit_setup_framework:/home/elian/ws_moveit2/install/moveit_servo:/home/elian/ws_moveit2/install/moveit_ros:/home/elian/ws_moveit2/install/moveit_ros_visualization:/home/elian/ws_moveit2/install/moveit_hybrid_planning:/home/elian/ws_moveit2/install/moveit_ros_planning_interface:/home/elian/ws_moveit2/install/moveit_ros_benchmarks:/home/elian/ws_moveit2/install/moveit_ros_warehouse:/home/elian/ws_moveit2/install/moveit_ros_robot_interaction:/home/elian/ws_moveit2/install/moveit_ros_perception:/home/elian/ws_moveit2/install/moveit_resources_prbt_pg70_support:/home/elian/ws_moveit2/install/moveit_resources_prbt_moveit_config:/home/elian/ws_moveit2/install/moveit_ros_move_group:/home/elian/ws_moveit2/install/moveit_planners_ompl:/home/elian/ws_moveit2/install/moveit_ros_planning:/home/elian/ws_moveit2/install/moveit_ros_occupancy_map_monitor:/home/elian/ws_moveit2/install/moveit_resources_prbt_support:/home/elian/ws_moveit2/install/moveit_resources_prbt_ikfast_manipulator_plugin:/home/elian/ws_moveit2/install/moveit_resources:/home/elian/ws_moveit2/install/moveit_resources_fanuc_moveit_config:/home/elian/ws_moveit2/install/moveit_resources_fanuc_description:/home/elian/ws_moveit2/install/moveit_planners_chomp:/home/elian/ws_moveit2/install/moveit_kinematics:/home/elian/ws_moveit2/install/moveit_chomp_optimizer_adapter:/home/elian/ws_moveit2/install/chomp_motion_planner:/home/elian/academy_robotics/ros2_academy_ws/install/academy_robot_moveit_config:/home/elian/academy_robotics/ros2_academy_ws/install/academy_robot_gazebo_ignition:/home/elian/academy_robotics/ros2_academy_ws/install/academy_robot_gazebo_classic:/home/elian/academy_robotics/ros2_academy_ws/install/academy_robot_description:/home/elian/academy_robotics/ros2_academy_ws/install/ur_description:/home/elian/academy_robotics/ros2_academy_ws/install/academy_robot_interfaces:/home/elian/academy_robotics/ros2_academy_ws/install/robotnik_controllers_msgs:/home/elian/academy_robotics/ros2_academy_ws/install/academy_robot_supervisor_msgs:/home/elian/academy_robotics/ros2_academy_ws/install/academy_robot_sensors:/home/elian/academy_robotics/ros2_academy_ws/install/academy_robot_safety_msgs:/home/elian/academy_robotics/ros2_academy_ws/install/academy_robot_perception_msgs:/home/elian/academy_robotics/ros2_academy_ws/install/academy_robot_navigation_msgs:/home/elian/academy_robotics/ros2_academy_ws/install/academy_robot_io_msgs:/home/elian/academy_robotics/ros2_academy_ws/install/academy_robot_common_msgs:/home/elian/academy_robotics/ros2_academy_ws/install/academy_robot_common:/home/elian/academy_robotics/ros2_academy_ws/install/academy_robot_battery_msgs:/home/elian/ws_moveit2/install/moveit_configs_utils:/home/elian/ws_moveit2/install/launch_param_builder:/home/elian/academy_robotics/ros2_academy_ws/install/depth_to_pointcloud:/opt/ros/humble LD_LIBRARY_PATH=/home/elian/ws_moveit2/install/moveit_core/lib:/home/elian/ws_moveit2/install/moveit_msgs/lib:/home/elian/ws_moveit2/install/moveit_task_constructor_visualization/lib:/home/elian/ws_moveit2/install/moveit_task_constructor_demo/lib:/home/elian/ws_moveit2/install/moveit_task_constructor_capabilities/lib:/home/elian/ws_moveit2/install/moveit_task_constructor_core/lib:/home/elian/ws_moveit2/install/rviz_marker_tools/lib:/home/elian/ws_moveit2/install/rosparam_shortcuts/lib:/home/elian/ws_moveit2/install/pilz_industrial_motion_planner_testutils/lib:/home/elian/ws_moveit2/install/pilz_industrial_motion_planner/lib:/home/elian/ws_moveit2/install/moveit_visual_tools/lib:/home/elian/ws_moveit2/install/moveit_task_constructor_msgs/lib:/home/elian/ws_moveit2/install/moveit_ros_control_interface/lib:/home/elian/ws_moveit2/install/moveit_simple_controller_manager/lib:/home/elian/ws_moveit2/install/moveit_setup_assistant/lib:/home/elian/ws_moveit2/install/moveit_setup_srdf_plugins/lib:/home/elian/ws_moveit2/install/moveit_setup_core_plugins/lib:/home/elian/ws_moveit2/install/moveit_setup_controllers/lib:/home/elian/ws_moveit2/install/moveit_setup_app_plugins/lib:/home/elian/ws_moveit2/install/moveit_setup_framework/lib:/home/elian/ws_moveit2/install/moveit_servo/lib:/home/elian/ws_moveit2/install/moveit_ros_visualization/lib:/home/elian/ws_moveit2/install/moveit_hybrid_planning/lib:/home/elian/ws_moveit2/install/moveit_ros_planning_interface/lib:/home/elian/ws_moveit2/install/moveit_ros_benchmarks/lib:/home/elian/ws_moveit2/install/moveit_ros_warehouse/lib:/home/elian/ws_moveit2/install/moveit_ros_robot_interaction/lib:/home/elian/ws_moveit2/install/moveit_ros_perception/lib:/home/elian/ws_moveit2/install/moveit_ros_move_group/lib:/home/elian/ws_moveit2/install/moveit_planners_ompl/lib:/home/elian/ws_moveit2/install/moveit_ros_planning/lib:/home/elian/ws_moveit2/install/moveit_ros_occupancy_map_monitor/lib:/home/elian/ws_moveit2/install/moveit_resources_prbt_ikfast_manipulator_plugin/lib:/home/elian/ws_moveit2/install/moveit_planners_chomp/lib:/home/elian/ws_moveit2/install/moveit_kinematics/lib:/home/elian/ws_moveit2/install/moveit_chomp_optimizer_adapter/lib:/home/elian/ws_moveit2/install/chomp_motion_planner/lib:/home/elian/academy_robotics/ros2_academy_ws/install/robotnik_controllers_msgs/lib:/home/elian/academy_robotics/ros2_academy_ws/install/academy_robot_supervisor_msgs/lib:/home/elian/academy_robotics/ros2_academy_ws/install/academy_robot_perception_msgs/lib:/home/elian/academy_robotics/ros2_academy_ws/install/academy_robot_navigation_msgs/lib:/home/elian/academy_robotics/ros2_academy_ws/install/academy_robot_io_msgs/lib:/home/elian/academy_robotics/ros2_academy_ws/install/academy_robot_common_msgs/lib:/home/elian/academy_robotics/ros2_academy_ws/install/academy_robot_battery_msgs/lib:/usr/lib/x86_64-linux-gnu/gazebo-11/plugins:/opt/ros/humble/opt/rviz_ogre_vendor/lib:/opt/ros/humble/lib/x86_64-linux-gnu:/opt/ros/humble/lib /usr/bin/cmake --install /home/elian/ws_moveit2/build/pick_ik
[322.268s] -- Install configuration: "Release"
[322.268s] -- Installing: /home/elian/ws_moveit2/install/pick_ik/include/pick_ik
[322.268s] -- Installing: /home/elian/ws_moveit2/install/pick_ik/include/pick_ik/pick_ik_parameters.hpp
[322.268s] -- Installing: /home/elian/ws_moveit2/install/pick_ik/share/pick_ik/pick_ik_kinematics_description.xml
[322.268s] -- Up-to-date: /home/elian/ws_moveit2/install/pick_ik/include/pick_ik
[322.268s] -- Installing: /home/elian/ws_moveit2/install/pick_ik/include/pick_ik/pick_ik
[322.268s] -- Installing: /home/elian/ws_moveit2/install/pick_ik/include/pick_ik/pick_ik/ik_gradient.hpp
[322.268s] -- Installing: /home/elian/ws_moveit2/install/pick_ik/include/pick_ik/pick_ik/forward_kinematics.hpp
[322.268s] -- Installing: /home/elian/ws_moveit2/install/pick_ik/include/pick_ik/pick_ik/robot.hpp
[322.269s] -- Installing: /home/elian/ws_moveit2/install/pick_ik/include/pick_ik/pick_ik/pick_ik_plugin.hpp
[322.269s] -- Installing: /home/elian/ws_moveit2/install/pick_ik/include/pick_ik/pick_ik/fk_moveit.hpp
[322.269s] -- Installing: /home/elian/ws_moveit2/install/pick_ik/include/pick_ik/pick_ik/ik_memetic.hpp
[322.269s] -- Installing: /home/elian/ws_moveit2/install/pick_ik/include/pick_ik/pick_ik/goal.hpp
[322.269s] -- Installing: /home/elian/ws_moveit2/install/pick_ik/lib/libpick_ik_plugin.so
[322.269s] -- Set runtime path of "/home/elian/ws_moveit2/install/pick_ik/lib/libpick_ik_plugin.so" to ""
[322.269s] -- Installing: /home/elian/ws_moveit2/install/pick_ik/share/pick_ik/environment/library_path.sh
[322.269s] -- Installing: /home/elian/ws_moveit2/install/pick_ik/share/pick_ik/environment/library_path.dsv
[322.269s] -- Installing: /home/elian/ws_moveit2/install/pick_ik/share/ament_index/resource_index/package_run_dependencies/pick_ik
[322.269s] -- Installing: /home/elian/ws_moveit2/install/pick_ik/share/ament_index/resource_index/parent_prefix_path/pick_ik
[322.269s] -- Installing: /home/elian/ws_moveit2/install/pick_ik/share/pick_ik/environment/ament_prefix_path.sh
[322.270s] -- Installing: /home/elian/ws_moveit2/install/pick_ik/share/pick_ik/environment/ament_prefix_path.dsv
[322.270s] -- Installing: /home/elian/ws_moveit2/install/pick_ik/share/pick_ik/environment/path.sh
[322.270s] -- Installing: /home/elian/ws_moveit2/install/pick_ik/share/pick_ik/environment/path.dsv
[322.270s] -- Installing: /home/elian/ws_moveit2/install/pick_ik/share/pick_ik/local_setup.bash
[322.270s] -- Installing: /home/elian/ws_moveit2/install/pick_ik/share/pick_ik/local_setup.sh
[322.270s] -- Installing: /home/elian/ws_moveit2/install/pick_ik/share/pick_ik/local_setup.zsh
[322.270s] -- Installing: /home/elian/ws_moveit2/install/pick_ik/share/pick_ik/local_setup.dsv
[322.270s] -- Installing: /home/elian/ws_moveit2/install/pick_ik/share/pick_ik/package.dsv
[322.270s] -- Installing: /home/elian/ws_moveit2/install/pick_ik/share/ament_index/resource_index/packages/pick_ik
[322.270s] -- Installing: /home/elian/ws_moveit2/install/pick_ik/share/ament_index/resource_index/moveit_core__pluginlib__plugin/pick_ik
[322.270s] -- Installing: /home/elian/ws_moveit2/install/pick_ik/share/pick_ik/cmake/export_pick_ikExport.cmake
[322.270s] -- Installing: /home/elian/ws_moveit2/install/pick_ik/share/pick_ik/cmake/export_pick_ikExport-release.cmake
[322.270s] -- Installing: /home/elian/ws_moveit2/install/pick_ik/share/pick_ik/cmake/ament_cmake_export_dependencies-extras.cmake
[322.270s] -- Installing: /home/elian/ws_moveit2/install/pick_ik/share/pick_ik/cmake/ament_cmake_export_targets-extras.cmake
[322.270s] -- Installing: /home/elian/ws_moveit2/install/pick_ik/share/pick_ik/cmake/pick_ikConfig.cmake
[322.271s] -- Installing: /home/elian/ws_moveit2/install/pick_ik/share/pick_ik/cmake/pick_ikConfig-version.cmake
[322.271s] -- Installing: /home/elian/ws_moveit2/install/pick_ik/share/pick_ik/package.xml
[322.273s] Invoked command in '/home/elian/ws_moveit2/build/pick_ik' returned '0': CMAKE_PREFIX_PATH=/home/elian/ws_moveit2/install/moveit_core:/home/elian/ws_moveit2/install/moveit_resources_panda_moveit_config:/home/elian/ws_moveit2/install/moveit_resources_pr2_description:/home/elian/ws_moveit2/install/moveit_resources_panda_description:/home/elian/ws_moveit2/install/moveit_msgs:/home/elian/ws_moveit2/install/moveit_common:/home/elian/ws_moveit2/install/moveit_task_constructor_visualization:/home/elian/ws_moveit2/install/moveit_task_constructor_demo:/home/elian/ws_moveit2/install/moveit_task_constructor_capabilities:/home/elian/ws_moveit2/install/moveit2_tutorials:/home/elian/ws_moveit2/install/moveit_task_constructor_core:/home/elian/ws_moveit2/install/rviz_marker_tools:/home/elian/ws_moveit2/install/rosparam_shortcuts:/home/elian/ws_moveit2/install/pilz_industrial_motion_planner_testutils:/home/elian/ws_moveit2/install/moveit_runtime:/home/elian/ws_moveit2/install/moveit:/home/elian/ws_moveit2/install/moveit_planners:/home/elian/ws_moveit2/install/pilz_industrial_motion_planner:/home/elian/ws_moveit2/install/hello_moveit:/home/elian/ws_moveit2/install/moveit_visual_tools:/home/elian/ws_moveit2/install/moveit_task_constructor_msgs:/home/elian/ws_moveit2/install/moveit_ros_control_interface:/home/elian/ws_moveit2/install/moveit_plugins:/home/elian/ws_moveit2/install/moveit_simple_controller_manager:/home/elian/ws_moveit2/install/moveit_setup_assistant:/home/elian/ws_moveit2/install/moveit_setup_srdf_plugins:/home/elian/ws_moveit2/install/moveit_setup_core_plugins:/home/elian/ws_moveit2/install/moveit_setup_controllers:/home/elian/ws_moveit2/install/moveit_setup_app_plugins:/home/elian/ws_moveit2/install/moveit_setup_framework:/home/elian/ws_moveit2/install/moveit_servo:/home/elian/ws_moveit2/install/moveit_ros:/home/elian/ws_moveit2/install/moveit_ros_visualization:/home/elian/ws_moveit2/install/moveit_hybrid_planning:/home/elian/ws_moveit2/install/moveit_ros_planning_interface:/home/elian/ws_moveit2/install/moveit_ros_benchmarks:/home/elian/ws_moveit2/install/moveit_ros_warehouse:/home/elian/ws_moveit2/install/moveit_ros_robot_interaction:/home/elian/ws_moveit2/install/moveit_ros_perception:/home/elian/ws_moveit2/install/moveit_resources_prbt_pg70_support:/home/elian/ws_moveit2/install/moveit_resources_prbt_moveit_config:/home/elian/ws_moveit2/install/moveit_ros_move_group:/home/elian/ws_moveit2/install/moveit_planners_ompl:/home/elian/ws_moveit2/install/moveit_ros_planning:/home/elian/ws_moveit2/install/moveit_ros_occupancy_map_monitor:/home/elian/ws_moveit2/install/moveit_resources_prbt_support:/home/elian/ws_moveit2/install/moveit_resources_prbt_ikfast_manipulator_plugin:/home/elian/ws_moveit2/install/moveit_resources:/home/elian/ws_moveit2/install/moveit_resources_fanuc_moveit_config:/home/elian/ws_moveit2/install/moveit_resources_fanuc_description:/home/elian/ws_moveit2/install/moveit_planners_chomp:/home/elian/ws_moveit2/install/moveit_kinematics:/home/elian/ws_moveit2/install/moveit_chomp_optimizer_adapter:/home/elian/ws_moveit2/install/chomp_motion_planner:/home/elian/academy_robotics/ros2_academy_ws/install/academy_robot_moveit_config:/home/elian/academy_robotics/ros2_academy_ws/install/academy_robot_gazebo_ignition:/home/elian/academy_robotics/ros2_academy_ws/install/academy_robot_gazebo_classic:/home/elian/academy_robotics/ros2_academy_ws/install/academy_robot_description:/home/elian/academy_robotics/ros2_academy_ws/install/ur_description:/home/elian/academy_robotics/ros2_academy_ws/install/academy_robot_interfaces:/home/elian/academy_robotics/ros2_academy_ws/install/robotnik_controllers_msgs:/home/elian/academy_robotics/ros2_academy_ws/install/academy_robot_supervisor_msgs:/home/elian/academy_robotics/ros2_academy_ws/install/academy_robot_sensors:/home/elian/academy_robotics/ros2_academy_ws/install/academy_robot_safety_msgs:/home/elian/academy_robotics/ros2_academy_ws/install/academy_robot_perception_msgs:/home/elian/academy_robotics/ros2_academy_ws/install/academy_robot_navigation_msgs:/home/elian/academy_robotics/ros2_academy_ws/install/academy_robot_io_msgs:/home/elian/academy_robotics/ros2_academy_ws/install/academy_robot_common_msgs:/home/elian/academy_robotics/ros2_academy_ws/install/academy_robot_common:/home/elian/academy_robotics/ros2_academy_ws/install/academy_robot_battery_msgs:/home/elian/ws_moveit2/install/moveit_configs_utils:/home/elian/ws_moveit2/install/launch_param_builder:/home/elian/academy_robotics/ros2_academy_ws/install/depth_to_pointcloud:/opt/ros/humble LD_LIBRARY_PATH=/home/elian/ws_moveit2/install/moveit_core/lib:/home/elian/ws_moveit2/install/moveit_msgs/lib:/home/elian/ws_moveit2/install/moveit_task_constructor_visualization/lib:/home/elian/ws_moveit2/install/moveit_task_constructor_demo/lib:/home/elian/ws_moveit2/install/moveit_task_constructor_capabilities/lib:/home/elian/ws_moveit2/install/moveit_task_constructor_core/lib:/home/elian/ws_moveit2/install/rviz_marker_tools/lib:/home/elian/ws_moveit2/install/rosparam_shortcuts/lib:/home/elian/ws_moveit2/install/pilz_industrial_motion_planner_testutils/lib:/home/elian/ws_moveit2/install/pilz_industrial_motion_planner/lib:/home/elian/ws_moveit2/install/moveit_visual_tools/lib:/home/elian/ws_moveit2/install/moveit_task_constructor_msgs/lib:/home/elian/ws_moveit2/install/moveit_ros_control_interface/lib:/home/elian/ws_moveit2/install/moveit_simple_controller_manager/lib:/home/elian/ws_moveit2/install/moveit_setup_assistant/lib:/home/elian/ws_moveit2/install/moveit_setup_srdf_plugins/lib:/home/elian/ws_moveit2/install/moveit_setup_core_plugins/lib:/home/elian/ws_moveit2/install/moveit_setup_controllers/lib:/home/elian/ws_moveit2/install/moveit_setup_app_plugins/lib:/home/elian/ws_moveit2/install/moveit_setup_framework/lib:/home/elian/ws_moveit2/install/moveit_servo/lib:/home/elian/ws_moveit2/install/moveit_ros_visualization/lib:/home/elian/ws_moveit2/install/moveit_hybrid_planning/lib:/home/elian/ws_moveit2/install/moveit_ros_planning_interface/lib:/home/elian/ws_moveit2/install/moveit_ros_benchmarks/lib:/home/elian/ws_moveit2/install/moveit_ros_warehouse/lib:/home/elian/ws_moveit2/install/moveit_ros_robot_interaction/lib:/home/elian/ws_moveit2/install/moveit_ros_perception/lib:/home/elian/ws_moveit2/install/moveit_ros_move_group/lib:/home/elian/ws_moveit2/install/moveit_planners_ompl/lib:/home/elian/ws_moveit2/install/moveit_ros_planning/lib:/home/elian/ws_moveit2/install/moveit_ros_occupancy_map_monitor/lib:/home/elian/ws_moveit2/install/moveit_resources_prbt_ikfast_manipulator_plugin/lib:/home/elian/ws_moveit2/install/moveit_planners_chomp/lib:/home/elian/ws_moveit2/install/moveit_kinematics/lib:/home/elian/ws_moveit2/install/moveit_chomp_optimizer_adapter/lib:/home/elian/ws_moveit2/install/chomp_motion_planner/lib:/home/elian/academy_robotics/ros2_academy_ws/install/robotnik_controllers_msgs/lib:/home/elian/academy_robotics/ros2_academy_ws/install/academy_robot_supervisor_msgs/lib:/home/elian/academy_robotics/ros2_academy_ws/install/academy_robot_perception_msgs/lib:/home/elian/academy_robotics/ros2_academy_ws/install/academy_robot_navigation_msgs/lib:/home/elian/academy_robotics/ros2_academy_ws/install/academy_robot_io_msgs/lib:/home/elian/academy_robotics/ros2_academy_ws/install/academy_robot_common_msgs/lib:/home/elian/academy_robotics/ros2_academy_ws/install/academy_robot_battery_msgs/lib:/usr/lib/x86_64-linux-gnu/gazebo-11/plugins:/opt/ros/humble/opt/rviz_ogre_vendor/lib:/opt/ros/humble/lib/x86_64-linux-gnu:/opt/ros/humble/lib /usr/bin/cmake --install /home/elian/ws_moveit2/build/pick_ik
