[0.012s] Invoking command in '/home/elian/ws_moveit2/build/rosparam_shortcuts': CMAKE_PREFIX_PATH=${CMAKE_PREFIX_PATH}:/home/elian/academy_robotics/ros2_academy_ws/install/depth_to_pointcloud:/home/elian/ws_moveit2/install/moveit_configs_utils:/home/elian/ws_moveit2/install/launch_param_builder:/opt/ros/humble /usr/bin/cmake /home/elian/ws_moveit2/src/rosparam_shortcuts -DCMAKE_BUILD_TYPE=Debug -DCMAKE_INSTALL_PREFIX=/home/elian/ws_moveit2/install/rosparam_shortcuts
[0.023s] -- Found ament_cmake: 1.3.12 (/opt/ros/humble/share/ament_cmake/cmake)
[0.117s] -- Override CMake install command with custom implementation using symlinks instead of copying resources
[0.121s] -- Found eigen3_cmake_module: 0.1.1 (/opt/ros/humble/share/eigen3_cmake_module/cmake)
[0.122s] -- Found geometry_msgs: 4.9.0 (/opt/ros/humble/share/geometry_msgs/cmake)
[0.138s] -- Found rosidl_generator_c: 3.1.7 (/opt/ros/humble/share/rosidl_generator_c/cmake)
[0.140s] -- Found rosidl_adapter: 3.1.7 (/opt/ros/humble/share/rosidl_adapter/cmake)
[0.143s] -- Found rosidl_generator_cpp: 3.1.7 (/opt/ros/humble/share/rosidl_generator_cpp/cmake)
[0.151s] -- Using all available rosidl_typesupport_c: rosidl_typesupport_fastrtps_c;rosidl_typesupport_introspection_c
[0.160s] -- Using all available rosidl_typesupport_cpp: rosidl_typesupport_fastrtps_cpp;rosidl_typesupport_introspection_cpp
[0.183s] -- Found rclcpp: 16.0.14 (/opt/ros/humble/share/rclcpp/cmake)
[0.198s] -- Found rmw_implementation_cmake: 6.1.2 (/opt/ros/humble/share/rmw_implementation_cmake/cmake)
[0.201s] -- Found rmw_fastrtps_cpp: 6.2.8 (/opt/ros/humble/share/rmw_fastrtps_cpp/cmake)
[0.285s] -- Using RMW implementation 'rmw_fastrtps_cpp' as default
[0.308s] -- Found tf2_eigen: 0.25.15 (/opt/ros/humble/share/tf2_eigen/cmake)
[0.441s] -- Configuring done
[0.457s] -- Generating done
[0.462s] -- Build files have been written to: /home/elian/ws_moveit2/build/rosparam_shortcuts
[0.469s] Invoked command in '/home/elian/ws_moveit2/build/rosparam_shortcuts' returned '0': CMAKE_PREFIX_PATH=${CMAKE_PREFIX_PATH}:/home/elian/academy_robotics/ros2_academy_ws/install/depth_to_pointcloud:/home/elian/ws_moveit2/install/moveit_configs_utils:/home/elian/ws_moveit2/install/launch_param_builder:/opt/ros/humble /usr/bin/cmake /home/elian/ws_moveit2/src/rosparam_shortcuts -DCMAKE_BUILD_TYPE=Debug -DCMAKE_INSTALL_PREFIX=/home/elian/ws_moveit2/install/rosparam_shortcuts
[0.470s] Invoking command in '/home/elian/ws_moveit2/build/rosparam_shortcuts': CMAKE_PREFIX_PATH=${CMAKE_PREFIX_PATH}:/home/elian/academy_robotics/ros2_academy_ws/install/depth_to_pointcloud:/home/elian/ws_moveit2/install/moveit_configs_utils:/home/elian/ws_moveit2/install/launch_param_builder:/opt/ros/humble /usr/bin/cmake --build /home/elian/ws_moveit2/build/rosparam_shortcuts -- -j8 -l8
[0.521s] [35m[1mConsolidate compiler generated dependencies of target rosparam_shortcuts[0m
[0.541s] [ 42%] Built target rosparam_shortcuts
[0.554s] [35m[1mConsolidate compiler generated dependencies of target rosparam_shortcuts_example[0m
[0.554s] [35m[1mConsolidate compiler generated dependencies of target rosparam_shortcuts_node_parameters_example[0m
[0.572s] [100%] Built target rosparam_shortcuts_example
[0.572s] [100%] Built target rosparam_shortcuts_node_parameters_example
[0.583s] Invoked command in '/home/elian/ws_moveit2/build/rosparam_shortcuts' returned '0': CMAKE_PREFIX_PATH=${CMAKE_PREFIX_PATH}:/home/elian/academy_robotics/ros2_academy_ws/install/depth_to_pointcloud:/home/elian/ws_moveit2/install/moveit_configs_utils:/home/elian/ws_moveit2/install/launch_param_builder:/opt/ros/humble /usr/bin/cmake --build /home/elian/ws_moveit2/build/rosparam_shortcuts -- -j8 -l8
[0.584s] Invoking command in '/home/elian/ws_moveit2/build/rosparam_shortcuts': CMAKE_PREFIX_PATH=${CMAKE_PREFIX_PATH}:/home/elian/academy_robotics/ros2_academy_ws/install/depth_to_pointcloud:/home/elian/ws_moveit2/install/moveit_configs_utils:/home/elian/ws_moveit2/install/launch_param_builder:/opt/ros/humble /usr/bin/cmake --install /home/elian/ws_moveit2/build/rosparam_shortcuts
[0.593s] -- Install configuration: "Debug"
[0.593s] -- Execute custom install script
[0.593s] -- Up-to-date symlink: /home/elian/ws_moveit2/install/rosparam_shortcuts/lib/rosparam_shortcuts/example
[0.593s] -- Up-to-date symlink: /home/elian/ws_moveit2/install/rosparam_shortcuts/lib/rosparam_shortcuts/node_parameters_example
[0.594s] -- Up-to-date symlink: /home/elian/ws_moveit2/install/rosparam_shortcuts/include/rosparam_shortcuts/node_parameters.h
[0.594s] -- Up-to-date symlink: /home/elian/ws_moveit2/install/rosparam_shortcuts/include/rosparam_shortcuts/rosparam_shortcuts.h
[0.594s] -- Up-to-date symlink: /home/elian/ws_moveit2/install/rosparam_shortcuts/share/rosparam_shortcuts/launch/example.launch.py
[0.595s] -- Up-to-date symlink: /home/elian/ws_moveit2/install/rosparam_shortcuts/share/rosparam_shortcuts/config/example.yaml
[0.595s] -- Up-to-date symlink: /home/elian/ws_moveit2/install/rosparam_shortcuts/share/rosparam_shortcuts/environment/library_path.sh
[0.595s] -- Up-to-date symlink: /home/elian/ws_moveit2/install/rosparam_shortcuts/share/rosparam_shortcuts/environment/library_path.dsv
[0.595s] -- Up-to-date symlink: /home/elian/ws_moveit2/install/rosparam_shortcuts/share/ament_index/resource_index/package_run_dependencies/rosparam_shortcuts
[0.595s] -- Up-to-date symlink: /home/elian/ws_moveit2/install/rosparam_shortcuts/share/ament_index/resource_index/parent_prefix_path/rosparam_shortcuts
[0.595s] -- Up-to-date symlink: /home/elian/ws_moveit2/install/rosparam_shortcuts/share/rosparam_shortcuts/environment/ament_prefix_path.sh
[0.596s] -- Up-to-date symlink: /home/elian/ws_moveit2/install/rosparam_shortcuts/share/rosparam_shortcuts/environment/ament_prefix_path.dsv
[0.596s] -- Up-to-date symlink: /home/elian/ws_moveit2/install/rosparam_shortcuts/share/rosparam_shortcuts/environment/path.sh
[0.596s] -- Up-to-date symlink: /home/elian/ws_moveit2/install/rosparam_shortcuts/share/rosparam_shortcuts/environment/path.dsv
[0.596s] -- Up-to-date symlink: /home/elian/ws_moveit2/install/rosparam_shortcuts/share/rosparam_shortcuts/local_setup.bash
[0.596s] -- Up-to-date symlink: /home/elian/ws_moveit2/install/rosparam_shortcuts/share/rosparam_shortcuts/local_setup.sh
[0.596s] -- Up-to-date symlink: /home/elian/ws_moveit2/install/rosparam_shortcuts/share/rosparam_shortcuts/local_setup.zsh
[0.596s] -- Up-to-date symlink: /home/elian/ws_moveit2/install/rosparam_shortcuts/share/rosparam_shortcuts/local_setup.dsv
[0.597s] -- Symlinking: /home/elian/ws_moveit2/install/rosparam_shortcuts/share/rosparam_shortcuts/package.dsv
[0.607s] -- Up-to-date symlink: /home/elian/ws_moveit2/install/rosparam_shortcuts/share/ament_index/resource_index/packages/rosparam_shortcuts
[0.607s] -- Up-to-date symlink: /home/elian/ws_moveit2/install/rosparam_shortcuts/share/rosparam_shortcuts/cmake/ament_cmake_export_targets-extras.cmake
[0.607s] -- Up-to-date symlink: /home/elian/ws_moveit2/install/rosparam_shortcuts/share/rosparam_shortcuts/cmake/ament_cmake_export_dependencies-extras.cmake
[0.607s] -- Up-to-date symlink: /home/elian/ws_moveit2/install/rosparam_shortcuts/share/rosparam_shortcuts/cmake/rosparam_shortcutsConfig.cmake
[0.608s] -- Up-to-date symlink: /home/elian/ws_moveit2/install/rosparam_shortcuts/share/rosparam_shortcuts/cmake/rosparam_shortcutsConfig-version.cmake
[0.608s] -- Up-to-date symlink: /home/elian/ws_moveit2/install/rosparam_shortcuts/share/rosparam_shortcuts/package.xml
[0.609s] -- Up-to-date: /home/elian/ws_moveit2/install/rosparam_shortcuts/lib/librosparam_shortcuts.so
[0.609s] -- Up-to-date: /home/elian/ws_moveit2/install/rosparam_shortcuts/share/rosparam_shortcuts/cmake/export_rosparam_shortcutsExport.cmake
[0.609s] -- Up-to-date: /home/elian/ws_moveit2/install/rosparam_shortcuts/share/rosparam_shortcuts/cmake/export_rosparam_shortcutsExport-debug.cmake
[0.611s] Invoked command in '/home/elian/ws_moveit2/build/rosparam_shortcuts' returned '0': CMAKE_PREFIX_PATH=${CMAKE_PREFIX_PATH}:/home/elian/academy_robotics/ros2_academy_ws/install/depth_to_pointcloud:/home/elian/ws_moveit2/install/moveit_configs_utils:/home/elian/ws_moveit2/install/launch_param_builder:/opt/ros/humble /usr/bin/cmake --install /home/elian/ws_moveit2/build/rosparam_shortcuts
