[0.332s] Invoking command in '/home/elian/ws_moveit2/src/build/moveit_resources_fanuc_description': CMAKE_PREFIX_PATH=${CMAKE_PREFIX_PATH}:/home/elian/ws_moveit2/install/moveit_configs_utils:/home/elian/ws_moveit2/install/launch_param_builder:/opt/ros/humble /usr/bin/cmake /home/elian/ws_moveit2/src/moveit_resources/fanuc_description -DCMAKE_BUILD_TYPE=Debug -DCMAKE_INSTALL_PREFIX=/home/elian/ws_moveit2/src/install/moveit_resources_fanuc_description
[0.434s] -- The C compiler identification is GNU 11.4.0
[0.518s] -- The CXX compiler identification is GNU 11.4.0
[0.531s] -- Detecting C compiler ABI info
[0.656s] -- Detecting C compiler ABI info - done
[0.668s] -- Check for working C compiler: /usr/bin/cc - skipped
[0.668s] -- Detecting C compile features
[0.669s] -- Detecting C compile features - done
[0.676s] -- Detecting CXX compiler ABI info
[0.861s] -- Detecting CXX compiler ABI info - done
[0.873s] -- Check for working CXX compiler: /usr/bin/c++ - skipped
[0.873s] -- Detecting CXX compile features
[0.873s] -- Detecting CXX compile features - done
[0.880s] -- Found ament_cmake: 1.3.12 (/opt/ros/humble/share/ament_cmake/cmake)
[1.098s] -- Found Python3: /usr/bin/python3 (found version "3.10.12") found components: Interpreter 
[1.338s] -- Configuring done
[1.347s] -- Generating done
[1.347s] -- Build files have been written to: /home/elian/ws_moveit2/src/build/moveit_resources_fanuc_description
[1.348s] Invoked command in '/home/elian/ws_moveit2/src/build/moveit_resources_fanuc_description' returned '0': CMAKE_PREFIX_PATH=${CMAKE_PREFIX_PATH}:/home/elian/ws_moveit2/install/moveit_configs_utils:/home/elian/ws_moveit2/install/launch_param_builder:/opt/ros/humble /usr/bin/cmake /home/elian/ws_moveit2/src/moveit_resources/fanuc_description -DCMAKE_BUILD_TYPE=Debug -DCMAKE_INSTALL_PREFIX=/home/elian/ws_moveit2/src/install/moveit_resources_fanuc_description
[1.350s] Invoking command in '/home/elian/ws_moveit2/src/build/moveit_resources_fanuc_description': CMAKE_PREFIX_PATH=${CMAKE_PREFIX_PATH}:/home/elian/ws_moveit2/install/moveit_configs_utils:/home/elian/ws_moveit2/install/launch_param_builder:/opt/ros/humble /usr/bin/cmake --build /home/elian/ws_moveit2/src/build/moveit_resources_fanuc_description -- -j8 -l8
[1.430s] Invoked command in '/home/elian/ws_moveit2/src/build/moveit_resources_fanuc_description' returned '0': CMAKE_PREFIX_PATH=${CMAKE_PREFIX_PATH}:/home/elian/ws_moveit2/install/moveit_configs_utils:/home/elian/ws_moveit2/install/launch_param_builder:/opt/ros/humble /usr/bin/cmake --build /home/elian/ws_moveit2/src/build/moveit_resources_fanuc_description -- -j8 -l8
[1.435s] Invoking command in '/home/elian/ws_moveit2/src/build/moveit_resources_fanuc_description': CMAKE_PREFIX_PATH=${CMAKE_PREFIX_PATH}:/home/elian/ws_moveit2/install/moveit_configs_utils:/home/elian/ws_moveit2/install/launch_param_builder:/opt/ros/humble /usr/bin/cmake --install /home/elian/ws_moveit2/src/build/moveit_resources_fanuc_description
[1.445s] -- Install configuration: "Debug"
[1.445s] -- Installing: /home/elian/ws_moveit2/src/install/moveit_resources_fanuc_description/share/ament_index/resource_index/package_run_dependencies/moveit_resources_fanuc_description
[1.445s] -- Installing: /home/elian/ws_moveit2/src/install/moveit_resources_fanuc_description/share/ament_index/resource_index/parent_prefix_path/moveit_resources_fanuc_description
[1.445s] -- Installing: /home/elian/ws_moveit2/src/install/moveit_resources_fanuc_description/share/moveit_resources_fanuc_description/environment/ament_prefix_path.sh
[1.445s] -- Installing: /home/elian/ws_moveit2/src/install/moveit_resources_fanuc_description/share/moveit_resources_fanuc_description/environment/ament_prefix_path.dsv
[1.445s] -- Installing: /home/elian/ws_moveit2/src/install/moveit_resources_fanuc_description/share/moveit_resources_fanuc_description/environment/path.sh
[1.446s] -- Installing: /home/elian/ws_moveit2/src/install/moveit_resources_fanuc_description/share/moveit_resources_fanuc_description/environment/path.dsv
[1.446s] -- Installing: /home/elian/ws_moveit2/src/install/moveit_resources_fanuc_description/share/moveit_resources_fanuc_description/local_setup.bash
[1.446s] -- Installing: /home/elian/ws_moveit2/src/install/moveit_resources_fanuc_description/share/moveit_resources_fanuc_description/local_setup.sh
[1.446s] -- Installing: /home/elian/ws_moveit2/src/install/moveit_resources_fanuc_description/share/moveit_resources_fanuc_description/local_setup.zsh
[1.446s] -- Installing: /home/elian/ws_moveit2/src/install/moveit_resources_fanuc_description/share/moveit_resources_fanuc_description/local_setup.dsv
[1.446s] -- Installing: /home/elian/ws_moveit2/src/install/moveit_resources_fanuc_description/share/moveit_resources_fanuc_description/package.dsv
[1.447s] -- Installing: /home/elian/ws_moveit2/src/install/moveit_resources_fanuc_description/share/ament_index/resource_index/packages/moveit_resources_fanuc_description
[1.447s] -- Installing: /home/elian/ws_moveit2/src/install/moveit_resources_fanuc_description/share/moveit_resources_fanuc_description/cmake/moveit_resources_fanuc_descriptionConfig.cmake
[1.447s] -- Installing: /home/elian/ws_moveit2/src/install/moveit_resources_fanuc_description/share/moveit_resources_fanuc_description/cmake/moveit_resources_fanuc_descriptionConfig-version.cmake
[1.447s] -- Installing: /home/elian/ws_moveit2/src/install/moveit_resources_fanuc_description/share/moveit_resources_fanuc_description/package.xml
[1.448s] -- Installing: /home/elian/ws_moveit2/src/install/moveit_resources_fanuc_description/share/moveit_resources_fanuc_description/meshes
[1.448s] -- Installing: /home/elian/ws_moveit2/src/install/moveit_resources_fanuc_description/share/moveit_resources_fanuc_description/meshes/visual
[1.448s] -- Installing: /home/elian/ws_moveit2/src/install/moveit_resources_fanuc_description/share/moveit_resources_fanuc_description/meshes/visual/link_5.stl
[1.448s] -- Installing: /home/elian/ws_moveit2/src/install/moveit_resources_fanuc_description/share/moveit_resources_fanuc_description/meshes/visual/link_6.stl
[1.448s] -- Installing: /home/elian/ws_moveit2/src/install/moveit_resources_fanuc_description/share/moveit_resources_fanuc_description/meshes/visual/link_4.stl
[1.449s] -- Installing: /home/elian/ws_moveit2/src/install/moveit_resources_fanuc_description/share/moveit_resources_fanuc_description/meshes/visual/link_3.stl
[1.450s] -- Installing: /home/elian/ws_moveit2/src/install/moveit_resources_fanuc_description/share/moveit_resources_fanuc_description/meshes/visual/base_link.stl
[1.451s] -- Installing: /home/elian/ws_moveit2/src/install/moveit_resources_fanuc_description/share/moveit_resources_fanuc_description/meshes/visual/link_2.stl
[1.452s] -- Installing: /home/elian/ws_moveit2/src/install/moveit_resources_fanuc_description/share/moveit_resources_fanuc_description/meshes/visual/link_1.stl
[1.452s] -- Installing: /home/elian/ws_moveit2/src/install/moveit_resources_fanuc_description/share/moveit_resources_fanuc_description/meshes/collision
[1.453s] -- Installing: /home/elian/ws_moveit2/src/install/moveit_resources_fanuc_description/share/moveit_resources_fanuc_description/meshes/collision/link_5.stl
[1.454s] -- Installing: /home/elian/ws_moveit2/src/install/moveit_resources_fanuc_description/share/moveit_resources_fanuc_description/meshes/collision/link_6.stl
[1.454s] -- Installing: /home/elian/ws_moveit2/src/install/moveit_resources_fanuc_description/share/moveit_resources_fanuc_description/meshes/collision/link_4.stl
[1.455s] -- Installing: /home/elian/ws_moveit2/src/install/moveit_resources_fanuc_description/share/moveit_resources_fanuc_description/meshes/collision/link_3.stl
[1.461s] -- Installing: /home/elian/ws_moveit2/src/install/moveit_resources_fanuc_description/share/moveit_resources_fanuc_description/meshes/collision/base_link.stl
[1.461s] -- Installing: /home/elian/ws_moveit2/src/install/moveit_resources_fanuc_description/share/moveit_resources_fanuc_description/meshes/collision/link_2.stl
[1.467s] -- Installing: /home/elian/ws_moveit2/src/install/moveit_resources_fanuc_description/share/moveit_resources_fanuc_description/meshes/collision/link_1.stl
[1.468s] -- Installing: /home/elian/ws_moveit2/src/install/moveit_resources_fanuc_description/share/moveit_resources_fanuc_description/urdf
[1.468s] -- Installing: /home/elian/ws_moveit2/src/install/moveit_resources_fanuc_description/share/moveit_resources_fanuc_description/urdf/fanuc.urdf
[1.482s] Invoked command in '/home/elian/ws_moveit2/src/build/moveit_resources_fanuc_description' returned '0': CMAKE_PREFIX_PATH=${CMAKE_PREFIX_PATH}:/home/elian/ws_moveit2/install/moveit_configs_utils:/home/elian/ws_moveit2/install/launch_param_builder:/opt/ros/humble /usr/bin/cmake --install /home/elian/ws_moveit2/src/build/moveit_resources_fanuc_description
