-- Found moveit_common: 2.5.9 (/home/elian/ws_moveit2/install/moveit_common/share/moveit_common/cmake)
-- Found ament_cmake: 1.3.12 (/opt/ros/humble/share/ament_cmake/cmake)
-- Override CMake install command with custom implementation using symlinks instead of copying resources
-- Found eigen3_cmake_module: 0.1.1 (/opt/ros/humble/share/eigen3_cmake_module/cmake)
-- Found control_msgs: 4.8.0 (/opt/ros/humble/share/control_msgs/cmake)
-- Found rosidl_generator_c: 3.1.7 (/opt/ros/humble/share/rosidl_generator_c/cmake)
-- Found rosidl_adapter: 3.1.7 (/opt/ros/humble/share/rosidl_adapter/cmake)
-- Found rosidl_generator_cpp: 3.1.7 (/opt/ros/humble/share/rosidl_generator_cpp/cmake)
-- Using all available rosidl_typesupport_c: rosidl_typesupport_fastrtps_c;rosidl_typesupport_introspection_c
-- Using all available rosidl_typesupport_cpp: rosidl_typesupport_fastrtps_cpp;rosidl_typesupport_introspection_cpp
-- Found control_toolbox: 3.6.1 (/opt/ros/humble/share/control_toolbox/cmake)
-- Found rmw_implementation_cmake: 6.1.2 (/opt/ros/humble/share/rmw_implementation_cmake/cmake)
-- Found rmw_fastrtps_cpp: 6.2.8 (/opt/ros/humble/share/rmw_fastrtps_cpp/cmake)
-- Using RMW implementation 'rmw_fastrtps_cpp' as default
-- Found moveit_core: 2.5.9 (/home/elian/ws_moveit2/install/moveit_core/share/moveit_core/cmake)
-- Found Boost: /usr/lib/x86_64-linux-gnu/cmake/Boost-1.74.0/BoostConfig.cmake (found version "1.74.0") found components: chrono date_time filesystem iostreams program_options regex serialization system thread 
-- Found Boost: /usr/lib/x86_64-linux-gnu/cmake/Boost-1.74.0/BoostConfig.cmake (found version "1.74.0") found components: filesystem 
-- library: /usr/lib/x86_64-linux-gnu/libcurl.so
-- Ensuring Eigen3 include directory is part of orocos-kdl CMake target
-- Found moveit_ros_planning: 2.5.9 (/home/elian/ws_moveit2/install/moveit_ros_planning/share/moveit_ros_planning/cmake)
-- Found Boost: /usr/lib/x86_64-linux-gnu/cmake/Boost-1.74.0/BoostConfig.cmake (found version "1.74.0") found components: system filesystem date_time program_options thread chrono 
-- Found std_srvs: 4.9.0 (/opt/ros/humble/share/std_srvs/cmake)
-- Configuring done
-- Generating done
-- Build files have been written to: /home/elian/ws_moveit2/build/moveit_servo
[35m[1mConsolidate compiler generated dependencies of target fake_command_publisher[0m
[35m[1mConsolidate compiler generated dependencies of target servo_controller_input[0m
[35m[1mConsolidate compiler generated dependencies of target moveit_servo_lib_parameters[0m
[  4%] [32mBuilding CXX object CMakeFiles/fake_command_publisher.dir/test/publish_fake_jog_commands.cpp.o[0m
[  9%] [32mBuilding CXX object CMakeFiles/servo_controller_input.dir/src/teleop_demo/joystick_servo_example.cpp.o[0m
[ 14%] [32mBuilding CXX object CMakeFiles/moveit_servo_lib_parameters.dir/src/servo_parameters.cpp.o[0m
[ 19%] [32mBuilding CXX object CMakeFiles/moveit_servo_lib_parameters.dir/src/parameter_descriptor_builder.cpp.o[0m
[ 23%] [32m[1mLinking CXX executable fake_command_publisher[0m
[ 23%] Built target fake_command_publisher
[ 28%] [32m[1mLinking CXX shared library libmoveit_servo_lib_parameters.so[0m
[ 33%] [32m[1mLinking CXX shared library libservo_controller_input.so[0m
[ 33%] Built target moveit_servo_lib_parameters
[35m[1mConsolidate compiler generated dependencies of target moveit_servo_lib[0m
[ 38%] [32mBuilding CXX object CMakeFiles/moveit_servo_lib.dir/src/collision_check.cpp.o[0m
[ 42%] [32mBuilding CXX object CMakeFiles/moveit_servo_lib.dir/src/enforce_limits.cpp.o[0m
[ 47%] [32mBuilding CXX object CMakeFiles/moveit_servo_lib.dir/src/servo.cpp.o[0m
[ 52%] [32mBuilding CXX object CMakeFiles/moveit_servo_lib.dir/src/servo_calcs.cpp.o[0m
[ 57%] [32mBuilding CXX object CMakeFiles/moveit_servo_lib.dir/src/utilities.cpp.o[0m
[ 57%] Built target servo_controller_input
[ 61%] [32m[1mLinking CXX shared library libmoveit_servo_lib.so[0m
[ 61%] Built target moveit_servo_lib
[35m[1mConsolidate compiler generated dependencies of target servo_node[0m
[35m[1mConsolidate compiler generated dependencies of target pose_tracking[0m
[ 66%] [32mBuilding CXX object CMakeFiles/servo_node.dir/src/servo_node.cpp.o[0m
[ 71%] [32mBuilding CXX object CMakeFiles/pose_tracking.dir/src/pose_tracking.cpp.o[0m
[ 76%] [32m[1mLinking CXX shared library libservo_node.so[0m
[ 76%] Built target servo_node
[35m[1mConsolidate compiler generated dependencies of target servo_node_main[0m
[ 80%] [32mBuilding CXX object CMakeFiles/servo_node_main.dir/src/servo_node_main.cpp.o[0m
[ 85%] [32m[1mLinking CXX shared library libpose_tracking.so[0m
[ 85%] Built target pose_tracking
[35m[1mConsolidate compiler generated dependencies of target servo_pose_tracking_demo[0m
[ 90%] [32mBuilding CXX object CMakeFiles/servo_pose_tracking_demo.dir/src/cpp_interface_demo/pose_tracking_demo.cpp.o[0m
[ 95%] [32m[1mLinking CXX executable servo_node_main[0m
[ 95%] Built target servo_node_main
[100%] [32m[1mLinking CXX executable servo_pose_tracking_demo[0m
[100%] Built target servo_pose_tracking_demo
-- Install configuration: "Debug"
-- Execute custom install script
-- Up-to-date symlink: /home/elian/ws_moveit2/install/moveit_servo/lib/moveit_servo/servo_node_main
-- Up-to-date symlink: /home/elian/ws_moveit2/install/moveit_servo/lib/moveit_servo/servo_pose_tracking_demo
-- Up-to-date symlink: /home/elian/ws_moveit2/install/moveit_servo/lib/moveit_servo/fake_command_publisher
-- Up-to-date symlink: /home/elian/ws_moveit2/install/moveit_servo/include/moveit_servo/collision_check.h
-- Up-to-date symlink: /home/elian/ws_moveit2/install/moveit_servo/include/moveit_servo/enforce_limits.hpp
-- Up-to-date symlink: /home/elian/ws_moveit2/install/moveit_servo/include/moveit_servo/make_shared_from_pool.h
-- Up-to-date symlink: /home/elian/ws_moveit2/install/moveit_servo/include/moveit_servo/parameter_descriptor_builder.hpp
-- Up-to-date symlink: /home/elian/ws_moveit2/install/moveit_servo/include/moveit_servo/pose_tracking.h
-- Up-to-date symlink: /home/elian/ws_moveit2/install/moveit_servo/include/moveit_servo/servo.h
-- Up-to-date symlink: /home/elian/ws_moveit2/install/moveit_servo/include/moveit_servo/servo_calcs.h
-- Up-to-date symlink: /home/elian/ws_moveit2/install/moveit_servo/include/moveit_servo/servo_node.h
-- Up-to-date symlink: /home/elian/ws_moveit2/install/moveit_servo/include/moveit_servo/servo_parameters.h
-- Up-to-date symlink: /home/elian/ws_moveit2/install/moveit_servo/include/moveit_servo/servo_server.h
-- Up-to-date symlink: /home/elian/ws_moveit2/install/moveit_servo/include/moveit_servo/status_codes.h
-- Up-to-date symlink: /home/elian/ws_moveit2/install/moveit_servo/include/moveit_servo/utilities.h
-- Up-to-date symlink: /home/elian/ws_moveit2/install/moveit_servo/share/moveit_servo/launch/pose_tracking_example.launch.py
-- Up-to-date symlink: /home/elian/ws_moveit2/install/moveit_servo/share/moveit_servo/launch/servo_example.launch.py
-- Up-to-date symlink: /home/elian/ws_moveit2/install/moveit_servo/share/moveit_servo/config/demo_rviz_config.rviz
-- Up-to-date symlink: /home/elian/ws_moveit2/install/moveit_servo/share/moveit_servo/config/demo_rviz_pose_tracking.rviz
-- Up-to-date symlink: /home/elian/ws_moveit2/install/moveit_servo/share/moveit_servo/config/panda_simulated_config.yaml
-- Up-to-date symlink: /home/elian/ws_moveit2/install/moveit_servo/share/moveit_servo/config/panda_simulated_config_pose_tracking.yaml
-- Up-to-date symlink: /home/elian/ws_moveit2/install/moveit_servo/share/moveit_servo/config/pose_tracking_settings.yaml
-- Up-to-date symlink: /home/elian/ws_moveit2/install/moveit_servo/share/moveit_servo/environment/library_path.sh
-- Up-to-date symlink: /home/elian/ws_moveit2/install/moveit_servo/share/moveit_servo/environment/library_path.dsv
-- Up-to-date symlink: /home/elian/ws_moveit2/install/moveit_servo/share/ament_index/resource_index/package_run_dependencies/moveit_servo
-- Up-to-date symlink: /home/elian/ws_moveit2/install/moveit_servo/share/ament_index/resource_index/parent_prefix_path/moveit_servo
-- Up-to-date symlink: /home/elian/ws_moveit2/install/moveit_servo/share/moveit_servo/environment/ament_prefix_path.sh
-- Up-to-date symlink: /home/elian/ws_moveit2/install/moveit_servo/share/moveit_servo/environment/ament_prefix_path.dsv
-- Up-to-date symlink: /home/elian/ws_moveit2/install/moveit_servo/share/moveit_servo/environment/path.sh
-- Up-to-date symlink: /home/elian/ws_moveit2/install/moveit_servo/share/moveit_servo/environment/path.dsv
-- Up-to-date symlink: /home/elian/ws_moveit2/install/moveit_servo/share/moveit_servo/local_setup.bash
-- Up-to-date symlink: /home/elian/ws_moveit2/install/moveit_servo/share/moveit_servo/local_setup.sh
-- Up-to-date symlink: /home/elian/ws_moveit2/install/moveit_servo/share/moveit_servo/local_setup.zsh
-- Up-to-date symlink: /home/elian/ws_moveit2/install/moveit_servo/share/moveit_servo/local_setup.dsv
-- Symlinking: /home/elian/ws_moveit2/install/moveit_servo/share/moveit_servo/package.dsv
-- Up-to-date symlink: /home/elian/ws_moveit2/install/moveit_servo/share/ament_index/resource_index/packages/moveit_servo
-- Up-to-date symlink: /home/elian/ws_moveit2/install/moveit_servo/share/ament_index/resource_index/rclcpp_components/moveit_servo
-- Up-to-date symlink: /home/elian/ws_moveit2/install/moveit_servo/share/moveit_servo/cmake/ament_cmake_export_targets-extras.cmake
-- Up-to-date symlink: /home/elian/ws_moveit2/install/moveit_servo/share/moveit_servo/cmake/ament_cmake_export_dependencies-extras.cmake
-- Up-to-date symlink: /home/elian/ws_moveit2/install/moveit_servo/share/moveit_servo/cmake/moveit_servoConfig.cmake
-- Up-to-date symlink: /home/elian/ws_moveit2/install/moveit_servo/share/moveit_servo/cmake/moveit_servoConfig-version.cmake
-- Up-to-date symlink: /home/elian/ws_moveit2/install/moveit_servo/share/moveit_servo/package.xml
-- Installing: /home/elian/ws_moveit2/install/moveit_servo/lib/libmoveit_servo_lib.so.2.5.9
-- Set runtime path of "/home/elian/ws_moveit2/install/moveit_servo/lib/libmoveit_servo_lib.so.2.5.9" to ""
-- Up-to-date: /home/elian/ws_moveit2/install/moveit_servo/lib/libmoveit_servo_lib.so
-- Installing: /home/elian/ws_moveit2/install/moveit_servo/lib/libmoveit_servo_lib_parameters.so.2.5.9
-- Set runtime path of "/home/elian/ws_moveit2/install/moveit_servo/lib/libmoveit_servo_lib_parameters.so.2.5.9" to ""
-- Up-to-date: /home/elian/ws_moveit2/install/moveit_servo/lib/libmoveit_servo_lib_parameters.so
-- Installing: /home/elian/ws_moveit2/install/moveit_servo/lib/libpose_tracking.so
-- Set runtime path of "/home/elian/ws_moveit2/install/moveit_servo/lib/libpose_tracking.so" to ""
-- Installing: /home/elian/ws_moveit2/install/moveit_servo/lib/libservo_node.so
-- Set runtime path of "/home/elian/ws_moveit2/install/moveit_servo/lib/libservo_node.so" to ""
-- Installing: /home/elian/ws_moveit2/install/moveit_servo/lib/libservo_controller_input.so
-- Set runtime path of "/home/elian/ws_moveit2/install/moveit_servo/lib/libservo_controller_input.so" to ""
-- Up-to-date: /home/elian/ws_moveit2/install/moveit_servo/share/moveit_servo/cmake/export_moveit_servoExport.cmake
-- Installing: /home/elian/ws_moveit2/install/moveit_servo/share/moveit_servo/cmake/export_moveit_servoExport-debug.cmake
