[35m[1mConsolidate compiler generated dependencies of target hello_moveit[0m
[ 50%] [32mBuilding CXX object CMakeFiles/hello_moveit.dir/src/hello_moveit.cpp.o[0m
[01m[K/home/elian/ws_moveit2/src/hello_moveit/src/hello_moveit.cpp:[m[K In function ‘[01m[Kint main(int, char**)[m[K’:
[01m[K/home/elian/ws_moveit2/src/hello_moveit/src/hello_moveit.cpp:104:15:[m[K [01;35m[Kwarning: [m[Kthe address of ‘[01m[Kbool rclcpp::ok(rclcpp::Context::SharedPtr)[m[K’ will never be NULL [[01;35m[K]8;;https://gcc.gnu.org/onlinedocs/gcc/Warning-Options.html#index-Waddress-Waddress]8;;[m[K]
  104 | while([01;35m[Krclcpp::ok[m[K){
      |       [01;35m[K~~~~~~~~^~[m[K
[100%] [32m[1mLinking CXX executable hello_moveit[0m
[100%] Built target hello_moveit
-- Install configuration: "Release"
-- Execute custom install script
-- Up-to-date symlink: /home/elian/ws_moveit2/install/hello_moveit/lib/hello_moveit/hello_moveit
-- Up-to-date symlink: /home/elian/ws_moveit2/install/hello_moveit/share/ament_index/resource_index/package_run_dependencies/hello_moveit
-- Up-to-date symlink: /home/elian/ws_moveit2/install/hello_moveit/share/ament_index/resource_index/parent_prefix_path/hello_moveit
-- Up-to-date symlink: /home/elian/ws_moveit2/install/hello_moveit/share/hello_moveit/environment/ament_prefix_path.sh
-- Up-to-date symlink: /home/elian/ws_moveit2/install/hello_moveit/share/hello_moveit/environment/ament_prefix_path.dsv
-- Up-to-date symlink: /home/elian/ws_moveit2/install/hello_moveit/share/hello_moveit/environment/path.sh
-- Up-to-date symlink: /home/elian/ws_moveit2/install/hello_moveit/share/hello_moveit/environment/path.dsv
-- Up-to-date symlink: /home/elian/ws_moveit2/install/hello_moveit/share/hello_moveit/local_setup.bash
-- Up-to-date symlink: /home/elian/ws_moveit2/install/hello_moveit/share/hello_moveit/local_setup.sh
-- Up-to-date symlink: /home/elian/ws_moveit2/install/hello_moveit/share/hello_moveit/local_setup.zsh
-- Up-to-date symlink: /home/elian/ws_moveit2/install/hello_moveit/share/hello_moveit/local_setup.dsv
-- Symlinking: /home/elian/ws_moveit2/install/hello_moveit/share/hello_moveit/package.dsv
-- Up-to-date symlink: /home/elian/ws_moveit2/install/hello_moveit/share/ament_index/resource_index/packages/hello_moveit
-- Up-to-date symlink: /home/elian/ws_moveit2/install/hello_moveit/share/hello_moveit/cmake/hello_moveitConfig.cmake
-- Up-to-date symlink: /home/elian/ws_moveit2/install/hello_moveit/share/hello_moveit/cmake/hello_moveitConfig-version.cmake
-- Up-to-date symlink: /home/elian/ws_moveit2/install/hello_moveit/share/hello_moveit/package.xml
