-- Found ament_cmake: 1.3.12 (/opt/ros/humble/share/ament_cmake/cmake)
-- Override CMake install command with custom implementation using symlinks instead of copying resources
-- Found Boost: /usr/lib/x86_64-linux-gnu/cmake/Boost-1.74.0/BoostConfig.cmake (found version "1.74.0")  
-- Found moveit_common: 2.5.9 (/home/elian/ws_moveit2/install/moveit_common/share/moveit_common/cmake)
[0mmoveit_task_constructor_visualization: You did not request a specific build type: Choosing 'Release' for maximum performance[0m
-- Found moveit_core: 2.5.9 (/home/elian/ws_moveit2/install/moveit_core/share/moveit_core/cmake)
-- Found Boost: /usr/lib/x86_64-linux-gnu/cmake/Boost-1.74.0/BoostConfig.cmake (found version "1.74.0") found components: chrono date_time filesystem iostreams program_options regex serialization system thread 
-- Found parameter_traits: 0.5.0 (/opt/ros/humble/share/parameter_traits/cmake)
-- Found rosidl_generator_c: 3.1.7 (/opt/ros/humble/share/rosidl_generator_c/cmake)
-- Found rosidl_adapter: 3.1.7 (/opt/ros/humble/share/rosidl_adapter/cmake)
-- Found rosidl_generator_cpp: 3.1.7 (/opt/ros/humble/share/rosidl_generator_cpp/cmake)
-- Using all available rosidl_typesupport_c: rosidl_typesupport_fastrtps_c;rosidl_typesupport_introspection_c
-- Using all available rosidl_typesupport_cpp: rosidl_typesupport_fastrtps_cpp;rosidl_typesupport_introspection_cpp
-- Found rmw_implementation_cmake: 6.1.2 (/opt/ros/humble/share/rmw_implementation_cmake/cmake)
-- Found rmw_fastrtps_cpp: 6.2.8 (/opt/ros/humble/share/rmw_fastrtps_cpp/cmake)
-- Using RMW implementation 'rmw_fastrtps_cpp' as default
-- Found rclcpp_lifecycle: 16.0.14 (/opt/ros/humble/share/rclcpp_lifecycle/cmake)
-- Found Boost: /usr/lib/x86_64-linux-gnu/cmake/Boost-1.74.0/BoostConfig.cmake (found version "1.74.0") found components: filesystem 
-- library: /usr/lib/x86_64-linux-gnu/libcurl.so
-- Ensuring Eigen3 include directory is part of orocos-kdl CMake target
-- Found moveit_ros_visualization: 2.5.9 (/home/elian/ws_moveit2/install/moveit_ros_visualization/share/moveit_ros_visualization/cmake)
-- Found Boost: /usr/lib/x86_64-linux-gnu/cmake/Boost-1.74.0/BoostConfig.cmake (found version "1.74.0") found components: thread date_time system filesystem 
-- Found Boost: /usr/lib/x86_64-linux-gnu/cmake/Boost-1.74.0/BoostConfig.cmake (found version "1.74.0") found components: system filesystem date_time program_options thread chrono 
-- Found Boost: /usr/lib/x86_64-linux-gnu/cmake/Boost-1.74.0/BoostConfig.cmake (found version "1.74.0") found components: date_time filesystem program_options system thread 
-- Found Boost: /usr/lib/x86_64-linux-gnu/cmake/Boost-1.74.0/BoostConfig.cmake (found version "1.74.0") found components: thread system filesystem regex date_time program_options 
-- Found Boost: /usr/lib/x86_64-linux-gnu/cmake/Boost-1.74.0/BoostConfig.cmake (found version "1.74.0") found components: system filesystem date_time program_options thread 
-- Setting OGRE_DIR to: '/opt/ros/humble/share/rviz_ogre_vendor/cmake/../../../opt/rviz_ogre_vendor/lib/OGRE/cmake'
-- Found OGRE
--   static     : OFF
--   components : HLMS;MeshLodGenerator;Overlay;Paging;Property;RTShaderSystem;Terrain;Volume
--   plugins    : Plugin_BSPSceneManager;Plugin_OctreeSceneManager;Plugin_PCZSceneManager;Plugin_ParticleFX;RenderSystem_GL;RenderSystem_GL3Plus;Codec_STBI
--   media      : /opt/ros/humble/opt/rviz_ogre_vendor/share/OGRE/Media
-- OGRE_LIBRARIES: OgreHLMS;OgreMeshLodGenerator;OgreOverlay;OgrePaging;OgreProperty;OgreRTShaderSystem;OgreTerrain;OgreVolume;OgreMain
-- OGRE_LIBRARY_DIRS: /opt/ros/humble/opt/rviz_ogre_vendor/lib
-- OGRE_PLUGINS: Plugin_BSPSceneManager;Plugin_OctreeSceneManager;Plugin_PCZSceneManager;Plugin_ParticleFX;RenderSystem_GL;RenderSystem_GL3Plus;Codec_STBI
-- OGRE_PLUGIN_DIR: /opt/ros/humble/opt/rviz_ogre_vendor/lib/OGRE
-- rviz_ogre_vendor::OgreOverlay for IMPORTED_LOCATION_RELEASE: /opt/ros/humble/opt/rviz_ogre_vendor/lib/libOgreOverlay.so
-- rviz_ogre_vendor::OgreOverlay for IMPORTED_LOCATION_DEBUG: /opt/ros/humble/opt/rviz_ogre_vendor/lib/libOgreOverlay.so
-- rviz_ogre_vendor::OgreMain for IMPORTED_LOCATION_RELEASE: /opt/ros/humble/opt/rviz_ogre_vendor/lib/libOgreMain.so
-- rviz_ogre_vendor::OgreMain for IMPORTED_LOCATION_DEBUG: /opt/ros/humble/opt/rviz_ogre_vendor/lib/libOgreMain.so
-- Setting assimp_DIR to: '/opt/ros/humble/share/rviz_assimp_vendor/cmake/../../../opt/rviz_assimp_vendor/lib/cmake/assimp-4.1'
-- Found moveit_task_constructor_core: 0.1.3 (/home/elian/ws_moveit2/install/moveit_task_constructor_core/share/moveit_task_constructor_core/cmake)
-- Configuring done
-- Generating done
-- Build files have been written to: /home/elian/ws_moveit2/build/moveit_task_constructor_visualization
[  8%] [34m[1mAutomatic MOC for target motion_planning_tasks_utils[0m
[  8%] [34m[1mAutomatic MOC for target motion_planning_tasks_properties[0m
[  8%] [34m[1mAutomatic MOC for target moveit_task_visualization_tools[0m
[  8%] Built target motion_planning_tasks_properties_autogen
[  8%] Built target motion_planning_tasks_utils_autogen
[35m[1mConsolidate compiler generated dependencies of target motion_planning_tasks_utils[0m
[35m[1mConsolidate compiler generated dependencies of target motion_planning_tasks_properties[0m
[ 22%] Built target motion_planning_tasks_utils
[ 25%] [32m[1mLinking CXX shared library libmotion_planning_tasks_properties.so[0m
[ 25%] Built target moveit_task_visualization_tools_autogen
[35m[1mConsolidate compiler generated dependencies of target moveit_task_visualization_tools[0m
[ 27%] [32mBuilding CXX object visualization_tools/CMakeFiles/moveit_task_visualization_tools.dir/moveit_task_visualization_tools_autogen/mocs_compilation.cpp.o[0m
[ 30%] [32mBuilding CXX object visualization_tools/CMakeFiles/moveit_task_visualization_tools.dir/src/display_solution.cpp.o[0m
[ 33%] [32mBuilding CXX object visualization_tools/CMakeFiles/moveit_task_visualization_tools.dir/src/task_solution_panel.cpp.o[0m
[ 36%] [32mBuilding CXX object visualization_tools/CMakeFiles/moveit_task_visualization_tools.dir/src/marker_visualization.cpp.o[0m
[ 38%] [32mBuilding CXX object visualization_tools/CMakeFiles/moveit_task_visualization_tools.dir/src/task_solution_visualization.cpp.o[0m
[ 47%] Built target motion_planning_tasks_properties
[ 50%] [32m[1mLinking CXX shared library libmoveit_task_visualization_tools.so[0m
[ 50%] Built target moveit_task_visualization_tools
[ 52%] [34m[1mAutomatic MOC for target motion_planning_tasks_rviz_plugin[0m
[ 52%] Built target motion_planning_tasks_rviz_plugin_autogen
[35m[1mConsolidate compiler generated dependencies of target motion_planning_tasks_rviz_plugin[0m
[ 55%] [32m[1mLinking CXX shared library libmotion_planning_tasks_rviz_plugin.so[0m
[100%] Built target motion_planning_tasks_rviz_plugin
-- Install configuration: "Release"
-- Execute custom install script
-- Up-to-date symlink: /home/elian/ws_moveit2/install/moveit_task_constructor_visualization/include/moveit/visualization_tools/display_solution.h
-- Up-to-date symlink: /home/elian/ws_moveit2/install/moveit_task_constructor_visualization/include/moveit/visualization_tools/marker_visualization.h
-- Up-to-date symlink: /home/elian/ws_moveit2/install/moveit_task_constructor_visualization/include/moveit/visualization_tools/task_solution_panel.h
-- Up-to-date symlink: /home/elian/ws_moveit2/install/moveit_task_constructor_visualization/include/moveit/visualization_tools/task_solution_visualization.h
-- Up-to-date symlink: /home/elian/ws_moveit2/install/moveit_task_constructor_visualization/lib/libmotion_planning_tasks_utils.so
-- Up-to-date symlink: /home/elian/ws_moveit2/install/moveit_task_constructor_visualization/share/icons/classes/Motion Planning Tasks.svg
-- Up-to-date symlink: /home/elian/ws_moveit2/install/moveit_task_constructor_visualization/share/moveit_task_constructor_visualization//motion_planning_tasks_rviz_plugin_description.xml
-- Up-to-date symlink: /home/elian/ws_moveit2/install/moveit_task_constructor_visualization/share/moveit_task_constructor_visualization/environment/library_path.sh
-- Up-to-date symlink: /home/elian/ws_moveit2/install/moveit_task_constructor_visualization/share/moveit_task_constructor_visualization/environment/library_path.dsv
-- Up-to-date symlink: /home/elian/ws_moveit2/install/moveit_task_constructor_visualization/share/ament_index/resource_index/package_run_dependencies/moveit_task_constructor_visualization
-- Up-to-date symlink: /home/elian/ws_moveit2/install/moveit_task_constructor_visualization/share/ament_index/resource_index/parent_prefix_path/moveit_task_constructor_visualization
-- Up-to-date symlink: /home/elian/ws_moveit2/install/moveit_task_constructor_visualization/share/moveit_task_constructor_visualization/environment/ament_prefix_path.sh
-- Up-to-date symlink: /home/elian/ws_moveit2/install/moveit_task_constructor_visualization/share/moveit_task_constructor_visualization/environment/ament_prefix_path.dsv
-- Up-to-date symlink: /home/elian/ws_moveit2/install/moveit_task_constructor_visualization/share/moveit_task_constructor_visualization/environment/path.sh
-- Up-to-date symlink: /home/elian/ws_moveit2/install/moveit_task_constructor_visualization/share/moveit_task_constructor_visualization/environment/path.dsv
-- Up-to-date symlink: /home/elian/ws_moveit2/install/moveit_task_constructor_visualization/share/moveit_task_constructor_visualization/local_setup.bash
-- Up-to-date symlink: /home/elian/ws_moveit2/install/moveit_task_constructor_visualization/share/moveit_task_constructor_visualization/local_setup.sh
-- Up-to-date symlink: /home/elian/ws_moveit2/install/moveit_task_constructor_visualization/share/moveit_task_constructor_visualization/local_setup.zsh
-- Up-to-date symlink: /home/elian/ws_moveit2/install/moveit_task_constructor_visualization/share/moveit_task_constructor_visualization/local_setup.dsv
-- Symlinking: /home/elian/ws_moveit2/install/moveit_task_constructor_visualization/share/moveit_task_constructor_visualization/package.dsv
-- Up-to-date symlink: /home/elian/ws_moveit2/install/moveit_task_constructor_visualization/share/ament_index/resource_index/packages/moveit_task_constructor_visualization
-- Up-to-date symlink: /home/elian/ws_moveit2/install/moveit_task_constructor_visualization/share/ament_index/resource_index/rviz_common__pluginlib__plugin/moveit_task_constructor_visualization
-- Up-to-date symlink: /home/elian/ws_moveit2/install/moveit_task_constructor_visualization/share/moveit_task_constructor_visualization/cmake/ament_cmake_export_include_directories-extras.cmake
-- Up-to-date symlink: /home/elian/ws_moveit2/install/moveit_task_constructor_visualization/share/moveit_task_constructor_visualization/cmake/ament_cmake_export_libraries-extras.cmake
-- Up-to-date symlink: /home/elian/ws_moveit2/install/moveit_task_constructor_visualization/share/moveit_task_constructor_visualization/cmake/ament_cmake_export_dependencies-extras.cmake
-- Up-to-date symlink: /home/elian/ws_moveit2/install/moveit_task_constructor_visualization/share/moveit_task_constructor_visualization/cmake/moveit_task_constructor_visualizationConfig.cmake
-- Up-to-date symlink: /home/elian/ws_moveit2/install/moveit_task_constructor_visualization/share/moveit_task_constructor_visualization/cmake/moveit_task_constructor_visualizationConfig-version.cmake
-- Up-to-date symlink: /home/elian/ws_moveit2/install/moveit_task_constructor_visualization/share/moveit_task_constructor_visualization/package.xml
-- Installing: /home/elian/ws_moveit2/install/moveit_task_constructor_visualization/lib/libmoveit_task_visualization_tools.so.0.1.3
-- Set runtime path of "/home/elian/ws_moveit2/install/moveit_task_constructor_visualization/lib/libmoveit_task_visualization_tools.so.0.1.3" to ""
-- Up-to-date: /home/elian/ws_moveit2/install/moveit_task_constructor_visualization/lib/libmoveit_task_visualization_tools.so
-- Installing: /home/elian/ws_moveit2/install/moveit_task_constructor_visualization/lib/libmotion_planning_tasks_properties.so
-- Set runtime path of "/home/elian/ws_moveit2/install/moveit_task_constructor_visualization/lib/libmotion_planning_tasks_properties.so" to ""
-- Installing: /home/elian/ws_moveit2/install/moveit_task_constructor_visualization/lib/libmotion_planning_tasks_rviz_plugin.so.0.1.3
-- Set runtime path of "/home/elian/ws_moveit2/install/moveit_task_constructor_visualization/lib/libmotion_planning_tasks_rviz_plugin.so.0.1.3" to ""
-- Up-to-date: /home/elian/ws_moveit2/install/moveit_task_constructor_visualization/lib/libmotion_planning_tasks_rviz_plugin.so
