[0.023s] Invoking command in '/home/elian/ws_moveit2/build/moveit_core': CMAKE_PREFIX_PATH=/home/elian/ws_moveit2/install/moveit_resources_panda_moveit_config:/home/elian/ws_moveit2/install/moveit_resources_pr2_description:/home/elian/ws_moveit2/install/moveit_resources_panda_description:/home/elian/ws_moveit2/install/moveit_msgs:/home/elian/ws_moveit2/install/moveit_common:/home/elian/ws_moveit2/install/moveit_task_constructor_visualization:/home/elian/ws_moveit2/install/moveit_task_constructor_demo:/home/elian/ws_moveit2/install/moveit_task_constructor_capabilities:/home/elian/ws_moveit2/install/moveit2_tutorials:/home/elian/ws_moveit2/install/moveit_task_constructor_core:/home/elian/ws_moveit2/install/rviz_marker_tools:/home/elian/ws_moveit2/install/rosparam_shortcuts:/home/elian/ws_moveit2/install/pilz_industrial_motion_planner_testutils:/home/elian/ws_moveit2/install/moveit_runtime:/home/elian/ws_moveit2/install/moveit:/home/elian/ws_moveit2/install/moveit_planners:/home/elian/ws_moveit2/install/pilz_industrial_motion_planner:/home/elian/ws_moveit2/install/moveit_visual_tools:/home/elian/ws_moveit2/install/moveit_task_constructor_msgs:/home/elian/ws_moveit2/install/moveit_ros_control_interface:/home/elian/ws_moveit2/install/moveit_plugins:/home/elian/ws_moveit2/install/moveit_simple_controller_manager:/home/elian/ws_moveit2/install/moveit_setup_assistant:/home/elian/ws_moveit2/install/moveit_setup_srdf_plugins:/home/elian/ws_moveit2/install/moveit_setup_core_plugins:/home/elian/ws_moveit2/install/moveit_setup_controllers:/home/elian/ws_moveit2/install/moveit_setup_app_plugins:/home/elian/ws_moveit2/install/moveit_setup_framework:/home/elian/ws_moveit2/install/moveit_servo:/home/elian/ws_moveit2/install/moveit_ros:/home/elian/ws_moveit2/install/moveit_ros_visualization:/home/elian/ws_moveit2/install/moveit_hybrid_planning:/home/elian/ws_moveit2/install/moveit_ros_planning_interface:/home/elian/ws_moveit2/install/moveit_ros_benchmarks:/home/elian/ws_moveit2/install/moveit_ros_warehouse:/home/elian/ws_moveit2/install/moveit_ros_robot_interaction:/home/elian/ws_moveit2/install/moveit_ros_perception:/home/elian/ws_moveit2/install/moveit_resources_prbt_pg70_support:/home/elian/ws_moveit2/install/moveit_resources_prbt_moveit_config:/home/elian/ws_moveit2/install/moveit_ros_move_group:/home/elian/ws_moveit2/install/moveit_planners_ompl:/home/elian/ws_moveit2/install/moveit_ros_planning:/home/elian/ws_moveit2/install/moveit_ros_occupancy_map_monitor:/home/elian/ws_moveit2/install/moveit_resources_prbt_support:/home/elian/ws_moveit2/install/moveit_resources_prbt_ikfast_manipulator_plugin:/home/elian/ws_moveit2/install/moveit_resources:/home/elian/ws_moveit2/install/moveit_resources_fanuc_moveit_config:/home/elian/ws_moveit2/install/moveit_resources_fanuc_description:/home/elian/ws_moveit2/install/moveit_planners_chomp:/home/elian/ws_moveit2/install/moveit_kinematics:/home/elian/ws_moveit2/install/moveit_chomp_optimizer_adapter:/home/elian/ws_moveit2/install/chomp_motion_planner:/home/elian/ws_moveit2/install/moveit_core:/home/elian/ws_moveit2/install/moveit_configs_utils:/home/elian/ws_moveit2/install/launch_param_builder:/opt/ros/humble LD_LIBRARY_PATH=/home/elian/ws_moveit2/install/moveit_msgs/lib:/home/elian/ws_moveit2/install/moveit_task_constructor_visualization/lib:/home/elian/ws_moveit2/install/moveit_task_constructor_demo/lib:/home/elian/ws_moveit2/install/moveit_task_constructor_capabilities/lib:/home/elian/ws_moveit2/install/moveit_task_constructor_core/lib:/home/elian/ws_moveit2/install/rviz_marker_tools/lib:/home/elian/ws_moveit2/install/rosparam_shortcuts/lib:/home/elian/ws_moveit2/install/pilz_industrial_motion_planner_testutils/lib:/home/elian/ws_moveit2/install/pilz_industrial_motion_planner/lib:/home/elian/ws_moveit2/install/moveit_visual_tools/lib:/home/elian/ws_moveit2/install/moveit_task_constructor_msgs/lib:/home/elian/ws_moveit2/install/moveit_ros_control_interface/lib:/home/elian/ws_moveit2/install/moveit_simple_controller_manager/lib:/home/elian/ws_moveit2/install/moveit_setup_assistant/lib:/home/elian/ws_moveit2/install/moveit_setup_srdf_plugins/lib:/home/elian/ws_moveit2/install/moveit_setup_core_plugins/lib:/home/elian/ws_moveit2/install/moveit_setup_controllers/lib:/home/elian/ws_moveit2/install/moveit_setup_app_plugins/lib:/home/elian/ws_moveit2/install/moveit_setup_framework/lib:/home/elian/ws_moveit2/install/moveit_servo/lib:/home/elian/ws_moveit2/install/moveit_ros_visualization/lib:/home/elian/ws_moveit2/install/moveit_hybrid_planning/lib:/home/elian/ws_moveit2/install/moveit_ros_planning_interface/lib:/home/elian/ws_moveit2/install/moveit_ros_benchmarks/lib:/home/elian/ws_moveit2/install/moveit_ros_warehouse/lib:/home/elian/ws_moveit2/install/moveit_ros_robot_interaction/lib:/home/elian/ws_moveit2/install/moveit_ros_perception/lib:/home/elian/ws_moveit2/install/moveit_ros_move_group/lib:/home/elian/ws_moveit2/install/moveit_planners_ompl/lib:/home/elian/ws_moveit2/install/moveit_ros_planning/lib:/home/elian/ws_moveit2/install/moveit_ros_occupancy_map_monitor/lib:/home/elian/ws_moveit2/install/moveit_resources_prbt_ikfast_manipulator_plugin/lib:/home/elian/ws_moveit2/install/moveit_planners_chomp/lib:/home/elian/ws_moveit2/install/moveit_kinematics/lib:/home/elian/ws_moveit2/install/moveit_chomp_optimizer_adapter/lib:/home/elian/ws_moveit2/install/chomp_motion_planner/lib:/home/elian/ws_moveit2/install/moveit_core/lib:/usr/lib/x86_64-linux-gnu/gazebo-11/plugins:/opt/ros/humble/opt/rviz_ogre_vendor/lib:/opt/ros/humble/lib/x86_64-linux-gnu:/opt/ros/humble/lib /usr/bin/cmake /home/elian/ws_moveit2/src/moveit2/moveit_core -DCMAKE_BUILD_TYPE=Debug -DCMAKE_INSTALL_PREFIX=/home/elian/ws_moveit2/install/moveit_core
[0.038s] -- Found moveit_common: 2.5.9 (/home/elian/ws_moveit2/install/moveit_common/share/moveit_common/cmake)
[0.038s] -- Found ament_cmake: 1.3.12 (/opt/ros/humble/share/ament_cmake/cmake)
[0.175s] -- Override CMake install command with custom implementation using symlinks instead of copying resources
[0.254s] -- Found angles: 1.15.0 (/opt/ros/humble/share/angles/cmake)
[0.284s] -- Found common_interfaces: 4.9.0 (/opt/ros/humble/share/common_interfaces/cmake)
[0.284s] -- Found eigen_stl_containers: 1.1.0 (/opt/ros/humble/share/eigen_stl_containers/cmake)
[0.286s] -- Found eigen3_cmake_module: 0.1.1 (/opt/ros/humble/share/eigen3_cmake_module/cmake)
[0.289s] -- Found generate_parameter_library: 0.5.0 (/opt/ros/humble/share/generate_parameter_library/cmake)
[0.289s] -- Found parameter_traits: 0.5.0 (/opt/ros/humble/share/parameter_traits/cmake)
[0.312s] -- Found rosidl_generator_c: 3.1.7 (/opt/ros/humble/share/rosidl_generator_c/cmake)
[0.315s] -- Found rosidl_adapter: 3.1.7 (/opt/ros/humble/share/rosidl_adapter/cmake)
[0.321s] -- Found rosidl_generator_cpp: 3.1.7 (/opt/ros/humble/share/rosidl_generator_cpp/cmake)
[0.333s] -- Using all available rosidl_typesupport_c: rosidl_typesupport_fastrtps_c;rosidl_typesupport_introspection_c
[0.348s] -- Using all available rosidl_typesupport_cpp: rosidl_typesupport_fastrtps_cpp;rosidl_typesupport_introspection_cpp
[0.382s] -- Found rmw_implementation_cmake: 6.1.2 (/opt/ros/humble/share/rmw_implementation_cmake/cmake)
[0.386s] -- Found rmw_fastrtps_cpp: 6.2.8 (/opt/ros/humble/share/rmw_fastrtps_cpp/cmake)
[0.516s] -- Using RMW implementation 'rmw_fastrtps_cpp' as default
[0.572s] -- Found rclcpp_lifecycle: 16.0.14 (/opt/ros/humble/share/rclcpp_lifecycle/cmake)
[0.589s] -- Found geometric_shapes: 2.3.2 (/opt/ros/humble/share/geometric_shapes/cmake)
[0.594s] -- Found Boost: /usr/lib/x86_64-linux-gnu/cmake/Boost-1.74.0/BoostConfig.cmake (found version "1.74.0") found components: filesystem 
[0.649s] -- library: /usr/lib/x86_64-linux-gnu/libcurl.so
[0.706s] -- Found kdl_parser: 2.6.4 (/opt/ros/humble/share/kdl_parser/cmake)
[0.709s] -- Ensuring Eigen3 include directory is part of orocos-kdl CMake target
[0.711s] -- Found moveit_msgs: 2.2.1 (/home/elian/ws_moveit2/install/moveit_msgs/share/moveit_msgs/cmake)
[0.819s] -- Found pluginlib: 5.1.0 (/opt/ros/humble/share/pluginlib/cmake)
[0.839s] -- Found srdfdom: 2.0.7 (/opt/ros/humble/share/srdfdom/cmake)
[0.845s] -- Found tf2_eigen: 0.25.15 (/opt/ros/humble/share/tf2_eigen/cmake)
[0.906s] -- Found tf2_geometry_msgs: 0.25.15 (/opt/ros/humble/share/tf2_geometry_msgs/cmake)
[0.910s] -- Found tf2_kdl: 0.25.15 (/opt/ros/humble/share/tf2_kdl/cmake)
[0.929s] -- Found Boost: /usr/lib/x86_64-linux-gnu/cmake/Boost-1.74.0/BoostConfig.cmake (found version "1.74.0") found components: chrono date_time filesystem iostreams program_options regex serialization system thread 
[0.931s] --  *** Building MoveIt 2.5.9-Alpha ***
[1.276s] -- Configuring done
[1.573s] -- Generating done
[1.676s] -- Build files have been written to: /home/elian/ws_moveit2/build/moveit_core
[1.704s] Invoked command in '/home/elian/ws_moveit2/build/moveit_core' returned '0': CMAKE_PREFIX_PATH=/home/elian/ws_moveit2/install/moveit_resources_panda_moveit_config:/home/elian/ws_moveit2/install/moveit_resources_pr2_description:/home/elian/ws_moveit2/install/moveit_resources_panda_description:/home/elian/ws_moveit2/install/moveit_msgs:/home/elian/ws_moveit2/install/moveit_common:/home/elian/ws_moveit2/install/moveit_task_constructor_visualization:/home/elian/ws_moveit2/install/moveit_task_constructor_demo:/home/elian/ws_moveit2/install/moveit_task_constructor_capabilities:/home/elian/ws_moveit2/install/moveit2_tutorials:/home/elian/ws_moveit2/install/moveit_task_constructor_core:/home/elian/ws_moveit2/install/rviz_marker_tools:/home/elian/ws_moveit2/install/rosparam_shortcuts:/home/elian/ws_moveit2/install/pilz_industrial_motion_planner_testutils:/home/elian/ws_moveit2/install/moveit_runtime:/home/elian/ws_moveit2/install/moveit:/home/elian/ws_moveit2/install/moveit_planners:/home/elian/ws_moveit2/install/pilz_industrial_motion_planner:/home/elian/ws_moveit2/install/moveit_visual_tools:/home/elian/ws_moveit2/install/moveit_task_constructor_msgs:/home/elian/ws_moveit2/install/moveit_ros_control_interface:/home/elian/ws_moveit2/install/moveit_plugins:/home/elian/ws_moveit2/install/moveit_simple_controller_manager:/home/elian/ws_moveit2/install/moveit_setup_assistant:/home/elian/ws_moveit2/install/moveit_setup_srdf_plugins:/home/elian/ws_moveit2/install/moveit_setup_core_plugins:/home/elian/ws_moveit2/install/moveit_setup_controllers:/home/elian/ws_moveit2/install/moveit_setup_app_plugins:/home/elian/ws_moveit2/install/moveit_setup_framework:/home/elian/ws_moveit2/install/moveit_servo:/home/elian/ws_moveit2/install/moveit_ros:/home/elian/ws_moveit2/install/moveit_ros_visualization:/home/elian/ws_moveit2/install/moveit_hybrid_planning:/home/elian/ws_moveit2/install/moveit_ros_planning_interface:/home/elian/ws_moveit2/install/moveit_ros_benchmarks:/home/elian/ws_moveit2/install/moveit_ros_warehouse:/home/elian/ws_moveit2/install/moveit_ros_robot_interaction:/home/elian/ws_moveit2/install/moveit_ros_perception:/home/elian/ws_moveit2/install/moveit_resources_prbt_pg70_support:/home/elian/ws_moveit2/install/moveit_resources_prbt_moveit_config:/home/elian/ws_moveit2/install/moveit_ros_move_group:/home/elian/ws_moveit2/install/moveit_planners_ompl:/home/elian/ws_moveit2/install/moveit_ros_planning:/home/elian/ws_moveit2/install/moveit_ros_occupancy_map_monitor:/home/elian/ws_moveit2/install/moveit_resources_prbt_support:/home/elian/ws_moveit2/install/moveit_resources_prbt_ikfast_manipulator_plugin:/home/elian/ws_moveit2/install/moveit_resources:/home/elian/ws_moveit2/install/moveit_resources_fanuc_moveit_config:/home/elian/ws_moveit2/install/moveit_resources_fanuc_description:/home/elian/ws_moveit2/install/moveit_planners_chomp:/home/elian/ws_moveit2/install/moveit_kinematics:/home/elian/ws_moveit2/install/moveit_chomp_optimizer_adapter:/home/elian/ws_moveit2/install/chomp_motion_planner:/home/elian/ws_moveit2/install/moveit_core:/home/elian/ws_moveit2/install/moveit_configs_utils:/home/elian/ws_moveit2/install/launch_param_builder:/opt/ros/humble LD_LIBRARY_PATH=/home/elian/ws_moveit2/install/moveit_msgs/lib:/home/elian/ws_moveit2/install/moveit_task_constructor_visualization/lib:/home/elian/ws_moveit2/install/moveit_task_constructor_demo/lib:/home/elian/ws_moveit2/install/moveit_task_constructor_capabilities/lib:/home/elian/ws_moveit2/install/moveit_task_constructor_core/lib:/home/elian/ws_moveit2/install/rviz_marker_tools/lib:/home/elian/ws_moveit2/install/rosparam_shortcuts/lib:/home/elian/ws_moveit2/install/pilz_industrial_motion_planner_testutils/lib:/home/elian/ws_moveit2/install/pilz_industrial_motion_planner/lib:/home/elian/ws_moveit2/install/moveit_visual_tools/lib:/home/elian/ws_moveit2/install/moveit_task_constructor_msgs/lib:/home/elian/ws_moveit2/install/moveit_ros_control_interface/lib:/home/elian/ws_moveit2/install/moveit_simple_controller_manager/lib:/home/elian/ws_moveit2/install/moveit_setup_assistant/lib:/home/elian/ws_moveit2/install/moveit_setup_srdf_plugins/lib:/home/elian/ws_moveit2/install/moveit_setup_core_plugins/lib:/home/elian/ws_moveit2/install/moveit_setup_controllers/lib:/home/elian/ws_moveit2/install/moveit_setup_app_plugins/lib:/home/elian/ws_moveit2/install/moveit_setup_framework/lib:/home/elian/ws_moveit2/install/moveit_servo/lib:/home/elian/ws_moveit2/install/moveit_ros_visualization/lib:/home/elian/ws_moveit2/install/moveit_hybrid_planning/lib:/home/elian/ws_moveit2/install/moveit_ros_planning_interface/lib:/home/elian/ws_moveit2/install/moveit_ros_benchmarks/lib:/home/elian/ws_moveit2/install/moveit_ros_warehouse/lib:/home/elian/ws_moveit2/install/moveit_ros_robot_interaction/lib:/home/elian/ws_moveit2/install/moveit_ros_perception/lib:/home/elian/ws_moveit2/install/moveit_ros_move_group/lib:/home/elian/ws_moveit2/install/moveit_planners_ompl/lib:/home/elian/ws_moveit2/install/moveit_ros_planning/lib:/home/elian/ws_moveit2/install/moveit_ros_occupancy_map_monitor/lib:/home/elian/ws_moveit2/install/moveit_resources_prbt_ikfast_manipulator_plugin/lib:/home/elian/ws_moveit2/install/moveit_planners_chomp/lib:/home/elian/ws_moveit2/install/moveit_kinematics/lib:/home/elian/ws_moveit2/install/moveit_chomp_optimizer_adapter/lib:/home/elian/ws_moveit2/install/chomp_motion_planner/lib:/home/elian/ws_moveit2/install/moveit_core/lib:/usr/lib/x86_64-linux-gnu/gazebo-11/plugins:/opt/ros/humble/opt/rviz_ogre_vendor/lib:/opt/ros/humble/lib/x86_64-linux-gnu:/opt/ros/humble/lib /usr/bin/cmake /home/elian/ws_moveit2/src/moveit2/moveit_core -DCMAKE_BUILD_TYPE=Debug -DCMAKE_INSTALL_PREFIX=/home/elian/ws_moveit2/install/moveit_core
[1.705s] Invoking command in '/home/elian/ws_moveit2/build/moveit_core': CMAKE_PREFIX_PATH=/home/elian/ws_moveit2/install/moveit_resources_panda_moveit_config:/home/elian/ws_moveit2/install/moveit_resources_pr2_description:/home/elian/ws_moveit2/install/moveit_resources_panda_description:/home/elian/ws_moveit2/install/moveit_msgs:/home/elian/ws_moveit2/install/moveit_common:/home/elian/ws_moveit2/install/moveit_task_constructor_visualization:/home/elian/ws_moveit2/install/moveit_task_constructor_demo:/home/elian/ws_moveit2/install/moveit_task_constructor_capabilities:/home/elian/ws_moveit2/install/moveit2_tutorials:/home/elian/ws_moveit2/install/moveit_task_constructor_core:/home/elian/ws_moveit2/install/rviz_marker_tools:/home/elian/ws_moveit2/install/rosparam_shortcuts:/home/elian/ws_moveit2/install/pilz_industrial_motion_planner_testutils:/home/elian/ws_moveit2/install/moveit_runtime:/home/elian/ws_moveit2/install/moveit:/home/elian/ws_moveit2/install/moveit_planners:/home/elian/ws_moveit2/install/pilz_industrial_motion_planner:/home/elian/ws_moveit2/install/moveit_visual_tools:/home/elian/ws_moveit2/install/moveit_task_constructor_msgs:/home/elian/ws_moveit2/install/moveit_ros_control_interface:/home/elian/ws_moveit2/install/moveit_plugins:/home/elian/ws_moveit2/install/moveit_simple_controller_manager:/home/elian/ws_moveit2/install/moveit_setup_assistant:/home/elian/ws_moveit2/install/moveit_setup_srdf_plugins:/home/elian/ws_moveit2/install/moveit_setup_core_plugins:/home/elian/ws_moveit2/install/moveit_setup_controllers:/home/elian/ws_moveit2/install/moveit_setup_app_plugins:/home/elian/ws_moveit2/install/moveit_setup_framework:/home/elian/ws_moveit2/install/moveit_servo:/home/elian/ws_moveit2/install/moveit_ros:/home/elian/ws_moveit2/install/moveit_ros_visualization:/home/elian/ws_moveit2/install/moveit_hybrid_planning:/home/elian/ws_moveit2/install/moveit_ros_planning_interface:/home/elian/ws_moveit2/install/moveit_ros_benchmarks:/home/elian/ws_moveit2/install/moveit_ros_warehouse:/home/elian/ws_moveit2/install/moveit_ros_robot_interaction:/home/elian/ws_moveit2/install/moveit_ros_perception:/home/elian/ws_moveit2/install/moveit_resources_prbt_pg70_support:/home/elian/ws_moveit2/install/moveit_resources_prbt_moveit_config:/home/elian/ws_moveit2/install/moveit_ros_move_group:/home/elian/ws_moveit2/install/moveit_planners_ompl:/home/elian/ws_moveit2/install/moveit_ros_planning:/home/elian/ws_moveit2/install/moveit_ros_occupancy_map_monitor:/home/elian/ws_moveit2/install/moveit_resources_prbt_support:/home/elian/ws_moveit2/install/moveit_resources_prbt_ikfast_manipulator_plugin:/home/elian/ws_moveit2/install/moveit_resources:/home/elian/ws_moveit2/install/moveit_resources_fanuc_moveit_config:/home/elian/ws_moveit2/install/moveit_resources_fanuc_description:/home/elian/ws_moveit2/install/moveit_planners_chomp:/home/elian/ws_moveit2/install/moveit_kinematics:/home/elian/ws_moveit2/install/moveit_chomp_optimizer_adapter:/home/elian/ws_moveit2/install/chomp_motion_planner:/home/elian/ws_moveit2/install/moveit_core:/home/elian/ws_moveit2/install/moveit_configs_utils:/home/elian/ws_moveit2/install/launch_param_builder:/opt/ros/humble LD_LIBRARY_PATH=/home/elian/ws_moveit2/install/moveit_msgs/lib:/home/elian/ws_moveit2/install/moveit_task_constructor_visualization/lib:/home/elian/ws_moveit2/install/moveit_task_constructor_demo/lib:/home/elian/ws_moveit2/install/moveit_task_constructor_capabilities/lib:/home/elian/ws_moveit2/install/moveit_task_constructor_core/lib:/home/elian/ws_moveit2/install/rviz_marker_tools/lib:/home/elian/ws_moveit2/install/rosparam_shortcuts/lib:/home/elian/ws_moveit2/install/pilz_industrial_motion_planner_testutils/lib:/home/elian/ws_moveit2/install/pilz_industrial_motion_planner/lib:/home/elian/ws_moveit2/install/moveit_visual_tools/lib:/home/elian/ws_moveit2/install/moveit_task_constructor_msgs/lib:/home/elian/ws_moveit2/install/moveit_ros_control_interface/lib:/home/elian/ws_moveit2/install/moveit_simple_controller_manager/lib:/home/elian/ws_moveit2/install/moveit_setup_assistant/lib:/home/elian/ws_moveit2/install/moveit_setup_srdf_plugins/lib:/home/elian/ws_moveit2/install/moveit_setup_core_plugins/lib:/home/elian/ws_moveit2/install/moveit_setup_controllers/lib:/home/elian/ws_moveit2/install/moveit_setup_app_plugins/lib:/home/elian/ws_moveit2/install/moveit_setup_framework/lib:/home/elian/ws_moveit2/install/moveit_servo/lib:/home/elian/ws_moveit2/install/moveit_ros_visualization/lib:/home/elian/ws_moveit2/install/moveit_hybrid_planning/lib:/home/elian/ws_moveit2/install/moveit_ros_planning_interface/lib:/home/elian/ws_moveit2/install/moveit_ros_benchmarks/lib:/home/elian/ws_moveit2/install/moveit_ros_warehouse/lib:/home/elian/ws_moveit2/install/moveit_ros_robot_interaction/lib:/home/elian/ws_moveit2/install/moveit_ros_perception/lib:/home/elian/ws_moveit2/install/moveit_ros_move_group/lib:/home/elian/ws_moveit2/install/moveit_planners_ompl/lib:/home/elian/ws_moveit2/install/moveit_ros_planning/lib:/home/elian/ws_moveit2/install/moveit_ros_occupancy_map_monitor/lib:/home/elian/ws_moveit2/install/moveit_resources_prbt_ikfast_manipulator_plugin/lib:/home/elian/ws_moveit2/install/moveit_planners_chomp/lib:/home/elian/ws_moveit2/install/moveit_kinematics/lib:/home/elian/ws_moveit2/install/moveit_chomp_optimizer_adapter/lib:/home/elian/ws_moveit2/install/chomp_motion_planner/lib:/home/elian/ws_moveit2/install/moveit_core/lib:/usr/lib/x86_64-linux-gnu/gazebo-11/plugins:/opt/ros/humble/opt/rviz_ogre_vendor/lib:/opt/ros/humble/lib/x86_64-linux-gnu:/opt/ros/humble/lib /usr/bin/cmake --build /home/elian/ws_moveit2/build/moveit_core -- -j8 -l8
[1.779s] [35m[1mConsolidate compiler generated dependencies of target moveit_exceptions[0m
[1.787s] [35m[1mConsolidate compiler generated dependencies of target moveit_kinematics_base[0m
[1.787s] [35m[1mConsolidate compiler generated dependencies of target moveit_transforms[0m
[1.787s] [35m[1mConsolidate compiler generated dependencies of target moveit_utils[0m
[1.794s] [35m[1mConsolidate compiler generated dependencies of target moveit_version[0m
[1.794s] [35m[1mConsolidate compiler generated dependencies of target moveit_smoothing_base[0m
[1.796s] [35m[1mConsolidate compiler generated dependencies of target moveit_distance_field[0m
[1.815s] [  1%] [32mBuilding CXX object exceptions/CMakeFiles/moveit_exceptions.dir/src/exceptions.cpp.o[0m
[1.818s] [  2%] [32mBuilding CXX object utils/CMakeFiles/moveit_utils.dir/src/lexical_casts.cpp.o[0m
[1.826s] [  3%] [32mBuilding CXX object kinematics_base/CMakeFiles/moveit_kinematics_base.dir/src/kinematics_base.cpp.o[0m
[1.832s] [  4%] [32mBuilding CXX object version/CMakeFiles/moveit_version.dir/version.cpp.o[0m
[1.836s] [  6%] Built target moveit_butterworth_parameters
[1.840s] [  7%] [32mBuilding CXX object online_signal_smoothing/CMakeFiles/moveit_smoothing_base.dir/src/smoothing_base_class.cpp.o[0m
[1.856s] [  8%] [32mBuilding CXX object transforms/CMakeFiles/moveit_transforms.dir/src/transforms.cpp.o[0m
[1.880s] [  9%] [32mBuilding CXX object distance_field/CMakeFiles/moveit_distance_field.dir/src/distance_field.cpp.o[0m
[1.887s] [ 10%] [32mBuilding CXX object utils/CMakeFiles/moveit_utils.dir/src/message_checks.cpp.o[0m
[1.909s] [ 11%] [32m[1mLinking CXX executable moveit_version[0m
[2.092s] [ 11%] Built target moveit_version
[2.131s] [ 12%] [32mBuilding CXX object utils/CMakeFiles/moveit_utils.dir/src/rclcpp_utils.cpp.o[0m
[2.702s] [ 13%] [32mBuilding CXX object distance_field/CMakeFiles/moveit_distance_field.dir/src/propagation_distance_field.cpp.o[0m
[2.714s] [ 14%] [32mBuilding CXX object distance_field/CMakeFiles/moveit_distance_field.dir/src/find_internal_points.cpp.o[0m
[3.517s] [ 15%] [32m[1mLinking CXX shared library libmoveit_exceptions.so[0m
[3.943s] [ 15%] Built target moveit_exceptions
[4.362s] [ 16%] [32m[1mLinking CXX shared library libmoveit_utils.so[0m
[7.275s] [ 16%] Built target moveit_utils
[9.929s] [ 17%] [32m[1mLinking CXX shared library libmoveit_smoothing_base.so[0m
[10.389s] [ 17%] Built target moveit_smoothing_base
[14.903s] [ 18%] [32m[1mLinking CXX shared library libmoveit_kinematics_base.so[0m
[15.229s] [ 18%] Built target moveit_kinematics_base
[15.269s] [35m[1mConsolidate compiler generated dependencies of target moveit_robot_model[0m
[15.340s] [ 19%] [32mBuilding CXX object robot_model/CMakeFiles/moveit_robot_model.dir/src/aabb.cpp.o[0m
[15.340s] [ 20%] [32mBuilding CXX object robot_model/CMakeFiles/moveit_robot_model.dir/src/fixed_joint_model.cpp.o[0m
[16.373s] [ 21%] [32mBuilding CXX object robot_model/CMakeFiles/moveit_robot_model.dir/src/joint_model_group.cpp.o[0m
[17.402s] [ 22%] [32mBuilding CXX object robot_model/CMakeFiles/moveit_robot_model.dir/src/joint_model.cpp.o[0m
[19.109s] [ 23%] [32m[1mLinking CXX shared library libmoveit_distance_field.so[0m
[19.595s] [ 23%] Built target moveit_distance_field
[20.521s] [ 24%] [32m[1mLinking CXX shared library libmoveit_transforms.so[0m
[20.807s] [ 24%] Built target moveit_transforms
[22.858s] [ 27%] [32mBuilding CXX object robot_model/CMakeFiles/moveit_robot_model.dir/src/prismatic_joint_model.cpp.o[0m
[22.858s] [ 27%] [32mBuilding CXX object robot_model/CMakeFiles/moveit_robot_model.dir/src/revolute_joint_model.cpp.o[0m
[22.858s] [ 27%] [32mBuilding CXX object robot_model/CMakeFiles/moveit_robot_model.dir/src/robot_model.cpp.o[0m
[24.207s] [ 29%] [32mBuilding CXX object robot_model/CMakeFiles/moveit_robot_model.dir/src/planar_joint_model.cpp.o[0m
[24.207s] [ 29%] [32mBuilding CXX object robot_model/CMakeFiles/moveit_robot_model.dir/src/link_model.cpp.o[0m
[26.622s] [ 30%] [32mBuilding CXX object robot_model/CMakeFiles/moveit_robot_model.dir/src/floating_joint_model.cpp.o[0m
[31.491s] [ 31%] [32m[1mLinking CXX shared library libmoveit_robot_model.so[0m
[32.373s] [ 31%] Built target moveit_robot_model
[32.388s] [35m[1mConsolidate compiler generated dependencies of target moveit_butterworth_filter[0m
[32.388s] [35m[1mConsolidate compiler generated dependencies of target moveit_test_utils[0m
[32.390s] [35m[1mConsolidate compiler generated dependencies of target moveit_robot_state[0m
[32.408s] [ 32%] [32mBuilding CXX object online_signal_smoothing/CMakeFiles/moveit_butterworth_filter.dir/src/butterworth_filter.cpp.o[0m
[32.410s] [ 33%] [32mBuilding CXX object utils/CMakeFiles/moveit_test_utils.dir/src/robot_model_test_utils.cpp.o[0m
[32.422s] [ 34%] [32mBuilding CXX object robot_state/CMakeFiles/moveit_robot_state.dir/src/conversions.cpp.o[0m
[32.423s] [ 35%] [32mBuilding CXX object robot_state/CMakeFiles/moveit_robot_state.dir/src/attached_body.cpp.o[0m
[32.426s] [ 36%] [32mBuilding CXX object robot_state/CMakeFiles/moveit_robot_state.dir/src/robot_state.cpp.o[0m
[39.575s] [ 37%] [32mBuilding CXX object robot_state/CMakeFiles/moveit_robot_state.dir/src/cartesian_interpolator.cpp.o[0m
[39.642s] [ 38%] [32m[1mLinking CXX shared library libmoveit_butterworth_filter.so[0m
[39.804s] [ 39%] [32m[1mLinking CXX shared library libmoveit_test_utils.so[0m
[40.000s] [ 39%] Built target moveit_butterworth_filter
[40.328s] [ 39%] Built target moveit_test_utils
[55.198s] [ 40%] [32m[1mLinking CXX shared library libmoveit_robot_state.so[0m
[56.540s] [ 40%] Built target moveit_robot_state
[56.553s] [35m[1mConsolidate compiler generated dependencies of target moveit_kinematics_metrics[0m
[56.553s] [35m[1mConsolidate compiler generated dependencies of target moveit_robot_trajectory[0m
[56.554s] [35m[1mConsolidate compiler generated dependencies of target moveit_dynamics_solver[0m
[56.561s] [35m[1mConsolidate compiler generated dependencies of target moveit_collision_detection[0m
[56.575s] [ 41%] [32mBuilding CXX object robot_trajectory/CMakeFiles/moveit_robot_trajectory.dir/src/robot_trajectory.cpp.o[0m
[56.578s] [ 42%] [32mBuilding CXX object dynamics_solver/CMakeFiles/moveit_dynamics_solver.dir/src/dynamics_solver.cpp.o[0m
[56.582s] [ 43%] [32mBuilding CXX object kinematics_metrics/CMakeFiles/moveit_kinematics_metrics.dir/src/kinematics_metrics.cpp.o[0m
[56.606s] [ 44%] [32mBuilding CXX object collision_detection/CMakeFiles/moveit_collision_detection.dir/src/allvalid/collision_env_allvalid.cpp.o[0m
[56.607s] [ 45%] [32mBuilding CXX object collision_detection/CMakeFiles/moveit_collision_detection.dir/src/collision_matrix.cpp.o[0m
[56.607s] [ 46%] [32mBuilding CXX object collision_detection/CMakeFiles/moveit_collision_detection.dir/src/collision_octomap_filter.cpp.o[0m
[56.610s] [ 47%] [32mBuilding CXX object collision_detection/CMakeFiles/moveit_collision_detection.dir/src/collision_tools.cpp.o[0m
[56.620s] [ 48%] [32mBuilding CXX object collision_detection/CMakeFiles/moveit_collision_detection.dir/src/collision_common.cpp.o[0m
[64.095s] [ 50%] [32mBuilding CXX object collision_detection/CMakeFiles/moveit_collision_detection.dir/src/world.cpp.o[0m
[65.139s] [ 51%] [32mBuilding CXX object collision_detection/CMakeFiles/moveit_collision_detection.dir/src/world_diff.cpp.o[0m
[65.546s] [ 52%] [32mBuilding CXX object collision_detection/CMakeFiles/moveit_collision_detection.dir/src/collision_env.cpp.o[0m
[66.512s] [ 53%] [32mBuilding CXX object collision_detection/CMakeFiles/moveit_collision_detection.dir/src/collision_plugin_cache.cpp.o[0m
[68.129s] [ 54%] [32m[1mLinking CXX shared library libmoveit_dynamics_solver.so[0m
[69.362s] [ 54%] Built target moveit_dynamics_solver
[72.135s] [ 55%] [32m[1mLinking CXX shared library libmoveit_robot_trajectory.so[0m
[72.818s] [ 55%] Built target moveit_robot_trajectory
[72.838s] [35m[1mConsolidate compiler generated dependencies of target moveit_planning_interface[0m
[72.846s] [35m[1mConsolidate compiler generated dependencies of target moveit_trajectory_processing[0m
[72.870s] [ 56%] [32mBuilding CXX object planning_interface/CMakeFiles/moveit_planning_interface.dir/src/planning_interface.cpp.o[0m
[72.872s] [ 57%] [32mBuilding CXX object planning_interface/CMakeFiles/moveit_planning_interface.dir/src/planning_response.cpp.o[0m
[72.901s] [ 58%] [32mBuilding CXX object trajectory_processing/CMakeFiles/moveit_trajectory_processing.dir/src/iterative_time_parameterization.cpp.o[0m
[72.903s] [ 59%] [32mBuilding CXX object trajectory_processing/CMakeFiles/moveit_trajectory_processing.dir/src/iterative_spline_parameterization.cpp.o[0m
[72.905s] [ 60%] [32mBuilding CXX object trajectory_processing/CMakeFiles/moveit_trajectory_processing.dir/src/ruckig_traj_smoothing.cpp.o[0m
[75.054s] [ 61%] [32mBuilding CXX object trajectory_processing/CMakeFiles/moveit_trajectory_processing.dir/src/trajectory_tools.cpp.o[0m
[76.298s] [ 62%] [32mBuilding CXX object trajectory_processing/CMakeFiles/moveit_trajectory_processing.dir/src/time_optimal_trajectory_generation.cpp.o[0m
[82.420s] [ 63%] [32m[1mLinking CXX shared library libmoveit_collision_detection.so[0m
[83.971s] [ 63%] Built target moveit_collision_detection
[84.009s] [35m[1mConsolidate compiler generated dependencies of target moveit_collision_detection_fcl[0m
[84.071s] [ 64%] [32mBuilding CXX object collision_detection_fcl/CMakeFiles/moveit_collision_detection_fcl.dir/src/collision_common.cpp.o[0m
[85.960s] [35m[1mConsolidate compiler generated dependencies of target moveit_collision_detection_bullet[0m
[86.027s] [ 65%] [32mBuilding CXX object collision_detection_fcl/CMakeFiles/moveit_collision_detection_fcl.dir/src/collision_env_fcl.cpp.o[0m
[86.061s] [ 66%] [32mBuilding CXX object collision_detection_bullet/CMakeFiles/moveit_collision_detection_bullet.dir/src/bullet_integration/bullet_utils.cpp.o[0m
[86.843s] [ 67%] [32mBuilding CXX object collision_detection_bullet/CMakeFiles/moveit_collision_detection_bullet.dir/src/bullet_integration/bullet_discrete_bvh_manager.cpp.o[0m
[87.676s] [ 68%] [32mBuilding CXX object collision_detection_bullet/CMakeFiles/moveit_collision_detection_bullet.dir/src/bullet_integration/bullet_cast_bvh_manager.cpp.o[0m
[88.339s] [ 69%] [32m[1mLinking CXX shared library libmoveit_planning_interface.so[0m
[89.395s] [ 70%] [32m[1mLinking CXX shared library libmoveit_kinematics_metrics.so[0m
[89.513s] [ 70%] Built target moveit_planning_interface
[89.538s] [ 71%] [32mBuilding CXX object collision_detection_bullet/CMakeFiles/moveit_collision_detection_bullet.dir/src/collision_env_bullet.cpp.o[0m
[91.612s] [ 71%] Built target moveit_kinematics_metrics
[91.633s] [ 72%] [32mBuilding CXX object collision_detection_bullet/CMakeFiles/moveit_collision_detection_bullet.dir/src/bullet_integration/bullet_bvh_manager.cpp.o[0m
[91.964s] [ 73%] [32m[1mLinking CXX shared library libmoveit_trajectory_processing.so[0m
[93.578s] [ 73%] Built target moveit_trajectory_processing
[93.599s] [ 74%] [32mBuilding CXX object collision_detection_bullet/CMakeFiles/moveit_collision_detection_bullet.dir/src/bullet_integration/contact_checker_common.cpp.o[0m
[96.147s] [ 75%] [32mBuilding CXX object collision_detection_bullet/CMakeFiles/moveit_collision_detection_bullet.dir/src/bullet_integration/ros_bullet_utils.cpp.o[0m
[101.490s] [ 76%] [32m[1mLinking CXX shared library libmoveit_collision_detection_fcl.so[0m
[102.495s] [ 76%] Built target moveit_collision_detection_fcl
[102.510s] [35m[1mConsolidate compiler generated dependencies of target moveit_kinematic_constraints[0m
[102.539s] [ 77%] [32mBuilding CXX object kinematic_constraints/CMakeFiles/moveit_kinematic_constraints.dir/src/kinematic_constraint.cpp.o[0m
[102.539s] [ 78%] [32mBuilding CXX object kinematic_constraints/CMakeFiles/moveit_kinematic_constraints.dir/src/utils.cpp.o[0m
[103.562s] [ 79%] [32m[1mLinking CXX shared library libmoveit_collision_detection_bullet.so[0m
[104.656s] [ 79%] Built target moveit_collision_detection_bullet
[116.349s] [ 80%] [32m[1mLinking CXX shared library libmoveit_kinematic_constraints.so[0m
[117.475s] [ 80%] Built target moveit_kinematic_constraints
[117.489s] [35m[1mConsolidate compiler generated dependencies of target moveit_planning_scene[0m
[117.515s] [ 81%] [32mBuilding CXX object planning_scene/CMakeFiles/moveit_planning_scene.dir/src/planning_scene.cpp.o[0m
[130.571s] [ 82%] [32m[1mLinking CXX shared library libmoveit_planning_scene.so[0m
[131.652s] [ 82%] Built target moveit_planning_scene
[131.666s] [35m[1mConsolidate compiler generated dependencies of target collision_detector_bullet_plugin[0m
[131.666s] [35m[1mConsolidate compiler generated dependencies of target moveit_planning_request_adapter[0m
[131.666s] [35m[1mConsolidate compiler generated dependencies of target collision_detector_fcl_plugin[0m
[131.675s] [35m[1mConsolidate compiler generated dependencies of target moveit_constraint_samplers[0m
[131.677s] [35m[1mConsolidate compiler generated dependencies of target moveit_collision_distance_field[0m
[131.690s] [ 83%] [32mBuilding CXX object collision_detection_bullet/CMakeFiles/collision_detector_bullet_plugin.dir/src/collision_detector_bullet_plugin_loader.cpp.o[0m
[131.694s] [ 84%] [32mBuilding CXX object collision_detection_fcl/CMakeFiles/collision_detector_fcl_plugin.dir/src/collision_detector_fcl_plugin_loader.cpp.o[0m
[131.701s] [ 85%] [32mBuilding CXX object planning_request_adapter/CMakeFiles/moveit_planning_request_adapter.dir/src/planning_request_adapter.cpp.o[0m
[131.728s] [ 87%] [32mBuilding CXX object collision_distance_field/CMakeFiles/moveit_collision_distance_field.dir/src/collision_distance_field_types.cpp.o[0m
[131.728s] [ 88%] [32mBuilding CXX object constraint_samplers/CMakeFiles/moveit_constraint_samplers.dir/src/constraint_sampler_manager.cpp.o[0m
[131.731s] [ 87%] [32mBuilding CXX object constraint_samplers/CMakeFiles/moveit_constraint_samplers.dir/src/constraint_sampler.cpp.o[0m
[131.735s] [ 89%] [32mBuilding CXX object collision_distance_field/CMakeFiles/moveit_collision_distance_field.dir/src/collision_common_distance_field.cpp.o[0m
[131.739s] [ 90%] [32mBuilding CXX object constraint_samplers/CMakeFiles/moveit_constraint_samplers.dir/src/constraint_sampler_tools.cpp.o[0m
[142.204s] [ 91%] [32mBuilding CXX object constraint_samplers/CMakeFiles/moveit_constraint_samplers.dir/src/default_constraint_samplers.cpp.o[0m
[144.980s] [ 92%] [32mBuilding CXX object constraint_samplers/CMakeFiles/moveit_constraint_samplers.dir/src/union_constraint_sampler.cpp.o[0m
[145.100s] [ 93%] [32m[1mLinking CXX shared library libmoveit_planning_request_adapter.so[0m
[145.304s] [ 94%] [32mBuilding CXX object collision_distance_field/CMakeFiles/moveit_collision_distance_field.dir/src/collision_env_distance_field.cpp.o[0m
[145.602s] [ 94%] Built target moveit_planning_request_adapter
[145.628s] [ 95%] [32mBuilding CXX object collision_distance_field/CMakeFiles/moveit_collision_distance_field.dir/src/collision_env_hybrid.cpp.o[0m
[145.815s] [ 96%] [32m[1mLinking CXX shared library libcollision_detector_bullet_plugin.so[0m
[146.883s] [ 96%] Built target collision_detector_bullet_plugin
[148.283s] [ 97%] [32m[1mLinking CXX shared library libcollision_detector_fcl_plugin.so[0m
[149.542s] [ 97%] Built target collision_detector_fcl_plugin
[155.803s] [ 98%] [32m[1mLinking CXX shared library libmoveit_constraint_samplers.so[0m
[156.943s] [ 98%] Built target moveit_constraint_samplers
[159.504s] [100%] [32m[1mLinking CXX shared library libmoveit_collision_distance_field.so[0m
[160.725s] [100%] Built target moveit_collision_distance_field
[160.737s] Invoked command in '/home/elian/ws_moveit2/build/moveit_core' returned '0': CMAKE_PREFIX_PATH=/home/elian/ws_moveit2/install/moveit_resources_panda_moveit_config:/home/elian/ws_moveit2/install/moveit_resources_pr2_description:/home/elian/ws_moveit2/install/moveit_resources_panda_description:/home/elian/ws_moveit2/install/moveit_msgs:/home/elian/ws_moveit2/install/moveit_common:/home/elian/ws_moveit2/install/moveit_task_constructor_visualization:/home/elian/ws_moveit2/install/moveit_task_constructor_demo:/home/elian/ws_moveit2/install/moveit_task_constructor_capabilities:/home/elian/ws_moveit2/install/moveit2_tutorials:/home/elian/ws_moveit2/install/moveit_task_constructor_core:/home/elian/ws_moveit2/install/rviz_marker_tools:/home/elian/ws_moveit2/install/rosparam_shortcuts:/home/elian/ws_moveit2/install/pilz_industrial_motion_planner_testutils:/home/elian/ws_moveit2/install/moveit_runtime:/home/elian/ws_moveit2/install/moveit:/home/elian/ws_moveit2/install/moveit_planners:/home/elian/ws_moveit2/install/pilz_industrial_motion_planner:/home/elian/ws_moveit2/install/moveit_visual_tools:/home/elian/ws_moveit2/install/moveit_task_constructor_msgs:/home/elian/ws_moveit2/install/moveit_ros_control_interface:/home/elian/ws_moveit2/install/moveit_plugins:/home/elian/ws_moveit2/install/moveit_simple_controller_manager:/home/elian/ws_moveit2/install/moveit_setup_assistant:/home/elian/ws_moveit2/install/moveit_setup_srdf_plugins:/home/elian/ws_moveit2/install/moveit_setup_core_plugins:/home/elian/ws_moveit2/install/moveit_setup_controllers:/home/elian/ws_moveit2/install/moveit_setup_app_plugins:/home/elian/ws_moveit2/install/moveit_setup_framework:/home/elian/ws_moveit2/install/moveit_servo:/home/elian/ws_moveit2/install/moveit_ros:/home/elian/ws_moveit2/install/moveit_ros_visualization:/home/elian/ws_moveit2/install/moveit_hybrid_planning:/home/elian/ws_moveit2/install/moveit_ros_planning_interface:/home/elian/ws_moveit2/install/moveit_ros_benchmarks:/home/elian/ws_moveit2/install/moveit_ros_warehouse:/home/elian/ws_moveit2/install/moveit_ros_robot_interaction:/home/elian/ws_moveit2/install/moveit_ros_perception:/home/elian/ws_moveit2/install/moveit_resources_prbt_pg70_support:/home/elian/ws_moveit2/install/moveit_resources_prbt_moveit_config:/home/elian/ws_moveit2/install/moveit_ros_move_group:/home/elian/ws_moveit2/install/moveit_planners_ompl:/home/elian/ws_moveit2/install/moveit_ros_planning:/home/elian/ws_moveit2/install/moveit_ros_occupancy_map_monitor:/home/elian/ws_moveit2/install/moveit_resources_prbt_support:/home/elian/ws_moveit2/install/moveit_resources_prbt_ikfast_manipulator_plugin:/home/elian/ws_moveit2/install/moveit_resources:/home/elian/ws_moveit2/install/moveit_resources_fanuc_moveit_config:/home/elian/ws_moveit2/install/moveit_resources_fanuc_description:/home/elian/ws_moveit2/install/moveit_planners_chomp:/home/elian/ws_moveit2/install/moveit_kinematics:/home/elian/ws_moveit2/install/moveit_chomp_optimizer_adapter:/home/elian/ws_moveit2/install/chomp_motion_planner:/home/elian/ws_moveit2/install/moveit_core:/home/elian/ws_moveit2/install/moveit_configs_utils:/home/elian/ws_moveit2/install/launch_param_builder:/opt/ros/humble LD_LIBRARY_PATH=/home/elian/ws_moveit2/install/moveit_msgs/lib:/home/elian/ws_moveit2/install/moveit_task_constructor_visualization/lib:/home/elian/ws_moveit2/install/moveit_task_constructor_demo/lib:/home/elian/ws_moveit2/install/moveit_task_constructor_capabilities/lib:/home/elian/ws_moveit2/install/moveit_task_constructor_core/lib:/home/elian/ws_moveit2/install/rviz_marker_tools/lib:/home/elian/ws_moveit2/install/rosparam_shortcuts/lib:/home/elian/ws_moveit2/install/pilz_industrial_motion_planner_testutils/lib:/home/elian/ws_moveit2/install/pilz_industrial_motion_planner/lib:/home/elian/ws_moveit2/install/moveit_visual_tools/lib:/home/elian/ws_moveit2/install/moveit_task_constructor_msgs/lib:/home/elian/ws_moveit2/install/moveit_ros_control_interface/lib:/home/elian/ws_moveit2/install/moveit_simple_controller_manager/lib:/home/elian/ws_moveit2/install/moveit_setup_assistant/lib:/home/elian/ws_moveit2/install/moveit_setup_srdf_plugins/lib:/home/elian/ws_moveit2/install/moveit_setup_core_plugins/lib:/home/elian/ws_moveit2/install/moveit_setup_controllers/lib:/home/elian/ws_moveit2/install/moveit_setup_app_plugins/lib:/home/elian/ws_moveit2/install/moveit_setup_framework/lib:/home/elian/ws_moveit2/install/moveit_servo/lib:/home/elian/ws_moveit2/install/moveit_ros_visualization/lib:/home/elian/ws_moveit2/install/moveit_hybrid_planning/lib:/home/elian/ws_moveit2/install/moveit_ros_planning_interface/lib:/home/elian/ws_moveit2/install/moveit_ros_benchmarks/lib:/home/elian/ws_moveit2/install/moveit_ros_warehouse/lib:/home/elian/ws_moveit2/install/moveit_ros_robot_interaction/lib:/home/elian/ws_moveit2/install/moveit_ros_perception/lib:/home/elian/ws_moveit2/install/moveit_ros_move_group/lib:/home/elian/ws_moveit2/install/moveit_planners_ompl/lib:/home/elian/ws_moveit2/install/moveit_ros_planning/lib:/home/elian/ws_moveit2/install/moveit_ros_occupancy_map_monitor/lib:/home/elian/ws_moveit2/install/moveit_resources_prbt_ikfast_manipulator_plugin/lib:/home/elian/ws_moveit2/install/moveit_planners_chomp/lib:/home/elian/ws_moveit2/install/moveit_kinematics/lib:/home/elian/ws_moveit2/install/moveit_chomp_optimizer_adapter/lib:/home/elian/ws_moveit2/install/chomp_motion_planner/lib:/home/elian/ws_moveit2/install/moveit_core/lib:/usr/lib/x86_64-linux-gnu/gazebo-11/plugins:/opt/ros/humble/opt/rviz_ogre_vendor/lib:/opt/ros/humble/lib/x86_64-linux-gnu:/opt/ros/humble/lib /usr/bin/cmake --build /home/elian/ws_moveit2/build/moveit_core -- -j8 -l8
[160.738s] Invoking command in '/home/elian/ws_moveit2/build/moveit_core': CMAKE_PREFIX_PATH=/home/elian/ws_moveit2/install/moveit_resources_panda_moveit_config:/home/elian/ws_moveit2/install/moveit_resources_pr2_description:/home/elian/ws_moveit2/install/moveit_resources_panda_description:/home/elian/ws_moveit2/install/moveit_msgs:/home/elian/ws_moveit2/install/moveit_common:/home/elian/ws_moveit2/install/moveit_task_constructor_visualization:/home/elian/ws_moveit2/install/moveit_task_constructor_demo:/home/elian/ws_moveit2/install/moveit_task_constructor_capabilities:/home/elian/ws_moveit2/install/moveit2_tutorials:/home/elian/ws_moveit2/install/moveit_task_constructor_core:/home/elian/ws_moveit2/install/rviz_marker_tools:/home/elian/ws_moveit2/install/rosparam_shortcuts:/home/elian/ws_moveit2/install/pilz_industrial_motion_planner_testutils:/home/elian/ws_moveit2/install/moveit_runtime:/home/elian/ws_moveit2/install/moveit:/home/elian/ws_moveit2/install/moveit_planners:/home/elian/ws_moveit2/install/pilz_industrial_motion_planner:/home/elian/ws_moveit2/install/moveit_visual_tools:/home/elian/ws_moveit2/install/moveit_task_constructor_msgs:/home/elian/ws_moveit2/install/moveit_ros_control_interface:/home/elian/ws_moveit2/install/moveit_plugins:/home/elian/ws_moveit2/install/moveit_simple_controller_manager:/home/elian/ws_moveit2/install/moveit_setup_assistant:/home/elian/ws_moveit2/install/moveit_setup_srdf_plugins:/home/elian/ws_moveit2/install/moveit_setup_core_plugins:/home/elian/ws_moveit2/install/moveit_setup_controllers:/home/elian/ws_moveit2/install/moveit_setup_app_plugins:/home/elian/ws_moveit2/install/moveit_setup_framework:/home/elian/ws_moveit2/install/moveit_servo:/home/elian/ws_moveit2/install/moveit_ros:/home/elian/ws_moveit2/install/moveit_ros_visualization:/home/elian/ws_moveit2/install/moveit_hybrid_planning:/home/elian/ws_moveit2/install/moveit_ros_planning_interface:/home/elian/ws_moveit2/install/moveit_ros_benchmarks:/home/elian/ws_moveit2/install/moveit_ros_warehouse:/home/elian/ws_moveit2/install/moveit_ros_robot_interaction:/home/elian/ws_moveit2/install/moveit_ros_perception:/home/elian/ws_moveit2/install/moveit_resources_prbt_pg70_support:/home/elian/ws_moveit2/install/moveit_resources_prbt_moveit_config:/home/elian/ws_moveit2/install/moveit_ros_move_group:/home/elian/ws_moveit2/install/moveit_planners_ompl:/home/elian/ws_moveit2/install/moveit_ros_planning:/home/elian/ws_moveit2/install/moveit_ros_occupancy_map_monitor:/home/elian/ws_moveit2/install/moveit_resources_prbt_support:/home/elian/ws_moveit2/install/moveit_resources_prbt_ikfast_manipulator_plugin:/home/elian/ws_moveit2/install/moveit_resources:/home/elian/ws_moveit2/install/moveit_resources_fanuc_moveit_config:/home/elian/ws_moveit2/install/moveit_resources_fanuc_description:/home/elian/ws_moveit2/install/moveit_planners_chomp:/home/elian/ws_moveit2/install/moveit_kinematics:/home/elian/ws_moveit2/install/moveit_chomp_optimizer_adapter:/home/elian/ws_moveit2/install/chomp_motion_planner:/home/elian/ws_moveit2/install/moveit_core:/home/elian/ws_moveit2/install/moveit_configs_utils:/home/elian/ws_moveit2/install/launch_param_builder:/opt/ros/humble LD_LIBRARY_PATH=/home/elian/ws_moveit2/install/moveit_msgs/lib:/home/elian/ws_moveit2/install/moveit_task_constructor_visualization/lib:/home/elian/ws_moveit2/install/moveit_task_constructor_demo/lib:/home/elian/ws_moveit2/install/moveit_task_constructor_capabilities/lib:/home/elian/ws_moveit2/install/moveit_task_constructor_core/lib:/home/elian/ws_moveit2/install/rviz_marker_tools/lib:/home/elian/ws_moveit2/install/rosparam_shortcuts/lib:/home/elian/ws_moveit2/install/pilz_industrial_motion_planner_testutils/lib:/home/elian/ws_moveit2/install/pilz_industrial_motion_planner/lib:/home/elian/ws_moveit2/install/moveit_visual_tools/lib:/home/elian/ws_moveit2/install/moveit_task_constructor_msgs/lib:/home/elian/ws_moveit2/install/moveit_ros_control_interface/lib:/home/elian/ws_moveit2/install/moveit_simple_controller_manager/lib:/home/elian/ws_moveit2/install/moveit_setup_assistant/lib:/home/elian/ws_moveit2/install/moveit_setup_srdf_plugins/lib:/home/elian/ws_moveit2/install/moveit_setup_core_plugins/lib:/home/elian/ws_moveit2/install/moveit_setup_controllers/lib:/home/elian/ws_moveit2/install/moveit_setup_app_plugins/lib:/home/elian/ws_moveit2/install/moveit_setup_framework/lib:/home/elian/ws_moveit2/install/moveit_servo/lib:/home/elian/ws_moveit2/install/moveit_ros_visualization/lib:/home/elian/ws_moveit2/install/moveit_hybrid_planning/lib:/home/elian/ws_moveit2/install/moveit_ros_planning_interface/lib:/home/elian/ws_moveit2/install/moveit_ros_benchmarks/lib:/home/elian/ws_moveit2/install/moveit_ros_warehouse/lib:/home/elian/ws_moveit2/install/moveit_ros_robot_interaction/lib:/home/elian/ws_moveit2/install/moveit_ros_perception/lib:/home/elian/ws_moveit2/install/moveit_ros_move_group/lib:/home/elian/ws_moveit2/install/moveit_planners_ompl/lib:/home/elian/ws_moveit2/install/moveit_ros_planning/lib:/home/elian/ws_moveit2/install/moveit_ros_occupancy_map_monitor/lib:/home/elian/ws_moveit2/install/moveit_resources_prbt_ikfast_manipulator_plugin/lib:/home/elian/ws_moveit2/install/moveit_planners_chomp/lib:/home/elian/ws_moveit2/install/moveit_kinematics/lib:/home/elian/ws_moveit2/install/moveit_chomp_optimizer_adapter/lib:/home/elian/ws_moveit2/install/chomp_motion_planner/lib:/home/elian/ws_moveit2/install/moveit_core/lib:/usr/lib/x86_64-linux-gnu/gazebo-11/plugins:/opt/ros/humble/opt/rviz_ogre_vendor/lib:/opt/ros/humble/lib/x86_64-linux-gnu:/opt/ros/humble/lib /usr/bin/cmake --install /home/elian/ws_moveit2/build/moveit_core
[160.747s] -- Install configuration: "Debug"
[160.747s] -- Execute custom install script
[160.747s] -- Up-to-date symlink: /home/elian/ws_moveit2/install/moveit_core/include/moveit/version.h
[160.748s] -- Up-to-date symlink: /home/elian/ws_moveit2/install/moveit_core/include/moveit/collision_distance_field/collision_common_distance_field.h
[160.748s] -- Up-to-date symlink: /home/elian/ws_moveit2/install/moveit_core/include/moveit/collision_distance_field/collision_detector_allocator_distance_field.h
[160.748s] -- Up-to-date symlink: /home/elian/ws_moveit2/install/moveit_core/include/moveit/collision_distance_field/collision_detector_allocator_hybrid.h
[160.748s] -- Up-to-date symlink: /home/elian/ws_moveit2/install/moveit_core/include/moveit/collision_distance_field/collision_distance_field_types.h
[160.748s] -- Up-to-date symlink: /home/elian/ws_moveit2/install/moveit_core/include/moveit/collision_distance_field/collision_env_distance_field.h
[160.748s] -- Up-to-date symlink: /home/elian/ws_moveit2/install/moveit_core/include/moveit/collision_distance_field/collision_env_hybrid.h
[160.748s] -- Up-to-date symlink: /home/elian/ws_moveit2/install/moveit_core/include/moveit_collision_distance_field_export.h
[160.749s] -- Up-to-date symlink: /home/elian/ws_moveit2/install/moveit_core/include/moveit/constraint_samplers/constraint_sampler.h
[160.749s] -- Up-to-date symlink: /home/elian/ws_moveit2/install/moveit_core/include/moveit/constraint_samplers/constraint_sampler_allocator.h
[160.749s] -- Up-to-date symlink: /home/elian/ws_moveit2/install/moveit_core/include/moveit/constraint_samplers/constraint_sampler_manager.h
[160.749s] -- Up-to-date symlink: /home/elian/ws_moveit2/install/moveit_core/include/moveit/constraint_samplers/constraint_sampler_tools.h
[160.749s] -- Up-to-date symlink: /home/elian/ws_moveit2/install/moveit_core/include/moveit/constraint_samplers/default_constraint_samplers.h
[160.749s] -- Up-to-date symlink: /home/elian/ws_moveit2/install/moveit_core/include/moveit/constraint_samplers/union_constraint_sampler.h
[160.749s] -- Up-to-date symlink: /home/elian/ws_moveit2/install/moveit_core/include/moveit/controller_manager/controller_manager.h
[160.750s] -- Up-to-date symlink: /home/elian/ws_moveit2/install/moveit_core/include/moveit/distance_field/distance_field.h
[160.750s] -- Up-to-date symlink: /home/elian/ws_moveit2/install/moveit_core/include/moveit/distance_field/find_internal_points.h
[160.750s] -- Up-to-date symlink: /home/elian/ws_moveit2/install/moveit_core/include/moveit/distance_field/propagation_distance_field.h
[160.750s] -- Up-to-date symlink: /home/elian/ws_moveit2/install/moveit_core/include/moveit/distance_field/voxel_grid.h
[160.750s] -- Up-to-date symlink: /home/elian/ws_moveit2/install/moveit_core/include/moveit/dynamics_solver/dynamics_solver.h
[160.750s] -- Up-to-date symlink: /home/elian/ws_moveit2/install/moveit_core/include/moveit/exceptions/exceptions.h
[160.751s] -- Up-to-date symlink: /home/elian/ws_moveit2/install/moveit_core/include/moveit/kinematics_base/kinematics_base.h
[160.751s] -- Up-to-date symlink: /home/elian/ws_moveit2/install/moveit_core/include/moveit_kinematics_base_export.h
[160.751s] -- Up-to-date symlink: /home/elian/ws_moveit2/install/moveit_core/include/moveit/kinematic_constraints/kinematic_constraint.h
[160.751s] -- Up-to-date symlink: /home/elian/ws_moveit2/install/moveit_core/include/moveit/kinematic_constraints/utils.h
[160.751s] -- Up-to-date symlink: /home/elian/ws_moveit2/install/moveit_core/include/moveit/kinematics_metrics/kinematics_metrics.h
[160.752s] -- Up-to-date symlink: /home/elian/ws_moveit2/install/moveit_core/include/moveit/macros/class_forward.h
[160.752s] -- Up-to-date symlink: /home/elian/ws_moveit2/install/moveit_core/include/moveit/macros/console_colors.h
[160.752s] -- Up-to-date symlink: /home/elian/ws_moveit2/install/moveit_core/include/moveit/macros/declare_ptr.h
[160.752s] -- Up-to-date symlink: /home/elian/ws_moveit2/install/moveit_core/include/moveit/macros/deprecation.h
[160.752s] -- Up-to-date symlink: /home/elian/ws_moveit2/install/moveit_core/include/moveit_core/moveit_butterworth_parameters.hpp
[160.752s] -- Up-to-date symlink: /home/elian/ws_moveit2/install/moveit_core/include/moveit/online_signal_smoothing/butterworth_filter.h
[160.752s] -- Up-to-date symlink: /home/elian/ws_moveit2/install/moveit_core/include/moveit/online_signal_smoothing/smoothing_base_class.h
[160.752s] -- Up-to-date symlink: /home/elian/ws_moveit2/install/moveit_core/include/moveit_smoothing_base_export.h
[160.753s] -- Up-to-date symlink: /home/elian/ws_moveit2/install/moveit_core/include/moveit_butterworth_filter_export.h
[160.753s] -- Up-to-date symlink: /home/elian/ws_moveit2/install/moveit_core/include/moveit/planning_interface/planning_interface.h
[160.753s] -- Up-to-date symlink: /home/elian/ws_moveit2/install/moveit_core/include/moveit/planning_interface/planning_request.h
[160.753s] -- Up-to-date symlink: /home/elian/ws_moveit2/install/moveit_core/include/moveit/planning_interface/planning_response.h
[160.753s] -- Up-to-date symlink: /home/elian/ws_moveit2/install/moveit_core/include/moveit/planning_request_adapter/planning_request_adapter.h
[160.753s] -- Up-to-date symlink: /home/elian/ws_moveit2/install/moveit_core/include/moveit/planning_scene/planning_scene.h
[160.754s] -- Up-to-date symlink: /home/elian/ws_moveit2/install/moveit_core/include/moveit_planning_scene_export.h
[160.754s] -- Up-to-date symlink: /home/elian/ws_moveit2/install/moveit_core/include/moveit/robot_model/aabb.h
[160.754s] -- Up-to-date symlink: /home/elian/ws_moveit2/install/moveit_core/include/moveit/robot_model/fixed_joint_model.h
[160.754s] -- Up-to-date symlink: /home/elian/ws_moveit2/install/moveit_core/include/moveit/robot_model/floating_joint_model.h
[160.754s] -- Up-to-date symlink: /home/elian/ws_moveit2/install/moveit_core/include/moveit/robot_model/joint_model.h
[160.754s] -- Up-to-date symlink: /home/elian/ws_moveit2/install/moveit_core/include/moveit/robot_model/joint_model_group.h
[160.754s] -- Up-to-date symlink: /home/elian/ws_moveit2/install/moveit_core/include/moveit/robot_model/link_model.h
[160.754s] -- Up-to-date symlink: /home/elian/ws_moveit2/install/moveit_core/include/moveit/robot_model/planar_joint_model.h
[160.755s] -- Up-to-date symlink: /home/elian/ws_moveit2/install/moveit_core/include/moveit/robot_model/prismatic_joint_model.h
[160.755s] -- Up-to-date symlink: /home/elian/ws_moveit2/install/moveit_core/include/moveit/robot_model/revolute_joint_model.h
[160.755s] -- Up-to-date symlink: /home/elian/ws_moveit2/install/moveit_core/include/moveit/robot_model/robot_model.h
[160.755s] -- Up-to-date symlink: /home/elian/ws_moveit2/install/moveit_core/include/moveit/robot_state/attached_body.h
[160.755s] -- Up-to-date symlink: /home/elian/ws_moveit2/install/moveit_core/include/moveit/robot_state/cartesian_interpolator.h
[160.755s] -- Up-to-date symlink: /home/elian/ws_moveit2/install/moveit_core/include/moveit/robot_state/conversions.h
[160.755s] -- Up-to-date symlink: /home/elian/ws_moveit2/install/moveit_core/include/moveit/robot_state/robot_state.h
[160.756s] -- Up-to-date symlink: /home/elian/ws_moveit2/install/moveit_core/include/moveit/robot_trajectory/robot_trajectory.h
[160.756s] -- Up-to-date symlink: /home/elian/ws_moveit2/install/moveit_core/include/moveit/sensor_manager/sensor_manager.h
[160.756s] -- Up-to-date symlink: /home/elian/ws_moveit2/install/moveit_core/include/moveit/trajectory_processing/iterative_spline_parameterization.h
[160.756s] -- Up-to-date symlink: /home/elian/ws_moveit2/install/moveit_core/include/moveit/trajectory_processing/iterative_time_parameterization.h
[160.756s] -- Up-to-date symlink: /home/elian/ws_moveit2/install/moveit_core/include/moveit/trajectory_processing/ruckig_traj_smoothing.h
[160.756s] -- Up-to-date symlink: /home/elian/ws_moveit2/install/moveit_core/include/moveit/trajectory_processing/time_optimal_trajectory_generation.h
[160.756s] -- Up-to-date symlink: /home/elian/ws_moveit2/install/moveit_core/include/moveit/trajectory_processing/time_parameterization.h
[160.757s] -- Up-to-date symlink: /home/elian/ws_moveit2/install/moveit_core/include/moveit/trajectory_processing/trajectory_tools.h
[160.757s] -- Up-to-date symlink: /home/elian/ws_moveit2/install/moveit_core/include/moveit/transforms/transforms.h
[160.757s] -- Up-to-date symlink: /home/elian/ws_moveit2/install/moveit_core/include/moveit/utils/lexical_casts.h
[160.757s] -- Up-to-date symlink: /home/elian/ws_moveit2/install/moveit_core/include/moveit/utils/message_checks.h
[160.757s] -- Up-to-date symlink: /home/elian/ws_moveit2/install/moveit_core/include/moveit/utils/moveit_error_code.h
[160.757s] -- Up-to-date symlink: /home/elian/ws_moveit2/install/moveit_core/include/moveit/utils/rclcpp_utils.h
[160.757s] -- Up-to-date symlink: /home/elian/ws_moveit2/install/moveit_core/include/moveit/utils/robot_model_test_utils.h
[160.758s] -- Up-to-date symlink: /home/elian/ws_moveit2/install/moveit_core/bin/moveit_version
[160.758s] -- Up-to-date symlink: /home/elian/ws_moveit2/install/moveit_core/include/moveit/collision_detection/allvalid/collision_detector_allocator_allvalid.h
[160.758s] -- Up-to-date symlink: /home/elian/ws_moveit2/install/moveit_core/include/moveit/collision_detection/allvalid/collision_env_allvalid.h
[160.758s] -- Up-to-date symlink: /home/elian/ws_moveit2/install/moveit_core/include/moveit/collision_detection/collision_common.h
[160.758s] -- Up-to-date symlink: /home/elian/ws_moveit2/install/moveit_core/include/moveit/collision_detection/collision_detector_allocator.h
[160.758s] -- Up-to-date symlink: /home/elian/ws_moveit2/install/moveit_core/include/moveit/collision_detection/collision_env.h
[160.758s] -- Up-to-date symlink: /home/elian/ws_moveit2/install/moveit_core/include/moveit/collision_detection/collision_matrix.h
[160.758s] -- Up-to-date symlink: /home/elian/ws_moveit2/install/moveit_core/include/moveit/collision_detection/collision_octomap_filter.h
[160.759s] -- Up-to-date symlink: /home/elian/ws_moveit2/install/moveit_core/include/moveit/collision_detection/collision_plugin.h
[160.759s] -- Up-to-date symlink: /home/elian/ws_moveit2/install/moveit_core/include/moveit/collision_detection/collision_plugin_cache.h
[160.759s] -- Up-to-date symlink: /home/elian/ws_moveit2/install/moveit_core/include/moveit/collision_detection/collision_tools.h
[160.759s] -- Up-to-date symlink: /home/elian/ws_moveit2/install/moveit_core/include/moveit/collision_detection/occupancy_map.h
[160.759s] -- Up-to-date symlink: /home/elian/ws_moveit2/install/moveit_core/include/moveit/collision_detection/test_collision_common_panda.h
[160.759s] -- Up-to-date symlink: /home/elian/ws_moveit2/install/moveit_core/include/moveit/collision_detection/test_collision_common_pr2.h
[160.759s] -- Up-to-date symlink: /home/elian/ws_moveit2/install/moveit_core/include/moveit/collision_detection/world.h
[160.759s] -- Up-to-date symlink: /home/elian/ws_moveit2/install/moveit_core/include/moveit/collision_detection/world_diff.h
[160.759s] -- Up-to-date symlink: /home/elian/ws_moveit2/install/moveit_core/include/moveit_collision_detection_export.h
[160.760s] -- Up-to-date symlink: /home/elian/ws_moveit2/install/moveit_core/include/moveit/collision_detection_bullet/bullet_integration/basic_types.h
[160.760s] -- Up-to-date symlink: /home/elian/ws_moveit2/install/moveit_core/include/moveit/collision_detection_bullet/bullet_integration/bullet_bvh_manager.h
[160.760s] -- Up-to-date symlink: /home/elian/ws_moveit2/install/moveit_core/include/moveit/collision_detection_bullet/bullet_integration/bullet_cast_bvh_manager.h
[160.760s] -- Up-to-date symlink: /home/elian/ws_moveit2/install/moveit_core/include/moveit/collision_detection_bullet/bullet_integration/bullet_discrete_bvh_manager.h
[160.760s] -- Up-to-date symlink: /home/elian/ws_moveit2/install/moveit_core/include/moveit/collision_detection_bullet/bullet_integration/bullet_utils.h
[160.760s] -- Up-to-date symlink: /home/elian/ws_moveit2/install/moveit_core/include/moveit/collision_detection_bullet/bullet_integration/contact_checker_common.h
[160.760s] -- Up-to-date symlink: /home/elian/ws_moveit2/install/moveit_core/include/moveit/collision_detection_bullet/bullet_integration/ros_bullet_utils.h
[160.760s] -- Up-to-date symlink: /home/elian/ws_moveit2/install/moveit_core/include/moveit/collision_detection_bullet/collision_detector_allocator_bullet.h
[160.760s] -- Up-to-date symlink: /home/elian/ws_moveit2/install/moveit_core/include/moveit/collision_detection_bullet/collision_detector_bullet_plugin_loader.h
[160.761s] -- Up-to-date symlink: /home/elian/ws_moveit2/install/moveit_core/include/moveit/collision_detection_bullet/collision_env_bullet.h
[160.761s] -- Up-to-date symlink: /home/elian/ws_moveit2/install/moveit_core/include/moveit_collision_detection_bullet_export.h
[160.761s] -- Up-to-date symlink: /home/elian/ws_moveit2/install/moveit_core/include/moveit/collision_detection_fcl/collision_common.h
[160.761s] -- Up-to-date symlink: /home/elian/ws_moveit2/install/moveit_core/include/moveit/collision_detection_fcl/collision_detector_allocator_fcl.h
[160.761s] -- Up-to-date symlink: /home/elian/ws_moveit2/install/moveit_core/include/moveit/collision_detection_fcl/collision_detector_fcl_plugin_loader.h
[160.761s] -- Up-to-date symlink: /home/elian/ws_moveit2/install/moveit_core/include/moveit/collision_detection_fcl/collision_env_fcl.h
[160.761s] -- Up-to-date symlink: /home/elian/ws_moveit2/install/moveit_core/include/moveit/collision_detection_fcl/fcl_compat.h
[160.761s] -- Up-to-date symlink: /home/elian/ws_moveit2/install/moveit_core/include/moveit_collision_detection_fcl_export.h
[160.762s] -- Up-to-date symlink: /home/elian/ws_moveit2/install/moveit_core/share/moveit_core/environment/library_path.sh
[160.762s] -- Up-to-date symlink: /home/elian/ws_moveit2/install/moveit_core/share/moveit_core/environment/library_path.dsv
[160.762s] -- Up-to-date symlink: /home/elian/ws_moveit2/install/moveit_core/share/moveit_core//collision_detector_fcl_description.xml
[160.762s] -- Up-to-date symlink: /home/elian/ws_moveit2/install/moveit_core/share/moveit_core//collision_detector_bullet_description.xml
[160.762s] -- Up-to-date symlink: /home/elian/ws_moveit2/install/moveit_core/share/moveit_core//filter_plugin_butterworth.xml
[160.762s] -- Up-to-date symlink: /home/elian/ws_moveit2/install/moveit_core/share/ament_index/resource_index/package_run_dependencies/moveit_core
[160.762s] -- Up-to-date symlink: /home/elian/ws_moveit2/install/moveit_core/share/ament_index/resource_index/parent_prefix_path/moveit_core
[160.762s] -- Up-to-date symlink: /home/elian/ws_moveit2/install/moveit_core/share/moveit_core/environment/ament_prefix_path.sh
[160.763s] -- Up-to-date symlink: /home/elian/ws_moveit2/install/moveit_core/share/moveit_core/environment/ament_prefix_path.dsv
[160.763s] -- Up-to-date symlink: /home/elian/ws_moveit2/install/moveit_core/share/moveit_core/environment/path.sh
[160.763s] -- Up-to-date symlink: /home/elian/ws_moveit2/install/moveit_core/share/moveit_core/environment/path.dsv
[160.763s] -- Up-to-date symlink: /home/elian/ws_moveit2/install/moveit_core/share/moveit_core/local_setup.bash
[160.763s] -- Up-to-date symlink: /home/elian/ws_moveit2/install/moveit_core/share/moveit_core/local_setup.sh
[160.763s] -- Up-to-date symlink: /home/elian/ws_moveit2/install/moveit_core/share/moveit_core/local_setup.zsh
[160.763s] -- Up-to-date symlink: /home/elian/ws_moveit2/install/moveit_core/share/moveit_core/local_setup.dsv
[160.763s] -- Symlinking: /home/elian/ws_moveit2/install/moveit_core/share/moveit_core/package.dsv
[160.773s] -- Up-to-date symlink: /home/elian/ws_moveit2/install/moveit_core/share/ament_index/resource_index/packages/moveit_core
[160.773s] -- Up-to-date symlink: /home/elian/ws_moveit2/install/moveit_core/share/ament_index/resource_index/moveit_core__pluginlib__plugin/moveit_core
[160.773s] -- Up-to-date symlink: /home/elian/ws_moveit2/install/moveit_core/share/moveit_core/cmake/ConfigExtras.cmake
[160.773s] -- Up-to-date symlink: /home/elian/ws_moveit2/install/moveit_core/share/moveit_core/cmake/ament_cmake_export_targets-extras.cmake
[160.773s] -- Up-to-date symlink: /home/elian/ws_moveit2/install/moveit_core/share/moveit_core/cmake/ament_cmake_export_dependencies-extras.cmake
[160.773s] -- Up-to-date symlink: /home/elian/ws_moveit2/install/moveit_core/share/moveit_core/cmake/moveit_coreConfig.cmake
[160.773s] -- Up-to-date symlink: /home/elian/ws_moveit2/install/moveit_core/share/moveit_core/cmake/moveit_coreConfig-version.cmake
[160.774s] -- Up-to-date symlink: /home/elian/ws_moveit2/install/moveit_core/share/moveit_core/package.xml
[160.775s] -- Installing: /home/elian/ws_moveit2/install/moveit_core/lib/libcollision_detector_bullet_plugin.so.2.5.9
[160.781s] -- Set runtime path of "/home/elian/ws_moveit2/install/moveit_core/lib/libcollision_detector_bullet_plugin.so.2.5.9" to ""
[160.781s] -- Up-to-date: /home/elian/ws_moveit2/install/moveit_core/lib/libcollision_detector_bullet_plugin.so
[160.781s] -- Installing: /home/elian/ws_moveit2/install/moveit_core/lib/libmoveit_butterworth_filter.so.2.5.9
[160.784s] -- Set runtime path of "/home/elian/ws_moveit2/install/moveit_core/lib/libmoveit_butterworth_filter.so.2.5.9" to ""
[160.785s] -- Up-to-date: /home/elian/ws_moveit2/install/moveit_core/lib/libmoveit_butterworth_filter.so
[160.785s] -- Installing: /home/elian/ws_moveit2/install/moveit_core/lib/libmoveit_collision_distance_field.so.2.5.9
[160.800s] -- Set runtime path of "/home/elian/ws_moveit2/install/moveit_core/lib/libmoveit_collision_distance_field.so.2.5.9" to ""
[160.800s] -- Up-to-date: /home/elian/ws_moveit2/install/moveit_core/lib/libmoveit_collision_distance_field.so
[160.800s] -- Installing: /home/elian/ws_moveit2/install/moveit_core/lib/libmoveit_collision_detection.so.2.5.9
[160.815s] -- Set runtime path of "/home/elian/ws_moveit2/install/moveit_core/lib/libmoveit_collision_detection.so.2.5.9" to ""
[160.815s] -- Up-to-date: /home/elian/ws_moveit2/install/moveit_core/lib/libmoveit_collision_detection.so
[160.815s] -- Installing: /home/elian/ws_moveit2/install/moveit_core/lib/libmoveit_collision_detection_fcl.so.2.5.9
[160.827s] -- Set runtime path of "/home/elian/ws_moveit2/install/moveit_core/lib/libmoveit_collision_detection_fcl.so.2.5.9" to ""
[160.827s] -- Up-to-date: /home/elian/ws_moveit2/install/moveit_core/lib/libmoveit_collision_detection_fcl.so
[160.827s] -- Installing: /home/elian/ws_moveit2/install/moveit_core/lib/libmoveit_collision_detection_bullet.so.2.5.9
[160.840s] -- Set runtime path of "/home/elian/ws_moveit2/install/moveit_core/lib/libmoveit_collision_detection_bullet.so.2.5.9" to ""
[160.840s] -- Up-to-date: /home/elian/ws_moveit2/install/moveit_core/lib/libmoveit_collision_detection_bullet.so
[160.840s] -- Installing: /home/elian/ws_moveit2/install/moveit_core/lib/libmoveit_dynamics_solver.so.2.5.9
[160.846s] -- Set runtime path of "/home/elian/ws_moveit2/install/moveit_core/lib/libmoveit_dynamics_solver.so.2.5.9" to ""
[160.846s] -- Up-to-date: /home/elian/ws_moveit2/install/moveit_core/lib/libmoveit_dynamics_solver.so
[160.846s] -- Installing: /home/elian/ws_moveit2/install/moveit_core/lib/libmoveit_constraint_samplers.so.2.5.9
[160.861s] -- Set runtime path of "/home/elian/ws_moveit2/install/moveit_core/lib/libmoveit_constraint_samplers.so.2.5.9" to ""
[160.861s] -- Up-to-date: /home/elian/ws_moveit2/install/moveit_core/lib/libmoveit_constraint_samplers.so
[160.861s] -- Installing: /home/elian/ws_moveit2/install/moveit_core/lib/libmoveit_distance_field.so.2.5.9
[160.865s] -- Set runtime path of "/home/elian/ws_moveit2/install/moveit_core/lib/libmoveit_distance_field.so.2.5.9" to ""
[160.865s] -- Up-to-date: /home/elian/ws_moveit2/install/moveit_core/lib/libmoveit_distance_field.so
[160.865s] -- Installing: /home/elian/ws_moveit2/install/moveit_core/lib/libmoveit_exceptions.so.2.5.9
[160.866s] -- Set runtime path of "/home/elian/ws_moveit2/install/moveit_core/lib/libmoveit_exceptions.so.2.5.9" to ""
[160.866s] -- Up-to-date: /home/elian/ws_moveit2/install/moveit_core/lib/libmoveit_exceptions.so
[160.866s] -- Installing: /home/elian/ws_moveit2/install/moveit_core/lib/libmoveit_kinematics_base.so
[160.869s] -- Set runtime path of "/home/elian/ws_moveit2/install/moveit_core/lib/libmoveit_kinematics_base.so" to ""
[160.869s] -- Installing: /home/elian/ws_moveit2/install/moveit_core/lib/libmoveit_kinematic_constraints.so.2.5.9
[160.886s] -- Set runtime path of "/home/elian/ws_moveit2/install/moveit_core/lib/libmoveit_kinematic_constraints.so.2.5.9" to ""
[160.886s] -- Up-to-date: /home/elian/ws_moveit2/install/moveit_core/lib/libmoveit_kinematic_constraints.so
[160.886s] -- Installing: /home/elian/ws_moveit2/install/moveit_core/lib/libmoveit_kinematics_metrics.so.2.5.9
[160.908s] -- Set runtime path of "/home/elian/ws_moveit2/install/moveit_core/lib/libmoveit_kinematics_metrics.so.2.5.9" to ""
[160.908s] -- Up-to-date: /home/elian/ws_moveit2/install/moveit_core/lib/libmoveit_kinematics_metrics.so
[160.908s] -- Installing: /home/elian/ws_moveit2/install/moveit_core/lib/libmoveit_planning_interface.so.2.5.9
[160.914s] -- Set runtime path of "/home/elian/ws_moveit2/install/moveit_core/lib/libmoveit_planning_interface.so.2.5.9" to ""
[160.914s] -- Up-to-date: /home/elian/ws_moveit2/install/moveit_core/lib/libmoveit_planning_interface.so
[160.914s] -- Installing: /home/elian/ws_moveit2/install/moveit_core/lib/libmoveit_planning_scene.so.2.5.9
[160.927s] -- Set runtime path of "/home/elian/ws_moveit2/install/moveit_core/lib/libmoveit_planning_scene.so.2.5.9" to ""
[160.927s] -- Up-to-date: /home/elian/ws_moveit2/install/moveit_core/lib/libmoveit_planning_scene.so
[160.927s] -- Installing: /home/elian/ws_moveit2/install/moveit_core/lib/libmoveit_planning_request_adapter.so.2.5.9
[160.931s] -- Set runtime path of "/home/elian/ws_moveit2/install/moveit_core/lib/libmoveit_planning_request_adapter.so.2.5.9" to ""
[160.931s] -- Up-to-date: /home/elian/ws_moveit2/install/moveit_core/lib/libmoveit_planning_request_adapter.so
[160.931s] -- Installing: /home/elian/ws_moveit2/install/moveit_core/lib/libmoveit_robot_model.so.2.5.9
[160.949s] -- Set runtime path of "/home/elian/ws_moveit2/install/moveit_core/lib/libmoveit_robot_model.so.2.5.9" to ""
[160.949s] -- Up-to-date: /home/elian/ws_moveit2/install/moveit_core/lib/libmoveit_robot_model.so
[160.950s] -- Installing: /home/elian/ws_moveit2/install/moveit_core/lib/libmoveit_robot_state.so.2.5.9
[160.980s] -- Set runtime path of "/home/elian/ws_moveit2/install/moveit_core/lib/libmoveit_robot_state.so.2.5.9" to ""
[160.980s] -- Up-to-date: /home/elian/ws_moveit2/install/moveit_core/lib/libmoveit_robot_state.so
[160.980s] -- Installing: /home/elian/ws_moveit2/install/moveit_core/lib/libmoveit_robot_trajectory.so.2.5.9
[160.986s] -- Set runtime path of "/home/elian/ws_moveit2/install/moveit_core/lib/libmoveit_robot_trajectory.so.2.5.9" to ""
[160.986s] -- Up-to-date: /home/elian/ws_moveit2/install/moveit_core/lib/libmoveit_robot_trajectory.so
[160.986s] -- Installing: /home/elian/ws_moveit2/install/moveit_core/lib/libmoveit_smoothing_base.so.2.5.9
[160.986s] -- Set runtime path of "/home/elian/ws_moveit2/install/moveit_core/lib/libmoveit_smoothing_base.so.2.5.9" to ""
[160.986s] -- Up-to-date: /home/elian/ws_moveit2/install/moveit_core/lib/libmoveit_smoothing_base.so
[160.991s] -- Installing: /home/elian/ws_moveit2/install/moveit_core/lib/libmoveit_test_utils.so.2.5.9
[160.996s] -- Set runtime path of "/home/elian/ws_moveit2/install/moveit_core/lib/libmoveit_test_utils.so.2.5.9" to ""
[160.997s] -- Up-to-date: /home/elian/ws_moveit2/install/moveit_core/lib/libmoveit_test_utils.so
[160.997s] -- Installing: /home/elian/ws_moveit2/install/moveit_core/lib/libmoveit_trajectory_processing.so.2.5.9
[161.008s] -- Set runtime path of "/home/elian/ws_moveit2/install/moveit_core/lib/libmoveit_trajectory_processing.so.2.5.9" to ""
[161.008s] -- Up-to-date: /home/elian/ws_moveit2/install/moveit_core/lib/libmoveit_trajectory_processing.so
[161.008s] -- Installing: /home/elian/ws_moveit2/install/moveit_core/lib/libmoveit_transforms.so.2.5.9
[161.013s] -- Set runtime path of "/home/elian/ws_moveit2/install/moveit_core/lib/libmoveit_transforms.so.2.5.9" to ""
[161.013s] -- Up-to-date: /home/elian/ws_moveit2/install/moveit_core/lib/libmoveit_transforms.so
[161.013s] -- Installing: /home/elian/ws_moveit2/install/moveit_core/lib/libmoveit_utils.so.2.5.9
[161.014s] -- Set runtime path of "/home/elian/ws_moveit2/install/moveit_core/lib/libmoveit_utils.so.2.5.9" to ""
[161.014s] -- Up-to-date: /home/elian/ws_moveit2/install/moveit_core/lib/libmoveit_utils.so
[161.014s] -- Up-to-date: /home/elian/ws_moveit2/install/moveit_core/share/moveit_core/cmake/export_moveit_coreExport.cmake
[161.014s] -- Installing: /home/elian/ws_moveit2/install/moveit_core/share/moveit_core/cmake/export_moveit_coreExport-debug.cmake
[161.016s] Invoked command in '/home/elian/ws_moveit2/build/moveit_core' returned '0': CMAKE_PREFIX_PATH=/home/elian/ws_moveit2/install/moveit_resources_panda_moveit_config:/home/elian/ws_moveit2/install/moveit_resources_pr2_description:/home/elian/ws_moveit2/install/moveit_resources_panda_description:/home/elian/ws_moveit2/install/moveit_msgs:/home/elian/ws_moveit2/install/moveit_common:/home/elian/ws_moveit2/install/moveit_task_constructor_visualization:/home/elian/ws_moveit2/install/moveit_task_constructor_demo:/home/elian/ws_moveit2/install/moveit_task_constructor_capabilities:/home/elian/ws_moveit2/install/moveit2_tutorials:/home/elian/ws_moveit2/install/moveit_task_constructor_core:/home/elian/ws_moveit2/install/rviz_marker_tools:/home/elian/ws_moveit2/install/rosparam_shortcuts:/home/elian/ws_moveit2/install/pilz_industrial_motion_planner_testutils:/home/elian/ws_moveit2/install/moveit_runtime:/home/elian/ws_moveit2/install/moveit:/home/elian/ws_moveit2/install/moveit_planners:/home/elian/ws_moveit2/install/pilz_industrial_motion_planner:/home/elian/ws_moveit2/install/moveit_visual_tools:/home/elian/ws_moveit2/install/moveit_task_constructor_msgs:/home/elian/ws_moveit2/install/moveit_ros_control_interface:/home/elian/ws_moveit2/install/moveit_plugins:/home/elian/ws_moveit2/install/moveit_simple_controller_manager:/home/elian/ws_moveit2/install/moveit_setup_assistant:/home/elian/ws_moveit2/install/moveit_setup_srdf_plugins:/home/elian/ws_moveit2/install/moveit_setup_core_plugins:/home/elian/ws_moveit2/install/moveit_setup_controllers:/home/elian/ws_moveit2/install/moveit_setup_app_plugins:/home/elian/ws_moveit2/install/moveit_setup_framework:/home/elian/ws_moveit2/install/moveit_servo:/home/elian/ws_moveit2/install/moveit_ros:/home/elian/ws_moveit2/install/moveit_ros_visualization:/home/elian/ws_moveit2/install/moveit_hybrid_planning:/home/elian/ws_moveit2/install/moveit_ros_planning_interface:/home/elian/ws_moveit2/install/moveit_ros_benchmarks:/home/elian/ws_moveit2/install/moveit_ros_warehouse:/home/elian/ws_moveit2/install/moveit_ros_robot_interaction:/home/elian/ws_moveit2/install/moveit_ros_perception:/home/elian/ws_moveit2/install/moveit_resources_prbt_pg70_support:/home/elian/ws_moveit2/install/moveit_resources_prbt_moveit_config:/home/elian/ws_moveit2/install/moveit_ros_move_group:/home/elian/ws_moveit2/install/moveit_planners_ompl:/home/elian/ws_moveit2/install/moveit_ros_planning:/home/elian/ws_moveit2/install/moveit_ros_occupancy_map_monitor:/home/elian/ws_moveit2/install/moveit_resources_prbt_support:/home/elian/ws_moveit2/install/moveit_resources_prbt_ikfast_manipulator_plugin:/home/elian/ws_moveit2/install/moveit_resources:/home/elian/ws_moveit2/install/moveit_resources_fanuc_moveit_config:/home/elian/ws_moveit2/install/moveit_resources_fanuc_description:/home/elian/ws_moveit2/install/moveit_planners_chomp:/home/elian/ws_moveit2/install/moveit_kinematics:/home/elian/ws_moveit2/install/moveit_chomp_optimizer_adapter:/home/elian/ws_moveit2/install/chomp_motion_planner:/home/elian/ws_moveit2/install/moveit_core:/home/elian/ws_moveit2/install/moveit_configs_utils:/home/elian/ws_moveit2/install/launch_param_builder:/opt/ros/humble LD_LIBRARY_PATH=/home/elian/ws_moveit2/install/moveit_msgs/lib:/home/elian/ws_moveit2/install/moveit_task_constructor_visualization/lib:/home/elian/ws_moveit2/install/moveit_task_constructor_demo/lib:/home/elian/ws_moveit2/install/moveit_task_constructor_capabilities/lib:/home/elian/ws_moveit2/install/moveit_task_constructor_core/lib:/home/elian/ws_moveit2/install/rviz_marker_tools/lib:/home/elian/ws_moveit2/install/rosparam_shortcuts/lib:/home/elian/ws_moveit2/install/pilz_industrial_motion_planner_testutils/lib:/home/elian/ws_moveit2/install/pilz_industrial_motion_planner/lib:/home/elian/ws_moveit2/install/moveit_visual_tools/lib:/home/elian/ws_moveit2/install/moveit_task_constructor_msgs/lib:/home/elian/ws_moveit2/install/moveit_ros_control_interface/lib:/home/elian/ws_moveit2/install/moveit_simple_controller_manager/lib:/home/elian/ws_moveit2/install/moveit_setup_assistant/lib:/home/elian/ws_moveit2/install/moveit_setup_srdf_plugins/lib:/home/elian/ws_moveit2/install/moveit_setup_core_plugins/lib:/home/elian/ws_moveit2/install/moveit_setup_controllers/lib:/home/elian/ws_moveit2/install/moveit_setup_app_plugins/lib:/home/elian/ws_moveit2/install/moveit_setup_framework/lib:/home/elian/ws_moveit2/install/moveit_servo/lib:/home/elian/ws_moveit2/install/moveit_ros_visualization/lib:/home/elian/ws_moveit2/install/moveit_hybrid_planning/lib:/home/elian/ws_moveit2/install/moveit_ros_planning_interface/lib:/home/elian/ws_moveit2/install/moveit_ros_benchmarks/lib:/home/elian/ws_moveit2/install/moveit_ros_warehouse/lib:/home/elian/ws_moveit2/install/moveit_ros_robot_interaction/lib:/home/elian/ws_moveit2/install/moveit_ros_perception/lib:/home/elian/ws_moveit2/install/moveit_ros_move_group/lib:/home/elian/ws_moveit2/install/moveit_planners_ompl/lib:/home/elian/ws_moveit2/install/moveit_ros_planning/lib:/home/elian/ws_moveit2/install/moveit_ros_occupancy_map_monitor/lib:/home/elian/ws_moveit2/install/moveit_resources_prbt_ikfast_manipulator_plugin/lib:/home/elian/ws_moveit2/install/moveit_planners_chomp/lib:/home/elian/ws_moveit2/install/moveit_kinematics/lib:/home/elian/ws_moveit2/install/moveit_chomp_optimizer_adapter/lib:/home/elian/ws_moveit2/install/chomp_motion_planner/lib:/home/elian/ws_moveit2/install/moveit_core/lib:/usr/lib/x86_64-linux-gnu/gazebo-11/plugins:/opt/ros/humble/opt/rviz_ogre_vendor/lib:/opt/ros/humble/lib/x86_64-linux-gnu:/opt/ros/humble/lib /usr/bin/cmake --install /home/elian/ws_moveit2/build/moveit_core
