[0.024s] Invoking command in '/home/elian/ws_moveit2/build/moveit_core': CMAKE_PREFIX_PATH=/home/elian/ws_moveit2/install/moveit_resources_panda_moveit_config:/home/elian/ws_moveit2/install/moveit_resources_pr2_description:/home/elian/ws_moveit2/install/moveit_resources_panda_description:/home/elian/ws_moveit2/install/moveit_msgs:/home/elian/ws_moveit2/install/moveit_common:/home/elian/ws_moveit2/install/moveit_task_constructor_visualization:/home/elian/ws_moveit2/install/moveit_task_constructor_demo:/home/elian/ws_moveit2/install/moveit_task_constructor_capabilities:/home/elian/ws_moveit2/install/moveit2_tutorials:/home/elian/ws_moveit2/install/moveit_task_constructor_core:/home/elian/ws_moveit2/install/rviz_marker_tools:/home/elian/ws_moveit2/install/rosparam_shortcuts:/home/elian/ws_moveit2/install/pilz_industrial_motion_planner_testutils:/home/elian/ws_moveit2/install/moveit_runtime:/home/elian/ws_moveit2/install/moveit:/home/elian/ws_moveit2/install/moveit_planners:/home/elian/ws_moveit2/install/pilz_industrial_motion_planner:/home/elian/ws_moveit2/install/hello_moveit:/home/elian/ws_moveit2/install/moveit_visual_tools:/home/elian/ws_moveit2/install/moveit_task_constructor_msgs:/home/elian/ws_moveit2/install/moveit_ros_control_interface:/home/elian/ws_moveit2/install/moveit_plugins:/home/elian/ws_moveit2/install/moveit_simple_controller_manager:/home/elian/ws_moveit2/install/moveit_setup_assistant:/home/elian/ws_moveit2/install/moveit_setup_srdf_plugins:/home/elian/ws_moveit2/install/moveit_setup_core_plugins:/home/elian/ws_moveit2/install/moveit_setup_controllers:/home/elian/ws_moveit2/install/moveit_setup_app_plugins:/home/elian/ws_moveit2/install/moveit_setup_framework:/home/elian/ws_moveit2/install/moveit_servo:/home/elian/ws_moveit2/install/moveit_ros:/home/elian/ws_moveit2/install/moveit_ros_visualization:/home/elian/ws_moveit2/install/moveit_hybrid_planning:/home/elian/ws_moveit2/install/moveit_ros_planning_interface:/home/elian/ws_moveit2/install/moveit_ros_benchmarks:/home/elian/ws_moveit2/install/moveit_ros_warehouse:/home/elian/ws_moveit2/install/moveit_ros_robot_interaction:/home/elian/ws_moveit2/install/moveit_ros_perception:/home/elian/ws_moveit2/install/moveit_resources_prbt_pg70_support:/home/elian/ws_moveit2/install/moveit_resources_prbt_moveit_config:/home/elian/ws_moveit2/install/moveit_ros_move_group:/home/elian/ws_moveit2/install/moveit_planners_ompl:/home/elian/ws_moveit2/install/moveit_ros_planning:/home/elian/ws_moveit2/install/moveit_ros_occupancy_map_monitor:/home/elian/ws_moveit2/install/moveit_resources_prbt_support:/home/elian/ws_moveit2/install/moveit_resources_prbt_ikfast_manipulator_plugin:/home/elian/ws_moveit2/install/moveit_resources:/home/elian/ws_moveit2/install/moveit_resources_fanuc_moveit_config:/home/elian/ws_moveit2/install/moveit_resources_fanuc_description:/home/elian/ws_moveit2/install/moveit_planners_chomp:/home/elian/ws_moveit2/install/moveit_kinematics:/home/elian/ws_moveit2/install/moveit_chomp_optimizer_adapter:/home/elian/ws_moveit2/install/chomp_motion_planner:/home/elian/ws_moveit2/install/moveit_core:/home/elian/academy_robotics/ros2_academy_ws/install/academy_robot_moveit_config:/home/elian/academy_robotics/ros2_academy_ws/install/academy_robot_gazebo_ignition:/home/elian/academy_robotics/ros2_academy_ws/install/academy_robot_gazebo_classic:/home/elian/academy_robotics/ros2_academy_ws/install/academy_robot_description:/home/elian/academy_robotics/ros2_academy_ws/install/ur_description:/home/elian/academy_robotics/ros2_academy_ws/install/academy_robot_interfaces:/home/elian/academy_robotics/ros2_academy_ws/install/robotnik_controllers_msgs:/home/elian/academy_robotics/ros2_academy_ws/install/academy_robot_supervisor_msgs:/home/elian/academy_robotics/ros2_academy_ws/install/academy_robot_sensors:/home/elian/academy_robotics/ros2_academy_ws/install/academy_robot_safety_msgs:/home/elian/academy_robotics/ros2_academy_ws/install/academy_robot_perception_msgs:/home/elian/academy_robotics/ros2_academy_ws/install/academy_robot_navigation_msgs:/home/elian/academy_robotics/ros2_academy_ws/install/academy_robot_io_msgs:/home/elian/academy_robotics/ros2_academy_ws/install/academy_robot_common_msgs:/home/elian/academy_robotics/ros2_academy_ws/install/academy_robot_common:/home/elian/academy_robotics/ros2_academy_ws/install/academy_robot_battery_msgs:/home/elian/ws_moveit2/install/moveit_configs_utils:/home/elian/ws_moveit2/install/launch_param_builder:/home/elian/academy_robotics/ros2_academy_ws/install/depth_to_pointcloud:/opt/ros/humble LD_LIBRARY_PATH=/home/elian/ws_moveit2/install/moveit_msgs/lib:/home/elian/ws_moveit2/install/moveit_task_constructor_visualization/lib:/home/elian/ws_moveit2/install/moveit_task_constructor_demo/lib:/home/elian/ws_moveit2/install/moveit_task_constructor_capabilities/lib:/home/elian/ws_moveit2/install/moveit_task_constructor_core/lib:/home/elian/ws_moveit2/install/rviz_marker_tools/lib:/home/elian/ws_moveit2/install/rosparam_shortcuts/lib:/home/elian/ws_moveit2/install/pilz_industrial_motion_planner_testutils/lib:/home/elian/ws_moveit2/install/pilz_industrial_motion_planner/lib:/home/elian/ws_moveit2/install/moveit_visual_tools/lib:/home/elian/ws_moveit2/install/moveit_task_constructor_msgs/lib:/home/elian/ws_moveit2/install/moveit_ros_control_interface/lib:/home/elian/ws_moveit2/install/moveit_simple_controller_manager/lib:/home/elian/ws_moveit2/install/moveit_setup_assistant/lib:/home/elian/ws_moveit2/install/moveit_setup_srdf_plugins/lib:/home/elian/ws_moveit2/install/moveit_setup_core_plugins/lib:/home/elian/ws_moveit2/install/moveit_setup_controllers/lib:/home/elian/ws_moveit2/install/moveit_setup_app_plugins/lib:/home/elian/ws_moveit2/install/moveit_setup_framework/lib:/home/elian/ws_moveit2/install/moveit_servo/lib:/home/elian/ws_moveit2/install/moveit_ros_visualization/lib:/home/elian/ws_moveit2/install/moveit_hybrid_planning/lib:/home/elian/ws_moveit2/install/moveit_ros_planning_interface/lib:/home/elian/ws_moveit2/install/moveit_ros_benchmarks/lib:/home/elian/ws_moveit2/install/moveit_ros_warehouse/lib:/home/elian/ws_moveit2/install/moveit_ros_robot_interaction/lib:/home/elian/ws_moveit2/install/moveit_ros_perception/lib:/home/elian/ws_moveit2/install/moveit_ros_move_group/lib:/home/elian/ws_moveit2/install/moveit_planners_ompl/lib:/home/elian/ws_moveit2/install/moveit_ros_planning/lib:/home/elian/ws_moveit2/install/moveit_ros_occupancy_map_monitor/lib:/home/elian/ws_moveit2/install/moveit_resources_prbt_ikfast_manipulator_plugin/lib:/home/elian/ws_moveit2/install/moveit_planners_chomp/lib:/home/elian/ws_moveit2/install/moveit_kinematics/lib:/home/elian/ws_moveit2/install/moveit_chomp_optimizer_adapter/lib:/home/elian/ws_moveit2/install/chomp_motion_planner/lib:/home/elian/ws_moveit2/install/moveit_core/lib:/home/elian/academy_robotics/ros2_academy_ws/install/robotnik_controllers_msgs/lib:/home/elian/academy_robotics/ros2_academy_ws/install/academy_robot_supervisor_msgs/lib:/home/elian/academy_robotics/ros2_academy_ws/install/academy_robot_perception_msgs/lib:/home/elian/academy_robotics/ros2_academy_ws/install/academy_robot_navigation_msgs/lib:/home/elian/academy_robotics/ros2_academy_ws/install/academy_robot_io_msgs/lib:/home/elian/academy_robotics/ros2_academy_ws/install/academy_robot_common_msgs/lib:/home/elian/academy_robotics/ros2_academy_ws/install/academy_robot_battery_msgs/lib:/usr/lib/x86_64-linux-gnu/gazebo-11/plugins:/opt/ros/humble/opt/rviz_ogre_vendor/lib:/opt/ros/humble/lib/x86_64-linux-gnu:/opt/ros/humble/lib /usr/bin/cmake /home/elian/ws_moveit2/src/moveit2/moveit_core -DCMAKE_BUILD_TYPE=Release -DCMAKE_INSTALL_PREFIX=/home/elian/ws_moveit2/install/moveit_core
[0.039s] -- Found moveit_common: 2.5.9 (/home/elian/ws_moveit2/install/moveit_common/share/moveit_common/cmake)
[0.039s] -- Found ament_cmake: 1.3.12 (/opt/ros/humble/share/ament_cmake/cmake)
[0.182s] -- Override CMake install command with custom implementation using symlinks instead of copying resources
[0.265s] -- Found angles: 1.15.0 (/opt/ros/humble/share/angles/cmake)
[0.297s] -- Found common_interfaces: 4.9.0 (/opt/ros/humble/share/common_interfaces/cmake)
[0.298s] -- Found eigen_stl_containers: 1.1.0 (/opt/ros/humble/share/eigen_stl_containers/cmake)
[0.302s] -- Found eigen3_cmake_module: 0.1.1 (/opt/ros/humble/share/eigen3_cmake_module/cmake)
[0.307s] -- Found generate_parameter_library: 0.5.0 (/opt/ros/humble/share/generate_parameter_library/cmake)
[0.309s] -- Found parameter_traits: 0.5.0 (/opt/ros/humble/share/parameter_traits/cmake)
[0.336s] -- Found rosidl_generator_c: 3.1.7 (/opt/ros/humble/share/rosidl_generator_c/cmake)
[0.338s] -- Found rosidl_adapter: 3.1.7 (/opt/ros/humble/share/rosidl_adapter/cmake)
[0.344s] -- Found rosidl_generator_cpp: 3.1.7 (/opt/ros/humble/share/rosidl_generator_cpp/cmake)
[0.356s] -- Using all available rosidl_typesupport_c: rosidl_typesupport_fastrtps_c;rosidl_typesupport_introspection_c
[0.371s] -- Using all available rosidl_typesupport_cpp: rosidl_typesupport_fastrtps_cpp;rosidl_typesupport_introspection_cpp
[0.420s] -- Found rmw_implementation_cmake: 6.1.2 (/opt/ros/humble/share/rmw_implementation_cmake/cmake)
[0.426s] -- Found rmw_fastrtps_cpp: 6.2.8 (/opt/ros/humble/share/rmw_fastrtps_cpp/cmake)
[0.575s] -- Using RMW implementation 'rmw_fastrtps_cpp' as default
[0.649s] -- Found rclcpp_lifecycle: 16.0.14 (/opt/ros/humble/share/rclcpp_lifecycle/cmake)
[0.671s] -- Found geometric_shapes: 2.3.2 (/opt/ros/humble/share/geometric_shapes/cmake)
[0.679s] -- Found Boost: /usr/lib/x86_64-linux-gnu/cmake/Boost-1.74.0/BoostConfig.cmake (found version "1.74.0") found components: filesystem 
[0.745s] -- library: /usr/lib/x86_64-linux-gnu/libcurl.so
[0.803s] -- Found kdl_parser: 2.6.4 (/opt/ros/humble/share/kdl_parser/cmake)
[0.808s] -- Ensuring Eigen3 include directory is part of orocos-kdl CMake target
[0.811s] -- Found moveit_msgs: 2.2.1 (/home/elian/ws_moveit2/install/moveit_msgs/share/moveit_msgs/cmake)
[0.921s] -- Found pluginlib: 5.1.0 (/opt/ros/humble/share/pluginlib/cmake)
[0.946s] -- Found srdfdom: 2.0.7 (/opt/ros/humble/share/srdfdom/cmake)
[0.957s] -- Found tf2_eigen: 0.25.15 (/opt/ros/humble/share/tf2_eigen/cmake)
[1.042s] -- Found tf2_geometry_msgs: 0.25.15 (/opt/ros/humble/share/tf2_geometry_msgs/cmake)
[1.046s] -- Found tf2_kdl: 0.25.15 (/opt/ros/humble/share/tf2_kdl/cmake)
[1.076s] -- Found Boost: /usr/lib/x86_64-linux-gnu/cmake/Boost-1.74.0/BoostConfig.cmake (found version "1.74.0") found components: chrono date_time filesystem iostreams program_options regex serialization system thread 
[1.077s] --  *** Building MoveIt 2.5.9-Alpha ***
[1.558s] -- Configuring done
[1.815s] -- Generating done
[1.882s] -- Build files have been written to: /home/elian/ws_moveit2/build/moveit_core
[1.906s] Invoked command in '/home/elian/ws_moveit2/build/moveit_core' returned '0': CMAKE_PREFIX_PATH=/home/elian/ws_moveit2/install/moveit_resources_panda_moveit_config:/home/elian/ws_moveit2/install/moveit_resources_pr2_description:/home/elian/ws_moveit2/install/moveit_resources_panda_description:/home/elian/ws_moveit2/install/moveit_msgs:/home/elian/ws_moveit2/install/moveit_common:/home/elian/ws_moveit2/install/moveit_task_constructor_visualization:/home/elian/ws_moveit2/install/moveit_task_constructor_demo:/home/elian/ws_moveit2/install/moveit_task_constructor_capabilities:/home/elian/ws_moveit2/install/moveit2_tutorials:/home/elian/ws_moveit2/install/moveit_task_constructor_core:/home/elian/ws_moveit2/install/rviz_marker_tools:/home/elian/ws_moveit2/install/rosparam_shortcuts:/home/elian/ws_moveit2/install/pilz_industrial_motion_planner_testutils:/home/elian/ws_moveit2/install/moveit_runtime:/home/elian/ws_moveit2/install/moveit:/home/elian/ws_moveit2/install/moveit_planners:/home/elian/ws_moveit2/install/pilz_industrial_motion_planner:/home/elian/ws_moveit2/install/hello_moveit:/home/elian/ws_moveit2/install/moveit_visual_tools:/home/elian/ws_moveit2/install/moveit_task_constructor_msgs:/home/elian/ws_moveit2/install/moveit_ros_control_interface:/home/elian/ws_moveit2/install/moveit_plugins:/home/elian/ws_moveit2/install/moveit_simple_controller_manager:/home/elian/ws_moveit2/install/moveit_setup_assistant:/home/elian/ws_moveit2/install/moveit_setup_srdf_plugins:/home/elian/ws_moveit2/install/moveit_setup_core_plugins:/home/elian/ws_moveit2/install/moveit_setup_controllers:/home/elian/ws_moveit2/install/moveit_setup_app_plugins:/home/elian/ws_moveit2/install/moveit_setup_framework:/home/elian/ws_moveit2/install/moveit_servo:/home/elian/ws_moveit2/install/moveit_ros:/home/elian/ws_moveit2/install/moveit_ros_visualization:/home/elian/ws_moveit2/install/moveit_hybrid_planning:/home/elian/ws_moveit2/install/moveit_ros_planning_interface:/home/elian/ws_moveit2/install/moveit_ros_benchmarks:/home/elian/ws_moveit2/install/moveit_ros_warehouse:/home/elian/ws_moveit2/install/moveit_ros_robot_interaction:/home/elian/ws_moveit2/install/moveit_ros_perception:/home/elian/ws_moveit2/install/moveit_resources_prbt_pg70_support:/home/elian/ws_moveit2/install/moveit_resources_prbt_moveit_config:/home/elian/ws_moveit2/install/moveit_ros_move_group:/home/elian/ws_moveit2/install/moveit_planners_ompl:/home/elian/ws_moveit2/install/moveit_ros_planning:/home/elian/ws_moveit2/install/moveit_ros_occupancy_map_monitor:/home/elian/ws_moveit2/install/moveit_resources_prbt_support:/home/elian/ws_moveit2/install/moveit_resources_prbt_ikfast_manipulator_plugin:/home/elian/ws_moveit2/install/moveit_resources:/home/elian/ws_moveit2/install/moveit_resources_fanuc_moveit_config:/home/elian/ws_moveit2/install/moveit_resources_fanuc_description:/home/elian/ws_moveit2/install/moveit_planners_chomp:/home/elian/ws_moveit2/install/moveit_kinematics:/home/elian/ws_moveit2/install/moveit_chomp_optimizer_adapter:/home/elian/ws_moveit2/install/chomp_motion_planner:/home/elian/ws_moveit2/install/moveit_core:/home/elian/academy_robotics/ros2_academy_ws/install/academy_robot_moveit_config:/home/elian/academy_robotics/ros2_academy_ws/install/academy_robot_gazebo_ignition:/home/elian/academy_robotics/ros2_academy_ws/install/academy_robot_gazebo_classic:/home/elian/academy_robotics/ros2_academy_ws/install/academy_robot_description:/home/elian/academy_robotics/ros2_academy_ws/install/ur_description:/home/elian/academy_robotics/ros2_academy_ws/install/academy_robot_interfaces:/home/elian/academy_robotics/ros2_academy_ws/install/robotnik_controllers_msgs:/home/elian/academy_robotics/ros2_academy_ws/install/academy_robot_supervisor_msgs:/home/elian/academy_robotics/ros2_academy_ws/install/academy_robot_sensors:/home/elian/academy_robotics/ros2_academy_ws/install/academy_robot_safety_msgs:/home/elian/academy_robotics/ros2_academy_ws/install/academy_robot_perception_msgs:/home/elian/academy_robotics/ros2_academy_ws/install/academy_robot_navigation_msgs:/home/elian/academy_robotics/ros2_academy_ws/install/academy_robot_io_msgs:/home/elian/academy_robotics/ros2_academy_ws/install/academy_robot_common_msgs:/home/elian/academy_robotics/ros2_academy_ws/install/academy_robot_common:/home/elian/academy_robotics/ros2_academy_ws/install/academy_robot_battery_msgs:/home/elian/ws_moveit2/install/moveit_configs_utils:/home/elian/ws_moveit2/install/launch_param_builder:/home/elian/academy_robotics/ros2_academy_ws/install/depth_to_pointcloud:/opt/ros/humble LD_LIBRARY_PATH=/home/elian/ws_moveit2/install/moveit_msgs/lib:/home/elian/ws_moveit2/install/moveit_task_constructor_visualization/lib:/home/elian/ws_moveit2/install/moveit_task_constructor_demo/lib:/home/elian/ws_moveit2/install/moveit_task_constructor_capabilities/lib:/home/elian/ws_moveit2/install/moveit_task_constructor_core/lib:/home/elian/ws_moveit2/install/rviz_marker_tools/lib:/home/elian/ws_moveit2/install/rosparam_shortcuts/lib:/home/elian/ws_moveit2/install/pilz_industrial_motion_planner_testutils/lib:/home/elian/ws_moveit2/install/pilz_industrial_motion_planner/lib:/home/elian/ws_moveit2/install/moveit_visual_tools/lib:/home/elian/ws_moveit2/install/moveit_task_constructor_msgs/lib:/home/elian/ws_moveit2/install/moveit_ros_control_interface/lib:/home/elian/ws_moveit2/install/moveit_simple_controller_manager/lib:/home/elian/ws_moveit2/install/moveit_setup_assistant/lib:/home/elian/ws_moveit2/install/moveit_setup_srdf_plugins/lib:/home/elian/ws_moveit2/install/moveit_setup_core_plugins/lib:/home/elian/ws_moveit2/install/moveit_setup_controllers/lib:/home/elian/ws_moveit2/install/moveit_setup_app_plugins/lib:/home/elian/ws_moveit2/install/moveit_setup_framework/lib:/home/elian/ws_moveit2/install/moveit_servo/lib:/home/elian/ws_moveit2/install/moveit_ros_visualization/lib:/home/elian/ws_moveit2/install/moveit_hybrid_planning/lib:/home/elian/ws_moveit2/install/moveit_ros_planning_interface/lib:/home/elian/ws_moveit2/install/moveit_ros_benchmarks/lib:/home/elian/ws_moveit2/install/moveit_ros_warehouse/lib:/home/elian/ws_moveit2/install/moveit_ros_robot_interaction/lib:/home/elian/ws_moveit2/install/moveit_ros_perception/lib:/home/elian/ws_moveit2/install/moveit_ros_move_group/lib:/home/elian/ws_moveit2/install/moveit_planners_ompl/lib:/home/elian/ws_moveit2/install/moveit_ros_planning/lib:/home/elian/ws_moveit2/install/moveit_ros_occupancy_map_monitor/lib:/home/elian/ws_moveit2/install/moveit_resources_prbt_ikfast_manipulator_plugin/lib:/home/elian/ws_moveit2/install/moveit_planners_chomp/lib:/home/elian/ws_moveit2/install/moveit_kinematics/lib:/home/elian/ws_moveit2/install/moveit_chomp_optimizer_adapter/lib:/home/elian/ws_moveit2/install/chomp_motion_planner/lib:/home/elian/ws_moveit2/install/moveit_core/lib:/home/elian/academy_robotics/ros2_academy_ws/install/robotnik_controllers_msgs/lib:/home/elian/academy_robotics/ros2_academy_ws/install/academy_robot_supervisor_msgs/lib:/home/elian/academy_robotics/ros2_academy_ws/install/academy_robot_perception_msgs/lib:/home/elian/academy_robotics/ros2_academy_ws/install/academy_robot_navigation_msgs/lib:/home/elian/academy_robotics/ros2_academy_ws/install/academy_robot_io_msgs/lib:/home/elian/academy_robotics/ros2_academy_ws/install/academy_robot_common_msgs/lib:/home/elian/academy_robotics/ros2_academy_ws/install/academy_robot_battery_msgs/lib:/usr/lib/x86_64-linux-gnu/gazebo-11/plugins:/opt/ros/humble/opt/rviz_ogre_vendor/lib:/opt/ros/humble/lib/x86_64-linux-gnu:/opt/ros/humble/lib /usr/bin/cmake /home/elian/ws_moveit2/src/moveit2/moveit_core -DCMAKE_BUILD_TYPE=Release -DCMAKE_INSTALL_PREFIX=/home/elian/ws_moveit2/install/moveit_core
[1.907s] Invoking command in '/home/elian/ws_moveit2/build/moveit_core': CMAKE_PREFIX_PATH=/home/elian/ws_moveit2/install/moveit_resources_panda_moveit_config:/home/elian/ws_moveit2/install/moveit_resources_pr2_description:/home/elian/ws_moveit2/install/moveit_resources_panda_description:/home/elian/ws_moveit2/install/moveit_msgs:/home/elian/ws_moveit2/install/moveit_common:/home/elian/ws_moveit2/install/moveit_task_constructor_visualization:/home/elian/ws_moveit2/install/moveit_task_constructor_demo:/home/elian/ws_moveit2/install/moveit_task_constructor_capabilities:/home/elian/ws_moveit2/install/moveit2_tutorials:/home/elian/ws_moveit2/install/moveit_task_constructor_core:/home/elian/ws_moveit2/install/rviz_marker_tools:/home/elian/ws_moveit2/install/rosparam_shortcuts:/home/elian/ws_moveit2/install/pilz_industrial_motion_planner_testutils:/home/elian/ws_moveit2/install/moveit_runtime:/home/elian/ws_moveit2/install/moveit:/home/elian/ws_moveit2/install/moveit_planners:/home/elian/ws_moveit2/install/pilz_industrial_motion_planner:/home/elian/ws_moveit2/install/hello_moveit:/home/elian/ws_moveit2/install/moveit_visual_tools:/home/elian/ws_moveit2/install/moveit_task_constructor_msgs:/home/elian/ws_moveit2/install/moveit_ros_control_interface:/home/elian/ws_moveit2/install/moveit_plugins:/home/elian/ws_moveit2/install/moveit_simple_controller_manager:/home/elian/ws_moveit2/install/moveit_setup_assistant:/home/elian/ws_moveit2/install/moveit_setup_srdf_plugins:/home/elian/ws_moveit2/install/moveit_setup_core_plugins:/home/elian/ws_moveit2/install/moveit_setup_controllers:/home/elian/ws_moveit2/install/moveit_setup_app_plugins:/home/elian/ws_moveit2/install/moveit_setup_framework:/home/elian/ws_moveit2/install/moveit_servo:/home/elian/ws_moveit2/install/moveit_ros:/home/elian/ws_moveit2/install/moveit_ros_visualization:/home/elian/ws_moveit2/install/moveit_hybrid_planning:/home/elian/ws_moveit2/install/moveit_ros_planning_interface:/home/elian/ws_moveit2/install/moveit_ros_benchmarks:/home/elian/ws_moveit2/install/moveit_ros_warehouse:/home/elian/ws_moveit2/install/moveit_ros_robot_interaction:/home/elian/ws_moveit2/install/moveit_ros_perception:/home/elian/ws_moveit2/install/moveit_resources_prbt_pg70_support:/home/elian/ws_moveit2/install/moveit_resources_prbt_moveit_config:/home/elian/ws_moveit2/install/moveit_ros_move_group:/home/elian/ws_moveit2/install/moveit_planners_ompl:/home/elian/ws_moveit2/install/moveit_ros_planning:/home/elian/ws_moveit2/install/moveit_ros_occupancy_map_monitor:/home/elian/ws_moveit2/install/moveit_resources_prbt_support:/home/elian/ws_moveit2/install/moveit_resources_prbt_ikfast_manipulator_plugin:/home/elian/ws_moveit2/install/moveit_resources:/home/elian/ws_moveit2/install/moveit_resources_fanuc_moveit_config:/home/elian/ws_moveit2/install/moveit_resources_fanuc_description:/home/elian/ws_moveit2/install/moveit_planners_chomp:/home/elian/ws_moveit2/install/moveit_kinematics:/home/elian/ws_moveit2/install/moveit_chomp_optimizer_adapter:/home/elian/ws_moveit2/install/chomp_motion_planner:/home/elian/ws_moveit2/install/moveit_core:/home/elian/academy_robotics/ros2_academy_ws/install/academy_robot_moveit_config:/home/elian/academy_robotics/ros2_academy_ws/install/academy_robot_gazebo_ignition:/home/elian/academy_robotics/ros2_academy_ws/install/academy_robot_gazebo_classic:/home/elian/academy_robotics/ros2_academy_ws/install/academy_robot_description:/home/elian/academy_robotics/ros2_academy_ws/install/ur_description:/home/elian/academy_robotics/ros2_academy_ws/install/academy_robot_interfaces:/home/elian/academy_robotics/ros2_academy_ws/install/robotnik_controllers_msgs:/home/elian/academy_robotics/ros2_academy_ws/install/academy_robot_supervisor_msgs:/home/elian/academy_robotics/ros2_academy_ws/install/academy_robot_sensors:/home/elian/academy_robotics/ros2_academy_ws/install/academy_robot_safety_msgs:/home/elian/academy_robotics/ros2_academy_ws/install/academy_robot_perception_msgs:/home/elian/academy_robotics/ros2_academy_ws/install/academy_robot_navigation_msgs:/home/elian/academy_robotics/ros2_academy_ws/install/academy_robot_io_msgs:/home/elian/academy_robotics/ros2_academy_ws/install/academy_robot_common_msgs:/home/elian/academy_robotics/ros2_academy_ws/install/academy_robot_common:/home/elian/academy_robotics/ros2_academy_ws/install/academy_robot_battery_msgs:/home/elian/ws_moveit2/install/moveit_configs_utils:/home/elian/ws_moveit2/install/launch_param_builder:/home/elian/academy_robotics/ros2_academy_ws/install/depth_to_pointcloud:/opt/ros/humble LD_LIBRARY_PATH=/home/elian/ws_moveit2/install/moveit_msgs/lib:/home/elian/ws_moveit2/install/moveit_task_constructor_visualization/lib:/home/elian/ws_moveit2/install/moveit_task_constructor_demo/lib:/home/elian/ws_moveit2/install/moveit_task_constructor_capabilities/lib:/home/elian/ws_moveit2/install/moveit_task_constructor_core/lib:/home/elian/ws_moveit2/install/rviz_marker_tools/lib:/home/elian/ws_moveit2/install/rosparam_shortcuts/lib:/home/elian/ws_moveit2/install/pilz_industrial_motion_planner_testutils/lib:/home/elian/ws_moveit2/install/pilz_industrial_motion_planner/lib:/home/elian/ws_moveit2/install/moveit_visual_tools/lib:/home/elian/ws_moveit2/install/moveit_task_constructor_msgs/lib:/home/elian/ws_moveit2/install/moveit_ros_control_interface/lib:/home/elian/ws_moveit2/install/moveit_simple_controller_manager/lib:/home/elian/ws_moveit2/install/moveit_setup_assistant/lib:/home/elian/ws_moveit2/install/moveit_setup_srdf_plugins/lib:/home/elian/ws_moveit2/install/moveit_setup_core_plugins/lib:/home/elian/ws_moveit2/install/moveit_setup_controllers/lib:/home/elian/ws_moveit2/install/moveit_setup_app_plugins/lib:/home/elian/ws_moveit2/install/moveit_setup_framework/lib:/home/elian/ws_moveit2/install/moveit_servo/lib:/home/elian/ws_moveit2/install/moveit_ros_visualization/lib:/home/elian/ws_moveit2/install/moveit_hybrid_planning/lib:/home/elian/ws_moveit2/install/moveit_ros_planning_interface/lib:/home/elian/ws_moveit2/install/moveit_ros_benchmarks/lib:/home/elian/ws_moveit2/install/moveit_ros_warehouse/lib:/home/elian/ws_moveit2/install/moveit_ros_robot_interaction/lib:/home/elian/ws_moveit2/install/moveit_ros_perception/lib:/home/elian/ws_moveit2/install/moveit_ros_move_group/lib:/home/elian/ws_moveit2/install/moveit_planners_ompl/lib:/home/elian/ws_moveit2/install/moveit_ros_planning/lib:/home/elian/ws_moveit2/install/moveit_ros_occupancy_map_monitor/lib:/home/elian/ws_moveit2/install/moveit_resources_prbt_ikfast_manipulator_plugin/lib:/home/elian/ws_moveit2/install/moveit_planners_chomp/lib:/home/elian/ws_moveit2/install/moveit_kinematics/lib:/home/elian/ws_moveit2/install/moveit_chomp_optimizer_adapter/lib:/home/elian/ws_moveit2/install/chomp_motion_planner/lib:/home/elian/ws_moveit2/install/moveit_core/lib:/home/elian/academy_robotics/ros2_academy_ws/install/robotnik_controllers_msgs/lib:/home/elian/academy_robotics/ros2_academy_ws/install/academy_robot_supervisor_msgs/lib:/home/elian/academy_robotics/ros2_academy_ws/install/academy_robot_perception_msgs/lib:/home/elian/academy_robotics/ros2_academy_ws/install/academy_robot_navigation_msgs/lib:/home/elian/academy_robotics/ros2_academy_ws/install/academy_robot_io_msgs/lib:/home/elian/academy_robotics/ros2_academy_ws/install/academy_robot_common_msgs/lib:/home/elian/academy_robotics/ros2_academy_ws/install/academy_robot_battery_msgs/lib:/usr/lib/x86_64-linux-gnu/gazebo-11/plugins:/opt/ros/humble/opt/rviz_ogre_vendor/lib:/opt/ros/humble/lib/x86_64-linux-gnu:/opt/ros/humble/lib /usr/bin/cmake --build /home/elian/ws_moveit2/build/moveit_core -- -j8 -l8
[1.964s] [35m[1mConsolidate compiler generated dependencies of target moveit_transforms[0m
[1.964s] [35m[1mConsolidate compiler generated dependencies of target moveit_exceptions[0m
[1.965s] [35m[1mConsolidate compiler generated dependencies of target moveit_version[0m
[1.966s] [35m[1mConsolidate compiler generated dependencies of target moveit_utils[0m
[1.970s] [35m[1mConsolidate compiler generated dependencies of target moveit_kinematics_base[0m
[1.970s] [35m[1mConsolidate compiler generated dependencies of target moveit_distance_field[0m
[1.971s] [35m[1mConsolidate compiler generated dependencies of target moveit_smoothing_base[0m
[1.986s] [  1%] [32mBuilding CXX object version/CMakeFiles/moveit_version.dir/version.cpp.o[0m
[1.993s] [  4%] Built target moveit_butterworth_parameters
[1.993s] [  4%] [32mBuilding CXX object utils/CMakeFiles/moveit_utils.dir/src/lexical_casts.cpp.o[0m
[1.993s] [  5%] [32mBuilding CXX object exceptions/CMakeFiles/moveit_exceptions.dir/src/exceptions.cpp.o[0m
[2.015s] [  6%] [32mBuilding CXX object utils/CMakeFiles/moveit_utils.dir/src/message_checks.cpp.o[0m
[2.017s] [  7%] [32mBuilding CXX object online_signal_smoothing/CMakeFiles/moveit_smoothing_base.dir/src/smoothing_base_class.cpp.o[0m
[2.017s] [  8%] [32mBuilding CXX object transforms/CMakeFiles/moveit_transforms.dir/src/transforms.cpp.o[0m
[2.024s] [ 10%] [32mBuilding CXX object kinematics_base/CMakeFiles/moveit_kinematics_base.dir/src/kinematics_base.cpp.o[0m
[2.024s] [  9%] [32mBuilding CXX object distance_field/CMakeFiles/moveit_distance_field.dir/src/distance_field.cpp.o[0m
[2.052s] [ 11%] [32m[1mLinking CXX executable moveit_version[0m
[2.199s] [ 11%] Built target moveit_version
[2.238s] [ 12%] [32mBuilding CXX object utils/CMakeFiles/moveit_utils.dir/src/rclcpp_utils.cpp.o[0m
[2.728s] [ 13%] [32mBuilding CXX object distance_field/CMakeFiles/moveit_distance_field.dir/src/find_internal_points.cpp.o[0m
[2.763s] [ 14%] [32mBuilding CXX object distance_field/CMakeFiles/moveit_distance_field.dir/src/propagation_distance_field.cpp.o[0m
[3.330s] [ 15%] [32m[1mLinking CXX shared library libmoveit_exceptions.so[0m
[3.632s] [ 15%] Built target moveit_exceptions
[3.808s] [ 16%] [32m[1mLinking CXX shared library libmoveit_utils.so[0m
[4.781s] [ 16%] Built target moveit_utils
[6.337s] [ 17%] [32m[1mLinking CXX shared library libmoveit_smoothing_base.so[0m
[6.485s] [ 17%] Built target moveit_smoothing_base
[8.792s] [ 18%] [32m[1mLinking CXX shared library libmoveit_kinematics_base.so[0m
[8.935s] [ 18%] Built target moveit_kinematics_base
[8.966s] [35m[1mConsolidate compiler generated dependencies of target moveit_robot_model[0m
[9.017s] [ 19%] [32mBuilding CXX object robot_model/CMakeFiles/moveit_robot_model.dir/src/aabb.cpp.o[0m
[9.019s] [ 20%] [32mBuilding CXX object robot_model/CMakeFiles/moveit_robot_model.dir/src/fixed_joint_model.cpp.o[0m
[9.021s] [ 21%] [32mBuilding CXX object robot_model/CMakeFiles/moveit_robot_model.dir/src/floating_joint_model.cpp.o[0m
[9.022s] [ 22%] [32mBuilding CXX object robot_model/CMakeFiles/moveit_robot_model.dir/src/joint_model.cpp.o[0m
[9.032s] [ 23%] [32mBuilding CXX object robot_model/CMakeFiles/moveit_robot_model.dir/src/joint_model_group.cpp.o[0m
[11.447s] [ 24%] [32m[1mLinking CXX shared library libmoveit_transforms.so[0m
[11.573s] [ 25%] [32mBuilding CXX object robot_model/CMakeFiles/moveit_robot_model.dir/src/link_model.cpp.o[0m
[11.610s] [ 26%] [32mBuilding CXX object robot_model/CMakeFiles/moveit_robot_model.dir/src/planar_joint_model.cpp.o[0m
[11.773s] [ 26%] Built target moveit_transforms
[11.796s] [ 27%] [32mBuilding CXX object robot_model/CMakeFiles/moveit_robot_model.dir/src/prismatic_joint_model.cpp.o[0m
[12.488s] [ 28%] [32mBuilding CXX object robot_model/CMakeFiles/moveit_robot_model.dir/src/revolute_joint_model.cpp.o[0m
[13.770s] [ 29%] [32m[1mLinking CXX shared library libmoveit_distance_field.so[0m
[13.882s] [ 30%] [32mBuilding CXX object robot_model/CMakeFiles/moveit_robot_model.dir/src/robot_model.cpp.o[0m
[14.096s] [ 30%] Built target moveit_distance_field
[21.781s] [ 31%] [32m[1mLinking CXX shared library libmoveit_robot_model.so[0m
[21.907s] [ 31%] Built target moveit_robot_model
[21.921s] [35m[1mConsolidate compiler generated dependencies of target moveit_test_utils[0m
[21.921s] [35m[1mConsolidate compiler generated dependencies of target moveit_butterworth_filter[0m
[21.924s] [35m[1mConsolidate compiler generated dependencies of target moveit_robot_state[0m
[21.947s] [ 32%] [32mBuilding CXX object online_signal_smoothing/CMakeFiles/moveit_butterworth_filter.dir/src/butterworth_filter.cpp.o[0m
[21.947s] [ 33%] [32mBuilding CXX object utils/CMakeFiles/moveit_test_utils.dir/src/robot_model_test_utils.cpp.o[0m
[21.959s] [ 34%] [32mBuilding CXX object robot_state/CMakeFiles/moveit_robot_state.dir/src/attached_body.cpp.o[0m
[21.961s] [ 36%] [32mBuilding CXX object robot_state/CMakeFiles/moveit_robot_state.dir/src/cartesian_interpolator.cpp.o[0m
[21.961s] [ 36%] [32mBuilding CXX object robot_state/CMakeFiles/moveit_robot_state.dir/src/conversions.cpp.o[0m
[21.962s] [ 37%] [32mBuilding CXX object robot_state/CMakeFiles/moveit_robot_state.dir/src/robot_state.cpp.o[0m
[29.924s] [ 38%] [32m[1mLinking CXX shared library libmoveit_butterworth_filter.so[0m
[30.093s] [ 38%] Built target moveit_butterworth_filter
[30.550s] [ 39%] [32m[1mLinking CXX shared library libmoveit_test_utils.so[0m
[30.705s] [ 39%] Built target moveit_test_utils
[42.536s] [ 40%] [32m[1mLinking CXX shared library libmoveit_robot_state.so[0m
[42.678s] [ 40%] Built target moveit_robot_state
[42.692s] [35m[1mConsolidate compiler generated dependencies of target moveit_kinematics_metrics[0m
[42.694s] [35m[1mConsolidate compiler generated dependencies of target moveit_robot_trajectory[0m
[42.694s] [35m[1mConsolidate compiler generated dependencies of target moveit_dynamics_solver[0m
[42.704s] [35m[1mConsolidate compiler generated dependencies of target moveit_collision_detection[0m
[42.714s] [ 41%] [32mBuilding CXX object kinematics_metrics/CMakeFiles/moveit_kinematics_metrics.dir/src/kinematics_metrics.cpp.o[0m
[42.716s] [ 42%] [32mBuilding CXX object dynamics_solver/CMakeFiles/moveit_dynamics_solver.dir/src/dynamics_solver.cpp.o[0m
[42.722s] [ 43%] [32mBuilding CXX object robot_trajectory/CMakeFiles/moveit_robot_trajectory.dir/src/robot_trajectory.cpp.o[0m
[42.759s] [ 44%] [32mBuilding CXX object collision_detection/CMakeFiles/moveit_collision_detection.dir/src/collision_matrix.cpp.o[0m
[42.759s] [ 45%] [32mBuilding CXX object collision_detection/CMakeFiles/moveit_collision_detection.dir/src/allvalid/collision_env_allvalid.cpp.o[0m
[42.759s] [ 46%] [32mBuilding CXX object collision_detection/CMakeFiles/moveit_collision_detection.dir/src/collision_octomap_filter.cpp.o[0m
[42.761s] [ 47%] [32mBuilding CXX object collision_detection/CMakeFiles/moveit_collision_detection.dir/src/collision_common.cpp.o[0m
[42.765s] [ 48%] [32mBuilding CXX object collision_detection/CMakeFiles/moveit_collision_detection.dir/src/collision_tools.cpp.o[0m
[49.557s] [ 50%] [32mBuilding CXX object collision_detection/CMakeFiles/moveit_collision_detection.dir/src/world.cpp.o[0m
[51.045s] [ 51%] [32mBuilding CXX object collision_detection/CMakeFiles/moveit_collision_detection.dir/src/world_diff.cpp.o[0m
[51.704s] [ 52%] [32mBuilding CXX object collision_detection/CMakeFiles/moveit_collision_detection.dir/src/collision_env.cpp.o[0m
[51.941s] [ 53%] [32mBuilding CXX object collision_detection/CMakeFiles/moveit_collision_detection.dir/src/collision_plugin_cache.cpp.o[0m
[52.363s] [ 54%] [32m[1mLinking CXX shared library libmoveit_dynamics_solver.so[0m
[52.675s] [ 54%] Built target moveit_dynamics_solver
[56.451s] [ 55%] [32m[1mLinking CXX shared library libmoveit_robot_trajectory.so[0m
[56.639s] [ 55%] Built target moveit_robot_trajectory
[56.660s] [35m[1mConsolidate compiler generated dependencies of target moveit_planning_interface[0m
[56.673s] [35m[1mConsolidate compiler generated dependencies of target moveit_trajectory_processing[0m
[56.701s] [ 56%] [32mBuilding CXX object planning_interface/CMakeFiles/moveit_planning_interface.dir/src/planning_interface.cpp.o[0m
[56.707s] [ 57%] [32mBuilding CXX object planning_interface/CMakeFiles/moveit_planning_interface.dir/src/planning_response.cpp.o[0m
[56.733s] [ 58%] [32mBuilding CXX object trajectory_processing/CMakeFiles/moveit_trajectory_processing.dir/src/iterative_spline_parameterization.cpp.o[0m
[56.733s] [ 59%] [32mBuilding CXX object trajectory_processing/CMakeFiles/moveit_trajectory_processing.dir/src/iterative_time_parameterization.cpp.o[0m
[56.733s] [ 60%] [32mBuilding CXX object trajectory_processing/CMakeFiles/moveit_trajectory_processing.dir/src/ruckig_traj_smoothing.cpp.o[0m
[60.879s] [ 61%] [32mBuilding CXX object trajectory_processing/CMakeFiles/moveit_trajectory_processing.dir/src/trajectory_tools.cpp.o[0m
[62.014s] [ 62%] [32mBuilding CXX object trajectory_processing/CMakeFiles/moveit_trajectory_processing.dir/src/time_optimal_trajectory_generation.cpp.o[0m
[70.718s] [ 63%] [32m[1mLinking CXX shared library libmoveit_collision_detection.so[0m
[70.947s] [ 63%] Built target moveit_collision_detection
[70.970s] [35m[1mConsolidate compiler generated dependencies of target moveit_collision_detection_fcl[0m
[70.989s] [35m[1mConsolidate compiler generated dependencies of target moveit_collision_detection_bullet[0m
[71.029s] [ 64%] [32mBuilding CXX object collision_detection_fcl/CMakeFiles/moveit_collision_detection_fcl.dir/src/collision_common.cpp.o[0m
[71.030s] [ 65%] [32mBuilding CXX object collision_detection_fcl/CMakeFiles/moveit_collision_detection_fcl.dir/src/collision_env_fcl.cpp.o[0m
[71.070s] [ 66%] [32mBuilding CXX object collision_detection_bullet/CMakeFiles/moveit_collision_detection_bullet.dir/src/bullet_integration/bullet_utils.cpp.o[0m
[71.071s] [ 67%] [32mBuilding CXX object collision_detection_bullet/CMakeFiles/moveit_collision_detection_bullet.dir/src/bullet_integration/bullet_discrete_bvh_manager.cpp.o[0m
[71.991s] [ 68%] [32m[1mLinking CXX shared library libmoveit_kinematics_metrics.so[0m
[72.331s] [ 68%] Built target moveit_kinematics_metrics
[72.356s] [ 69%] [32mBuilding CXX object collision_detection_bullet/CMakeFiles/moveit_collision_detection_bullet.dir/src/bullet_integration/bullet_cast_bvh_manager.cpp.o[0m
[72.441s] [ 70%] [32m[1mLinking CXX shared library libmoveit_planning_interface.so[0m
[72.591s] [ 71%] [32mBuilding CXX object collision_detection_bullet/CMakeFiles/moveit_collision_detection_bullet.dir/src/collision_env_bullet.cpp.o[0m
[72.746s] [ 71%] Built target moveit_planning_interface
[72.771s] [ 72%] [32mBuilding CXX object collision_detection_bullet/CMakeFiles/moveit_collision_detection_bullet.dir/src/bullet_integration/bullet_bvh_manager.cpp.o[0m
[78.124s] [ 73%] [32m[1mLinking CXX shared library libmoveit_trajectory_processing.so[0m
[78.442s] [ 73%] Built target moveit_trajectory_processing
[78.464s] [ 74%] [32mBuilding CXX object collision_detection_bullet/CMakeFiles/moveit_collision_detection_bullet.dir/src/bullet_integration/contact_checker_common.cpp.o[0m
[80.560s] [ 75%] [32mBuilding CXX object collision_detection_bullet/CMakeFiles/moveit_collision_detection_bullet.dir/src/bullet_integration/ros_bullet_utils.cpp.o[0m
[84.818s] [ 76%] [32m[1mLinking CXX shared library libmoveit_collision_detection_fcl.so[0m
[85.033s] [ 76%] Built target moveit_collision_detection_fcl
[85.052s] [35m[1mConsolidate compiler generated dependencies of target moveit_kinematic_constraints[0m
[85.087s] [ 77%] [32mBuilding CXX object kinematic_constraints/CMakeFiles/moveit_kinematic_constraints.dir/src/kinematic_constraint.cpp.o[0m
[85.089s] [ 78%] [32mBuilding CXX object kinematic_constraints/CMakeFiles/moveit_kinematic_constraints.dir/src/utils.cpp.o[0m
[86.661s] [ 79%] [32m[1mLinking CXX shared library libmoveit_collision_detection_bullet.so[0m
[86.871s] [ 79%] Built target moveit_collision_detection_bullet
[96.551s] [ 80%] [32m[1mLinking CXX shared library libmoveit_kinematic_constraints.so[0m
[96.709s] [ 80%] Built target moveit_kinematic_constraints
[96.725s] [35m[1mConsolidate compiler generated dependencies of target moveit_planning_scene[0m
[96.753s] [ 81%] [32mBuilding CXX object planning_scene/CMakeFiles/moveit_planning_scene.dir/src/planning_scene.cpp.o[0m
[110.137s] [ 82%] [32m[1mLinking CXX shared library libmoveit_planning_scene.so[0m
[110.299s] [ 82%] Built target moveit_planning_scene
[110.316s] [35m[1mConsolidate compiler generated dependencies of target collision_detector_fcl_plugin[0m
[110.316s] [35m[1mConsolidate compiler generated dependencies of target collision_detector_bullet_plugin[0m
[110.316s] [35m[1mConsolidate compiler generated dependencies of target moveit_planning_request_adapter[0m
[110.323s] [35m[1mConsolidate compiler generated dependencies of target moveit_constraint_samplers[0m
[110.324s] [35m[1mConsolidate compiler generated dependencies of target moveit_collision_distance_field[0m
[110.349s] [ 83%] [32mBuilding CXX object collision_detection_fcl/CMakeFiles/collision_detector_fcl_plugin.dir/src/collision_detector_fcl_plugin_loader.cpp.o[0m
[110.351s] [ 84%] [32mBuilding CXX object collision_detection_bullet/CMakeFiles/collision_detector_bullet_plugin.dir/src/collision_detector_bullet_plugin_loader.cpp.o[0m
[110.351s] [ 85%] [32mBuilding CXX object planning_request_adapter/CMakeFiles/moveit_planning_request_adapter.dir/src/planning_request_adapter.cpp.o[0m
[110.374s] [ 86%] [32mBuilding CXX object collision_distance_field/CMakeFiles/moveit_collision_distance_field.dir/src/collision_common_distance_field.cpp.o[0m
[110.377s] [ 87%] [32mBuilding CXX object constraint_samplers/CMakeFiles/moveit_constraint_samplers.dir/src/constraint_sampler.cpp.o[0m
[110.377s] [ 88%] [32mBuilding CXX object constraint_samplers/CMakeFiles/moveit_constraint_samplers.dir/src/constraint_sampler_manager.cpp.o[0m
[110.377s] [ 89%] [32mBuilding CXX object collision_distance_field/CMakeFiles/moveit_collision_distance_field.dir/src/collision_distance_field_types.cpp.o[0m
[110.386s] [ 90%] [32mBuilding CXX object collision_distance_field/CMakeFiles/moveit_collision_distance_field.dir/src/collision_env_distance_field.cpp.o[0m
[122.968s] [ 91%] [32mBuilding CXX object collision_distance_field/CMakeFiles/moveit_collision_distance_field.dir/src/collision_env_hybrid.cpp.o[0m
[123.140s] [ 92%] [32mBuilding CXX object constraint_samplers/CMakeFiles/moveit_constraint_samplers.dir/src/constraint_sampler_tools.cpp.o[0m
[123.457s] [ 93%] [32m[1mLinking CXX shared library libmoveit_planning_request_adapter.so[0m
[123.876s] [ 93%] Built target moveit_planning_request_adapter
[123.901s] [ 94%] [32mBuilding CXX object constraint_samplers/CMakeFiles/moveit_constraint_samplers.dir/src/default_constraint_samplers.cpp.o[0m
[124.141s] [ 95%] [32mBuilding CXX object constraint_samplers/CMakeFiles/moveit_constraint_samplers.dir/src/union_constraint_sampler.cpp.o[0m
[124.515s] [ 96%] [32m[1mLinking CXX shared library libcollision_detector_bullet_plugin.so[0m
[124.903s] [ 96%] Built target collision_detector_bullet_plugin
[125.992s] [ 97%] [32m[1mLinking CXX shared library libcollision_detector_fcl_plugin.so[0m
[126.283s] [ 97%] Built target collision_detector_fcl_plugin
[134.824s] [ 98%] [32m[1mLinking CXX shared library libmoveit_collision_distance_field.so[0m
[134.995s] [ 98%] Built target moveit_collision_distance_field
[135.369s] [100%] [32m[1mLinking CXX shared library libmoveit_constraint_samplers.so[0m
[135.510s] [100%] Built target moveit_constraint_samplers
[135.522s] Invoked command in '/home/elian/ws_moveit2/build/moveit_core' returned '0': CMAKE_PREFIX_PATH=/home/elian/ws_moveit2/install/moveit_resources_panda_moveit_config:/home/elian/ws_moveit2/install/moveit_resources_pr2_description:/home/elian/ws_moveit2/install/moveit_resources_panda_description:/home/elian/ws_moveit2/install/moveit_msgs:/home/elian/ws_moveit2/install/moveit_common:/home/elian/ws_moveit2/install/moveit_task_constructor_visualization:/home/elian/ws_moveit2/install/moveit_task_constructor_demo:/home/elian/ws_moveit2/install/moveit_task_constructor_capabilities:/home/elian/ws_moveit2/install/moveit2_tutorials:/home/elian/ws_moveit2/install/moveit_task_constructor_core:/home/elian/ws_moveit2/install/rviz_marker_tools:/home/elian/ws_moveit2/install/rosparam_shortcuts:/home/elian/ws_moveit2/install/pilz_industrial_motion_planner_testutils:/home/elian/ws_moveit2/install/moveit_runtime:/home/elian/ws_moveit2/install/moveit:/home/elian/ws_moveit2/install/moveit_planners:/home/elian/ws_moveit2/install/pilz_industrial_motion_planner:/home/elian/ws_moveit2/install/hello_moveit:/home/elian/ws_moveit2/install/moveit_visual_tools:/home/elian/ws_moveit2/install/moveit_task_constructor_msgs:/home/elian/ws_moveit2/install/moveit_ros_control_interface:/home/elian/ws_moveit2/install/moveit_plugins:/home/elian/ws_moveit2/install/moveit_simple_controller_manager:/home/elian/ws_moveit2/install/moveit_setup_assistant:/home/elian/ws_moveit2/install/moveit_setup_srdf_plugins:/home/elian/ws_moveit2/install/moveit_setup_core_plugins:/home/elian/ws_moveit2/install/moveit_setup_controllers:/home/elian/ws_moveit2/install/moveit_setup_app_plugins:/home/elian/ws_moveit2/install/moveit_setup_framework:/home/elian/ws_moveit2/install/moveit_servo:/home/elian/ws_moveit2/install/moveit_ros:/home/elian/ws_moveit2/install/moveit_ros_visualization:/home/elian/ws_moveit2/install/moveit_hybrid_planning:/home/elian/ws_moveit2/install/moveit_ros_planning_interface:/home/elian/ws_moveit2/install/moveit_ros_benchmarks:/home/elian/ws_moveit2/install/moveit_ros_warehouse:/home/elian/ws_moveit2/install/moveit_ros_robot_interaction:/home/elian/ws_moveit2/install/moveit_ros_perception:/home/elian/ws_moveit2/install/moveit_resources_prbt_pg70_support:/home/elian/ws_moveit2/install/moveit_resources_prbt_moveit_config:/home/elian/ws_moveit2/install/moveit_ros_move_group:/home/elian/ws_moveit2/install/moveit_planners_ompl:/home/elian/ws_moveit2/install/moveit_ros_planning:/home/elian/ws_moveit2/install/moveit_ros_occupancy_map_monitor:/home/elian/ws_moveit2/install/moveit_resources_prbt_support:/home/elian/ws_moveit2/install/moveit_resources_prbt_ikfast_manipulator_plugin:/home/elian/ws_moveit2/install/moveit_resources:/home/elian/ws_moveit2/install/moveit_resources_fanuc_moveit_config:/home/elian/ws_moveit2/install/moveit_resources_fanuc_description:/home/elian/ws_moveit2/install/moveit_planners_chomp:/home/elian/ws_moveit2/install/moveit_kinematics:/home/elian/ws_moveit2/install/moveit_chomp_optimizer_adapter:/home/elian/ws_moveit2/install/chomp_motion_planner:/home/elian/ws_moveit2/install/moveit_core:/home/elian/academy_robotics/ros2_academy_ws/install/academy_robot_moveit_config:/home/elian/academy_robotics/ros2_academy_ws/install/academy_robot_gazebo_ignition:/home/elian/academy_robotics/ros2_academy_ws/install/academy_robot_gazebo_classic:/home/elian/academy_robotics/ros2_academy_ws/install/academy_robot_description:/home/elian/academy_robotics/ros2_academy_ws/install/ur_description:/home/elian/academy_robotics/ros2_academy_ws/install/academy_robot_interfaces:/home/elian/academy_robotics/ros2_academy_ws/install/robotnik_controllers_msgs:/home/elian/academy_robotics/ros2_academy_ws/install/academy_robot_supervisor_msgs:/home/elian/academy_robotics/ros2_academy_ws/install/academy_robot_sensors:/home/elian/academy_robotics/ros2_academy_ws/install/academy_robot_safety_msgs:/home/elian/academy_robotics/ros2_academy_ws/install/academy_robot_perception_msgs:/home/elian/academy_robotics/ros2_academy_ws/install/academy_robot_navigation_msgs:/home/elian/academy_robotics/ros2_academy_ws/install/academy_robot_io_msgs:/home/elian/academy_robotics/ros2_academy_ws/install/academy_robot_common_msgs:/home/elian/academy_robotics/ros2_academy_ws/install/academy_robot_common:/home/elian/academy_robotics/ros2_academy_ws/install/academy_robot_battery_msgs:/home/elian/ws_moveit2/install/moveit_configs_utils:/home/elian/ws_moveit2/install/launch_param_builder:/home/elian/academy_robotics/ros2_academy_ws/install/depth_to_pointcloud:/opt/ros/humble LD_LIBRARY_PATH=/home/elian/ws_moveit2/install/moveit_msgs/lib:/home/elian/ws_moveit2/install/moveit_task_constructor_visualization/lib:/home/elian/ws_moveit2/install/moveit_task_constructor_demo/lib:/home/elian/ws_moveit2/install/moveit_task_constructor_capabilities/lib:/home/elian/ws_moveit2/install/moveit_task_constructor_core/lib:/home/elian/ws_moveit2/install/rviz_marker_tools/lib:/home/elian/ws_moveit2/install/rosparam_shortcuts/lib:/home/elian/ws_moveit2/install/pilz_industrial_motion_planner_testutils/lib:/home/elian/ws_moveit2/install/pilz_industrial_motion_planner/lib:/home/elian/ws_moveit2/install/moveit_visual_tools/lib:/home/elian/ws_moveit2/install/moveit_task_constructor_msgs/lib:/home/elian/ws_moveit2/install/moveit_ros_control_interface/lib:/home/elian/ws_moveit2/install/moveit_simple_controller_manager/lib:/home/elian/ws_moveit2/install/moveit_setup_assistant/lib:/home/elian/ws_moveit2/install/moveit_setup_srdf_plugins/lib:/home/elian/ws_moveit2/install/moveit_setup_core_plugins/lib:/home/elian/ws_moveit2/install/moveit_setup_controllers/lib:/home/elian/ws_moveit2/install/moveit_setup_app_plugins/lib:/home/elian/ws_moveit2/install/moveit_setup_framework/lib:/home/elian/ws_moveit2/install/moveit_servo/lib:/home/elian/ws_moveit2/install/moveit_ros_visualization/lib:/home/elian/ws_moveit2/install/moveit_hybrid_planning/lib:/home/elian/ws_moveit2/install/moveit_ros_planning_interface/lib:/home/elian/ws_moveit2/install/moveit_ros_benchmarks/lib:/home/elian/ws_moveit2/install/moveit_ros_warehouse/lib:/home/elian/ws_moveit2/install/moveit_ros_robot_interaction/lib:/home/elian/ws_moveit2/install/moveit_ros_perception/lib:/home/elian/ws_moveit2/install/moveit_ros_move_group/lib:/home/elian/ws_moveit2/install/moveit_planners_ompl/lib:/home/elian/ws_moveit2/install/moveit_ros_planning/lib:/home/elian/ws_moveit2/install/moveit_ros_occupancy_map_monitor/lib:/home/elian/ws_moveit2/install/moveit_resources_prbt_ikfast_manipulator_plugin/lib:/home/elian/ws_moveit2/install/moveit_planners_chomp/lib:/home/elian/ws_moveit2/install/moveit_kinematics/lib:/home/elian/ws_moveit2/install/moveit_chomp_optimizer_adapter/lib:/home/elian/ws_moveit2/install/chomp_motion_planner/lib:/home/elian/ws_moveit2/install/moveit_core/lib:/home/elian/academy_robotics/ros2_academy_ws/install/robotnik_controllers_msgs/lib:/home/elian/academy_robotics/ros2_academy_ws/install/academy_robot_supervisor_msgs/lib:/home/elian/academy_robotics/ros2_academy_ws/install/academy_robot_perception_msgs/lib:/home/elian/academy_robotics/ros2_academy_ws/install/academy_robot_navigation_msgs/lib:/home/elian/academy_robotics/ros2_academy_ws/install/academy_robot_io_msgs/lib:/home/elian/academy_robotics/ros2_academy_ws/install/academy_robot_common_msgs/lib:/home/elian/academy_robotics/ros2_academy_ws/install/academy_robot_battery_msgs/lib:/usr/lib/x86_64-linux-gnu/gazebo-11/plugins:/opt/ros/humble/opt/rviz_ogre_vendor/lib:/opt/ros/humble/lib/x86_64-linux-gnu:/opt/ros/humble/lib /usr/bin/cmake --build /home/elian/ws_moveit2/build/moveit_core -- -j8 -l8
[135.523s] Invoking command in '/home/elian/ws_moveit2/build/moveit_core': CMAKE_PREFIX_PATH=/home/elian/ws_moveit2/install/moveit_resources_panda_moveit_config:/home/elian/ws_moveit2/install/moveit_resources_pr2_description:/home/elian/ws_moveit2/install/moveit_resources_panda_description:/home/elian/ws_moveit2/install/moveit_msgs:/home/elian/ws_moveit2/install/moveit_common:/home/elian/ws_moveit2/install/moveit_task_constructor_visualization:/home/elian/ws_moveit2/install/moveit_task_constructor_demo:/home/elian/ws_moveit2/install/moveit_task_constructor_capabilities:/home/elian/ws_moveit2/install/moveit2_tutorials:/home/elian/ws_moveit2/install/moveit_task_constructor_core:/home/elian/ws_moveit2/install/rviz_marker_tools:/home/elian/ws_moveit2/install/rosparam_shortcuts:/home/elian/ws_moveit2/install/pilz_industrial_motion_planner_testutils:/home/elian/ws_moveit2/install/moveit_runtime:/home/elian/ws_moveit2/install/moveit:/home/elian/ws_moveit2/install/moveit_planners:/home/elian/ws_moveit2/install/pilz_industrial_motion_planner:/home/elian/ws_moveit2/install/hello_moveit:/home/elian/ws_moveit2/install/moveit_visual_tools:/home/elian/ws_moveit2/install/moveit_task_constructor_msgs:/home/elian/ws_moveit2/install/moveit_ros_control_interface:/home/elian/ws_moveit2/install/moveit_plugins:/home/elian/ws_moveit2/install/moveit_simple_controller_manager:/home/elian/ws_moveit2/install/moveit_setup_assistant:/home/elian/ws_moveit2/install/moveit_setup_srdf_plugins:/home/elian/ws_moveit2/install/moveit_setup_core_plugins:/home/elian/ws_moveit2/install/moveit_setup_controllers:/home/elian/ws_moveit2/install/moveit_setup_app_plugins:/home/elian/ws_moveit2/install/moveit_setup_framework:/home/elian/ws_moveit2/install/moveit_servo:/home/elian/ws_moveit2/install/moveit_ros:/home/elian/ws_moveit2/install/moveit_ros_visualization:/home/elian/ws_moveit2/install/moveit_hybrid_planning:/home/elian/ws_moveit2/install/moveit_ros_planning_interface:/home/elian/ws_moveit2/install/moveit_ros_benchmarks:/home/elian/ws_moveit2/install/moveit_ros_warehouse:/home/elian/ws_moveit2/install/moveit_ros_robot_interaction:/home/elian/ws_moveit2/install/moveit_ros_perception:/home/elian/ws_moveit2/install/moveit_resources_prbt_pg70_support:/home/elian/ws_moveit2/install/moveit_resources_prbt_moveit_config:/home/elian/ws_moveit2/install/moveit_ros_move_group:/home/elian/ws_moveit2/install/moveit_planners_ompl:/home/elian/ws_moveit2/install/moveit_ros_planning:/home/elian/ws_moveit2/install/moveit_ros_occupancy_map_monitor:/home/elian/ws_moveit2/install/moveit_resources_prbt_support:/home/elian/ws_moveit2/install/moveit_resources_prbt_ikfast_manipulator_plugin:/home/elian/ws_moveit2/install/moveit_resources:/home/elian/ws_moveit2/install/moveit_resources_fanuc_moveit_config:/home/elian/ws_moveit2/install/moveit_resources_fanuc_description:/home/elian/ws_moveit2/install/moveit_planners_chomp:/home/elian/ws_moveit2/install/moveit_kinematics:/home/elian/ws_moveit2/install/moveit_chomp_optimizer_adapter:/home/elian/ws_moveit2/install/chomp_motion_planner:/home/elian/ws_moveit2/install/moveit_core:/home/elian/academy_robotics/ros2_academy_ws/install/academy_robot_moveit_config:/home/elian/academy_robotics/ros2_academy_ws/install/academy_robot_gazebo_ignition:/home/elian/academy_robotics/ros2_academy_ws/install/academy_robot_gazebo_classic:/home/elian/academy_robotics/ros2_academy_ws/install/academy_robot_description:/home/elian/academy_robotics/ros2_academy_ws/install/ur_description:/home/elian/academy_robotics/ros2_academy_ws/install/academy_robot_interfaces:/home/elian/academy_robotics/ros2_academy_ws/install/robotnik_controllers_msgs:/home/elian/academy_robotics/ros2_academy_ws/install/academy_robot_supervisor_msgs:/home/elian/academy_robotics/ros2_academy_ws/install/academy_robot_sensors:/home/elian/academy_robotics/ros2_academy_ws/install/academy_robot_safety_msgs:/home/elian/academy_robotics/ros2_academy_ws/install/academy_robot_perception_msgs:/home/elian/academy_robotics/ros2_academy_ws/install/academy_robot_navigation_msgs:/home/elian/academy_robotics/ros2_academy_ws/install/academy_robot_io_msgs:/home/elian/academy_robotics/ros2_academy_ws/install/academy_robot_common_msgs:/home/elian/academy_robotics/ros2_academy_ws/install/academy_robot_common:/home/elian/academy_robotics/ros2_academy_ws/install/academy_robot_battery_msgs:/home/elian/ws_moveit2/install/moveit_configs_utils:/home/elian/ws_moveit2/install/launch_param_builder:/home/elian/academy_robotics/ros2_academy_ws/install/depth_to_pointcloud:/opt/ros/humble LD_LIBRARY_PATH=/home/elian/ws_moveit2/install/moveit_msgs/lib:/home/elian/ws_moveit2/install/moveit_task_constructor_visualization/lib:/home/elian/ws_moveit2/install/moveit_task_constructor_demo/lib:/home/elian/ws_moveit2/install/moveit_task_constructor_capabilities/lib:/home/elian/ws_moveit2/install/moveit_task_constructor_core/lib:/home/elian/ws_moveit2/install/rviz_marker_tools/lib:/home/elian/ws_moveit2/install/rosparam_shortcuts/lib:/home/elian/ws_moveit2/install/pilz_industrial_motion_planner_testutils/lib:/home/elian/ws_moveit2/install/pilz_industrial_motion_planner/lib:/home/elian/ws_moveit2/install/moveit_visual_tools/lib:/home/elian/ws_moveit2/install/moveit_task_constructor_msgs/lib:/home/elian/ws_moveit2/install/moveit_ros_control_interface/lib:/home/elian/ws_moveit2/install/moveit_simple_controller_manager/lib:/home/elian/ws_moveit2/install/moveit_setup_assistant/lib:/home/elian/ws_moveit2/install/moveit_setup_srdf_plugins/lib:/home/elian/ws_moveit2/install/moveit_setup_core_plugins/lib:/home/elian/ws_moveit2/install/moveit_setup_controllers/lib:/home/elian/ws_moveit2/install/moveit_setup_app_plugins/lib:/home/elian/ws_moveit2/install/moveit_setup_framework/lib:/home/elian/ws_moveit2/install/moveit_servo/lib:/home/elian/ws_moveit2/install/moveit_ros_visualization/lib:/home/elian/ws_moveit2/install/moveit_hybrid_planning/lib:/home/elian/ws_moveit2/install/moveit_ros_planning_interface/lib:/home/elian/ws_moveit2/install/moveit_ros_benchmarks/lib:/home/elian/ws_moveit2/install/moveit_ros_warehouse/lib:/home/elian/ws_moveit2/install/moveit_ros_robot_interaction/lib:/home/elian/ws_moveit2/install/moveit_ros_perception/lib:/home/elian/ws_moveit2/install/moveit_ros_move_group/lib:/home/elian/ws_moveit2/install/moveit_planners_ompl/lib:/home/elian/ws_moveit2/install/moveit_ros_planning/lib:/home/elian/ws_moveit2/install/moveit_ros_occupancy_map_monitor/lib:/home/elian/ws_moveit2/install/moveit_resources_prbt_ikfast_manipulator_plugin/lib:/home/elian/ws_moveit2/install/moveit_planners_chomp/lib:/home/elian/ws_moveit2/install/moveit_kinematics/lib:/home/elian/ws_moveit2/install/moveit_chomp_optimizer_adapter/lib:/home/elian/ws_moveit2/install/chomp_motion_planner/lib:/home/elian/ws_moveit2/install/moveit_core/lib:/home/elian/academy_robotics/ros2_academy_ws/install/robotnik_controllers_msgs/lib:/home/elian/academy_robotics/ros2_academy_ws/install/academy_robot_supervisor_msgs/lib:/home/elian/academy_robotics/ros2_academy_ws/install/academy_robot_perception_msgs/lib:/home/elian/academy_robotics/ros2_academy_ws/install/academy_robot_navigation_msgs/lib:/home/elian/academy_robotics/ros2_academy_ws/install/academy_robot_io_msgs/lib:/home/elian/academy_robotics/ros2_academy_ws/install/academy_robot_common_msgs/lib:/home/elian/academy_robotics/ros2_academy_ws/install/academy_robot_battery_msgs/lib:/usr/lib/x86_64-linux-gnu/gazebo-11/plugins:/opt/ros/humble/opt/rviz_ogre_vendor/lib:/opt/ros/humble/lib/x86_64-linux-gnu:/opt/ros/humble/lib /usr/bin/cmake --install /home/elian/ws_moveit2/build/moveit_core
[135.533s] -- Install configuration: "Release"
[135.534s] -- Execute custom install script
[135.534s] -- Up-to-date symlink: /home/elian/ws_moveit2/install/moveit_core/include/moveit/version.h
[135.534s] -- Up-to-date symlink: /home/elian/ws_moveit2/install/moveit_core/include/moveit/collision_distance_field/collision_common_distance_field.h
[135.534s] -- Up-to-date symlink: /home/elian/ws_moveit2/install/moveit_core/include/moveit/collision_distance_field/collision_detector_allocator_distance_field.h
[135.534s] -- Up-to-date symlink: /home/elian/ws_moveit2/install/moveit_core/include/moveit/collision_distance_field/collision_detector_allocator_hybrid.h
[135.535s] -- Up-to-date symlink: /home/elian/ws_moveit2/install/moveit_core/include/moveit/collision_distance_field/collision_distance_field_types.h
[135.535s] -- Up-to-date symlink: /home/elian/ws_moveit2/install/moveit_core/include/moveit/collision_distance_field/collision_env_distance_field.h
[135.535s] -- Up-to-date symlink: /home/elian/ws_moveit2/install/moveit_core/include/moveit/collision_distance_field/collision_env_hybrid.h
[135.535s] -- Up-to-date symlink: /home/elian/ws_moveit2/install/moveit_core/include/moveit_collision_distance_field_export.h
[135.535s] -- Up-to-date symlink: /home/elian/ws_moveit2/install/moveit_core/include/moveit/constraint_samplers/constraint_sampler.h
[135.535s] -- Up-to-date symlink: /home/elian/ws_moveit2/install/moveit_core/include/moveit/constraint_samplers/constraint_sampler_allocator.h
[135.535s] -- Up-to-date symlink: /home/elian/ws_moveit2/install/moveit_core/include/moveit/constraint_samplers/constraint_sampler_manager.h
[135.535s] -- Up-to-date symlink: /home/elian/ws_moveit2/install/moveit_core/include/moveit/constraint_samplers/constraint_sampler_tools.h
[135.536s] -- Up-to-date symlink: /home/elian/ws_moveit2/install/moveit_core/include/moveit/constraint_samplers/default_constraint_samplers.h
[135.536s] -- Up-to-date symlink: /home/elian/ws_moveit2/install/moveit_core/include/moveit/constraint_samplers/union_constraint_sampler.h
[135.536s] -- Up-to-date symlink: /home/elian/ws_moveit2/install/moveit_core/include/moveit/controller_manager/controller_manager.h
[135.536s] -- Up-to-date symlink: /home/elian/ws_moveit2/install/moveit_core/include/moveit/distance_field/distance_field.h
[135.536s] -- Up-to-date symlink: /home/elian/ws_moveit2/install/moveit_core/include/moveit/distance_field/find_internal_points.h
[135.536s] -- Up-to-date symlink: /home/elian/ws_moveit2/install/moveit_core/include/moveit/distance_field/propagation_distance_field.h
[135.536s] -- Up-to-date symlink: /home/elian/ws_moveit2/install/moveit_core/include/moveit/distance_field/voxel_grid.h
[135.536s] -- Up-to-date symlink: /home/elian/ws_moveit2/install/moveit_core/include/moveit/dynamics_solver/dynamics_solver.h
[135.537s] -- Up-to-date symlink: /home/elian/ws_moveit2/install/moveit_core/include/moveit/exceptions/exceptions.h
[135.537s] -- Up-to-date symlink: /home/elian/ws_moveit2/install/moveit_core/include/moveit/kinematics_base/kinematics_base.h
[135.537s] -- Up-to-date symlink: /home/elian/ws_moveit2/install/moveit_core/include/moveit_kinematics_base_export.h
[135.537s] -- Up-to-date symlink: /home/elian/ws_moveit2/install/moveit_core/include/moveit/kinematic_constraints/kinematic_constraint.h
[135.537s] -- Up-to-date symlink: /home/elian/ws_moveit2/install/moveit_core/include/moveit/kinematic_constraints/utils.h
[135.537s] -- Up-to-date symlink: /home/elian/ws_moveit2/install/moveit_core/include/moveit/kinematics_metrics/kinematics_metrics.h
[135.538s] -- Up-to-date symlink: /home/elian/ws_moveit2/install/moveit_core/include/moveit/macros/class_forward.h
[135.538s] -- Up-to-date symlink: /home/elian/ws_moveit2/install/moveit_core/include/moveit/macros/console_colors.h
[135.538s] -- Up-to-date symlink: /home/elian/ws_moveit2/install/moveit_core/include/moveit/macros/declare_ptr.h
[135.538s] -- Up-to-date symlink: /home/elian/ws_moveit2/install/moveit_core/include/moveit/macros/deprecation.h
[135.538s] -- Up-to-date symlink: /home/elian/ws_moveit2/install/moveit_core/include/moveit_core/moveit_butterworth_parameters.hpp
[135.538s] -- Up-to-date symlink: /home/elian/ws_moveit2/install/moveit_core/include/moveit/online_signal_smoothing/butterworth_filter.h
[135.538s] -- Up-to-date symlink: /home/elian/ws_moveit2/install/moveit_core/include/moveit/online_signal_smoothing/smoothing_base_class.h
[135.538s] -- Up-to-date symlink: /home/elian/ws_moveit2/install/moveit_core/include/moveit_smoothing_base_export.h
[135.538s] -- Up-to-date symlink: /home/elian/ws_moveit2/install/moveit_core/include/moveit_butterworth_filter_export.h
[135.538s] -- Up-to-date symlink: /home/elian/ws_moveit2/install/moveit_core/include/moveit/planning_interface/planning_interface.h
[135.539s] -- Up-to-date symlink: /home/elian/ws_moveit2/install/moveit_core/include/moveit/planning_interface/planning_request.h
[135.539s] -- Up-to-date symlink: /home/elian/ws_moveit2/install/moveit_core/include/moveit/planning_interface/planning_response.h
[135.539s] -- Up-to-date symlink: /home/elian/ws_moveit2/install/moveit_core/include/moveit/planning_request_adapter/planning_request_adapter.h
[135.539s] -- Up-to-date symlink: /home/elian/ws_moveit2/install/moveit_core/include/moveit/planning_scene/planning_scene.h
[135.539s] -- Up-to-date symlink: /home/elian/ws_moveit2/install/moveit_core/include/moveit_planning_scene_export.h
[135.539s] -- Up-to-date symlink: /home/elian/ws_moveit2/install/moveit_core/include/moveit/robot_model/aabb.h
[135.539s] -- Up-to-date symlink: /home/elian/ws_moveit2/install/moveit_core/include/moveit/robot_model/fixed_joint_model.h
[135.539s] -- Up-to-date symlink: /home/elian/ws_moveit2/install/moveit_core/include/moveit/robot_model/floating_joint_model.h
[135.539s] -- Up-to-date symlink: /home/elian/ws_moveit2/install/moveit_core/include/moveit/robot_model/joint_model.h
[135.540s] -- Up-to-date symlink: /home/elian/ws_moveit2/install/moveit_core/include/moveit/robot_model/joint_model_group.h
[135.540s] -- Up-to-date symlink: /home/elian/ws_moveit2/install/moveit_core/include/moveit/robot_model/link_model.h
[135.540s] -- Up-to-date symlink: /home/elian/ws_moveit2/install/moveit_core/include/moveit/robot_model/planar_joint_model.h
[135.540s] -- Up-to-date symlink: /home/elian/ws_moveit2/install/moveit_core/include/moveit/robot_model/prismatic_joint_model.h
[135.540s] -- Up-to-date symlink: /home/elian/ws_moveit2/install/moveit_core/include/moveit/robot_model/revolute_joint_model.h
[135.540s] -- Up-to-date symlink: /home/elian/ws_moveit2/install/moveit_core/include/moveit/robot_model/robot_model.h
[135.540s] -- Up-to-date symlink: /home/elian/ws_moveit2/install/moveit_core/include/moveit/robot_state/attached_body.h
[135.540s] -- Up-to-date symlink: /home/elian/ws_moveit2/install/moveit_core/include/moveit/robot_state/cartesian_interpolator.h
[135.540s] -- Up-to-date symlink: /home/elian/ws_moveit2/install/moveit_core/include/moveit/robot_state/conversions.h
[135.540s] -- Up-to-date symlink: /home/elian/ws_moveit2/install/moveit_core/include/moveit/robot_state/robot_state.h
[135.540s] -- Up-to-date symlink: /home/elian/ws_moveit2/install/moveit_core/include/moveit/robot_trajectory/robot_trajectory.h
[135.541s] -- Up-to-date symlink: /home/elian/ws_moveit2/install/moveit_core/include/moveit/sensor_manager/sensor_manager.h
[135.541s] -- Up-to-date symlink: /home/elian/ws_moveit2/install/moveit_core/include/moveit/trajectory_processing/iterative_spline_parameterization.h
[135.541s] -- Up-to-date symlink: /home/elian/ws_moveit2/install/moveit_core/include/moveit/trajectory_processing/iterative_time_parameterization.h
[135.541s] -- Up-to-date symlink: /home/elian/ws_moveit2/install/moveit_core/include/moveit/trajectory_processing/ruckig_traj_smoothing.h
[135.541s] -- Up-to-date symlink: /home/elian/ws_moveit2/install/moveit_core/include/moveit/trajectory_processing/time_optimal_trajectory_generation.h
[135.541s] -- Up-to-date symlink: /home/elian/ws_moveit2/install/moveit_core/include/moveit/trajectory_processing/time_parameterization.h
[135.541s] -- Up-to-date symlink: /home/elian/ws_moveit2/install/moveit_core/include/moveit/trajectory_processing/trajectory_tools.h
[135.541s] -- Up-to-date symlink: /home/elian/ws_moveit2/install/moveit_core/include/moveit/transforms/transforms.h
[135.542s] -- Up-to-date symlink: /home/elian/ws_moveit2/install/moveit_core/include/moveit/utils/lexical_casts.h
[135.542s] -- Up-to-date symlink: /home/elian/ws_moveit2/install/moveit_core/include/moveit/utils/message_checks.h
[135.542s] -- Up-to-date symlink: /home/elian/ws_moveit2/install/moveit_core/include/moveit/utils/moveit_error_code.h
[135.542s] -- Up-to-date symlink: /home/elian/ws_moveit2/install/moveit_core/include/moveit/utils/rclcpp_utils.h
[135.542s] -- Up-to-date symlink: /home/elian/ws_moveit2/install/moveit_core/include/moveit/utils/robot_model_test_utils.h
[135.542s] -- Up-to-date symlink: /home/elian/ws_moveit2/install/moveit_core/bin/moveit_version
[135.542s] -- Up-to-date symlink: /home/elian/ws_moveit2/install/moveit_core/include/moveit/collision_detection/allvalid/collision_detector_allocator_allvalid.h
[135.542s] -- Up-to-date symlink: /home/elian/ws_moveit2/install/moveit_core/include/moveit/collision_detection/allvalid/collision_env_allvalid.h
[135.542s] -- Up-to-date symlink: /home/elian/ws_moveit2/install/moveit_core/include/moveit/collision_detection/collision_common.h
[135.542s] -- Up-to-date symlink: /home/elian/ws_moveit2/install/moveit_core/include/moveit/collision_detection/collision_detector_allocator.h
[135.542s] -- Up-to-date symlink: /home/elian/ws_moveit2/install/moveit_core/include/moveit/collision_detection/collision_env.h
[135.543s] -- Up-to-date symlink: /home/elian/ws_moveit2/install/moveit_core/include/moveit/collision_detection/collision_matrix.h
[135.543s] -- Up-to-date symlink: /home/elian/ws_moveit2/install/moveit_core/include/moveit/collision_detection/collision_octomap_filter.h
[135.543s] -- Up-to-date symlink: /home/elian/ws_moveit2/install/moveit_core/include/moveit/collision_detection/collision_plugin.h
[135.543s] -- Up-to-date symlink: /home/elian/ws_moveit2/install/moveit_core/include/moveit/collision_detection/collision_plugin_cache.h
[135.543s] -- Up-to-date symlink: /home/elian/ws_moveit2/install/moveit_core/include/moveit/collision_detection/collision_tools.h
[135.543s] -- Up-to-date symlink: /home/elian/ws_moveit2/install/moveit_core/include/moveit/collision_detection/occupancy_map.h
[135.543s] -- Up-to-date symlink: /home/elian/ws_moveit2/install/moveit_core/include/moveit/collision_detection/test_collision_common_panda.h
[135.543s] -- Up-to-date symlink: /home/elian/ws_moveit2/install/moveit_core/include/moveit/collision_detection/test_collision_common_pr2.h
[135.543s] -- Up-to-date symlink: /home/elian/ws_moveit2/install/moveit_core/include/moveit/collision_detection/world.h
[135.543s] -- Up-to-date symlink: /home/elian/ws_moveit2/install/moveit_core/include/moveit/collision_detection/world_diff.h
[135.543s] -- Up-to-date symlink: /home/elian/ws_moveit2/install/moveit_core/include/moveit_collision_detection_export.h
[135.543s] -- Up-to-date symlink: /home/elian/ws_moveit2/install/moveit_core/include/moveit/collision_detection_bullet/bullet_integration/basic_types.h
[135.544s] -- Up-to-date symlink: /home/elian/ws_moveit2/install/moveit_core/include/moveit/collision_detection_bullet/bullet_integration/bullet_bvh_manager.h
[135.544s] -- Up-to-date symlink: /home/elian/ws_moveit2/install/moveit_core/include/moveit/collision_detection_bullet/bullet_integration/bullet_cast_bvh_manager.h
[135.544s] -- Up-to-date symlink: /home/elian/ws_moveit2/install/moveit_core/include/moveit/collision_detection_bullet/bullet_integration/bullet_discrete_bvh_manager.h
[135.544s] -- Up-to-date symlink: /home/elian/ws_moveit2/install/moveit_core/include/moveit/collision_detection_bullet/bullet_integration/bullet_utils.h
[135.544s] -- Up-to-date symlink: /home/elian/ws_moveit2/install/moveit_core/include/moveit/collision_detection_bullet/bullet_integration/contact_checker_common.h
[135.544s] -- Up-to-date symlink: /home/elian/ws_moveit2/install/moveit_core/include/moveit/collision_detection_bullet/bullet_integration/ros_bullet_utils.h
[135.544s] -- Up-to-date symlink: /home/elian/ws_moveit2/install/moveit_core/include/moveit/collision_detection_bullet/collision_detector_allocator_bullet.h
[135.544s] -- Up-to-date symlink: /home/elian/ws_moveit2/install/moveit_core/include/moveit/collision_detection_bullet/collision_detector_bullet_plugin_loader.h
[135.544s] -- Up-to-date symlink: /home/elian/ws_moveit2/install/moveit_core/include/moveit/collision_detection_bullet/collision_env_bullet.h
[135.544s] -- Up-to-date symlink: /home/elian/ws_moveit2/install/moveit_core/include/moveit_collision_detection_bullet_export.h
[135.544s] -- Up-to-date symlink: /home/elian/ws_moveit2/install/moveit_core/include/moveit/collision_detection_fcl/collision_common.h
[135.544s] -- Up-to-date symlink: /home/elian/ws_moveit2/install/moveit_core/include/moveit/collision_detection_fcl/collision_detector_allocator_fcl.h
[135.545s] -- Up-to-date symlink: /home/elian/ws_moveit2/install/moveit_core/include/moveit/collision_detection_fcl/collision_detector_fcl_plugin_loader.h
[135.545s] -- Up-to-date symlink: /home/elian/ws_moveit2/install/moveit_core/include/moveit/collision_detection_fcl/collision_env_fcl.h
[135.545s] -- Up-to-date symlink: /home/elian/ws_moveit2/install/moveit_core/include/moveit/collision_detection_fcl/fcl_compat.h
[135.545s] -- Up-to-date symlink: /home/elian/ws_moveit2/install/moveit_core/include/moveit_collision_detection_fcl_export.h
[135.545s] -- Up-to-date symlink: /home/elian/ws_moveit2/install/moveit_core/share/moveit_core/environment/library_path.sh
[135.545s] -- Up-to-date symlink: /home/elian/ws_moveit2/install/moveit_core/share/moveit_core/environment/library_path.dsv
[135.545s] -- Up-to-date symlink: /home/elian/ws_moveit2/install/moveit_core/share/moveit_core//collision_detector_fcl_description.xml
[135.545s] -- Up-to-date symlink: /home/elian/ws_moveit2/install/moveit_core/share/moveit_core//collision_detector_bullet_description.xml
[135.545s] -- Up-to-date symlink: /home/elian/ws_moveit2/install/moveit_core/share/moveit_core//filter_plugin_butterworth.xml
[135.545s] -- Up-to-date symlink: /home/elian/ws_moveit2/install/moveit_core/share/ament_index/resource_index/package_run_dependencies/moveit_core
[135.545s] -- Up-to-date symlink: /home/elian/ws_moveit2/install/moveit_core/share/ament_index/resource_index/parent_prefix_path/moveit_core
[135.546s] -- Up-to-date symlink: /home/elian/ws_moveit2/install/moveit_core/share/moveit_core/environment/ament_prefix_path.sh
[135.546s] -- Up-to-date symlink: /home/elian/ws_moveit2/install/moveit_core/share/moveit_core/environment/ament_prefix_path.dsv
[135.546s] -- Up-to-date symlink: /home/elian/ws_moveit2/install/moveit_core/share/moveit_core/environment/path.sh
[135.546s] -- Up-to-date symlink: /home/elian/ws_moveit2/install/moveit_core/share/moveit_core/environment/path.dsv
[135.546s] -- Up-to-date symlink: /home/elian/ws_moveit2/install/moveit_core/share/moveit_core/local_setup.bash
[135.546s] -- Up-to-date symlink: /home/elian/ws_moveit2/install/moveit_core/share/moveit_core/local_setup.sh
[135.546s] -- Up-to-date symlink: /home/elian/ws_moveit2/install/moveit_core/share/moveit_core/local_setup.zsh
[135.546s] -- Up-to-date symlink: /home/elian/ws_moveit2/install/moveit_core/share/moveit_core/local_setup.dsv
[135.546s] -- Symlinking: /home/elian/ws_moveit2/install/moveit_core/share/moveit_core/package.dsv
[135.556s] -- Up-to-date symlink: /home/elian/ws_moveit2/install/moveit_core/share/ament_index/resource_index/packages/moveit_core
[135.556s] -- Up-to-date symlink: /home/elian/ws_moveit2/install/moveit_core/share/ament_index/resource_index/moveit_core__pluginlib__plugin/moveit_core
[135.556s] -- Up-to-date symlink: /home/elian/ws_moveit2/install/moveit_core/share/moveit_core/cmake/ConfigExtras.cmake
[135.556s] -- Up-to-date symlink: /home/elian/ws_moveit2/install/moveit_core/share/moveit_core/cmake/ament_cmake_export_targets-extras.cmake
[135.556s] -- Up-to-date symlink: /home/elian/ws_moveit2/install/moveit_core/share/moveit_core/cmake/ament_cmake_export_dependencies-extras.cmake
[135.556s] -- Up-to-date symlink: /home/elian/ws_moveit2/install/moveit_core/share/moveit_core/cmake/moveit_coreConfig.cmake
[135.556s] -- Up-to-date symlink: /home/elian/ws_moveit2/install/moveit_core/share/moveit_core/cmake/moveit_coreConfig-version.cmake
[135.556s] -- Up-to-date symlink: /home/elian/ws_moveit2/install/moveit_core/share/moveit_core/package.xml
[135.559s] -- Installing: /home/elian/ws_moveit2/install/moveit_core/lib/libcollision_detector_bullet_plugin.so.2.5.9
[135.559s] -- Set runtime path of "/home/elian/ws_moveit2/install/moveit_core/lib/libcollision_detector_bullet_plugin.so.2.5.9" to ""
[135.559s] -- Up-to-date: /home/elian/ws_moveit2/install/moveit_core/lib/libcollision_detector_bullet_plugin.so
[135.560s] -- Installing: /home/elian/ws_moveit2/install/moveit_core/lib/libmoveit_butterworth_filter.so.2.5.9
[135.560s] -- Set runtime path of "/home/elian/ws_moveit2/install/moveit_core/lib/libmoveit_butterworth_filter.so.2.5.9" to ""
[135.560s] -- Up-to-date: /home/elian/ws_moveit2/install/moveit_core/lib/libmoveit_butterworth_filter.so
[135.561s] -- Installing: /home/elian/ws_moveit2/install/moveit_core/lib/libmoveit_collision_distance_field.so.2.5.9
[135.561s] -- Set runtime path of "/home/elian/ws_moveit2/install/moveit_core/lib/libmoveit_collision_distance_field.so.2.5.9" to ""
[135.561s] -- Up-to-date: /home/elian/ws_moveit2/install/moveit_core/lib/libmoveit_collision_distance_field.so
[135.561s] -- Installing: /home/elian/ws_moveit2/install/moveit_core/lib/libmoveit_collision_detection.so.2.5.9
[135.562s] -- Set runtime path of "/home/elian/ws_moveit2/install/moveit_core/lib/libmoveit_collision_detection.so.2.5.9" to ""
[135.562s] -- Up-to-date: /home/elian/ws_moveit2/install/moveit_core/lib/libmoveit_collision_detection.so
[135.562s] -- Installing: /home/elian/ws_moveit2/install/moveit_core/lib/libmoveit_collision_detection_fcl.so.2.5.9
[135.563s] -- Set runtime path of "/home/elian/ws_moveit2/install/moveit_core/lib/libmoveit_collision_detection_fcl.so.2.5.9" to ""
[135.563s] -- Up-to-date: /home/elian/ws_moveit2/install/moveit_core/lib/libmoveit_collision_detection_fcl.so
[135.563s] -- Installing: /home/elian/ws_moveit2/install/moveit_core/lib/libmoveit_collision_detection_bullet.so.2.5.9
[135.564s] -- Set runtime path of "/home/elian/ws_moveit2/install/moveit_core/lib/libmoveit_collision_detection_bullet.so.2.5.9" to ""
[135.564s] -- Up-to-date: /home/elian/ws_moveit2/install/moveit_core/lib/libmoveit_collision_detection_bullet.so
[135.564s] -- Installing: /home/elian/ws_moveit2/install/moveit_core/lib/libmoveit_dynamics_solver.so.2.5.9
[135.564s] -- Set runtime path of "/home/elian/ws_moveit2/install/moveit_core/lib/libmoveit_dynamics_solver.so.2.5.9" to ""
[135.564s] -- Up-to-date: /home/elian/ws_moveit2/install/moveit_core/lib/libmoveit_dynamics_solver.so
[135.564s] -- Installing: /home/elian/ws_moveit2/install/moveit_core/lib/libmoveit_constraint_samplers.so.2.5.9
[135.565s] -- Set runtime path of "/home/elian/ws_moveit2/install/moveit_core/lib/libmoveit_constraint_samplers.so.2.5.9" to ""
[135.565s] -- Up-to-date: /home/elian/ws_moveit2/install/moveit_core/lib/libmoveit_constraint_samplers.so
[135.565s] -- Installing: /home/elian/ws_moveit2/install/moveit_core/lib/libmoveit_distance_field.so.2.5.9
[135.565s] -- Set runtime path of "/home/elian/ws_moveit2/install/moveit_core/lib/libmoveit_distance_field.so.2.5.9" to ""
[135.565s] -- Up-to-date: /home/elian/ws_moveit2/install/moveit_core/lib/libmoveit_distance_field.so
[135.566s] -- Installing: /home/elian/ws_moveit2/install/moveit_core/lib/libmoveit_exceptions.so.2.5.9
[135.566s] -- Set runtime path of "/home/elian/ws_moveit2/install/moveit_core/lib/libmoveit_exceptions.so.2.5.9" to ""
[135.566s] -- Up-to-date: /home/elian/ws_moveit2/install/moveit_core/lib/libmoveit_exceptions.so
[135.566s] -- Installing: /home/elian/ws_moveit2/install/moveit_core/lib/libmoveit_kinematics_base.so
[135.566s] -- Set runtime path of "/home/elian/ws_moveit2/install/moveit_core/lib/libmoveit_kinematics_base.so" to ""
[135.567s] -- Installing: /home/elian/ws_moveit2/install/moveit_core/lib/libmoveit_kinematic_constraints.so.2.5.9
[135.567s] -- Set runtime path of "/home/elian/ws_moveit2/install/moveit_core/lib/libmoveit_kinematic_constraints.so.2.5.9" to ""
[135.567s] -- Up-to-date: /home/elian/ws_moveit2/install/moveit_core/lib/libmoveit_kinematic_constraints.so
[135.567s] -- Installing: /home/elian/ws_moveit2/install/moveit_core/lib/libmoveit_kinematics_metrics.so.2.5.9
[135.568s] -- Set runtime path of "/home/elian/ws_moveit2/install/moveit_core/lib/libmoveit_kinematics_metrics.so.2.5.9" to ""
[135.568s] -- Up-to-date: /home/elian/ws_moveit2/install/moveit_core/lib/libmoveit_kinematics_metrics.so
[135.568s] -- Installing: /home/elian/ws_moveit2/install/moveit_core/lib/libmoveit_planning_interface.so.2.5.9
[135.568s] -- Set runtime path of "/home/elian/ws_moveit2/install/moveit_core/lib/libmoveit_planning_interface.so.2.5.9" to ""
[135.568s] -- Up-to-date: /home/elian/ws_moveit2/install/moveit_core/lib/libmoveit_planning_interface.so
[135.568s] -- Installing: /home/elian/ws_moveit2/install/moveit_core/lib/libmoveit_planning_scene.so.2.5.9
[135.569s] -- Set runtime path of "/home/elian/ws_moveit2/install/moveit_core/lib/libmoveit_planning_scene.so.2.5.9" to ""
[135.569s] -- Up-to-date: /home/elian/ws_moveit2/install/moveit_core/lib/libmoveit_planning_scene.so
[135.569s] -- Installing: /home/elian/ws_moveit2/install/moveit_core/lib/libmoveit_planning_request_adapter.so.2.5.9
[135.569s] -- Set runtime path of "/home/elian/ws_moveit2/install/moveit_core/lib/libmoveit_planning_request_adapter.so.2.5.9" to ""
[135.570s] -- Up-to-date: /home/elian/ws_moveit2/install/moveit_core/lib/libmoveit_planning_request_adapter.so
[135.570s] -- Installing: /home/elian/ws_moveit2/install/moveit_core/lib/libmoveit_robot_model.so.2.5.9
[135.570s] -- Set runtime path of "/home/elian/ws_moveit2/install/moveit_core/lib/libmoveit_robot_model.so.2.5.9" to ""
[135.570s] -- Up-to-date: /home/elian/ws_moveit2/install/moveit_core/lib/libmoveit_robot_model.so
[135.571s] -- Installing: /home/elian/ws_moveit2/install/moveit_core/lib/libmoveit_robot_state.so.2.5.9
[135.571s] -- Set runtime path of "/home/elian/ws_moveit2/install/moveit_core/lib/libmoveit_robot_state.so.2.5.9" to ""
[135.571s] -- Up-to-date: /home/elian/ws_moveit2/install/moveit_core/lib/libmoveit_robot_state.so
[135.571s] -- Installing: /home/elian/ws_moveit2/install/moveit_core/lib/libmoveit_robot_trajectory.so.2.5.9
[135.572s] -- Set runtime path of "/home/elian/ws_moveit2/install/moveit_core/lib/libmoveit_robot_trajectory.so.2.5.9" to ""
[135.572s] -- Up-to-date: /home/elian/ws_moveit2/install/moveit_core/lib/libmoveit_robot_trajectory.so
[135.572s] -- Installing: /home/elian/ws_moveit2/install/moveit_core/lib/libmoveit_smoothing_base.so.2.5.9
[135.572s] -- Set runtime path of "/home/elian/ws_moveit2/install/moveit_core/lib/libmoveit_smoothing_base.so.2.5.9" to ""
[135.572s] -- Up-to-date: /home/elian/ws_moveit2/install/moveit_core/lib/libmoveit_smoothing_base.so
[135.573s] -- Installing: /home/elian/ws_moveit2/install/moveit_core/lib/libmoveit_test_utils.so.2.5.9
[135.574s] -- Set runtime path of "/home/elian/ws_moveit2/install/moveit_core/lib/libmoveit_test_utils.so.2.5.9" to ""
[135.574s] -- Up-to-date: /home/elian/ws_moveit2/install/moveit_core/lib/libmoveit_test_utils.so
[135.574s] -- Installing: /home/elian/ws_moveit2/install/moveit_core/lib/libmoveit_trajectory_processing.so.2.5.9
[135.574s] -- Set runtime path of "/home/elian/ws_moveit2/install/moveit_core/lib/libmoveit_trajectory_processing.so.2.5.9" to ""
[135.574s] -- Up-to-date: /home/elian/ws_moveit2/install/moveit_core/lib/libmoveit_trajectory_processing.so
[135.575s] -- Installing: /home/elian/ws_moveit2/install/moveit_core/lib/libmoveit_transforms.so.2.5.9
[135.575s] -- Set runtime path of "/home/elian/ws_moveit2/install/moveit_core/lib/libmoveit_transforms.so.2.5.9" to ""
[135.575s] -- Up-to-date: /home/elian/ws_moveit2/install/moveit_core/lib/libmoveit_transforms.so
[135.575s] -- Installing: /home/elian/ws_moveit2/install/moveit_core/lib/libmoveit_utils.so.2.5.9
[135.575s] -- Set runtime path of "/home/elian/ws_moveit2/install/moveit_core/lib/libmoveit_utils.so.2.5.9" to ""
[135.575s] -- Up-to-date: /home/elian/ws_moveit2/install/moveit_core/lib/libmoveit_utils.so
[135.576s] -- Up-to-date: /home/elian/ws_moveit2/install/moveit_core/share/moveit_core/cmake/export_moveit_coreExport.cmake
[135.576s] -- Up-to-date: /home/elian/ws_moveit2/install/moveit_core/share/moveit_core/cmake/export_moveit_coreExport-release.cmake
[135.578s] Invoked command in '/home/elian/ws_moveit2/build/moveit_core' returned '0': CMAKE_PREFIX_PATH=/home/elian/ws_moveit2/install/moveit_resources_panda_moveit_config:/home/elian/ws_moveit2/install/moveit_resources_pr2_description:/home/elian/ws_moveit2/install/moveit_resources_panda_description:/home/elian/ws_moveit2/install/moveit_msgs:/home/elian/ws_moveit2/install/moveit_common:/home/elian/ws_moveit2/install/moveit_task_constructor_visualization:/home/elian/ws_moveit2/install/moveit_task_constructor_demo:/home/elian/ws_moveit2/install/moveit_task_constructor_capabilities:/home/elian/ws_moveit2/install/moveit2_tutorials:/home/elian/ws_moveit2/install/moveit_task_constructor_core:/home/elian/ws_moveit2/install/rviz_marker_tools:/home/elian/ws_moveit2/install/rosparam_shortcuts:/home/elian/ws_moveit2/install/pilz_industrial_motion_planner_testutils:/home/elian/ws_moveit2/install/moveit_runtime:/home/elian/ws_moveit2/install/moveit:/home/elian/ws_moveit2/install/moveit_planners:/home/elian/ws_moveit2/install/pilz_industrial_motion_planner:/home/elian/ws_moveit2/install/hello_moveit:/home/elian/ws_moveit2/install/moveit_visual_tools:/home/elian/ws_moveit2/install/moveit_task_constructor_msgs:/home/elian/ws_moveit2/install/moveit_ros_control_interface:/home/elian/ws_moveit2/install/moveit_plugins:/home/elian/ws_moveit2/install/moveit_simple_controller_manager:/home/elian/ws_moveit2/install/moveit_setup_assistant:/home/elian/ws_moveit2/install/moveit_setup_srdf_plugins:/home/elian/ws_moveit2/install/moveit_setup_core_plugins:/home/elian/ws_moveit2/install/moveit_setup_controllers:/home/elian/ws_moveit2/install/moveit_setup_app_plugins:/home/elian/ws_moveit2/install/moveit_setup_framework:/home/elian/ws_moveit2/install/moveit_servo:/home/elian/ws_moveit2/install/moveit_ros:/home/elian/ws_moveit2/install/moveit_ros_visualization:/home/elian/ws_moveit2/install/moveit_hybrid_planning:/home/elian/ws_moveit2/install/moveit_ros_planning_interface:/home/elian/ws_moveit2/install/moveit_ros_benchmarks:/home/elian/ws_moveit2/install/moveit_ros_warehouse:/home/elian/ws_moveit2/install/moveit_ros_robot_interaction:/home/elian/ws_moveit2/install/moveit_ros_perception:/home/elian/ws_moveit2/install/moveit_resources_prbt_pg70_support:/home/elian/ws_moveit2/install/moveit_resources_prbt_moveit_config:/home/elian/ws_moveit2/install/moveit_ros_move_group:/home/elian/ws_moveit2/install/moveit_planners_ompl:/home/elian/ws_moveit2/install/moveit_ros_planning:/home/elian/ws_moveit2/install/moveit_ros_occupancy_map_monitor:/home/elian/ws_moveit2/install/moveit_resources_prbt_support:/home/elian/ws_moveit2/install/moveit_resources_prbt_ikfast_manipulator_plugin:/home/elian/ws_moveit2/install/moveit_resources:/home/elian/ws_moveit2/install/moveit_resources_fanuc_moveit_config:/home/elian/ws_moveit2/install/moveit_resources_fanuc_description:/home/elian/ws_moveit2/install/moveit_planners_chomp:/home/elian/ws_moveit2/install/moveit_kinematics:/home/elian/ws_moveit2/install/moveit_chomp_optimizer_adapter:/home/elian/ws_moveit2/install/chomp_motion_planner:/home/elian/ws_moveit2/install/moveit_core:/home/elian/academy_robotics/ros2_academy_ws/install/academy_robot_moveit_config:/home/elian/academy_robotics/ros2_academy_ws/install/academy_robot_gazebo_ignition:/home/elian/academy_robotics/ros2_academy_ws/install/academy_robot_gazebo_classic:/home/elian/academy_robotics/ros2_academy_ws/install/academy_robot_description:/home/elian/academy_robotics/ros2_academy_ws/install/ur_description:/home/elian/academy_robotics/ros2_academy_ws/install/academy_robot_interfaces:/home/elian/academy_robotics/ros2_academy_ws/install/robotnik_controllers_msgs:/home/elian/academy_robotics/ros2_academy_ws/install/academy_robot_supervisor_msgs:/home/elian/academy_robotics/ros2_academy_ws/install/academy_robot_sensors:/home/elian/academy_robotics/ros2_academy_ws/install/academy_robot_safety_msgs:/home/elian/academy_robotics/ros2_academy_ws/install/academy_robot_perception_msgs:/home/elian/academy_robotics/ros2_academy_ws/install/academy_robot_navigation_msgs:/home/elian/academy_robotics/ros2_academy_ws/install/academy_robot_io_msgs:/home/elian/academy_robotics/ros2_academy_ws/install/academy_robot_common_msgs:/home/elian/academy_robotics/ros2_academy_ws/install/academy_robot_common:/home/elian/academy_robotics/ros2_academy_ws/install/academy_robot_battery_msgs:/home/elian/ws_moveit2/install/moveit_configs_utils:/home/elian/ws_moveit2/install/launch_param_builder:/home/elian/academy_robotics/ros2_academy_ws/install/depth_to_pointcloud:/opt/ros/humble LD_LIBRARY_PATH=/home/elian/ws_moveit2/install/moveit_msgs/lib:/home/elian/ws_moveit2/install/moveit_task_constructor_visualization/lib:/home/elian/ws_moveit2/install/moveit_task_constructor_demo/lib:/home/elian/ws_moveit2/install/moveit_task_constructor_capabilities/lib:/home/elian/ws_moveit2/install/moveit_task_constructor_core/lib:/home/elian/ws_moveit2/install/rviz_marker_tools/lib:/home/elian/ws_moveit2/install/rosparam_shortcuts/lib:/home/elian/ws_moveit2/install/pilz_industrial_motion_planner_testutils/lib:/home/elian/ws_moveit2/install/pilz_industrial_motion_planner/lib:/home/elian/ws_moveit2/install/moveit_visual_tools/lib:/home/elian/ws_moveit2/install/moveit_task_constructor_msgs/lib:/home/elian/ws_moveit2/install/moveit_ros_control_interface/lib:/home/elian/ws_moveit2/install/moveit_simple_controller_manager/lib:/home/elian/ws_moveit2/install/moveit_setup_assistant/lib:/home/elian/ws_moveit2/install/moveit_setup_srdf_plugins/lib:/home/elian/ws_moveit2/install/moveit_setup_core_plugins/lib:/home/elian/ws_moveit2/install/moveit_setup_controllers/lib:/home/elian/ws_moveit2/install/moveit_setup_app_plugins/lib:/home/elian/ws_moveit2/install/moveit_setup_framework/lib:/home/elian/ws_moveit2/install/moveit_servo/lib:/home/elian/ws_moveit2/install/moveit_ros_visualization/lib:/home/elian/ws_moveit2/install/moveit_hybrid_planning/lib:/home/elian/ws_moveit2/install/moveit_ros_planning_interface/lib:/home/elian/ws_moveit2/install/moveit_ros_benchmarks/lib:/home/elian/ws_moveit2/install/moveit_ros_warehouse/lib:/home/elian/ws_moveit2/install/moveit_ros_robot_interaction/lib:/home/elian/ws_moveit2/install/moveit_ros_perception/lib:/home/elian/ws_moveit2/install/moveit_ros_move_group/lib:/home/elian/ws_moveit2/install/moveit_planners_ompl/lib:/home/elian/ws_moveit2/install/moveit_ros_planning/lib:/home/elian/ws_moveit2/install/moveit_ros_occupancy_map_monitor/lib:/home/elian/ws_moveit2/install/moveit_resources_prbt_ikfast_manipulator_plugin/lib:/home/elian/ws_moveit2/install/moveit_planners_chomp/lib:/home/elian/ws_moveit2/install/moveit_kinematics/lib:/home/elian/ws_moveit2/install/moveit_chomp_optimizer_adapter/lib:/home/elian/ws_moveit2/install/chomp_motion_planner/lib:/home/elian/ws_moveit2/install/moveit_core/lib:/home/elian/academy_robotics/ros2_academy_ws/install/robotnik_controllers_msgs/lib:/home/elian/academy_robotics/ros2_academy_ws/install/academy_robot_supervisor_msgs/lib:/home/elian/academy_robotics/ros2_academy_ws/install/academy_robot_perception_msgs/lib:/home/elian/academy_robotics/ros2_academy_ws/install/academy_robot_navigation_msgs/lib:/home/elian/academy_robotics/ros2_academy_ws/install/academy_robot_io_msgs/lib:/home/elian/academy_robotics/ros2_academy_ws/install/academy_robot_common_msgs/lib:/home/elian/academy_robotics/ros2_academy_ws/install/academy_robot_battery_msgs/lib:/usr/lib/x86_64-linux-gnu/gazebo-11/plugins:/opt/ros/humble/opt/rviz_ogre_vendor/lib:/opt/ros/humble/lib/x86_64-linux-gnu:/opt/ros/humble/lib /usr/bin/cmake --install /home/elian/ws_moveit2/build/moveit_core
